2025-06-20 12:03:42 INFO: Start training:
2025-06-20 12:03:42 INFO: Arguments: Namespace(epoch=80, batch_size=16, lr=0.00025, show_per_epoch=2, show_img_count=2, patch_size=32, mask_rate=0.5, save_every=5, seed=0, mask_roi='true', mask_non_roi='false', output_folder='experiments/experiment_mask_ROI_32px')
2025-06-20 12:03:42 INFO: Using device: cuda:0
2025-06-20 12:08:10 INFO: Epoch:   1 | train loss: 0.126605 | test loss: 0.093087
2025-06-20 12:09:24 INFO: Epoch:   2 | train loss: 0.077082 | test loss: 0.057979
2025-06-20 12:10:36 INFO: Epoch:   3 | train loss: 0.067792 | test loss: 0.049503
2025-06-20 12:11:47 INFO: Epoch:   4 | train loss: 0.061791 | test loss: 0.047552
2025-06-20 12:13:00 INFO: Epoch:   5 | train loss: 0.061687 | test loss: 0.055874
2025-06-20 12:14:13 INFO: Epoch:   6 | train loss: 0.058122 | test loss: 0.047602
2025-06-20 12:15:26 INFO: Epoch:   7 | train loss: 0.056050 | test loss: 0.043092
2025-06-20 12:16:41 INFO: Epoch:   8 | train loss: 0.054213 | test loss: 0.104160
2025-06-20 12:17:54 INFO: Epoch:   9 | train loss: 0.057183 | test loss: 0.041017
2025-06-20 12:19:08 INFO: Epoch:  10 | train loss: 0.054806 | test loss: 0.042622
2025-06-20 12:20:26 INFO: Epoch:  11 | train loss: 0.053215 | test loss: 0.046406
2025-06-20 12:21:43 INFO: Epoch:  12 | train loss: 0.049685 | test loss: 0.050483
2025-06-20 12:22:58 INFO: Epoch:  13 | train loss: 0.052798 | test loss: 0.040481
2025-06-20 12:24:13 INFO: Epoch:  14 | train loss: 0.049258 | test loss: 0.038007
2025-06-20 12:25:27 INFO: Epoch:  15 | train loss: 0.047739 | test loss: 0.040167
2025-06-20 12:26:41 INFO: Epoch:  16 | train loss: 0.048935 | test loss: 0.106520
2025-06-20 12:27:56 INFO: Epoch:  17 | train loss: 0.054748 | test loss: 0.049649
2025-06-20 12:29:12 INFO: Epoch:  18 | train loss: 0.047896 | test loss: 0.039834
2025-06-20 12:30:39 INFO: Epoch:  19 | train loss: 0.045345 | test loss: 0.042654
2025-06-20 12:31:57 INFO: Epoch:  20 | train loss: 0.044125 | test loss: 0.037236
2025-06-20 12:33:12 INFO: Epoch:  21 | train loss: 0.043138 | test loss: 0.041992
2025-06-20 12:34:26 INFO: Epoch:  22 | train loss: 0.042225 | test loss: 0.036177
2025-06-20 12:35:42 INFO: Epoch:  23 | train loss: 0.040114 | test loss: 0.035420
2025-06-20 12:36:57 INFO: Epoch:  24 | train loss: 0.039465 | test loss: 0.036744
2025-06-20 12:38:13 INFO: Epoch:  25 | train loss: 0.039171 | test loss: 0.040676
2025-06-20 12:39:29 INFO: Epoch:  26 | train loss: 0.039587 | test loss: 0.034744
2025-06-20 12:40:44 INFO: Epoch:  27 | train loss: 0.038870 | test loss: 0.033977
2025-06-20 12:41:59 INFO: Epoch:  28 | train loss: 0.039257 | test loss: 0.038280
2025-06-20 12:43:15 INFO: Epoch:  29 | train loss: 0.038677 | test loss: 0.035063
2025-06-20 12:44:29 INFO: Epoch:  30 | train loss: 0.037234 | test loss: 0.036666
2025-06-20 12:45:44 INFO: Epoch:  31 | train loss: 0.036755 | test loss: 0.033800
2025-06-20 12:46:59 INFO: Epoch:  32 | train loss: 0.036869 | test loss: 0.055685
2025-06-20 12:48:14 INFO: Epoch:  33 | train loss: 0.039707 | test loss: 0.037490
2025-06-20 12:49:29 INFO: Epoch:  34 | train loss: 0.037285 | test loss: 0.034883
2025-06-20 12:50:47 INFO: Epoch:  35 | train loss: 0.035835 | test loss: 0.033534
2025-06-20 12:52:04 INFO: Epoch:  36 | train loss: 0.035707 | test loss: 0.037521
2025-06-20 12:53:21 INFO: Epoch:  37 | train loss: 0.035355 | test loss: 0.033879
2025-06-20 12:54:38 INFO: Epoch:  38 | train loss: 0.035319 | test loss: 0.038156
2025-06-20 12:55:58 INFO: Epoch:  39 | train loss: 0.036100 | test loss: 0.033593
2025-06-20 12:57:18 INFO: Epoch:  40 | train loss: 0.034918 | test loss: 0.032452
2025-06-20 12:58:35 INFO: Epoch:  41 | train loss: 0.034975 | test loss: 0.033833
2025-06-20 12:59:50 INFO: Epoch:  42 | train loss: 0.035221 | test loss: 0.032778
2025-06-20 13:01:07 INFO: Epoch:  43 | train loss: 0.034798 | test loss: 0.031924
2025-06-20 13:02:23 INFO: Epoch:  44 | train loss: 0.033866 | test loss: 0.032152
2025-06-20 13:03:38 INFO: Epoch:  45 | train loss: 0.033704 | test loss: 0.032729
2025-06-20 13:04:55 INFO: Epoch:  46 | train loss: 0.034161 | test loss: 0.031144
2025-06-20 13:06:12 INFO: Epoch:  47 | train loss: 0.034254 | test loss: 0.030950
2025-06-20 13:07:29 INFO: Epoch:  48 | train loss: 0.033243 | test loss: 0.036435
2025-06-20 13:08:50 INFO: Epoch:  49 | train loss: 0.033302 | test loss: 0.031727
2025-06-20 13:10:06 INFO: Epoch:  50 | train loss: 0.033109 | test loss: 0.032600
2025-06-20 13:11:23 INFO: Epoch:  51 | train loss: 0.033188 | test loss: 0.033750
2025-06-20 13:12:39 INFO: Epoch:  52 | train loss: 0.033051 | test loss: 0.032564
2025-06-20 13:13:55 INFO: Epoch:  53 | train loss: 0.032729 | test loss: 0.031038
2025-06-20 13:15:12 INFO: Epoch:  54 | train loss: 0.031888 | test loss: 0.030715
2025-06-20 13:16:28 INFO: Epoch:  55 | train loss: 0.032837 | test loss: 0.033119
2025-06-20 13:17:45 INFO: Epoch:  56 | train loss: 0.032588 | test loss: 0.032508
2025-06-20 13:19:02 INFO: Epoch:  57 | train loss: 0.033306 | test loss: 0.030178
2025-06-20 13:20:18 INFO: Epoch:  58 | train loss: 0.032154 | test loss: 0.032069
2025-06-20 13:21:36 INFO: Epoch:  59 | train loss: 0.032061 | test loss: 0.030949
2025-06-20 13:22:53 INFO: Epoch:  60 | train loss: 0.032210 | test loss: 0.031652
2025-06-20 13:24:10 INFO: Epoch:  61 | train loss: 0.032206 | test loss: 0.032587
2025-06-20 13:25:27 INFO: Epoch:  62 | train loss: 0.031746 | test loss: 0.029789
2025-06-20 13:26:44 INFO: Epoch:  63 | train loss: 0.031506 | test loss: 0.031287
2025-06-20 13:28:01 INFO: Epoch:  64 | train loss: 0.030890 | test loss: 0.030482
2025-06-20 13:29:17 INFO: Epoch:  65 | train loss: 0.031924 | test loss: 0.029679
2025-06-20 13:30:33 INFO: Epoch:  66 | train loss: 0.031093 | test loss: 0.031202
2025-06-20 13:31:51 INFO: Epoch:  67 | train loss: 0.031815 | test loss: 0.040935
2025-06-20 13:33:09 INFO: Epoch:  68 | train loss: 0.033923 | test loss: 0.031472
2025-06-20 13:34:26 INFO: Epoch:  69 | train loss: 0.031480 | test loss: 0.030575
2025-06-20 13:35:43 INFO: Epoch:  70 | train loss: 0.031446 | test loss: 0.033461
2025-06-20 13:37:00 INFO: Epoch:  71 | train loss: 0.031173 | test loss: 0.033023
2025-06-20 13:38:17 INFO: Epoch:  72 | train loss: 0.030998 | test loss: 0.030315
2025-06-20 13:39:33 INFO: Epoch:  73 | train loss: 0.030680 | test loss: 0.029638
2025-06-20 13:40:50 INFO: Epoch:  74 | train loss: 0.030803 | test loss: 0.031384
2025-06-20 13:42:07 INFO: Epoch:  75 | train loss: 0.030434 | test loss: 0.028688
2025-06-20 13:43:23 INFO: Epoch:  76 | train loss: 0.030307 | test loss: 0.029262
2025-06-20 13:44:40 INFO: Epoch:  77 | train loss: 0.030729 | test loss: 0.033574
2025-06-20 13:45:56 INFO: Epoch:  78 | train loss: 0.030294 | test loss: 0.031319
2025-06-20 13:47:12 INFO: Epoch:  79 | train loss: 0.030291 | test loss: 0.029565
2025-06-20 13:48:30 INFO: Epoch:  80 | train loss: 0.030232 | test loss: 0.030647
