2025-06-20 08:07:24 INFO: Start finetuning:
2025-06-20 08:07:24 INFO: Arguments: Namespace(epoch=80, batch_size=16, lr=0.0005, model_path_in_folder='pretrain/80epoch.pth', folder_path='experiments/experiment_mask_all_8px', seed=None, patience=10, repeats=3, save_every=1)
2025-06-20 08:07:24 INFO: Using device: cuda:0
2025-06-20 08:08:58 INFO: Epoch:   1 | train loss: 0.588902 | test loss: 0.591596 | auc: 0.560867 | avg of last 10 auc: nan
2025-06-20 08:09:10 INFO: Epoch:   2 | train loss: 0.562369 | test loss: 0.591192 | auc: 0.565890 | avg of last 10 auc: 0.560867
2025-06-20 08:09:22 INFO: Epoch:   3 | train loss: 0.573624 | test loss: 0.598945 | auc: 0.549846 | avg of last 10 auc: 0.563379
2025-06-20 08:09:34 INFO: Epoch:   4 | train loss: 0.569802 | test loss: 0.589982 | auc: 0.570072 | avg of last 10 auc: 0.558868
2025-06-20 08:09:47 INFO: Epoch:   5 | train loss: 0.560062 | test loss: 0.601959 | auc: 0.567940 | avg of last 10 auc: 0.561669
2025-06-20 08:09:59 INFO: Epoch:   6 | train loss: 0.559513 | test loss: 0.588477 | auc: 0.590374 | avg of last 10 auc: 0.562923
2025-06-20 08:10:11 INFO: Epoch:   7 | train loss: 0.564728 | test loss: 0.588214 | auc: 0.588027 | avg of last 10 auc: 0.567498
2025-06-20 08:10:23 INFO: Epoch:   8 | train loss: 0.569892 | test loss: 0.586804 | auc: 0.591840 | avg of last 10 auc: 0.570431
2025-06-20 08:10:35 INFO: Epoch:   9 | train loss: 0.564448 | test loss: 0.598937 | auc: 0.578888 | avg of last 10 auc: 0.573107
2025-06-20 08:10:47 INFO: Epoch:  10 | train loss: 0.551606 | test loss: 0.594931 | auc: 0.570162 | avg of last 10 auc: 0.573749
2025-06-20 08:11:00 INFO: Epoch:  11 | train loss: 0.565775 | test loss: 0.583244 | auc: 0.604359 | avg of last 10 auc: 0.573391
2025-06-20 08:11:12 INFO: Epoch:  12 | train loss: 0.555586 | test loss: 0.607723 | auc: 0.586428 | avg of last 10 auc: 0.577740
2025-06-20 08:11:24 INFO: Epoch:  13 | train loss: 0.567462 | test loss: 0.586109 | auc: 0.605266 | avg of last 10 auc: 0.579794
2025-06-20 08:11:37 INFO: Epoch:  14 | train loss: 0.572194 | test loss: 0.587248 | auc: 0.602908 | avg of last 10 auc: 0.585336
2025-06-20 08:11:49 INFO: Epoch:  15 | train loss: 0.550098 | test loss: 0.595459 | auc: 0.584328 | avg of last 10 auc: 0.588619
2025-06-20 08:12:01 INFO: Epoch:  16 | train loss: 0.558867 | test loss: 0.599975 | auc: 0.584459 | avg of last 10 auc: 0.590258
2025-06-20 08:12:13 INFO: Epoch:  17 | train loss: 0.553099 | test loss: 0.582670 | auc: 0.621555 | avg of last 10 auc: 0.589666
2025-06-20 08:12:25 INFO: Epoch:  18 | train loss: 0.549460 | test loss: 0.591052 | auc: 0.633032 | avg of last 10 auc: 0.593019
2025-06-20 08:12:38 INFO: Epoch:  19 | train loss: 0.560049 | test loss: 0.591061 | auc: 0.623860 | avg of last 10 auc: 0.597138
2025-06-20 08:12:50 INFO: Epoch:  20 | train loss: 0.563964 | test loss: 0.581985 | auc: 0.632853 | avg of last 10 auc: 0.601636
2025-06-20 08:13:02 INFO: Epoch:  21 | train loss: 0.556540 | test loss: 0.584485 | auc: 0.639091 | avg of last 10 auc: 0.607905
2025-06-20 08:13:15 INFO: Epoch:  22 | train loss: 0.553905 | test loss: 0.578462 | auc: 0.628770 | avg of last 10 auc: 0.611378
2025-06-20 08:13:27 INFO: Epoch:  23 | train loss: 0.552567 | test loss: 0.592864 | auc: 0.634639 | avg of last 10 auc: 0.615612
2025-06-20 08:13:39 INFO: Epoch:  24 | train loss: 0.553442 | test loss: 0.583335 | auc: 0.645148 | avg of last 10 auc: 0.618550
2025-06-20 08:13:51 INFO: Epoch:  25 | train loss: 0.557480 | test loss: 0.621976 | auc: 0.608844 | avg of last 10 auc: 0.622774
2025-06-20 08:14:03 INFO: Epoch:  26 | train loss: 0.549859 | test loss: 0.598978 | auc: 0.665144 | avg of last 10 auc: 0.625225
2025-06-20 08:14:16 INFO: Epoch:  27 | train loss: 0.563082 | test loss: 0.629654 | auc: 0.620645 | avg of last 10 auc: 0.633294
2025-06-20 08:14:28 INFO: Epoch:  28 | train loss: 0.560290 | test loss: 0.576130 | auc: 0.654296 | avg of last 10 auc: 0.633203
2025-06-20 08:14:40 INFO: Epoch:  29 | train loss: 0.546088 | test loss: 0.570173 | auc: 0.668047 | avg of last 10 auc: 0.635329
2025-06-20 08:14:52 INFO: Epoch:  30 | train loss: 0.551339 | test loss: 0.601690 | auc: 0.610452 | avg of last 10 auc: 0.639748
2025-06-20 08:15:05 INFO: Epoch:  31 | train loss: 0.545815 | test loss: 0.581088 | auc: 0.652938 | avg of last 10 auc: 0.637508
2025-06-20 08:15:17 INFO: Epoch:  32 | train loss: 0.544994 | test loss: 0.577501 | auc: 0.652580 | avg of last 10 auc: 0.638892
2025-06-20 08:15:29 INFO: Epoch:  33 | train loss: 0.548623 | test loss: 0.574223 | auc: 0.638815 | avg of last 10 auc: 0.641273
2025-06-20 08:15:41 INFO: Epoch:  34 | train loss: 0.553997 | test loss: 0.599328 | auc: 0.632410 | avg of last 10 auc: 0.641691
2025-06-20 08:15:53 INFO: Epoch:  35 | train loss: 0.560154 | test loss: 0.577271 | auc: 0.651824 | avg of last 10 auc: 0.640417
2025-06-20 08:16:06 INFO: Epoch:  36 | train loss: 0.547543 | test loss: 0.574195 | auc: 0.662692 | avg of last 10 auc: 0.644715
2025-06-20 08:16:18 INFO: Epoch:  37 | train loss: 0.530539 | test loss: 0.644616 | auc: 0.619302 | avg of last 10 auc: 0.644470
2025-06-20 08:16:31 INFO: Epoch:  38 | train loss: 0.545751 | test loss: 0.603846 | auc: 0.681408 | avg of last 10 auc: 0.644335
2025-06-20 08:16:43 INFO: Epoch:  39 | train loss: 0.530922 | test loss: 0.575218 | auc: 0.636721 | avg of last 10 auc: 0.647047
2025-06-20 08:16:56 INFO: Epoch:  40 | train loss: 0.533833 | test loss: 0.572685 | auc: 0.664729 | avg of last 10 auc: 0.643914
2025-06-20 08:17:09 INFO: Epoch:  41 | train loss: 0.534343 | test loss: 0.589114 | auc: 0.654446 | avg of last 10 auc: 0.649342
2025-06-20 08:17:21 INFO: Epoch:  42 | train loss: 0.510117 | test loss: 0.557797 | auc: 0.687348 | avg of last 10 auc: 0.649493
2025-06-20 08:17:33 INFO: Epoch:  43 | train loss: 0.523625 | test loss: 0.574537 | auc: 0.666217 | avg of last 10 auc: 0.652970
2025-06-20 08:17:45 INFO: Epoch:  44 | train loss: 0.534891 | test loss: 0.589693 | auc: 0.669009 | avg of last 10 auc: 0.655710
2025-06-20 08:17:58 INFO: Epoch:  45 | train loss: 0.500305 | test loss: 0.620553 | auc: 0.661084 | avg of last 10 auc: 0.659370
2025-06-20 08:18:10 INFO: Epoch:  46 | train loss: 0.534796 | test loss: 0.578633 | auc: 0.638973 | avg of last 10 auc: 0.660296
2025-06-20 08:18:23 INFO: Epoch:  47 | train loss: 0.517809 | test loss: 0.602171 | auc: 0.664756 | avg of last 10 auc: 0.657924
2025-06-20 08:18:35 INFO: Epoch:  48 | train loss: 0.523174 | test loss: 0.623894 | auc: 0.636873 | avg of last 10 auc: 0.662469
2025-06-20 08:18:47 INFO: Epoch:  49 | train loss: 0.509611 | test loss: 0.566494 | auc: 0.681989 | avg of last 10 auc: 0.658016
2025-06-20 08:19:00 INFO: Epoch:  50 | train loss: 0.501542 | test loss: 0.568197 | auc: 0.678130 | avg of last 10 auc: 0.662542
2025-06-20 08:19:12 INFO: Epoch:  51 | train loss: 0.498864 | test loss: 0.572276 | auc: 0.684663 | avg of last 10 auc: 0.663883
2025-06-20 08:19:24 INFO: Epoch:  52 | train loss: 0.509311 | test loss: 0.591033 | auc: 0.629212 | avg of last 10 auc: 0.666904
2025-06-20 08:19:36 INFO: Epoch:  53 | train loss: 0.494757 | test loss: 0.597036 | auc: 0.702461 | avg of last 10 auc: 0.661091
2025-06-20 08:19:49 INFO: Epoch:  54 | train loss: 0.502009 | test loss: 0.559638 | auc: 0.675970 | avg of last 10 auc: 0.664715
2025-06-20 08:20:02 INFO: Epoch:  55 | train loss: 0.498870 | test loss: 0.558138 | auc: 0.689203 | avg of last 10 auc: 0.665411
2025-06-20 08:20:14 INFO: Epoch:  56 | train loss: 0.500937 | test loss: 0.562376 | auc: 0.682477 | avg of last 10 auc: 0.668223
2025-06-20 08:20:26 INFO: Epoch:  57 | train loss: 0.499297 | test loss: 0.575911 | auc: 0.677957 | avg of last 10 auc: 0.672573
2025-06-20 08:20:39 INFO: Epoch:  58 | train loss: 0.490995 | test loss: 0.549591 | auc: 0.698978 | avg of last 10 auc: 0.673893
2025-06-20 08:20:51 INFO: Epoch:  59 | train loss: 0.495028 | test loss: 0.576804 | auc: 0.675272 | avg of last 10 auc: 0.680104
2025-06-20 08:21:03 INFO: Epoch:  60 | train loss: 0.494735 | test loss: 0.625363 | auc: 0.692939 | avg of last 10 auc: 0.679432
2025-06-20 08:21:15 INFO: Epoch:  61 | train loss: 0.497657 | test loss: 0.591996 | auc: 0.709318 | avg of last 10 auc: 0.680913
2025-06-20 08:21:27 INFO: Epoch:  62 | train loss: 0.480963 | test loss: 0.714594 | auc: 0.702703 | avg of last 10 auc: 0.683379
2025-06-20 08:21:40 INFO: Epoch:  63 | train loss: 0.483021 | test loss: 0.571510 | auc: 0.679468 | avg of last 10 auc: 0.690728
2025-06-20 08:21:52 INFO: Epoch:  64 | train loss: 0.462348 | test loss: 0.581218 | auc: 0.668838 | avg of last 10 auc: 0.688428
2025-06-20 08:22:04 INFO: Epoch:  65 | train loss: 0.449233 | test loss: 0.618099 | auc: 0.714924 | avg of last 10 auc: 0.687715
2025-06-20 08:22:17 INFO: Epoch:  66 | train loss: 0.460081 | test loss: 0.590487 | auc: 0.679348 | avg of last 10 auc: 0.690287
2025-06-20 08:22:29 INFO: Epoch:  67 | train loss: 0.453414 | test loss: 0.626239 | auc: 0.722007 | avg of last 10 auc: 0.689974
2025-06-20 08:22:41 INFO: Epoch:  68 | train loss: 0.461528 | test loss: 0.546915 | auc: 0.717505 | avg of last 10 auc: 0.694379
2025-06-20 08:22:54 INFO: Epoch:  69 | train loss: 0.446912 | test loss: 0.571485 | auc: 0.718147 | avg of last 10 auc: 0.696232
2025-06-20 08:23:06 INFO: Epoch:  70 | train loss: 0.455798 | test loss: 1.081482 | auc: 0.575946 | avg of last 10 auc: 0.700520
2025-06-20 08:23:18 INFO: Epoch:  71 | train loss: 0.478521 | test loss: 0.773259 | auc: 0.687321 | avg of last 10 auc: 0.688820
2025-06-20 08:23:31 INFO: Epoch:  72 | train loss: 0.450643 | test loss: 0.584850 | auc: 0.707486 | avg of last 10 auc: 0.686621
2025-06-20 08:23:43 INFO: Epoch:  73 | train loss: 0.451039 | test loss: 0.599085 | auc: 0.706317 | avg of last 10 auc: 0.687099
2025-06-20 08:23:56 INFO: Epoch:  74 | train loss: 0.448610 | test loss: 0.599897 | auc: 0.703681 | avg of last 10 auc: 0.689784
2025-06-20 08:24:08 INFO: Epoch:  75 | train loss: 0.450285 | test loss: 0.627840 | auc: 0.717648 | avg of last 10 auc: 0.693268
2025-06-20 08:24:22 INFO: Epoch:  76 | train loss: 0.438896 | test loss: 0.578765 | auc: 0.701030 | avg of last 10 auc: 0.693541
2025-06-20 08:24:34 INFO: Epoch:  77 | train loss: 0.429944 | test loss: 0.611334 | auc: 0.685828 | avg of last 10 auc: 0.695709
2025-06-20 08:24:46 INFO: Epoch:  78 | train loss: 0.397462 | test loss: 0.774475 | auc: 0.665372 | avg of last 10 auc: 0.692091
2025-06-20 08:24:59 INFO: Epoch:  79 | train loss: 0.430109 | test loss: 0.571712 | auc: 0.709398 | avg of last 10 auc: 0.686878
2025-06-20 08:25:11 INFO: Epoch:  80 | train loss: 0.456856 | test loss: 0.640736 | auc: 0.722214 | avg of last 10 auc: 0.686003
