2025-06-20 15:44:14 INFO: Start finetuning:
2025-06-20 15:44:14 INFO: Arguments: Namespace(epoch=80, batch_size=16, lr=0.0005, model_path_in_folder='pretrain/80epoch.pth', folder_path='experiments/experiment_mask_ROI_32px', seed=None, patience=10, repeats=3, save_every=1)
2025-06-20 15:44:14 INFO: Using device: cuda:0
2025-06-20 15:45:57 INFO: Epoch:   1 | train loss: 0.588713 | test loss: 0.594463 | auc: 0.555606 | avg of last 10 auc: nan
2025-06-20 15:46:10 INFO: Epoch:   2 | train loss: 0.557317 | test loss: 0.596706 | auc: 0.556799 | avg of last 10 auc: 0.555606
2025-06-20 15:46:22 INFO: Epoch:   3 | train loss: 0.582176 | test loss: 0.597139 | auc: 0.548827 | avg of last 10 auc: 0.556202
2025-06-20 15:46:34 INFO: Epoch:   4 | train loss: 0.570907 | test loss: 0.592347 | auc: 0.567762 | avg of last 10 auc: 0.553744
2025-06-20 15:46:46 INFO: Epoch:   5 | train loss: 0.556839 | test loss: 0.595468 | auc: 0.563680 | avg of last 10 auc: 0.557248
2025-06-20 15:46:58 INFO: Epoch:   6 | train loss: 0.560403 | test loss: 0.599834 | auc: 0.566627 | avg of last 10 auc: 0.558535
2025-06-20 15:47:11 INFO: Epoch:   7 | train loss: 0.564320 | test loss: 0.592487 | auc: 0.595712 | avg of last 10 auc: 0.559883
2025-06-20 15:47:23 INFO: Epoch:   8 | train loss: 0.565259 | test loss: 0.590898 | auc: 0.592056 | avg of last 10 auc: 0.565002
2025-06-20 15:47:35 INFO: Epoch:   9 | train loss: 0.564174 | test loss: 0.594910 | auc: 0.588431 | avg of last 10 auc: 0.568384
2025-06-20 15:47:47 INFO: Epoch:  10 | train loss: 0.547543 | test loss: 0.607926 | auc: 0.574794 | avg of last 10 auc: 0.570611
2025-06-20 15:48:00 INFO: Epoch:  11 | train loss: 0.565178 | test loss: 0.580086 | auc: 0.637782 | avg of last 10 auc: 0.571029
2025-06-20 15:48:13 INFO: Epoch:  12 | train loss: 0.551650 | test loss: 0.595922 | auc: 0.616448 | avg of last 10 auc: 0.579247
2025-06-20 15:48:25 INFO: Epoch:  13 | train loss: 0.566401 | test loss: 0.587129 | auc: 0.619227 | avg of last 10 auc: 0.585212
2025-06-20 15:48:38 INFO: Epoch:  14 | train loss: 0.568827 | test loss: 0.582093 | auc: 0.635187 | avg of last 10 auc: 0.592252
2025-06-20 15:48:51 INFO: Epoch:  15 | train loss: 0.553051 | test loss: 0.586018 | auc: 0.647380 | avg of last 10 auc: 0.598994
2025-06-20 15:49:04 INFO: Epoch:  16 | train loss: 0.551358 | test loss: 0.590633 | auc: 0.612167 | avg of last 10 auc: 0.607364
2025-06-20 15:49:17 INFO: Epoch:  17 | train loss: 0.553704 | test loss: 0.574536 | auc: 0.662519 | avg of last 10 auc: 0.611918
2025-06-20 15:49:31 INFO: Epoch:  18 | train loss: 0.549053 | test loss: 0.596604 | auc: 0.648159 | avg of last 10 auc: 0.618599
2025-06-20 15:49:44 INFO: Epoch:  19 | train loss: 0.552856 | test loss: 0.592480 | auc: 0.631392 | avg of last 10 auc: 0.624209
2025-06-20 15:49:57 INFO: Epoch:  20 | train loss: 0.566566 | test loss: 0.576494 | auc: 0.657697 | avg of last 10 auc: 0.628505
2025-06-20 15:50:10 INFO: Epoch:  21 | train loss: 0.554093 | test loss: 0.575763 | auc: 0.669868 | avg of last 10 auc: 0.636796
2025-06-20 15:50:23 INFO: Epoch:  22 | train loss: 0.541118 | test loss: 0.579570 | auc: 0.632934 | avg of last 10 auc: 0.640004
2025-06-20 15:50:36 INFO: Epoch:  23 | train loss: 0.539223 | test loss: 0.599930 | auc: 0.656726 | avg of last 10 auc: 0.641653
2025-06-20 15:50:50 INFO: Epoch:  24 | train loss: 0.540359 | test loss: 0.588358 | auc: 0.636413 | avg of last 10 auc: 0.645403
2025-06-20 15:51:04 INFO: Epoch:  25 | train loss: 0.550527 | test loss: 0.593514 | auc: 0.628772 | avg of last 10 auc: 0.645526
2025-06-20 15:51:17 INFO: Epoch:  26 | train loss: 0.546026 | test loss: 0.597590 | auc: 0.683741 | avg of last 10 auc: 0.643665
2025-06-20 15:51:30 INFO: Epoch:  27 | train loss: 0.557001 | test loss: 0.594593 | auc: 0.660027 | avg of last 10 auc: 0.650822
2025-06-20 15:51:43 INFO: Epoch:  28 | train loss: 0.548526 | test loss: 0.580091 | auc: 0.656873 | avg of last 10 auc: 0.650573
2025-06-20 15:51:55 INFO: Epoch:  29 | train loss: 0.538485 | test loss: 0.564214 | auc: 0.675017 | avg of last 10 auc: 0.651444
2025-06-20 15:52:08 INFO: Epoch:  30 | train loss: 0.545996 | test loss: 0.592197 | auc: 0.636471 | avg of last 10 auc: 0.655807
2025-06-20 15:52:21 INFO: Epoch:  31 | train loss: 0.541133 | test loss: 0.569948 | auc: 0.672210 | avg of last 10 auc: 0.653684
2025-06-20 15:52:34 INFO: Epoch:  32 | train loss: 0.548223 | test loss: 0.565795 | auc: 0.661384 | avg of last 10 auc: 0.653919
2025-06-20 15:52:47 INFO: Epoch:  33 | train loss: 0.546167 | test loss: 0.592881 | auc: 0.582601 | avg of last 10 auc: 0.656764
2025-06-20 15:53:00 INFO: Epoch:  34 | train loss: 0.546353 | test loss: 0.564910 | auc: 0.671419 | avg of last 10 auc: 0.649351
2025-06-20 15:53:13 INFO: Epoch:  35 | train loss: 0.552817 | test loss: 0.604291 | auc: 0.629360 | avg of last 10 auc: 0.652852
2025-06-20 15:53:26 INFO: Epoch:  36 | train loss: 0.546137 | test loss: 0.580096 | auc: 0.662767 | avg of last 10 auc: 0.652910
2025-06-20 15:53:39 INFO: Epoch:  37 | train loss: 0.525013 | test loss: 0.620464 | auc: 0.629915 | avg of last 10 auc: 0.650813
2025-06-20 15:53:52 INFO: Epoch:  38 | train loss: 0.537348 | test loss: 0.580960 | auc: 0.632723 | avg of last 10 auc: 0.647802
2025-06-20 15:54:05 INFO: Epoch:  39 | train loss: 0.532802 | test loss: 0.574835 | auc: 0.635139 | avg of last 10 auc: 0.645387
2025-06-20 15:54:19 INFO: Epoch:  40 | train loss: 0.537624 | test loss: 0.638138 | auc: 0.611060 | avg of last 10 auc: 0.641399
2025-06-20 15:54:33 INFO: Epoch:  41 | train loss: 0.538103 | test loss: 0.578791 | auc: 0.664097 | avg of last 10 auc: 0.638858
2025-06-20 15:54:46 INFO: Epoch:  42 | train loss: 0.511929 | test loss: 0.569135 | auc: 0.682873 | avg of last 10 auc: 0.638046
2025-06-20 15:54:59 INFO: Epoch:  43 | train loss: 0.527131 | test loss: 0.595803 | auc: 0.656255 | avg of last 10 auc: 0.640195
2025-06-20 15:55:12 INFO: Epoch:  44 | train loss: 0.522973 | test loss: 0.562679 | auc: 0.667169 | avg of last 10 auc: 0.647561
2025-06-20 15:55:25 INFO: Epoch:  45 | train loss: 0.499218 | test loss: 0.618072 | auc: 0.660583 | avg of last 10 auc: 0.647136
2025-06-20 15:55:38 INFO: Epoch:  46 | train loss: 0.516387 | test loss: 0.579667 | auc: 0.629875 | avg of last 10 auc: 0.650258
2025-06-20 15:55:51 INFO: Epoch:  47 | train loss: 0.524332 | test loss: 0.573152 | auc: 0.671641 | avg of last 10 auc: 0.646969
2025-06-20 15:56:03 INFO: Epoch:  48 | train loss: 0.522866 | test loss: 0.676793 | auc: 0.655463 | avg of last 10 auc: 0.651141
2025-06-20 15:56:16 INFO: Epoch:  49 | train loss: 0.512584 | test loss: 0.578982 | auc: 0.627702 | avg of last 10 auc: 0.653415
2025-06-20 15:56:29 INFO: Epoch:  50 | train loss: 0.501239 | test loss: 0.586414 | auc: 0.679436 | avg of last 10 auc: 0.652672
2025-06-20 15:56:42 INFO: Epoch:  51 | train loss: 0.498588 | test loss: 0.588337 | auc: 0.691929 | avg of last 10 auc: 0.659509
2025-06-20 15:56:55 INFO: Epoch:  52 | train loss: 0.512768 | test loss: 0.561788 | auc: 0.668243 | avg of last 10 auc: 0.662293
2025-06-20 15:57:08 INFO: Epoch:  53 | train loss: 0.502601 | test loss: 0.578794 | auc: 0.677709 | avg of last 10 auc: 0.660830
2025-06-20 15:57:20 INFO: Epoch:  54 | train loss: 0.508102 | test loss: 0.582348 | auc: 0.664230 | avg of last 10 auc: 0.662975
2025-06-20 15:57:34 INFO: Epoch:  55 | train loss: 0.485501 | test loss: 0.554928 | auc: 0.702060 | avg of last 10 auc: 0.662681
2025-06-20 15:57:46 INFO: Epoch:  56 | train loss: 0.487754 | test loss: 0.586297 | auc: 0.662634 | avg of last 10 auc: 0.666829
2025-06-20 15:58:02 INFO: Epoch:  57 | train loss: 0.510949 | test loss: 0.584631 | auc: 0.672457 | avg of last 10 auc: 0.670105
2025-06-20 15:58:16 INFO: Epoch:  58 | train loss: 0.487657 | test loss: 0.582935 | auc: 0.708333 | avg of last 10 auc: 0.670186
2025-06-20 15:58:29 INFO: Epoch:  59 | train loss: 0.498634 | test loss: 0.648108 | auc: 0.684715 | avg of last 10 auc: 0.675473
2025-06-20 15:58:43 INFO: Epoch:  60 | train loss: 0.484175 | test loss: 0.740373 | auc: 0.687311 | avg of last 10 auc: 0.681175
2025-06-20 15:58:56 INFO: Epoch:  61 | train loss: 0.488529 | test loss: 0.630252 | auc: 0.689131 | avg of last 10 auc: 0.681962
2025-06-20 15:59:09 INFO: Epoch:  62 | train loss: 0.465742 | test loss: 0.637464 | auc: 0.711148 | avg of last 10 auc: 0.681682
2025-06-20 15:59:22 INFO: Epoch:  63 | train loss: 0.473500 | test loss: 0.586082 | auc: 0.651930 | avg of last 10 auc: 0.685973
2025-06-20 15:59:35 INFO: Epoch:  64 | train loss: 0.460865 | test loss: 0.577974 | auc: 0.680785 | avg of last 10 auc: 0.683395
2025-06-20 15:59:49 INFO: Epoch:  65 | train loss: 0.458775 | test loss: 0.631190 | auc: 0.701862 | avg of last 10 auc: 0.685050
2025-06-20 16:00:02 INFO: Epoch:  66 | train loss: 0.466383 | test loss: 0.577728 | auc: 0.682965 | avg of last 10 auc: 0.685031
2025-06-20 16:00:15 INFO: Epoch:  67 | train loss: 0.451507 | test loss: 0.652736 | auc: 0.685041 | avg of last 10 auc: 0.687064
2025-06-20 16:00:28 INFO: Epoch:  68 | train loss: 0.471978 | test loss: 0.605414 | auc: 0.710194 | avg of last 10 auc: 0.688322
2025-06-20 16:00:41 INFO: Epoch:  69 | train loss: 0.442599 | test loss: 0.573066 | auc: 0.687517 | avg of last 10 auc: 0.688508
2025-06-20 16:00:54 INFO: Epoch:  70 | train loss: 0.463853 | test loss: 0.591691 | auc: 0.683377 | avg of last 10 auc: 0.688788
2025-06-20 16:01:07 INFO: Epoch:  71 | train loss: 0.461145 | test loss: 0.821039 | auc: 0.700785 | avg of last 10 auc: 0.688395
2025-06-20 16:01:21 INFO: Epoch:  72 | train loss: 0.458814 | test loss: 0.577604 | auc: 0.724184 | avg of last 10 auc: 0.689560
2025-06-20 16:01:34 INFO: Epoch:  73 | train loss: 0.449510 | test loss: 0.593376 | auc: 0.685807 | avg of last 10 auc: 0.690864
2025-06-20 16:01:47 INFO: Epoch:  74 | train loss: 0.439177 | test loss: 0.629208 | auc: 0.695311 | avg of last 10 auc: 0.694252
2025-06-20 16:02:00 INFO: Epoch:  75 | train loss: 0.440558 | test loss: 0.723129 | auc: 0.723442 | avg of last 10 auc: 0.695704
2025-06-20 16:02:13 INFO: Epoch:  76 | train loss: 0.445228 | test loss: 0.579052 | auc: 0.702254 | avg of last 10 auc: 0.697862
2025-06-20 16:02:27 INFO: Epoch:  77 | train loss: 0.427940 | test loss: 0.613429 | auc: 0.692220 | avg of last 10 auc: 0.699791
2025-06-20 16:02:41 INFO: Epoch:  78 | train loss: 0.405564 | test loss: 0.585651 | auc: 0.698784 | avg of last 10 auc: 0.700509
2025-06-20 16:02:54 INFO: Epoch:  79 | train loss: 0.427797 | test loss: 0.580805 | auc: 0.714229 | avg of last 10 auc: 0.699368
2025-06-20 16:03:07 INFO: Epoch:  80 | train loss: 0.426483 | test loss: 0.714332 | auc: 0.722660 | avg of last 10 auc: 0.702039
