2025-06-19 08:23:36 INFO: Start training:
2025-06-19 08:23:36 INFO: Arguments: Namespace(epoch=80, batch_size=16, lr=0.00025, show_per_epoch=2, show_img_count=2, patch_size=16, mask_rate=0.5, save_every=5, seed=0, mask_roi='false', mask_non_roi='true', output_folder='experiments/experiment_mask_non_ROI_16px')
2025-06-19 08:23:36 INFO: Using device: cuda:0
2025-06-19 08:26:38 INFO: Epoch:   1 | train loss: 0.125212 | test loss: 0.145363
2025-06-19 08:27:47 INFO: Epoch:   2 | train loss: 0.082672 | test loss: 0.069950
2025-06-19 08:28:56 INFO: Epoch:   3 | train loss: 0.073178 | test loss: 0.069649
2025-06-19 08:30:05 INFO: Epoch:   4 | train loss: 0.066215 | test loss: 0.051364
2025-06-19 08:31:14 INFO: Epoch:   5 | train loss: 0.064797 | test loss: 0.055947
2025-06-19 08:32:24 INFO: Epoch:   6 | train loss: 0.064784 | test loss: 0.053984
2025-06-19 08:33:33 INFO: Epoch:   7 | train loss: 0.060737 | test loss: 0.046138
2025-06-19 08:34:43 INFO: Epoch:   8 | train loss: 0.059805 | test loss: 0.055129
2025-06-19 08:35:53 INFO: Epoch:   9 | train loss: 0.060329 | test loss: 0.051724
2025-06-19 08:37:03 INFO: Epoch:  10 | train loss: 0.056495 | test loss: 0.050370
2025-06-19 08:38:13 INFO: Epoch:  11 | train loss: 0.057385 | test loss: 0.076112
2025-06-19 08:39:24 INFO: Epoch:  12 | train loss: 0.059024 | test loss: 0.063523
2025-06-19 08:40:33 INFO: Epoch:  13 | train loss: 0.054948 | test loss: 0.048980
2025-06-19 08:41:44 INFO: Epoch:  14 | train loss: 0.056441 | test loss: 0.044257
2025-06-19 08:42:54 INFO: Epoch:  15 | train loss: 0.057129 | test loss: 0.044003
2025-06-19 08:44:05 INFO: Epoch:  16 | train loss: 0.054204 | test loss: 0.049381
2025-06-19 08:45:15 INFO: Epoch:  17 | train loss: 0.052210 | test loss: 0.048490
2025-06-19 08:46:26 INFO: Epoch:  18 | train loss: 0.051606 | test loss: 0.062475
2025-06-19 08:47:37 INFO: Epoch:  19 | train loss: 0.054428 | test loss: 0.044860
2025-06-19 08:48:47 INFO: Epoch:  20 | train loss: 0.051351 | test loss: 0.041669
2025-06-19 08:49:58 INFO: Epoch:  21 | train loss: 0.047563 | test loss: 0.044836
2025-06-19 08:51:09 INFO: Epoch:  22 | train loss: 0.048817 | test loss: 0.045612
2025-06-19 08:52:19 INFO: Epoch:  23 | train loss: 0.047836 | test loss: 0.041708
2025-06-19 08:53:30 INFO: Epoch:  24 | train loss: 0.045513 | test loss: 0.042776
2025-06-19 08:54:40 INFO: Epoch:  25 | train loss: 0.045098 | test loss: 0.040588
2025-06-19 08:55:52 INFO: Epoch:  26 | train loss: 0.043935 | test loss: 0.041130
2025-06-19 08:57:03 INFO: Epoch:  27 | train loss: 0.045062 | test loss: 0.040363
2025-06-19 08:58:14 INFO: Epoch:  28 | train loss: 0.044233 | test loss: 0.041566
2025-06-19 08:59:25 INFO: Epoch:  29 | train loss: 0.043485 | test loss: 0.040351
2025-06-19 09:00:36 INFO: Epoch:  30 | train loss: 0.043068 | test loss: 0.040742
2025-06-19 09:01:48 INFO: Epoch:  31 | train loss: 0.042140 | test loss: 0.039581
2025-06-19 09:02:59 INFO: Epoch:  32 | train loss: 0.042833 | test loss: 0.042000
2025-06-19 09:04:10 INFO: Epoch:  33 | train loss: 0.042849 | test loss: 0.039019
2025-06-19 09:05:21 INFO: Epoch:  34 | train loss: 0.041487 | test loss: 0.039203
2025-06-19 09:06:32 INFO: Epoch:  35 | train loss: 0.041908 | test loss: 0.038324
2025-06-19 09:07:45 INFO: Epoch:  36 | train loss: 0.041260 | test loss: 0.039321
2025-06-19 09:08:56 INFO: Epoch:  37 | train loss: 0.040475 | test loss: 0.038785
2025-06-19 09:10:08 INFO: Epoch:  38 | train loss: 0.040302 | test loss: 0.038634
2025-06-19 09:11:20 INFO: Epoch:  39 | train loss: 0.041359 | test loss: 0.039783
2025-06-19 09:12:31 INFO: Epoch:  40 | train loss: 0.040270 | test loss: 0.047803
2025-06-19 09:13:43 INFO: Epoch:  41 | train loss: 0.042631 | test loss: 0.038987
2025-06-19 09:14:56 INFO: Epoch:  42 | train loss: 0.040044 | test loss: 0.037856
2025-06-19 09:16:07 INFO: Epoch:  43 | train loss: 0.040893 | test loss: 0.038238
2025-06-19 09:17:20 INFO: Epoch:  44 | train loss: 0.039688 | test loss: 0.037932
2025-06-19 09:18:31 INFO: Epoch:  45 | train loss: 0.038969 | test loss: 0.037723
2025-06-19 09:19:44 INFO: Epoch:  46 | train loss: 0.040042 | test loss: 0.036925
2025-06-19 09:20:56 INFO: Epoch:  47 | train loss: 0.039075 | test loss: 0.056227
2025-06-19 09:22:09 INFO: Epoch:  48 | train loss: 0.041927 | test loss: 0.039408
2025-06-19 09:23:21 INFO: Epoch:  49 | train loss: 0.039250 | test loss: 0.038517
2025-06-19 09:24:33 INFO: Epoch:  50 | train loss: 0.039052 | test loss: 0.040136
2025-06-19 09:25:45 INFO: Epoch:  51 | train loss: 0.039401 | test loss: 0.038819
2025-06-19 09:26:58 INFO: Epoch:  52 | train loss: 0.038069 | test loss: 0.036188
2025-06-19 09:28:10 INFO: Epoch:  53 | train loss: 0.038405 | test loss: 0.038824
2025-06-19 09:29:23 INFO: Epoch:  54 | train loss: 0.038140 | test loss: 0.036056
2025-06-19 09:30:35 INFO: Epoch:  55 | train loss: 0.038515 | test loss: 0.040903
2025-06-19 09:31:49 INFO: Epoch:  56 | train loss: 0.038085 | test loss: 0.043941
2025-06-19 09:33:01 INFO: Epoch:  57 | train loss: 0.038785 | test loss: 0.036211
2025-06-19 09:34:15 INFO: Epoch:  58 | train loss: 0.037734 | test loss: 0.037848
2025-06-19 09:35:27 INFO: Epoch:  59 | train loss: 0.037792 | test loss: 0.038009
2025-06-19 09:36:40 INFO: Epoch:  60 | train loss: 0.037343 | test loss: 0.036415
2025-06-19 09:37:52 INFO: Epoch:  61 | train loss: 0.037125 | test loss: 0.035751
2025-06-19 09:39:06 INFO: Epoch:  62 | train loss: 0.037026 | test loss: 0.035538
2025-06-19 09:40:19 INFO: Epoch:  63 | train loss: 0.036983 | test loss: 0.035589
2025-06-19 09:41:33 INFO: Epoch:  64 | train loss: 0.036656 | test loss: 0.035215
2025-06-19 09:42:45 INFO: Epoch:  65 | train loss: 0.036636 | test loss: 0.037204
2025-06-19 09:43:59 INFO: Epoch:  66 | train loss: 0.036959 | test loss: 0.035955
2025-06-19 09:45:11 INFO: Epoch:  67 | train loss: 0.036891 | test loss: 0.036888
2025-06-19 09:46:26 INFO: Epoch:  68 | train loss: 0.036217 | test loss: 0.035742
2025-06-19 09:47:38 INFO: Epoch:  69 | train loss: 0.036359 | test loss: 0.112322
2025-06-19 09:48:53 INFO: Epoch:  70 | train loss: 0.039739 | test loss: 0.035864
2025-06-19 09:50:05 INFO: Epoch:  71 | train loss: 0.037274 | test loss: 0.036025
2025-06-19 09:51:20 INFO: Epoch:  72 | train loss: 0.035951 | test loss: 0.034841
2025-06-19 09:52:32 INFO: Epoch:  73 | train loss: 0.036705 | test loss: 0.036305
2025-06-19 09:53:47 INFO: Epoch:  74 | train loss: 0.036415 | test loss: 0.035315
2025-06-19 09:54:59 INFO: Epoch:  75 | train loss: 0.036057 | test loss: 0.035753
2025-06-19 09:56:12 INFO: Epoch:  76 | train loss: 0.036725 | test loss: 0.039810
2025-06-19 09:57:28 INFO: Epoch:  77 | train loss: 0.035936 | test loss: 0.034667
2025-06-19 09:58:40 INFO: Epoch:  78 | train loss: 0.035839 | test loss: 0.035205
2025-06-19 09:59:53 INFO: Epoch:  79 | train loss: 0.036257 | test loss: 0.034479
2025-06-19 10:01:09 INFO: Epoch:  80 | train loss: 0.035134 | test loss: 0.034504
