2025-06-20 06:02:20 INFO: Start finetuning:
2025-06-20 06:02:20 INFO: Arguments: Namespace(epoch=80, batch_size=16, lr=0.0005, model_path_in_folder='pretrain/80epoch.pth', folder_path='experiments/experiment_mask_ROI_16px', seed=None, patience=10, repeats=3, save_every=1)
2025-06-20 06:02:20 INFO: Using device: cuda:0
2025-06-20 06:03:56 INFO: Epoch:   1 | train loss: 0.584166 | test loss: 0.595290 | auc: 0.581670 | avg of last 10 auc: nan
2025-06-20 06:04:09 INFO: Epoch:   2 | train loss: 0.568436 | test loss: 0.592987 | auc: 0.584721 | avg of last 10 auc: 0.581670
2025-06-20 06:04:21 INFO: Epoch:   3 | train loss: 0.566954 | test loss: 0.591382 | auc: 0.585787 | avg of last 10 auc: 0.583196
2025-06-20 06:04:33 INFO: Epoch:   4 | train loss: 0.568851 | test loss: 0.590138 | auc: 0.574603 | avg of last 10 auc: 0.584059
2025-06-20 06:04:45 INFO: Epoch:   5 | train loss: 0.561670 | test loss: 0.592043 | auc: 0.600728 | avg of last 10 auc: 0.581695
2025-06-20 06:04:58 INFO: Epoch:   6 | train loss: 0.567050 | test loss: 0.587288 | auc: 0.620532 | avg of last 10 auc: 0.585502
2025-06-20 06:05:10 INFO: Epoch:   7 | train loss: 0.563817 | test loss: 0.586361 | auc: 0.597626 | avg of last 10 auc: 0.591340
2025-06-20 06:05:22 INFO: Epoch:   8 | train loss: 0.562417 | test loss: 0.586273 | auc: 0.601284 | avg of last 10 auc: 0.592238
2025-06-20 06:05:34 INFO: Epoch:   9 | train loss: 0.552108 | test loss: 0.593209 | auc: 0.605502 | avg of last 10 auc: 0.593369
2025-06-20 06:05:46 INFO: Epoch:  10 | train loss: 0.557470 | test loss: 0.586832 | auc: 0.593316 | avg of last 10 auc: 0.594717
2025-06-20 06:05:59 INFO: Epoch:  11 | train loss: 0.574796 | test loss: 0.588280 | auc: 0.599784 | avg of last 10 auc: 0.594577
2025-06-20 06:06:11 INFO: Epoch:  12 | train loss: 0.558178 | test loss: 0.594068 | auc: 0.602242 | avg of last 10 auc: 0.596388
2025-06-20 06:06:23 INFO: Epoch:  13 | train loss: 0.560399 | test loss: 0.585319 | auc: 0.601960 | avg of last 10 auc: 0.598140
2025-06-20 06:06:35 INFO: Epoch:  14 | train loss: 0.559514 | test loss: 0.591803 | auc: 0.591437 | avg of last 10 auc: 0.599758
2025-06-20 06:06:48 INFO: Epoch:  15 | train loss: 0.555797 | test loss: 0.588245 | auc: 0.604245 | avg of last 10 auc: 0.601441
2025-06-20 06:07:00 INFO: Epoch:  16 | train loss: 0.569031 | test loss: 0.584366 | auc: 0.630592 | avg of last 10 auc: 0.601793
2025-06-20 06:07:12 INFO: Epoch:  17 | train loss: 0.563102 | test loss: 0.589358 | auc: 0.610061 | avg of last 10 auc: 0.602799
2025-06-20 06:07:24 INFO: Epoch:  18 | train loss: 0.542308 | test loss: 0.612586 | auc: 0.614066 | avg of last 10 auc: 0.604042
2025-06-20 06:07:37 INFO: Epoch:  19 | train loss: 0.576617 | test loss: 0.583327 | auc: 0.620292 | avg of last 10 auc: 0.605320
2025-06-20 06:07:49 INFO: Epoch:  20 | train loss: 0.556172 | test loss: 0.583596 | auc: 0.624237 | avg of last 10 auc: 0.606799
2025-06-20 06:08:01 INFO: Epoch:  21 | train loss: 0.549474 | test loss: 0.582813 | auc: 0.617914 | avg of last 10 auc: 0.609892
2025-06-20 06:08:13 INFO: Epoch:  22 | train loss: 0.564650 | test loss: 0.579600 | auc: 0.637845 | avg of last 10 auc: 0.611705
2025-06-20 06:08:26 INFO: Epoch:  23 | train loss: 0.559574 | test loss: 0.583493 | auc: 0.619148 | avg of last 10 auc: 0.615265
2025-06-20 06:08:38 INFO: Epoch:  24 | train loss: 0.568659 | test loss: 0.591426 | auc: 0.643136 | avg of last 10 auc: 0.616984
2025-06-20 06:08:51 INFO: Epoch:  25 | train loss: 0.558843 | test loss: 0.604121 | auc: 0.626983 | avg of last 10 auc: 0.622154
2025-06-20 06:09:03 INFO: Epoch:  26 | train loss: 0.555669 | test loss: 0.602641 | auc: 0.632102 | avg of last 10 auc: 0.624427
2025-06-20 06:09:15 INFO: Epoch:  27 | train loss: 0.548110 | test loss: 0.578511 | auc: 0.642164 | avg of last 10 auc: 0.624578
2025-06-20 06:09:27 INFO: Epoch:  28 | train loss: 0.551169 | test loss: 0.605762 | auc: 0.646589 | avg of last 10 auc: 0.627789
2025-06-20 06:09:40 INFO: Epoch:  29 | train loss: 0.551772 | test loss: 0.580151 | auc: 0.629102 | avg of last 10 auc: 0.631041
2025-06-20 06:09:52 INFO: Epoch:  30 | train loss: 0.553123 | test loss: 0.578340 | auc: 0.651881 | avg of last 10 auc: 0.631922
2025-06-20 06:10:04 INFO: Epoch:  31 | train loss: 0.547834 | test loss: 0.589759 | auc: 0.663787 | avg of last 10 auc: 0.634687
2025-06-20 06:10:17 INFO: Epoch:  32 | train loss: 0.541365 | test loss: 0.568156 | auc: 0.674595 | avg of last 10 auc: 0.639274
2025-06-20 06:10:29 INFO: Epoch:  33 | train loss: 0.545832 | test loss: 0.577949 | auc: 0.688459 | avg of last 10 auc: 0.642949
2025-06-20 06:10:41 INFO: Epoch:  34 | train loss: 0.538584 | test loss: 0.591666 | auc: 0.642724 | avg of last 10 auc: 0.649880
2025-06-20 06:10:54 INFO: Epoch:  35 | train loss: 0.553669 | test loss: 0.564662 | auc: 0.675606 | avg of last 10 auc: 0.649839
2025-06-20 06:11:06 INFO: Epoch:  36 | train loss: 0.542469 | test loss: 0.616667 | auc: 0.669496 | avg of last 10 auc: 0.654701
2025-06-20 06:11:18 INFO: Epoch:  37 | train loss: 0.548285 | test loss: 0.569692 | auc: 0.685695 | avg of last 10 auc: 0.658440
2025-06-20 06:11:32 INFO: Epoch:  38 | train loss: 0.535493 | test loss: 0.580388 | auc: 0.655736 | avg of last 10 auc: 0.662793
2025-06-20 06:11:44 INFO: Epoch:  39 | train loss: 0.533887 | test loss: 0.586786 | auc: 0.672595 | avg of last 10 auc: 0.663708
2025-06-20 06:11:56 INFO: Epoch:  40 | train loss: 0.532847 | test loss: 0.615161 | auc: 0.669272 | avg of last 10 auc: 0.668057
2025-06-20 06:12:08 INFO: Epoch:  41 | train loss: 0.527858 | test loss: 0.610513 | auc: 0.639913 | avg of last 10 auc: 0.669797
2025-06-20 06:12:20 INFO: Epoch:  42 | train loss: 0.536191 | test loss: 0.584174 | auc: 0.666611 | avg of last 10 auc: 0.667409
2025-06-20 06:12:33 INFO: Epoch:  43 | train loss: 0.536448 | test loss: 0.622585 | auc: 0.659981 | avg of last 10 auc: 0.666611
2025-06-20 06:12:45 INFO: Epoch:  44 | train loss: 0.525402 | test loss: 0.577113 | auc: 0.670943 | avg of last 10 auc: 0.663763
2025-06-20 06:12:57 INFO: Epoch:  45 | train loss: 0.518581 | test loss: 0.557189 | auc: 0.680477 | avg of last 10 auc: 0.666585
2025-06-20 06:13:09 INFO: Epoch:  46 | train loss: 0.520098 | test loss: 0.578948 | auc: 0.672879 | avg of last 10 auc: 0.667072
2025-06-20 06:13:22 INFO: Epoch:  47 | train loss: 0.520217 | test loss: 0.564075 | auc: 0.667693 | avg of last 10 auc: 0.667410
2025-06-20 06:13:34 INFO: Epoch:  48 | train loss: 0.519748 | test loss: 0.621829 | auc: 0.655365 | avg of last 10 auc: 0.665610
2025-06-20 06:13:46 INFO: Epoch:  49 | train loss: 0.516077 | test loss: 0.570642 | auc: 0.701832 | avg of last 10 auc: 0.665573
2025-06-20 06:13:58 INFO: Epoch:  50 | train loss: 0.530405 | test loss: 0.581541 | auc: 0.688401 | avg of last 10 auc: 0.668497
2025-06-20 06:14:10 INFO: Epoch:  51 | train loss: 0.515862 | test loss: 0.561028 | auc: 0.683103 | avg of last 10 auc: 0.670410
2025-06-20 06:14:23 INFO: Epoch:  52 | train loss: 0.510711 | test loss: 0.629098 | auc: 0.630306 | avg of last 10 auc: 0.674728
2025-06-20 06:14:35 INFO: Epoch:  53 | train loss: 0.517967 | test loss: 0.619127 | auc: 0.680394 | avg of last 10 auc: 0.671098
2025-06-20 06:14:47 INFO: Epoch:  54 | train loss: 0.518790 | test loss: 0.557087 | auc: 0.682471 | avg of last 10 auc: 0.673139
2025-06-20 06:15:00 INFO: Epoch:  55 | train loss: 0.520013 | test loss: 0.595221 | auc: 0.664978 | avg of last 10 auc: 0.674292
2025-06-20 06:15:12 INFO: Epoch:  56 | train loss: 0.507669 | test loss: 0.551830 | auc: 0.706394 | avg of last 10 auc: 0.672742
2025-06-20 06:15:24 INFO: Epoch:  57 | train loss: 0.489723 | test loss: 0.575303 | auc: 0.693621 | avg of last 10 auc: 0.676094
2025-06-20 06:15:37 INFO: Epoch:  58 | train loss: 0.495862 | test loss: 0.570869 | auc: 0.692839 | avg of last 10 auc: 0.678687
2025-06-20 06:15:49 INFO: Epoch:  59 | train loss: 0.496775 | test loss: 0.676521 | auc: 0.665813 | avg of last 10 auc: 0.682434
2025-06-20 06:16:01 INFO: Epoch:  60 | train loss: 0.500971 | test loss: 0.597511 | auc: 0.650905 | avg of last 10 auc: 0.678832
2025-06-20 06:16:14 INFO: Epoch:  61 | train loss: 0.477699 | test loss: 0.598137 | auc: 0.690370 | avg of last 10 auc: 0.675082
2025-06-20 06:16:26 INFO: Epoch:  62 | train loss: 0.487153 | test loss: 0.654680 | auc: 0.691622 | avg of last 10 auc: 0.675809
2025-06-20 06:16:38 INFO: Epoch:  63 | train loss: 0.475409 | test loss: 0.605920 | auc: 0.684077 | avg of last 10 auc: 0.681941
2025-06-20 06:16:50 INFO: Epoch:  64 | train loss: 0.499028 | test loss: 0.566287 | auc: 0.666831 | avg of last 10 auc: 0.682309
2025-06-20 06:17:03 INFO: Epoch:  65 | train loss: 0.480796 | test loss: 0.554291 | auc: 0.700432 | avg of last 10 auc: 0.680745
2025-06-20 06:17:15 INFO: Epoch:  66 | train loss: 0.461707 | test loss: 0.649266 | auc: 0.667988 | avg of last 10 auc: 0.684290
2025-06-20 06:17:27 INFO: Epoch:  67 | train loss: 0.466591 | test loss: 0.586934 | auc: 0.694266 | avg of last 10 auc: 0.680450
2025-06-20 06:17:40 INFO: Epoch:  68 | train loss: 0.483383 | test loss: 0.540361 | auc: 0.728198 | avg of last 10 auc: 0.680514
2025-06-20 06:17:52 INFO: Epoch:  69 | train loss: 0.486765 | test loss: 0.615176 | auc: 0.664962 | avg of last 10 auc: 0.684050
2025-06-20 06:18:04 INFO: Epoch:  70 | train loss: 0.474830 | test loss: 0.592383 | auc: 0.703310 | avg of last 10 auc: 0.683965
2025-06-20 06:18:17 INFO: Epoch:  71 | train loss: 0.474572 | test loss: 0.571950 | auc: 0.702580 | avg of last 10 auc: 0.689206
2025-06-20 06:18:29 INFO: Epoch:  72 | train loss: 0.447117 | test loss: 0.625948 | auc: 0.670401 | avg of last 10 auc: 0.690426
2025-06-20 06:18:41 INFO: Epoch:  73 | train loss: 0.481005 | test loss: 0.549568 | auc: 0.708729 | avg of last 10 auc: 0.688304
2025-06-20 06:18:54 INFO: Epoch:  74 | train loss: 0.463436 | test loss: 0.556797 | auc: 0.712111 | avg of last 10 auc: 0.690770
2025-06-20 06:19:06 INFO: Epoch:  75 | train loss: 0.448745 | test loss: 0.611970 | auc: 0.696249 | avg of last 10 auc: 0.695298
2025-06-20 06:19:19 INFO: Epoch:  76 | train loss: 0.468104 | test loss: 0.573539 | auc: 0.721297 | avg of last 10 auc: 0.694879
2025-06-20 06:19:31 INFO: Epoch:  77 | train loss: 0.436835 | test loss: 0.718497 | auc: 0.685323 | avg of last 10 auc: 0.700210
2025-06-20 06:19:43 INFO: Epoch:  78 | train loss: 0.447395 | test loss: 0.713040 | auc: 0.717805 | avg of last 10 auc: 0.699316
2025-06-20 06:19:55 INFO: Epoch:  79 | train loss: 0.428305 | test loss: 0.824085 | auc: 0.689236 | avg of last 10 auc: 0.698277
2025-06-20 06:20:08 INFO: Epoch:  80 | train loss: 0.436987 | test loss: 0.615378 | auc: 0.707587 | avg of last 10 auc: 0.700704
