2025-06-20 16:21:46 INFO: Start finetuning:
2025-06-20 16:21:46 INFO: Arguments: Namespace(epoch=80, batch_size=16, lr=0.0005, model_path_in_folder='pretrain/80epoch.pth', folder_path='experiments/experiment_mask_ROI_32px', seed=None, patience=10, repeats=3, save_every=1)
2025-06-20 16:21:46 INFO: Using device: cuda:0
2025-06-20 16:23:28 INFO: Epoch:   1 | train loss: 0.586137 | test loss: 0.595272 | auc: 0.578165 | avg of last 10 auc: nan
2025-06-20 16:23:40 INFO: Epoch:   2 | train loss: 0.563489 | test loss: 0.590328 | auc: 0.585738 | avg of last 10 auc: 0.578165
2025-06-20 16:23:52 INFO: Epoch:   3 | train loss: 0.570674 | test loss: 0.593710 | auc: 0.604748 | avg of last 10 auc: 0.581951
2025-06-20 16:24:04 INFO: Epoch:   4 | train loss: 0.575819 | test loss: 0.590208 | auc: 0.581854 | avg of last 10 auc: 0.589550
2025-06-20 16:24:16 INFO: Epoch:   5 | train loss: 0.560083 | test loss: 0.591011 | auc: 0.599971 | avg of last 10 auc: 0.587626
2025-06-20 16:24:28 INFO: Epoch:   6 | train loss: 0.568112 | test loss: 0.586951 | auc: 0.615983 | avg of last 10 auc: 0.590095
2025-06-20 16:24:40 INFO: Epoch:   7 | train loss: 0.564157 | test loss: 0.587043 | auc: 0.605207 | avg of last 10 auc: 0.594410
2025-06-20 16:24:52 INFO: Epoch:   8 | train loss: 0.560294 | test loss: 0.590989 | auc: 0.611313 | avg of last 10 auc: 0.595952
2025-06-20 16:25:05 INFO: Epoch:   9 | train loss: 0.547043 | test loss: 0.590194 | auc: 0.643010 | avg of last 10 auc: 0.597872
2025-06-20 16:25:18 INFO: Epoch:  10 | train loss: 0.557729 | test loss: 0.588988 | auc: 0.611713 | avg of last 10 auc: 0.602888
2025-06-20 16:25:30 INFO: Epoch:  11 | train loss: 0.573537 | test loss: 0.587913 | auc: 0.641007 | avg of last 10 auc: 0.603770
2025-06-20 16:25:43 INFO: Epoch:  12 | train loss: 0.557680 | test loss: 0.582807 | auc: 0.655918 | avg of last 10 auc: 0.610054
2025-06-20 16:25:56 INFO: Epoch:  13 | train loss: 0.554801 | test loss: 0.590476 | auc: 0.616091 | avg of last 10 auc: 0.617072
2025-06-20 16:26:09 INFO: Epoch:  14 | train loss: 0.557698 | test loss: 0.589591 | auc: 0.614435 | avg of last 10 auc: 0.618207
2025-06-20 16:26:22 INFO: Epoch:  15 | train loss: 0.554431 | test loss: 0.591757 | auc: 0.638688 | avg of last 10 auc: 0.621465
2025-06-20 16:26:35 INFO: Epoch:  16 | train loss: 0.569913 | test loss: 0.580122 | auc: 0.643577 | avg of last 10 auc: 0.625336
2025-06-20 16:26:48 INFO: Epoch:  17 | train loss: 0.562656 | test loss: 0.584300 | auc: 0.644696 | avg of last 10 auc: 0.628096
2025-06-20 16:27:01 INFO: Epoch:  18 | train loss: 0.542682 | test loss: 0.596196 | auc: 0.638231 | avg of last 10 auc: 0.632045
2025-06-20 16:27:14 INFO: Epoch:  19 | train loss: 0.570502 | test loss: 0.587165 | auc: 0.649707 | avg of last 10 auc: 0.634737
2025-06-20 16:27:26 INFO: Epoch:  20 | train loss: 0.550016 | test loss: 0.580067 | auc: 0.652546 | avg of last 10 auc: 0.635406
2025-06-20 16:27:39 INFO: Epoch:  21 | train loss: 0.542924 | test loss: 0.572133 | auc: 0.648963 | avg of last 10 auc: 0.639490
2025-06-20 16:27:52 INFO: Epoch:  22 | train loss: 0.554454 | test loss: 0.581481 | auc: 0.645170 | avg of last 10 auc: 0.640285
2025-06-20 16:28:05 INFO: Epoch:  23 | train loss: 0.548731 | test loss: 0.580308 | auc: 0.657397 | avg of last 10 auc: 0.639210
2025-06-20 16:28:18 INFO: Epoch:  24 | train loss: 0.560498 | test loss: 0.600405 | auc: 0.652838 | avg of last 10 auc: 0.643341
2025-06-20 16:28:31 INFO: Epoch:  25 | train loss: 0.548023 | test loss: 0.594499 | auc: 0.634833 | avg of last 10 auc: 0.647181
2025-06-20 16:28:43 INFO: Epoch:  26 | train loss: 0.556370 | test loss: 0.605007 | auc: 0.643035 | avg of last 10 auc: 0.646796
2025-06-20 16:28:56 INFO: Epoch:  27 | train loss: 0.534396 | test loss: 0.569988 | auc: 0.657494 | avg of last 10 auc: 0.646742
2025-06-20 16:29:09 INFO: Epoch:  28 | train loss: 0.544179 | test loss: 0.651262 | auc: 0.654450 | avg of last 10 auc: 0.648021
2025-06-20 16:29:22 INFO: Epoch:  29 | train loss: 0.547990 | test loss: 0.569339 | auc: 0.661985 | avg of last 10 auc: 0.649643
2025-06-20 16:29:35 INFO: Epoch:  30 | train loss: 0.539034 | test loss: 0.577914 | auc: 0.648848 | avg of last 10 auc: 0.650871
2025-06-20 16:29:47 INFO: Epoch:  31 | train loss: 0.528568 | test loss: 0.598507 | auc: 0.636673 | avg of last 10 auc: 0.650501
2025-06-20 16:30:00 INFO: Epoch:  32 | train loss: 0.530876 | test loss: 0.562775 | auc: 0.672239 | avg of last 10 auc: 0.649272
2025-06-20 16:30:13 INFO: Epoch:  33 | train loss: 0.539029 | test loss: 0.569652 | auc: 0.669495 | avg of last 10 auc: 0.651979
2025-06-20 16:30:26 INFO: Epoch:  34 | train loss: 0.528482 | test loss: 0.604246 | auc: 0.637490 | avg of last 10 auc: 0.653189
2025-06-20 16:30:38 INFO: Epoch:  35 | train loss: 0.534005 | test loss: 0.564158 | auc: 0.663926 | avg of last 10 auc: 0.651654
2025-06-20 16:30:52 INFO: Epoch:  36 | train loss: 0.535549 | test loss: 0.592614 | auc: 0.682406 | avg of last 10 auc: 0.654564
2025-06-20 16:31:05 INFO: Epoch:  37 | train loss: 0.538175 | test loss: 0.566529 | auc: 0.682887 | avg of last 10 auc: 0.658501
2025-06-20 16:31:18 INFO: Epoch:  38 | train loss: 0.523950 | test loss: 0.586205 | auc: 0.651121 | avg of last 10 auc: 0.661040
2025-06-20 16:31:30 INFO: Epoch:  39 | train loss: 0.519013 | test loss: 0.577119 | auc: 0.677709 | avg of last 10 auc: 0.660707
2025-06-20 16:31:43 INFO: Epoch:  40 | train loss: 0.518988 | test loss: 0.644981 | auc: 0.622270 | avg of last 10 auc: 0.662279
2025-06-20 16:31:56 INFO: Epoch:  41 | train loss: 0.517935 | test loss: 0.577788 | auc: 0.662578 | avg of last 10 auc: 0.659622
2025-06-20 16:32:09 INFO: Epoch:  42 | train loss: 0.517906 | test loss: 0.627061 | auc: 0.665249 | avg of last 10 auc: 0.662212
2025-06-20 16:32:22 INFO: Epoch:  43 | train loss: 0.528434 | test loss: 0.644104 | auc: 0.668896 | avg of last 10 auc: 0.661513
2025-06-20 16:32:35 INFO: Epoch:  44 | train loss: 0.506912 | test loss: 0.589238 | auc: 0.660629 | avg of last 10 auc: 0.661453
2025-06-20 16:32:48 INFO: Epoch:  45 | train loss: 0.500989 | test loss: 0.557987 | auc: 0.685122 | avg of last 10 auc: 0.663767
2025-06-20 16:33:01 INFO: Epoch:  46 | train loss: 0.509679 | test loss: 0.581146 | auc: 0.665312 | avg of last 10 auc: 0.665887
2025-06-20 16:33:14 INFO: Epoch:  47 | train loss: 0.511714 | test loss: 0.571502 | auc: 0.654207 | avg of last 10 auc: 0.664177
2025-06-20 16:33:27 INFO: Epoch:  48 | train loss: 0.500858 | test loss: 0.589761 | auc: 0.649952 | avg of last 10 auc: 0.661309
2025-06-20 16:33:40 INFO: Epoch:  49 | train loss: 0.504495 | test loss: 0.553093 | auc: 0.690904 | avg of last 10 auc: 0.661192
2025-06-20 16:33:53 INFO: Epoch:  50 | train loss: 0.510472 | test loss: 0.549890 | auc: 0.699028 | avg of last 10 auc: 0.662512
2025-06-20 16:34:07 INFO: Epoch:  51 | train loss: 0.506828 | test loss: 0.561791 | auc: 0.697372 | avg of last 10 auc: 0.670188
2025-06-20 16:34:20 INFO: Epoch:  52 | train loss: 0.496192 | test loss: 0.697175 | auc: 0.651838 | avg of last 10 auc: 0.673667
2025-06-20 16:34:33 INFO: Epoch:  53 | train loss: 0.508317 | test loss: 0.575620 | auc: 0.685401 | avg of last 10 auc: 0.672326
2025-06-20 16:34:45 INFO: Epoch:  54 | train loss: 0.502367 | test loss: 0.555269 | auc: 0.698687 | avg of last 10 auc: 0.673977
2025-06-20 16:34:58 INFO: Epoch:  55 | train loss: 0.497258 | test loss: 0.568604 | auc: 0.684506 | avg of last 10 auc: 0.677782
2025-06-20 16:35:10 INFO: Epoch:  56 | train loss: 0.488764 | test loss: 0.559915 | auc: 0.695450 | avg of last 10 auc: 0.677721
2025-06-20 16:35:23 INFO: Epoch:  57 | train loss: 0.490647 | test loss: 0.630323 | auc: 0.688887 | avg of last 10 auc: 0.680735
2025-06-20 16:35:36 INFO: Epoch:  58 | train loss: 0.476263 | test loss: 0.565214 | auc: 0.696165 | avg of last 10 auc: 0.684203
2025-06-20 16:35:49 INFO: Epoch:  59 | train loss: 0.490204 | test loss: 0.684664 | auc: 0.663996 | avg of last 10 auc: 0.688824
2025-06-20 16:36:02 INFO: Epoch:  60 | train loss: 0.473242 | test loss: 0.576840 | auc: 0.693965 | avg of last 10 auc: 0.686133
2025-06-20 16:36:16 INFO: Epoch:  61 | train loss: 0.454588 | test loss: 0.570083 | auc: 0.702719 | avg of last 10 auc: 0.685627
2025-06-20 16:36:29 INFO: Epoch:  62 | train loss: 0.457761 | test loss: 0.580538 | auc: 0.714095 | avg of last 10 auc: 0.686161
2025-06-20 16:36:42 INFO: Epoch:  63 | train loss: 0.455023 | test loss: 0.571456 | auc: 0.688121 | avg of last 10 auc: 0.692387
2025-06-20 16:36:55 INFO: Epoch:  64 | train loss: 0.484606 | test loss: 0.582633 | auc: 0.675973 | avg of last 10 auc: 0.692659
2025-06-20 16:37:09 INFO: Epoch:  65 | train loss: 0.468552 | test loss: 0.564773 | auc: 0.702264 | avg of last 10 auc: 0.690388
2025-06-20 16:37:22 INFO: Epoch:  66 | train loss: 0.455125 | test loss: 0.567520 | auc: 0.698205 | avg of last 10 auc: 0.692163
2025-06-20 16:37:34 INFO: Epoch:  67 | train loss: 0.420563 | test loss: 0.661594 | auc: 0.673768 | avg of last 10 auc: 0.692439
2025-06-20 16:37:47 INFO: Epoch:  68 | train loss: 0.467948 | test loss: 0.579279 | auc: 0.721800 | avg of last 10 auc: 0.690927
2025-06-20 16:38:00 INFO: Epoch:  69 | train loss: 0.456302 | test loss: 0.595223 | auc: 0.660184 | avg of last 10 auc: 0.693491
2025-06-20 16:38:12 INFO: Epoch:  70 | train loss: 0.452382 | test loss: 0.582204 | auc: 0.707137 | avg of last 10 auc: 0.693109
2025-06-20 16:38:25 INFO: Epoch:  71 | train loss: 0.452244 | test loss: 0.582968 | auc: 0.711049 | avg of last 10 auc: 0.694427
2025-06-20 16:38:38 INFO: Epoch:  72 | train loss: 0.437629 | test loss: 0.601712 | auc: 0.701816 | avg of last 10 auc: 0.695260
2025-06-20 16:38:51 INFO: Epoch:  73 | train loss: 0.442383 | test loss: 0.608250 | auc: 0.685813 | avg of last 10 auc: 0.694032
2025-06-20 16:39:04 INFO: Epoch:  74 | train loss: 0.438226 | test loss: 0.620849 | auc: 0.683506 | avg of last 10 auc: 0.693801
2025-06-20 16:39:17 INFO: Epoch:  75 | train loss: 0.425532 | test loss: 0.590601 | auc: 0.706456 | avg of last 10 auc: 0.694554
2025-06-20 16:39:31 INFO: Epoch:  76 | train loss: 0.428897 | test loss: 0.617011 | auc: 0.714705 | avg of last 10 auc: 0.694973
2025-06-20 16:39:44 INFO: Epoch:  77 | train loss: 0.422381 | test loss: 0.738918 | auc: 0.689521 | avg of last 10 auc: 0.696623
2025-06-20 16:39:57 INFO: Epoch:  78 | train loss: 0.423006 | test loss: 0.690835 | auc: 0.718095 | avg of last 10 auc: 0.698199
2025-06-20 16:40:10 INFO: Epoch:  79 | train loss: 0.412294 | test loss: 0.663466 | auc: 0.701283 | avg of last 10 auc: 0.697828
2025-06-20 16:40:23 INFO: Epoch:  80 | train loss: 0.397803 | test loss: 0.619241 | auc: 0.710723 | avg of last 10 auc: 0.701938
