2025-06-20 06:20:18 INFO: Start finetuning:
2025-06-20 06:20:18 INFO: Arguments: Namespace(epoch=80, batch_size=16, lr=0.0005, model_path_in_folder='pretrain/80epoch.pth', folder_path='experiments/experiment_mask_non_ROI_16px', seed=None, patience=10, repeats=3, save_every=1)
2025-06-20 06:20:18 INFO: Using device: cuda:0
2025-06-20 06:21:52 INFO: Epoch:   1 | train loss: 0.589862 | test loss: 0.594771 | auc: 0.562400 | avg of last 10 auc: nan
2025-06-20 06:22:04 INFO: Epoch:   2 | train loss: 0.556761 | test loss: 0.595522 | auc: 0.568639 | avg of last 10 auc: 0.562400
2025-06-20 06:22:17 INFO: Epoch:   3 | train loss: 0.578599 | test loss: 0.594189 | auc: 0.550146 | avg of last 10 auc: 0.565520
2025-06-20 06:22:29 INFO: Epoch:   4 | train loss: 0.572666 | test loss: 0.590079 | auc: 0.573569 | avg of last 10 auc: 0.560395
2025-06-20 06:22:41 INFO: Epoch:   5 | train loss: 0.559528 | test loss: 0.602431 | auc: 0.568368 | avg of last 10 auc: 0.563689
2025-06-20 06:22:53 INFO: Epoch:   6 | train loss: 0.563523 | test loss: 0.603595 | auc: 0.588339 | avg of last 10 auc: 0.564625
2025-06-20 06:23:06 INFO: Epoch:   7 | train loss: 0.562071 | test loss: 0.590667 | auc: 0.611270 | avg of last 10 auc: 0.568577
2025-06-20 06:23:18 INFO: Epoch:   8 | train loss: 0.564676 | test loss: 0.582228 | auc: 0.622941 | avg of last 10 auc: 0.574676
2025-06-20 06:23:30 INFO: Epoch:   9 | train loss: 0.561311 | test loss: 0.608610 | auc: 0.578296 | avg of last 10 auc: 0.580709
2025-06-20 06:23:42 INFO: Epoch:  10 | train loss: 0.549895 | test loss: 0.587053 | auc: 0.602487 | avg of last 10 auc: 0.580441
2025-06-20 06:23:55 INFO: Epoch:  11 | train loss: 0.562791 | test loss: 0.579913 | auc: 0.626860 | avg of last 10 auc: 0.582646
2025-06-20 06:24:07 INFO: Epoch:  12 | train loss: 0.547336 | test loss: 0.597257 | auc: 0.621480 | avg of last 10 auc: 0.589092
2025-06-20 06:24:19 INFO: Epoch:  13 | train loss: 0.562764 | test loss: 0.585185 | auc: 0.632123 | avg of last 10 auc: 0.594376
2025-06-20 06:24:32 INFO: Epoch:  14 | train loss: 0.568574 | test loss: 0.576526 | auc: 0.665487 | avg of last 10 auc: 0.602573
2025-06-20 06:24:44 INFO: Epoch:  15 | train loss: 0.546857 | test loss: 0.585625 | auc: 0.650419 | avg of last 10 auc: 0.611765
2025-06-20 06:24:56 INFO: Epoch:  16 | train loss: 0.543187 | test loss: 0.578205 | auc: 0.642639 | avg of last 10 auc: 0.619970
2025-06-20 06:25:08 INFO: Epoch:  17 | train loss: 0.541837 | test loss: 0.573335 | auc: 0.659257 | avg of last 10 auc: 0.625400
2025-06-20 06:25:21 INFO: Epoch:  18 | train loss: 0.539822 | test loss: 0.599515 | auc: 0.653405 | avg of last 10 auc: 0.630199
2025-06-20 06:25:33 INFO: Epoch:  19 | train loss: 0.545553 | test loss: 0.575248 | auc: 0.668742 | avg of last 10 auc: 0.633245
2025-06-20 06:25:45 INFO: Epoch:  20 | train loss: 0.551170 | test loss: 0.582369 | auc: 0.619341 | avg of last 10 auc: 0.642290
2025-06-20 06:25:58 INFO: Epoch:  21 | train loss: 0.543836 | test loss: 0.570001 | auc: 0.665498 | avg of last 10 auc: 0.643975
2025-06-20 06:26:10 INFO: Epoch:  22 | train loss: 0.523371 | test loss: 0.569562 | auc: 0.651031 | avg of last 10 auc: 0.647839
2025-06-20 06:26:22 INFO: Epoch:  23 | train loss: 0.517850 | test loss: 0.634479 | auc: 0.660284 | avg of last 10 auc: 0.650794
2025-06-20 06:26:34 INFO: Epoch:  24 | train loss: 0.533915 | test loss: 0.615542 | auc: 0.643430 | avg of last 10 auc: 0.653610
2025-06-20 06:26:47 INFO: Epoch:  25 | train loss: 0.525054 | test loss: 0.580308 | auc: 0.667497 | avg of last 10 auc: 0.651405
2025-06-20 06:26:59 INFO: Epoch:  26 | train loss: 0.522901 | test loss: 0.682202 | auc: 0.704786 | avg of last 10 auc: 0.653112
2025-06-20 06:27:11 INFO: Epoch:  27 | train loss: 0.525843 | test loss: 0.606352 | auc: 0.646772 | avg of last 10 auc: 0.659327
2025-06-20 06:27:24 INFO: Epoch:  28 | train loss: 0.523767 | test loss: 0.585934 | auc: 0.657145 | avg of last 10 auc: 0.658079
2025-06-20 06:27:36 INFO: Epoch:  29 | train loss: 0.512284 | test loss: 0.564974 | auc: 0.662650 | avg of last 10 auc: 0.658453
2025-06-20 06:27:48 INFO: Epoch:  30 | train loss: 0.515247 | test loss: 0.578120 | auc: 0.678245 | avg of last 10 auc: 0.657843
2025-06-20 06:28:00 INFO: Epoch:  31 | train loss: 0.519218 | test loss: 0.594990 | auc: 0.658733 | avg of last 10 auc: 0.663734
2025-06-20 06:28:13 INFO: Epoch:  32 | train loss: 0.509273 | test loss: 0.610178 | auc: 0.652630 | avg of last 10 auc: 0.663057
2025-06-20 06:28:25 INFO: Epoch:  33 | train loss: 0.515690 | test loss: 0.599521 | auc: 0.631464 | avg of last 10 auc: 0.663217
2025-06-20 06:28:37 INFO: Epoch:  34 | train loss: 0.529540 | test loss: 0.569686 | auc: 0.654988 | avg of last 10 auc: 0.660335
2025-06-20 06:28:49 INFO: Epoch:  35 | train loss: 0.512392 | test loss: 0.558781 | auc: 0.692543 | avg of last 10 auc: 0.661491
2025-06-20 06:29:02 INFO: Epoch:  36 | train loss: 0.508656 | test loss: 0.557252 | auc: 0.712873 | avg of last 10 auc: 0.663996
2025-06-20 06:29:14 INFO: Epoch:  37 | train loss: 0.490092 | test loss: 0.702475 | auc: 0.667782 | avg of last 10 auc: 0.664804
2025-06-20 06:29:27 INFO: Epoch:  38 | train loss: 0.500988 | test loss: 0.566265 | auc: 0.722379 | avg of last 10 auc: 0.666905
2025-06-20 06:29:39 INFO: Epoch:  39 | train loss: 0.484049 | test loss: 0.575559 | auc: 0.670255 | avg of last 10 auc: 0.673429
2025-06-20 06:29:51 INFO: Epoch:  40 | train loss: 0.497494 | test loss: 0.565400 | auc: 0.674342 | avg of last 10 auc: 0.674189
2025-06-20 06:30:04 INFO: Epoch:  41 | train loss: 0.487877 | test loss: 0.573508 | auc: 0.703513 | avg of last 10 auc: 0.673799
2025-06-20 06:30:16 INFO: Epoch:  42 | train loss: 0.453288 | test loss: 0.546200 | auc: 0.714790 | avg of last 10 auc: 0.678277
2025-06-20 06:30:29 INFO: Epoch:  43 | train loss: 0.477129 | test loss: 0.541646 | auc: 0.726146 | avg of last 10 auc: 0.684493
2025-06-20 06:30:41 INFO: Epoch:  44 | train loss: 0.477671 | test loss: 0.558763 | auc: 0.700615 | avg of last 10 auc: 0.693961
2025-06-20 06:30:53 INFO: Epoch:  45 | train loss: 0.434002 | test loss: 0.574012 | auc: 0.700644 | avg of last 10 auc: 0.698524
2025-06-20 06:31:05 INFO: Epoch:  46 | train loss: 0.476421 | test loss: 0.588942 | auc: 0.676554 | avg of last 10 auc: 0.699334
2025-06-20 06:31:18 INFO: Epoch:  47 | train loss: 0.452692 | test loss: 0.674675 | auc: 0.695912 | avg of last 10 auc: 0.695702
2025-06-20 06:31:30 INFO: Epoch:  48 | train loss: 0.469865 | test loss: 0.613859 | auc: 0.662753 | avg of last 10 auc: 0.698515
2025-06-20 06:31:42 INFO: Epoch:  49 | train loss: 0.468024 | test loss: 0.535707 | auc: 0.728365 | avg of last 10 auc: 0.692552
2025-06-20 06:31:54 INFO: Epoch:  50 | train loss: 0.440132 | test loss: 0.639781 | auc: 0.701463 | avg of last 10 auc: 0.698363
2025-06-20 06:32:06 INFO: Epoch:  51 | train loss: 0.419409 | test loss: 0.560400 | auc: 0.726020 | avg of last 10 auc: 0.701075
2025-06-20 06:32:19 INFO: Epoch:  52 | train loss: 0.445742 | test loss: 0.619658 | auc: 0.660048 | avg of last 10 auc: 0.703326
2025-06-20 06:32:31 INFO: Epoch:  53 | train loss: 0.444915 | test loss: 0.592052 | auc: 0.703441 | avg of last 10 auc: 0.697852
2025-06-20 06:32:43 INFO: Epoch:  54 | train loss: 0.449508 | test loss: 0.559679 | auc: 0.697073 | avg of last 10 auc: 0.695581
2025-06-20 06:32:56 INFO: Epoch:  55 | train loss: 0.428923 | test loss: 0.625657 | auc: 0.706543 | avg of last 10 auc: 0.695227
2025-06-20 06:33:08 INFO: Epoch:  56 | train loss: 0.416601 | test loss: 0.625308 | auc: 0.730962 | avg of last 10 auc: 0.695817
2025-06-20 06:33:20 INFO: Epoch:  57 | train loss: 0.432977 | test loss: 0.648601 | auc: 0.640852 | avg of last 10 auc: 0.701258
2025-06-20 06:33:33 INFO: Epoch:  58 | train loss: 0.410470 | test loss: 0.594406 | auc: 0.720679 | avg of last 10 auc: 0.695752
2025-06-20 06:33:45 INFO: Epoch:  59 | train loss: 0.425757 | test loss: 0.642777 | auc: 0.683287 | avg of last 10 auc: 0.701544
2025-06-20 06:33:57 INFO: Epoch:  60 | train loss: 0.412659 | test loss: 0.616564 | auc: 0.702686 | avg of last 10 auc: 0.697037
2025-06-20 06:34:09 INFO: Epoch:  61 | train loss: 0.407182 | test loss: 0.630172 | auc: 0.717203 | avg of last 10 auc: 0.697159
2025-06-20 06:34:21 INFO: Epoch:  62 | train loss: 0.399891 | test loss: 0.663971 | auc: 0.715355 | avg of last 10 auc: 0.696277
2025-06-20 06:34:34 INFO: Epoch:  63 | train loss: 0.404672 | test loss: 0.705058 | auc: 0.694917 | avg of last 10 auc: 0.701808
2025-06-20 06:34:46 INFO: Epoch:  64 | train loss: 0.381377 | test loss: 0.629545 | auc: 0.724273 | avg of last 10 auc: 0.700956
2025-06-20 06:34:58 INFO: Epoch:  65 | train loss: 0.370844 | test loss: 0.728768 | auc: 0.719003 | avg of last 10 auc: 0.703676
2025-06-20 06:35:10 INFO: Epoch:  66 | train loss: 0.373527 | test loss: 0.711386 | auc: 0.703582 | avg of last 10 auc: 0.704922
2025-06-20 06:35:23 INFO: Epoch:  67 | train loss: 0.338560 | test loss: 0.666058 | auc: 0.685243 | avg of last 10 auc: 0.702184
2025-06-20 06:35:35 INFO: Epoch:  68 | train loss: 0.338322 | test loss: 0.849066 | auc: 0.704151 | avg of last 10 auc: 0.706623
2025-06-20 06:35:47 INFO: Epoch:  69 | train loss: 0.334411 | test loss: 0.671472 | auc: 0.690995 | avg of last 10 auc: 0.704970
2025-06-20 06:35:59 INFO: Epoch:  70 | train loss: 0.347423 | test loss: 0.662557 | auc: 0.681056 | avg of last 10 auc: 0.705741
2025-06-20 06:36:12 INFO: Epoch:  71 | train loss: 0.353598 | test loss: 0.695475 | auc: 0.702783 | avg of last 10 auc: 0.703578
2025-06-20 06:36:24 INFO: Epoch:  72 | train loss: 0.333840 | test loss: 0.697478 | auc: 0.687998 | avg of last 10 auc: 0.702136
2025-06-20 06:36:36 INFO: Epoch:  73 | train loss: 0.321199 | test loss: 0.762337 | auc: 0.684464 | avg of last 10 auc: 0.699400
2025-06-20 06:36:49 INFO: Epoch:  74 | train loss: 0.311308 | test loss: 0.886267 | auc: 0.695396 | avg of last 10 auc: 0.698355
2025-06-20 06:37:01 INFO: Epoch:  75 | train loss: 0.311332 | test loss: 0.685009 | auc: 0.707193 | avg of last 10 auc: 0.695467
2025-06-20 06:37:13 INFO: Epoch:  76 | train loss: 0.307017 | test loss: 0.969512 | auc: 0.703755 | avg of last 10 auc: 0.694286
2025-06-20 06:37:25 INFO: Epoch:  77 | train loss: 0.276708 | test loss: 0.808621 | auc: 0.703323 | avg of last 10 auc: 0.694303
2025-06-20 06:37:38 INFO: Epoch:  78 | train loss: 0.274921 | test loss: 0.995370 | auc: 0.667127 | avg of last 10 auc: 0.696111
2025-06-20 06:37:50 INFO: Epoch:  79 | train loss: 0.258715 | test loss: 0.779286 | auc: 0.693327 | avg of last 10 auc: 0.692409
2025-06-20 06:38:02 INFO: Epoch:  80 | train loss: 0.272732 | test loss: 0.967907 | auc: 0.721551 | avg of last 10 auc: 0.692642
