2025-06-20 06:55:48 INFO: Start finetuning:
2025-06-20 06:55:48 INFO: Arguments: Namespace(epoch=80, batch_size=16, lr=0.0005, model_path_in_folder='pretrain/80epoch.pth', folder_path='experiments/experiment_mask_non_ROI_16px', seed=None, patience=10, repeats=3, save_every=1)
2025-06-20 06:55:48 INFO: Using device: cuda:0
2025-06-20 06:57:20 INFO: Epoch:   1 | train loss: 0.592052 | test loss: 0.591514 | auc: 0.581836 | avg of last 10 auc: nan
2025-06-20 06:57:32 INFO: Epoch:   2 | train loss: 0.565961 | test loss: 0.591284 | auc: 0.574286 | avg of last 10 auc: 0.581836
2025-06-20 06:57:44 INFO: Epoch:   3 | train loss: 0.568341 | test loss: 0.592109 | auc: 0.559331 | avg of last 10 auc: 0.578061
2025-06-20 06:57:56 INFO: Epoch:   4 | train loss: 0.574860 | test loss: 0.591642 | auc: 0.557794 | avg of last 10 auc: 0.571818
2025-06-20 06:58:09 INFO: Epoch:   5 | train loss: 0.560274 | test loss: 0.590651 | auc: 0.592018 | avg of last 10 auc: 0.568312
2025-06-20 06:58:21 INFO: Epoch:   6 | train loss: 0.567004 | test loss: 0.594333 | auc: 0.590049 | avg of last 10 auc: 0.573053
2025-06-20 06:58:33 INFO: Epoch:   7 | train loss: 0.566713 | test loss: 0.583241 | auc: 0.627942 | avg of last 10 auc: 0.575886
2025-06-20 06:58:46 INFO: Epoch:   8 | train loss: 0.562969 | test loss: 0.588428 | auc: 0.620974 | avg of last 10 auc: 0.583322
2025-06-20 06:58:58 INFO: Epoch:   9 | train loss: 0.551412 | test loss: 0.590103 | auc: 0.640334 | avg of last 10 auc: 0.588029
2025-06-20 06:59:10 INFO: Epoch:  10 | train loss: 0.550893 | test loss: 0.588772 | auc: 0.611273 | avg of last 10 auc: 0.593840
2025-06-20 06:59:23 INFO: Epoch:  11 | train loss: 0.572737 | test loss: 0.584417 | auc: 0.637825 | avg of last 10 auc: 0.595584
2025-06-20 06:59:35 INFO: Epoch:  12 | train loss: 0.559205 | test loss: 0.584696 | auc: 0.644693 | avg of last 10 auc: 0.601183
2025-06-20 06:59:47 INFO: Epoch:  13 | train loss: 0.554864 | test loss: 0.592497 | auc: 0.621481 | avg of last 10 auc: 0.608223
2025-06-20 06:59:59 INFO: Epoch:  14 | train loss: 0.551830 | test loss: 0.613822 | auc: 0.613944 | avg of last 10 auc: 0.614438
2025-06-20 07:00:12 INFO: Epoch:  15 | train loss: 0.547261 | test loss: 0.579804 | auc: 0.668593 | avg of last 10 auc: 0.620053
2025-06-20 07:00:24 INFO: Epoch:  16 | train loss: 0.557117 | test loss: 0.576094 | auc: 0.660183 | avg of last 10 auc: 0.627711
2025-06-20 07:00:36 INFO: Epoch:  17 | train loss: 0.560464 | test loss: 0.578897 | auc: 0.642809 | avg of last 10 auc: 0.634724
2025-06-20 07:00:48 INFO: Epoch:  18 | train loss: 0.538988 | test loss: 0.601742 | auc: 0.653662 | avg of last 10 auc: 0.636211
2025-06-20 07:01:01 INFO: Epoch:  19 | train loss: 0.559406 | test loss: 0.597159 | auc: 0.646974 | avg of last 10 auc: 0.639480
2025-06-20 07:01:13 INFO: Epoch:  20 | train loss: 0.536878 | test loss: 0.559709 | auc: 0.684439 | avg of last 10 auc: 0.640144
2025-06-20 07:01:25 INFO: Epoch:  21 | train loss: 0.536996 | test loss: 0.581127 | auc: 0.646051 | avg of last 10 auc: 0.647460
2025-06-20 07:01:37 INFO: Epoch:  22 | train loss: 0.540773 | test loss: 0.577801 | auc: 0.658540 | avg of last 10 auc: 0.648283
2025-06-20 07:01:50 INFO: Epoch:  23 | train loss: 0.530638 | test loss: 0.571104 | auc: 0.670710 | avg of last 10 auc: 0.649668
2025-06-20 07:02:02 INFO: Epoch:  24 | train loss: 0.546904 | test loss: 0.576108 | auc: 0.688775 | avg of last 10 auc: 0.654591
2025-06-20 07:02:14 INFO: Epoch:  25 | train loss: 0.547106 | test loss: 0.585684 | auc: 0.662171 | avg of last 10 auc: 0.662074
2025-06-20 07:02:26 INFO: Epoch:  26 | train loss: 0.537219 | test loss: 0.602119 | auc: 0.682284 | avg of last 10 auc: 0.661431
2025-06-20 07:02:38 INFO: Epoch:  27 | train loss: 0.516567 | test loss: 0.581414 | auc: 0.671588 | avg of last 10 auc: 0.663642
2025-06-20 07:02:50 INFO: Epoch:  28 | train loss: 0.524984 | test loss: 0.663847 | auc: 0.661165 | avg of last 10 auc: 0.666519
2025-06-20 07:03:04 INFO: Epoch:  29 | train loss: 0.528450 | test loss: 0.562312 | auc: 0.671011 | avg of last 10 auc: 0.667270
2025-06-20 07:03:16 INFO: Epoch:  30 | train loss: 0.511804 | test loss: 0.575296 | auc: 0.673482 | avg of last 10 auc: 0.669674
2025-06-20 07:03:29 INFO: Epoch:  31 | train loss: 0.507135 | test loss: 0.583713 | auc: 0.675862 | avg of last 10 auc: 0.668578
2025-06-20 07:03:41 INFO: Epoch:  32 | train loss: 0.507606 | test loss: 0.550344 | auc: 0.694753 | avg of last 10 auc: 0.671559
2025-06-20 07:03:53 INFO: Epoch:  33 | train loss: 0.509776 | test loss: 0.580624 | auc: 0.683713 | avg of last 10 auc: 0.675180
2025-06-20 07:04:06 INFO: Epoch:  34 | train loss: 0.501017 | test loss: 0.649281 | auc: 0.650759 | avg of last 10 auc: 0.676480
2025-06-20 07:04:18 INFO: Epoch:  35 | train loss: 0.505247 | test loss: 0.552759 | auc: 0.691501 | avg of last 10 auc: 0.672679
2025-06-20 07:04:31 INFO: Epoch:  36 | train loss: 0.505933 | test loss: 0.641886 | auc: 0.682719 | avg of last 10 auc: 0.675612
2025-06-20 07:04:43 INFO: Epoch:  37 | train loss: 0.509262 | test loss: 0.555887 | auc: 0.715752 | avg of last 10 auc: 0.675655
2025-06-20 07:04:55 INFO: Epoch:  38 | train loss: 0.488415 | test loss: 0.551214 | auc: 0.696741 | avg of last 10 auc: 0.680072
2025-06-20 07:05:08 INFO: Epoch:  39 | train loss: 0.495105 | test loss: 0.576433 | auc: 0.694487 | avg of last 10 auc: 0.683629
2025-06-20 07:05:20 INFO: Epoch:  40 | train loss: 0.477247 | test loss: 0.753066 | auc: 0.676661 | avg of last 10 auc: 0.685977
2025-06-20 07:05:32 INFO: Epoch:  41 | train loss: 0.487682 | test loss: 0.576053 | auc: 0.674250 | avg of last 10 auc: 0.686295
2025-06-20 07:05:45 INFO: Epoch:  42 | train loss: 0.482333 | test loss: 0.690200 | auc: 0.652443 | avg of last 10 auc: 0.686133
2025-06-20 07:05:57 INFO: Epoch:  43 | train loss: 0.479189 | test loss: 0.704881 | auc: 0.671922 | avg of last 10 auc: 0.681902
2025-06-20 07:06:09 INFO: Epoch:  44 | train loss: 0.477331 | test loss: 0.626264 | auc: 0.659809 | avg of last 10 auc: 0.680723
2025-06-20 07:06:22 INFO: Epoch:  45 | train loss: 0.459760 | test loss: 0.563865 | auc: 0.690568 | avg of last 10 auc: 0.681628
2025-06-20 07:06:34 INFO: Epoch:  46 | train loss: 0.468827 | test loss: 0.590631 | auc: 0.704985 | avg of last 10 auc: 0.681535
2025-06-20 07:06:46 INFO: Epoch:  47 | train loss: 0.462477 | test loss: 0.563830 | auc: 0.688627 | avg of last 10 auc: 0.683762
2025-06-20 07:06:58 INFO: Epoch:  48 | train loss: 0.463855 | test loss: 0.606001 | auc: 0.683890 | avg of last 10 auc: 0.681049
2025-06-20 07:07:10 INFO: Epoch:  49 | train loss: 0.467872 | test loss: 0.557839 | auc: 0.709670 | avg of last 10 auc: 0.679764
2025-06-20 07:07:23 INFO: Epoch:  50 | train loss: 0.458827 | test loss: 0.570440 | auc: 0.723722 | avg of last 10 auc: 0.681283
2025-06-20 07:07:35 INFO: Epoch:  51 | train loss: 0.469043 | test loss: 0.562429 | auc: 0.702649 | avg of last 10 auc: 0.685989
2025-06-20 07:07:47 INFO: Epoch:  52 | train loss: 0.438708 | test loss: 0.731703 | auc: 0.676783 | avg of last 10 auc: 0.688828
2025-06-20 07:07:59 INFO: Epoch:  53 | train loss: 0.459537 | test loss: 1.007468 | auc: 0.714703 | avg of last 10 auc: 0.691262
2025-06-20 07:08:12 INFO: Epoch:  54 | train loss: 0.441022 | test loss: 0.747420 | auc: 0.709213 | avg of last 10 auc: 0.695541
2025-06-20 07:08:24 INFO: Epoch:  55 | train loss: 0.435889 | test loss: 0.605840 | auc: 0.708961 | avg of last 10 auc: 0.700481
2025-06-20 07:08:36 INFO: Epoch:  56 | train loss: 0.435575 | test loss: 0.616188 | auc: 0.710262 | avg of last 10 auc: 0.702320
2025-06-20 07:08:49 INFO: Epoch:  57 | train loss: 0.422174 | test loss: 0.582743 | auc: 0.721438 | avg of last 10 auc: 0.702848
2025-06-20 07:09:03 INFO: Epoch:  58 | train loss: 0.429918 | test loss: 0.630028 | auc: 0.697922 | avg of last 10 auc: 0.706129
2025-06-20 07:09:15 INFO: Epoch:  59 | train loss: 0.410323 | test loss: 0.666773 | auc: 0.709516 | avg of last 10 auc: 0.707532
2025-06-20 07:09:28 INFO: Epoch:  60 | train loss: 0.408711 | test loss: 0.667850 | auc: 0.717008 | avg of last 10 auc: 0.707517
2025-06-20 07:09:40 INFO: Epoch:  61 | train loss: 0.397377 | test loss: 0.639115 | auc: 0.702646 | avg of last 10 auc: 0.706845
2025-06-20 07:09:52 INFO: Epoch:  62 | train loss: 0.381675 | test loss: 0.607652 | auc: 0.725344 | avg of last 10 auc: 0.706845
2025-06-20 07:10:04 INFO: Epoch:  63 | train loss: 0.399726 | test loss: 0.622977 | auc: 0.720823 | avg of last 10 auc: 0.711701
2025-06-20 07:10:17 INFO: Epoch:  64 | train loss: 0.423448 | test loss: 0.583903 | auc: 0.714890 | avg of last 10 auc: 0.712313
2025-06-20 07:10:29 INFO: Epoch:  65 | train loss: 0.397477 | test loss: 0.632889 | auc: 0.697674 | avg of last 10 auc: 0.712881
2025-06-20 07:10:41 INFO: Epoch:  66 | train loss: 0.373838 | test loss: 0.686662 | auc: 0.682670 | avg of last 10 auc: 0.711752
2025-06-20 07:10:54 INFO: Epoch:  67 | train loss: 0.349741 | test loss: 0.831346 | auc: 0.679737 | avg of last 10 auc: 0.708993
2025-06-20 07:11:06 INFO: Epoch:  68 | train loss: 0.375628 | test loss: 0.637762 | auc: 0.723995 | avg of last 10 auc: 0.704823
2025-06-20 07:11:18 INFO: Epoch:  69 | train loss: 0.373315 | test loss: 0.708977 | auc: 0.723857 | avg of last 10 auc: 0.707430
2025-06-20 07:11:31 INFO: Epoch:  70 | train loss: 0.374661 | test loss: 0.743994 | auc: 0.679755 | avg of last 10 auc: 0.708864
2025-06-20 07:11:43 INFO: Epoch:  71 | train loss: 0.371148 | test loss: 0.682621 | auc: 0.681964 | avg of last 10 auc: 0.705139
2025-06-20 07:11:55 INFO: Epoch:  72 | train loss: 0.351442 | test loss: 0.798545 | auc: 0.685492 | avg of last 10 auc: 0.703071
2025-06-20 07:12:08 INFO: Epoch:  73 | train loss: 0.367533 | test loss: 0.767197 | auc: 0.700748 | avg of last 10 auc: 0.699086
2025-06-20 07:12:20 INFO: Epoch:  74 | train loss: 0.336545 | test loss: 0.703698 | auc: 0.667876 | avg of last 10 auc: 0.697078
2025-06-20 07:12:32 INFO: Epoch:  75 | train loss: 0.332484 | test loss: 0.684433 | auc: 0.696140 | avg of last 10 auc: 0.692377
2025-06-20 07:12:45 INFO: Epoch:  76 | train loss: 0.337494 | test loss: 0.789966 | auc: 0.671938 | avg of last 10 auc: 0.692223
2025-06-20 07:12:57 INFO: Epoch:  77 | train loss: 0.327631 | test loss: 1.107160 | auc: 0.639802 | avg of last 10 auc: 0.691150
2025-06-20 07:13:09 INFO: Epoch:  78 | train loss: 0.314249 | test loss: 1.153137 | auc: 0.686963 | avg of last 10 auc: 0.687157
2025-06-20 07:13:21 INFO: Epoch:  79 | train loss: 0.303002 | test loss: 1.617968 | auc: 0.681836 | avg of last 10 auc: 0.683453
2025-06-20 07:13:34 INFO: Epoch:  80 | train loss: 0.306868 | test loss: 0.904720 | auc: 0.691381 | avg of last 10 auc: 0.679251
