2025-06-20 23:43:33 INFO: Start finetuning:
2025-06-20 23:43:33 INFO: Arguments: Namespace(epoch=80, batch_size=16, lr=0.0005, model_path_in_folder='pretrain/80epoch.pth', folder_path='experiments/experiment_mask_ROI_16px', seed=None, patience=10, repeats=2, add_to_run_num=3, save_every=1)
2025-06-20 23:43:33 INFO: Using device: cuda:0
2025-06-20 23:45:14 INFO: Epoch:   1 | train loss: 0.586708 | test loss: 0.593537 | auc: 0.562550 | avg of last 10 auc: nan
2025-06-20 23:45:27 INFO: Epoch:   2 | train loss: 0.567521 | test loss: 0.591314 | auc: 0.567157 | avg of last 10 auc: 0.562550
2025-06-20 23:45:39 INFO: Epoch:   3 | train loss: 0.568797 | test loss: 0.590119 | auc: 0.577155 | avg of last 10 auc: 0.564854
2025-06-20 23:45:52 INFO: Epoch:   4 | train loss: 0.566847 | test loss: 0.590797 | auc: 0.564106 | avg of last 10 auc: 0.568954
2025-06-20 23:46:04 INFO: Epoch:   5 | train loss: 0.563308 | test loss: 0.591276 | auc: 0.564376 | avg of last 10 auc: 0.567742
2025-06-20 23:46:16 INFO: Epoch:   6 | train loss: 0.574266 | test loss: 0.591569 | auc: 0.571784 | avg of last 10 auc: 0.567069
2025-06-20 23:46:29 INFO: Epoch:   7 | train loss: 0.560451 | test loss: 0.591537 | auc: 0.580252 | avg of last 10 auc: 0.567855
2025-06-20 23:46:42 INFO: Epoch:   8 | train loss: 0.565849 | test loss: 0.588724 | auc: 0.583426 | avg of last 10 auc: 0.569626
2025-06-20 23:46:54 INFO: Epoch:   9 | train loss: 0.575166 | test loss: 0.586677 | auc: 0.586579 | avg of last 10 auc: 0.571351
2025-06-20 23:47:07 INFO: Epoch:  10 | train loss: 0.568366 | test loss: 0.587235 | auc: 0.583136 | avg of last 10 auc: 0.573043
2025-06-20 23:47:20 INFO: Epoch:  11 | train loss: 0.563178 | test loss: 0.618323 | auc: 0.584171 | avg of last 10 auc: 0.574052
2025-06-20 23:47:32 INFO: Epoch:  12 | train loss: 0.572541 | test loss: 0.588199 | auc: 0.588303 | avg of last 10 auc: 0.576214
2025-06-20 23:47:45 INFO: Epoch:  13 | train loss: 0.550295 | test loss: 0.591208 | auc: 0.589530 | avg of last 10 auc: 0.578329
2025-06-20 23:47:59 INFO: Epoch:  14 | train loss: 0.566993 | test loss: 0.590627 | auc: 0.580942 | avg of last 10 auc: 0.579566
2025-06-20 23:48:12 INFO: Epoch:  15 | train loss: 0.562172 | test loss: 0.590813 | auc: 0.583024 | avg of last 10 auc: 0.581250
2025-06-20 23:48:25 INFO: Epoch:  16 | train loss: 0.566008 | test loss: 0.586145 | auc: 0.599298 | avg of last 10 auc: 0.583115
2025-06-20 23:48:39 INFO: Epoch:  17 | train loss: 0.564256 | test loss: 0.582377 | auc: 0.617801 | avg of last 10 auc: 0.585866
2025-06-20 23:48:51 INFO: Epoch:  18 | train loss: 0.558422 | test loss: 0.594435 | auc: 0.603217 | avg of last 10 auc: 0.589621
2025-06-20 23:49:04 INFO: Epoch:  19 | train loss: 0.553796 | test loss: 0.584921 | auc: 0.611514 | avg of last 10 auc: 0.591600
2025-06-20 23:49:17 INFO: Epoch:  20 | train loss: 0.543925 | test loss: 0.609258 | auc: 0.612586 | avg of last 10 auc: 0.594093
2025-06-20 23:49:30 INFO: Epoch:  21 | train loss: 0.561177 | test loss: 0.588986 | auc: 0.603488 | avg of last 10 auc: 0.597039
2025-06-20 23:49:43 INFO: Epoch:  22 | train loss: 0.563147 | test loss: 0.596451 | auc: 0.622590 | avg of last 10 auc: 0.598970
2025-06-20 23:49:55 INFO: Epoch:  23 | train loss: 0.557096 | test loss: 0.602992 | auc: 0.617775 | avg of last 10 auc: 0.602399
2025-06-20 23:50:08 INFO: Epoch:  24 | train loss: 0.556425 | test loss: 0.591992 | auc: 0.628902 | avg of last 10 auc: 0.605223
2025-06-20 23:50:21 INFO: Epoch:  25 | train loss: 0.554520 | test loss: 0.583413 | auc: 0.601780 | avg of last 10 auc: 0.610019
2025-06-20 23:50:35 INFO: Epoch:  26 | train loss: 0.553813 | test loss: 0.592512 | auc: 0.640076 | avg of last 10 auc: 0.611895
2025-06-20 23:50:49 INFO: Epoch:  27 | train loss: 0.557351 | test loss: 0.588254 | auc: 0.631209 | avg of last 10 auc: 0.615973
2025-06-20 23:51:03 INFO: Epoch:  28 | train loss: 0.554498 | test loss: 0.577111 | auc: 0.654397 | avg of last 10 auc: 0.617314
2025-06-20 23:51:18 INFO: Epoch:  29 | train loss: 0.549246 | test loss: 0.587252 | auc: 0.637416 | avg of last 10 auc: 0.622432
2025-06-20 23:51:32 INFO: Epoch:  30 | train loss: 0.545002 | test loss: 0.625026 | auc: 0.638184 | avg of last 10 auc: 0.625022
2025-06-20 23:51:45 INFO: Epoch:  31 | train loss: 0.545962 | test loss: 0.589827 | auc: 0.640643 | avg of last 10 auc: 0.627582
2025-06-20 23:51:58 INFO: Epoch:  32 | train loss: 0.561525 | test loss: 0.574461 | auc: 0.663879 | avg of last 10 auc: 0.631297
2025-06-20 23:52:12 INFO: Epoch:  33 | train loss: 0.552282 | test loss: 0.574131 | auc: 0.642687 | avg of last 10 auc: 0.635426
2025-06-20 23:52:25 INFO: Epoch:  34 | train loss: 0.553953 | test loss: 0.583458 | auc: 0.633519 | avg of last 10 auc: 0.637917
2025-06-20 23:52:38 INFO: Epoch:  35 | train loss: 0.549297 | test loss: 0.595047 | auc: 0.615876 | avg of last 10 auc: 0.638379
2025-06-20 23:52:51 INFO: Epoch:  36 | train loss: 0.538345 | test loss: 0.585043 | auc: 0.648537 | avg of last 10 auc: 0.639788
2025-06-20 23:53:05 INFO: Epoch:  37 | train loss: 0.541973 | test loss: 0.571460 | auc: 0.645876 | avg of last 10 auc: 0.640635
2025-06-20 23:53:18 INFO: Epoch:  38 | train loss: 0.530104 | test loss: 0.575107 | auc: 0.641593 | avg of last 10 auc: 0.642101
2025-06-20 23:53:32 INFO: Epoch:  39 | train loss: 0.536887 | test loss: 0.598827 | auc: 0.645291 | avg of last 10 auc: 0.640821
2025-06-20 23:53:46 INFO: Epoch:  40 | train loss: 0.528140 | test loss: 0.581923 | auc: 0.615814 | avg of last 10 auc: 0.641608
2025-06-20 23:53:59 INFO: Epoch:  41 | train loss: 0.531949 | test loss: 0.584773 | auc: 0.662315 | avg of last 10 auc: 0.639371
2025-06-20 23:54:12 INFO: Epoch:  42 | train loss: 0.525651 | test loss: 0.575555 | auc: 0.669459 | avg of last 10 auc: 0.641539
2025-06-20 23:54:25 INFO: Epoch:  43 | train loss: 0.528527 | test loss: 0.568062 | auc: 0.656793 | avg of last 10 auc: 0.642097
2025-06-20 23:54:38 INFO: Epoch:  44 | train loss: 0.522262 | test loss: 0.582897 | auc: 0.638701 | avg of last 10 auc: 0.643507
2025-06-20 23:54:51 INFO: Epoch:  45 | train loss: 0.518385 | test loss: 0.560527 | auc: 0.672728 | avg of last 10 auc: 0.644026
2025-06-20 23:55:05 INFO: Epoch:  46 | train loss: 0.517474 | test loss: 0.581874 | auc: 0.652312 | avg of last 10 auc: 0.649711
2025-06-20 23:55:18 INFO: Epoch:  47 | train loss: 0.516461 | test loss: 0.615752 | auc: 0.663020 | avg of last 10 auc: 0.650088
2025-06-20 23:55:31 INFO: Epoch:  48 | train loss: 0.516094 | test loss: 0.581875 | auc: 0.657940 | avg of last 10 auc: 0.651803
2025-06-20 23:55:44 INFO: Epoch:  49 | train loss: 0.532856 | test loss: 0.596314 | auc: 0.687292 | avg of last 10 auc: 0.653437
2025-06-20 23:55:57 INFO: Epoch:  50 | train loss: 0.513908 | test loss: 0.555683 | auc: 0.687547 | avg of last 10 auc: 0.657637
2025-06-20 23:56:10 INFO: Epoch:  51 | train loss: 0.525990 | test loss: 0.608685 | auc: 0.635070 | avg of last 10 auc: 0.664811
2025-06-20 23:56:23 INFO: Epoch:  52 | train loss: 0.503605 | test loss: 0.582023 | auc: 0.684100 | avg of last 10 auc: 0.662086
2025-06-20 23:56:36 INFO: Epoch:  53 | train loss: 0.525844 | test loss: 0.579793 | auc: 0.664116 | avg of last 10 auc: 0.663550
2025-06-20 23:56:49 INFO: Epoch:  54 | train loss: 0.505771 | test loss: 0.564881 | auc: 0.682558 | avg of last 10 auc: 0.664283
2025-06-20 23:57:01 INFO: Epoch:  55 | train loss: 0.501282 | test loss: 0.580624 | auc: 0.639875 | avg of last 10 auc: 0.668668
2025-06-20 23:57:15 INFO: Epoch:  56 | train loss: 0.505874 | test loss: 0.591508 | auc: 0.684823 | avg of last 10 auc: 0.665383
2025-06-20 23:57:28 INFO: Epoch:  57 | train loss: 0.502344 | test loss: 0.600741 | auc: 0.675413 | avg of last 10 auc: 0.668634
2025-06-20 23:57:41 INFO: Epoch:  58 | train loss: 0.498085 | test loss: 0.604419 | auc: 0.677791 | avg of last 10 auc: 0.669873
2025-06-20 23:57:53 INFO: Epoch:  59 | train loss: 0.503659 | test loss: 0.555969 | auc: 0.703517 | avg of last 10 auc: 0.671858
2025-06-20 23:58:06 INFO: Epoch:  60 | train loss: 0.500146 | test loss: 0.639968 | auc: 0.671551 | avg of last 10 auc: 0.673481
2025-06-20 23:58:19 INFO: Epoch:  61 | train loss: 0.495533 | test loss: 0.575384 | auc: 0.651797 | avg of last 10 auc: 0.671881
2025-06-20 23:58:33 INFO: Epoch:  62 | train loss: 0.508269 | test loss: 0.573204 | auc: 0.686076 | avg of last 10 auc: 0.673554
2025-06-20 23:58:47 INFO: Epoch:  63 | train loss: 0.473286 | test loss: 0.579642 | auc: 0.664487 | avg of last 10 auc: 0.673752
2025-06-20 23:59:00 INFO: Epoch:  64 | train loss: 0.494626 | test loss: 0.620275 | auc: 0.679461 | avg of last 10 auc: 0.673789
2025-06-20 23:59:13 INFO: Epoch:  65 | train loss: 0.471395 | test loss: 0.618757 | auc: 0.667043 | avg of last 10 auc: 0.673479
2025-06-20 23:59:26 INFO: Epoch:  66 | train loss: 0.497706 | test loss: 0.589778 | auc: 0.656578 | avg of last 10 auc: 0.676196
2025-06-20 23:59:38 INFO: Epoch:  67 | train loss: 0.484923 | test loss: 0.662792 | auc: 0.642576 | avg of last 10 auc: 0.673371
2025-06-20 23:59:52 INFO: Epoch:  68 | train loss: 0.488023 | test loss: 0.567604 | auc: 0.690106 | avg of last 10 auc: 0.670088
2025-06-21 00:00:05 INFO: Epoch:  69 | train loss: 0.481789 | test loss: 0.620480 | auc: 0.612212 | avg of last 10 auc: 0.671319
2025-06-21 00:00:18 INFO: Epoch:  70 | train loss: 0.476202 | test loss: 0.612218 | auc: 0.683028 | avg of last 10 auc: 0.662189
2025-06-21 00:00:31 INFO: Epoch:  71 | train loss: 0.476781 | test loss: 0.583280 | auc: 0.664803 | avg of last 10 auc: 0.663336
2025-06-21 00:00:44 INFO: Epoch:  72 | train loss: 0.469740 | test loss: 0.553145 | auc: 0.700813 | avg of last 10 auc: 0.664637
2025-06-21 00:00:57 INFO: Epoch:  73 | train loss: 0.470209 | test loss: 0.615912 | auc: 0.652137 | avg of last 10 auc: 0.666111
2025-06-21 00:01:10 INFO: Epoch:  74 | train loss: 0.460600 | test loss: 0.711570 | auc: 0.656205 | avg of last 10 auc: 0.664876
2025-06-21 00:01:23 INFO: Epoch:  75 | train loss: 0.450647 | test loss: 0.619996 | auc: 0.674390 | avg of last 10 auc: 0.662550
2025-06-21 00:01:36 INFO: Epoch:  76 | train loss: 0.438740 | test loss: 0.604204 | auc: 0.660136 | avg of last 10 auc: 0.663285
2025-06-21 00:01:49 INFO: Epoch:  77 | train loss: 0.436022 | test loss: 0.584424 | auc: 0.670177 | avg of last 10 auc: 0.663641
2025-06-21 00:02:01 INFO: Epoch:  78 | train loss: 0.453353 | test loss: 0.594298 | auc: 0.666038 | avg of last 10 auc: 0.666401
2025-06-21 00:02:14 INFO: Epoch:  79 | train loss: 0.443933 | test loss: 0.607630 | auc: 0.680152 | avg of last 10 auc: 0.663994
2025-06-21 00:02:27 INFO: Epoch:  80 | train loss: 0.447971 | test loss: 0.790698 | auc: 0.672641 | avg of last 10 auc: 0.670788
