2025-06-21 01:17:50 INFO: Start finetuning:
2025-06-21 01:17:50 INFO: Arguments: Namespace(epoch=80, batch_size=16, lr=0.0005, model_path_in_folder='pretrain/80epoch.pth', folder_path='experiments/experiment_no_mask_16px', seed=None, patience=10, repeats=2, add_to_run_num=3, save_every=1)
2025-06-21 01:17:50 INFO: Using device: cuda:0
2025-06-21 01:19:40 INFO: Epoch:   1 | train loss: 0.585319 | test loss: 0.597869 | auc: 0.517238 | avg of last 10 auc: nan
2025-06-21 01:19:52 INFO: Epoch:   2 | train loss: 0.575360 | test loss: 0.602321 | auc: 0.485592 | avg of last 10 auc: 0.517238
2025-06-21 01:20:04 INFO: Epoch:   3 | train loss: 0.566644 | test loss: 0.597060 | auc: 0.521788 | avg of last 10 auc: 0.501415
2025-06-21 01:20:16 INFO: Epoch:   4 | train loss: 0.565667 | test loss: 0.594406 | auc: 0.561472 | avg of last 10 auc: 0.508206
2025-06-21 01:20:28 INFO: Epoch:   5 | train loss: 0.559970 | test loss: 0.614340 | auc: 0.504522 | avg of last 10 auc: 0.521523
2025-06-21 01:20:41 INFO: Epoch:   6 | train loss: 0.559213 | test loss: 0.602894 | auc: 0.502221 | avg of last 10 auc: 0.518123
2025-06-21 01:20:53 INFO: Epoch:   7 | train loss: 0.571634 | test loss: 0.600232 | auc: 0.507590 | avg of last 10 auc: 0.515472
2025-06-21 01:21:05 INFO: Epoch:   8 | train loss: 0.559248 | test loss: 0.602754 | auc: 0.505230 | avg of last 10 auc: 0.514346
2025-06-21 01:21:17 INFO: Epoch:   9 | train loss: 0.563912 | test loss: 0.614707 | auc: 0.482819 | avg of last 10 auc: 0.513207
2025-06-21 01:21:29 INFO: Epoch:  10 | train loss: 0.558225 | test loss: 0.613682 | auc: 0.505926 | avg of last 10 auc: 0.509830
2025-06-21 01:21:42 INFO: Epoch:  11 | train loss: 0.572209 | test loss: 0.634967 | auc: 0.496178 | avg of last 10 auc: 0.509440
2025-06-21 01:21:54 INFO: Epoch:  12 | train loss: 0.564200 | test loss: 0.675945 | auc: 0.476469 | avg of last 10 auc: 0.507334
2025-06-21 01:22:06 INFO: Epoch:  13 | train loss: 0.561443 | test loss: 0.598905 | auc: 0.533153 | avg of last 10 auc: 0.506421
2025-06-21 01:22:18 INFO: Epoch:  14 | train loss: 0.563144 | test loss: 0.623146 | auc: 0.510790 | avg of last 10 auc: 0.507558
2025-06-21 01:22:30 INFO: Epoch:  15 | train loss: 0.561323 | test loss: 0.598090 | auc: 0.549287 | avg of last 10 auc: 0.502490
2025-06-21 01:22:42 INFO: Epoch:  16 | train loss: 0.557172 | test loss: 0.614947 | auc: 0.515714 | avg of last 10 auc: 0.506966
2025-06-21 01:22:54 INFO: Epoch:  17 | train loss: 0.563174 | test loss: 0.602454 | auc: 0.544574 | avg of last 10 auc: 0.508316
2025-06-21 01:23:07 INFO: Epoch:  18 | train loss: 0.567311 | test loss: 0.627277 | auc: 0.502716 | avg of last 10 auc: 0.512014
2025-06-21 01:23:19 INFO: Epoch:  19 | train loss: 0.563735 | test loss: 0.595557 | auc: 0.547202 | avg of last 10 auc: 0.511763
2025-06-21 01:23:31 INFO: Epoch:  20 | train loss: 0.546823 | test loss: 0.614841 | auc: 0.512331 | avg of last 10 auc: 0.518201
2025-06-21 01:23:43 INFO: Epoch:  21 | train loss: 0.557309 | test loss: 0.610438 | auc: 0.527839 | avg of last 10 auc: 0.518842
2025-06-21 01:23:56 INFO: Epoch:  22 | train loss: 0.560855 | test loss: 0.599407 | auc: 0.545566 | avg of last 10 auc: 0.522008
2025-06-21 01:24:08 INFO: Epoch:  23 | train loss: 0.549788 | test loss: 0.649926 | auc: 0.501021 | avg of last 10 auc: 0.528917
2025-06-21 01:24:20 INFO: Epoch:  24 | train loss: 0.552735 | test loss: 0.593335 | auc: 0.564781 | avg of last 10 auc: 0.525704
2025-06-21 01:24:32 INFO: Epoch:  25 | train loss: 0.552703 | test loss: 0.591306 | auc: 0.586950 | avg of last 10 auc: 0.531103
2025-06-21 01:24:45 INFO: Epoch:  26 | train loss: 0.559119 | test loss: 0.622316 | auc: 0.548453 | avg of last 10 auc: 0.534870
2025-06-21 01:24:57 INFO: Epoch:  27 | train loss: 0.551111 | test loss: 0.601811 | auc: 0.548343 | avg of last 10 auc: 0.538143
2025-06-21 01:25:10 INFO: Epoch:  28 | train loss: 0.549216 | test loss: 0.593415 | auc: 0.591704 | avg of last 10 auc: 0.538520
2025-06-21 01:25:22 INFO: Epoch:  29 | train loss: 0.537948 | test loss: 0.630077 | auc: 0.568418 | avg of last 10 auc: 0.547419
2025-06-21 01:25:35 INFO: Epoch:  30 | train loss: 0.548578 | test loss: 0.584856 | auc: 0.603190 | avg of last 10 auc: 0.549541
2025-06-21 01:25:48 INFO: Epoch:  31 | train loss: 0.547774 | test loss: 0.604376 | auc: 0.577047 | avg of last 10 auc: 0.558626
2025-06-21 01:26:00 INFO: Epoch:  32 | train loss: 0.564344 | test loss: 0.593977 | auc: 0.620359 | avg of last 10 auc: 0.563547
2025-06-21 01:26:13 INFO: Epoch:  33 | train loss: 0.545901 | test loss: 0.590881 | auc: 0.618267 | avg of last 10 auc: 0.571027
2025-06-21 01:26:25 INFO: Epoch:  34 | train loss: 0.539966 | test loss: 0.626985 | auc: 0.578923 | avg of last 10 auc: 0.582751
2025-06-21 01:26:37 INFO: Epoch:  35 | train loss: 0.546760 | test loss: 0.649368 | auc: 0.570088 | avg of last 10 auc: 0.584165
2025-06-21 01:26:50 INFO: Epoch:  36 | train loss: 0.544031 | test loss: 0.621246 | auc: 0.590385 | avg of last 10 auc: 0.582479
2025-06-21 01:27:02 INFO: Epoch:  37 | train loss: 0.559037 | test loss: 0.575111 | auc: 0.636877 | avg of last 10 auc: 0.586672
2025-06-21 01:27:15 INFO: Epoch:  38 | train loss: 0.540322 | test loss: 0.694269 | auc: 0.568911 | avg of last 10 auc: 0.595526
2025-06-21 01:27:27 INFO: Epoch:  39 | train loss: 0.545208 | test loss: 0.595309 | auc: 0.611966 | avg of last 10 auc: 0.593247
2025-06-21 01:27:40 INFO: Epoch:  40 | train loss: 0.541578 | test loss: 0.586523 | auc: 0.617931 | avg of last 10 auc: 0.597601
2025-06-21 01:27:52 INFO: Epoch:  41 | train loss: 0.531185 | test loss: 0.590178 | auc: 0.619150 | avg of last 10 auc: 0.599075
2025-06-21 01:28:05 INFO: Epoch:  42 | train loss: 0.541632 | test loss: 0.585145 | auc: 0.619653 | avg of last 10 auc: 0.603286
2025-06-21 01:28:17 INFO: Epoch:  43 | train loss: 0.545748 | test loss: 0.581182 | auc: 0.618800 | avg of last 10 auc: 0.603215
2025-06-21 01:28:30 INFO: Epoch:  44 | train loss: 0.531277 | test loss: 0.583581 | auc: 0.621412 | avg of last 10 auc: 0.603268
2025-06-21 01:28:42 INFO: Epoch:  45 | train loss: 0.528768 | test loss: 0.574923 | auc: 0.642689 | avg of last 10 auc: 0.607517
2025-06-21 01:28:55 INFO: Epoch:  46 | train loss: 0.539352 | test loss: 0.646940 | auc: 0.589523 | avg of last 10 auc: 0.614777
2025-06-21 01:29:07 INFO: Epoch:  47 | train loss: 0.530320 | test loss: 0.608665 | auc: 0.595934 | avg of last 10 auc: 0.614691
2025-06-21 01:29:19 INFO: Epoch:  48 | train loss: 0.531774 | test loss: 0.579724 | auc: 0.630604 | avg of last 10 auc: 0.610597
2025-06-21 01:29:32 INFO: Epoch:  49 | train loss: 0.537994 | test loss: 0.586195 | auc: 0.617233 | avg of last 10 auc: 0.616766
2025-06-21 01:29:44 INFO: Epoch:  50 | train loss: 0.535523 | test loss: 0.595127 | auc: 0.610876 | avg of last 10 auc: 0.617293
2025-06-21 01:29:57 INFO: Epoch:  51 | train loss: 0.533410 | test loss: 0.608860 | auc: 0.603058 | avg of last 10 auc: 0.616587
2025-06-21 01:30:09 INFO: Epoch:  52 | train loss: 0.519543 | test loss: 0.603774 | auc: 0.604070 | avg of last 10 auc: 0.614978
2025-06-21 01:30:22 INFO: Epoch:  53 | train loss: 0.535730 | test loss: 0.596084 | auc: 0.623011 | avg of last 10 auc: 0.613420
2025-06-21 01:30:34 INFO: Epoch:  54 | train loss: 0.525864 | test loss: 0.603222 | auc: 0.617217 | avg of last 10 auc: 0.613841
2025-06-21 01:30:47 INFO: Epoch:  55 | train loss: 0.520183 | test loss: 0.594124 | auc: 0.621232 | avg of last 10 auc: 0.613422
2025-06-21 01:30:59 INFO: Epoch:  56 | train loss: 0.531229 | test loss: 0.595157 | auc: 0.610263 | avg of last 10 auc: 0.611276
2025-06-21 01:31:12 INFO: Epoch:  57 | train loss: 0.522669 | test loss: 0.645818 | auc: 0.567441 | avg of last 10 auc: 0.613350
2025-06-21 01:31:24 INFO: Epoch:  58 | train loss: 0.535813 | test loss: 0.641183 | auc: 0.580271 | avg of last 10 auc: 0.610501
2025-06-21 01:31:36 INFO: Epoch:  59 | train loss: 0.530959 | test loss: 0.590815 | auc: 0.649176 | avg of last 10 auc: 0.605467
2025-06-21 01:31:49 INFO: Epoch:  60 | train loss: 0.544253 | test loss: 0.588186 | auc: 0.639069 | avg of last 10 auc: 0.608661
2025-06-21 01:32:01 INFO: Epoch:  61 | train loss: 0.529164 | test loss: 0.650029 | auc: 0.590737 | avg of last 10 auc: 0.611481
2025-06-21 01:32:14 INFO: Epoch:  62 | train loss: 0.520603 | test loss: 0.584103 | auc: 0.628020 | avg of last 10 auc: 0.610249
2025-06-21 01:32:26 INFO: Epoch:  63 | train loss: 0.533895 | test loss: 0.602517 | auc: 0.641879 | avg of last 10 auc: 0.612644
2025-06-21 01:32:39 INFO: Epoch:  64 | train loss: 0.519941 | test loss: 0.595955 | auc: 0.643794 | avg of last 10 auc: 0.614530
2025-06-21 01:32:51 INFO: Epoch:  65 | train loss: 0.534257 | test loss: 0.648627 | auc: 0.596757 | avg of last 10 auc: 0.617188
2025-06-21 01:33:04 INFO: Epoch:  66 | train loss: 0.517824 | test loss: 0.603408 | auc: 0.628849 | avg of last 10 auc: 0.614741
2025-06-21 01:33:16 INFO: Epoch:  67 | train loss: 0.530762 | test loss: 0.618222 | auc: 0.620937 | avg of last 10 auc: 0.616599
2025-06-21 01:33:28 INFO: Epoch:  68 | train loss: 0.521328 | test loss: 0.611355 | auc: 0.631874 | avg of last 10 auc: 0.621949
2025-06-21 01:33:41 INFO: Epoch:  69 | train loss: 0.510479 | test loss: 0.598055 | auc: 0.642233 | avg of last 10 auc: 0.627109
2025-06-21 01:33:53 INFO: Epoch:  70 | train loss: 0.504665 | test loss: 0.583615 | auc: 0.644144 | avg of last 10 auc: 0.626415
2025-06-21 01:34:06 INFO: Epoch:  71 | train loss: 0.508832 | test loss: 0.648927 | auc: 0.640813 | avg of last 10 auc: 0.626922
2025-06-21 01:34:18 INFO: Epoch:  72 | train loss: 0.502278 | test loss: 0.620367 | auc: 0.616417 | avg of last 10 auc: 0.631930
2025-06-21 01:34:31 INFO: Epoch:  73 | train loss: 0.521488 | test loss: 0.697770 | auc: 0.598461 | avg of last 10 auc: 0.630770
2025-06-21 01:34:43 INFO: Epoch:  74 | train loss: 0.498596 | test loss: 0.591835 | auc: 0.677769 | avg of last 10 auc: 0.626428
2025-06-21 01:34:55 INFO: Epoch:  75 | train loss: 0.526286 | test loss: 0.574504 | auc: 0.656523 | avg of last 10 auc: 0.629825
2025-06-21 01:35:08 INFO: Epoch:  76 | train loss: 0.503314 | test loss: 0.599373 | auc: 0.653813 | avg of last 10 auc: 0.635802
2025-06-21 01:35:20 INFO: Epoch:  77 | train loss: 0.516822 | test loss: 0.606753 | auc: 0.649775 | avg of last 10 auc: 0.638298
2025-06-21 01:35:33 INFO: Epoch:  78 | train loss: 0.504353 | test loss: 0.603945 | auc: 0.651190 | avg of last 10 auc: 0.641182
2025-06-21 01:35:45 INFO: Epoch:  79 | train loss: 0.507669 | test loss: 0.579726 | auc: 0.663084 | avg of last 10 auc: 0.643114
2025-06-21 01:35:58 INFO: Epoch:  80 | train loss: 0.514368 | test loss: 0.632105 | auc: 0.665482 | avg of last 10 auc: 0.645199
