2025-06-20 20:44:32 INFO: Start finetuning:
2025-06-20 20:44:32 INFO: Arguments: Namespace(epoch=80, batch_size=16, lr=0.0005, model_path_in_folder='pretrain/80epoch.pth', folder_path='experiments/experiment_mask_non_ROI_32px', seed=None, patience=10, repeats=3, save_every=1)
2025-06-20 20:44:32 INFO: Using device: cuda:0
2025-06-20 20:46:06 INFO: Epoch:   1 | train loss: 0.592443 | test loss: 0.590556 | auc: 0.588847 | avg of last 10 auc: nan
2025-06-20 20:46:18 INFO: Epoch:   2 | train loss: 0.565370 | test loss: 0.590602 | auc: 0.589266 | avg of last 10 auc: 0.588847
2025-06-20 20:46:30 INFO: Epoch:   3 | train loss: 0.566218 | test loss: 0.592266 | auc: 0.561308 | avg of last 10 auc: 0.589057
2025-06-20 20:46:42 INFO: Epoch:   4 | train loss: 0.569539 | test loss: 0.593572 | auc: 0.554562 | avg of last 10 auc: 0.579807
2025-06-20 20:46:54 INFO: Epoch:   5 | train loss: 0.561421 | test loss: 0.592848 | auc: 0.589464 | avg of last 10 auc: 0.573496
2025-06-20 20:47:07 INFO: Epoch:   6 | train loss: 0.566696 | test loss: 0.586494 | auc: 0.618819 | avg of last 10 auc: 0.576690
2025-06-20 20:47:19 INFO: Epoch:   7 | train loss: 0.564052 | test loss: 0.583514 | auc: 0.614635 | avg of last 10 auc: 0.583711
2025-06-20 20:47:31 INFO: Epoch:   8 | train loss: 0.563715 | test loss: 0.583854 | auc: 0.628662 | avg of last 10 auc: 0.588129
2025-06-20 20:47:43 INFO: Epoch:   9 | train loss: 0.549954 | test loss: 0.586012 | auc: 0.643475 | avg of last 10 auc: 0.593196
2025-06-20 20:47:55 INFO: Epoch:  10 | train loss: 0.548648 | test loss: 0.582218 | auc: 0.633923 | avg of last 10 auc: 0.598782
2025-06-20 20:48:08 INFO: Epoch:  11 | train loss: 0.568754 | test loss: 0.580136 | auc: 0.645031 | avg of last 10 auc: 0.602296
2025-06-20 20:48:21 INFO: Epoch:  12 | train loss: 0.551680 | test loss: 0.579021 | auc: 0.660876 | avg of last 10 auc: 0.607915
2025-06-20 20:48:34 INFO: Epoch:  13 | train loss: 0.552075 | test loss: 0.591159 | auc: 0.621399 | avg of last 10 auc: 0.615076
2025-06-20 20:48:46 INFO: Epoch:  14 | train loss: 0.542065 | test loss: 0.606483 | auc: 0.639248 | avg of last 10 auc: 0.621085
2025-06-20 20:48:59 INFO: Epoch:  15 | train loss: 0.544499 | test loss: 0.573886 | auc: 0.650065 | avg of last 10 auc: 0.629553
2025-06-20 20:49:12 INFO: Epoch:  16 | train loss: 0.558652 | test loss: 0.574102 | auc: 0.647508 | avg of last 10 auc: 0.635613
2025-06-20 20:49:25 INFO: Epoch:  17 | train loss: 0.548942 | test loss: 0.574515 | auc: 0.648558 | avg of last 10 auc: 0.638482
2025-06-20 20:49:38 INFO: Epoch:  18 | train loss: 0.528416 | test loss: 0.591936 | auc: 0.647152 | avg of last 10 auc: 0.641874
2025-06-20 20:49:50 INFO: Epoch:  19 | train loss: 0.551793 | test loss: 0.570365 | auc: 0.683858 | avg of last 10 auc: 0.643723
2025-06-20 20:50:03 INFO: Epoch:  20 | train loss: 0.533541 | test loss: 0.572459 | auc: 0.646912 | avg of last 10 auc: 0.647762
2025-06-20 20:50:16 INFO: Epoch:  21 | train loss: 0.528893 | test loss: 0.563049 | auc: 0.670992 | avg of last 10 auc: 0.649061
2025-06-20 20:50:30 INFO: Epoch:  22 | train loss: 0.533043 | test loss: 0.576958 | auc: 0.666676 | avg of last 10 auc: 0.651657
2025-06-20 20:50:43 INFO: Epoch:  23 | train loss: 0.520207 | test loss: 0.574028 | auc: 0.670221 | avg of last 10 auc: 0.652237
2025-06-20 20:50:55 INFO: Epoch:  24 | train loss: 0.537423 | test loss: 0.635414 | auc: 0.672362 | avg of last 10 auc: 0.657119
2025-06-20 20:51:08 INFO: Epoch:  25 | train loss: 0.535495 | test loss: 0.575661 | auc: 0.631229 | avg of last 10 auc: 0.660430
2025-06-20 20:51:20 INFO: Epoch:  26 | train loss: 0.537439 | test loss: 0.568026 | auc: 0.682265 | avg of last 10 auc: 0.658547
2025-06-20 20:51:33 INFO: Epoch:  27 | train loss: 0.504736 | test loss: 0.593996 | auc: 0.678086 | avg of last 10 auc: 0.662022
2025-06-20 20:51:46 INFO: Epoch:  28 | train loss: 0.523259 | test loss: 0.606995 | auc: 0.647717 | avg of last 10 auc: 0.664975
2025-06-20 20:52:00 INFO: Epoch:  29 | train loss: 0.510913 | test loss: 0.562623 | auc: 0.668945 | avg of last 10 auc: 0.665032
2025-06-20 20:52:13 INFO: Epoch:  30 | train loss: 0.494249 | test loss: 0.551320 | auc: 0.697757 | avg of last 10 auc: 0.663540
2025-06-20 20:52:27 INFO: Epoch:  31 | train loss: 0.494507 | test loss: 0.650882 | auc: 0.686728 | avg of last 10 auc: 0.668625
2025-06-20 20:52:40 INFO: Epoch:  32 | train loss: 0.492736 | test loss: 0.602211 | auc: 0.671618 | avg of last 10 auc: 0.670199
2025-06-20 20:52:53 INFO: Epoch:  33 | train loss: 0.511485 | test loss: 0.554086 | auc: 0.700870 | avg of last 10 auc: 0.670693
2025-06-20 20:53:06 INFO: Epoch:  34 | train loss: 0.504926 | test loss: 0.738559 | auc: 0.660912 | avg of last 10 auc: 0.673758
2025-06-20 20:53:19 INFO: Epoch:  35 | train loss: 0.490387 | test loss: 0.555871 | auc: 0.693970 | avg of last 10 auc: 0.672613
2025-06-20 20:53:32 INFO: Epoch:  36 | train loss: 0.490836 | test loss: 0.626609 | auc: 0.722283 | avg of last 10 auc: 0.678887
2025-06-20 20:53:45 INFO: Epoch:  37 | train loss: 0.502448 | test loss: 0.594618 | auc: 0.690867 | avg of last 10 auc: 0.682889
2025-06-20 20:53:58 INFO: Epoch:  38 | train loss: 0.476026 | test loss: 0.564188 | auc: 0.681501 | avg of last 10 auc: 0.684167
2025-06-20 20:54:11 INFO: Epoch:  39 | train loss: 0.478488 | test loss: 0.606730 | auc: 0.720414 | avg of last 10 auc: 0.687545
2025-06-20 20:54:24 INFO: Epoch:  40 | train loss: 0.475857 | test loss: 0.758926 | auc: 0.673241 | avg of last 10 auc: 0.692692
2025-06-20 20:54:36 INFO: Epoch:  41 | train loss: 0.467511 | test loss: 0.617119 | auc: 0.703927 | avg of last 10 auc: 0.690241
2025-06-20 20:54:49 INFO: Epoch:  42 | train loss: 0.459402 | test loss: 0.690154 | auc: 0.701891 | avg of last 10 auc: 0.691960
2025-06-20 20:55:02 INFO: Epoch:  43 | train loss: 0.457797 | test loss: 0.817773 | auc: 0.681536 | avg of last 10 auc: 0.694988
2025-06-20 20:55:15 INFO: Epoch:  44 | train loss: 0.456138 | test loss: 0.589984 | auc: 0.708850 | avg of last 10 auc: 0.693054
2025-06-20 20:55:27 INFO: Epoch:  45 | train loss: 0.437481 | test loss: 0.608851 | auc: 0.670622 | avg of last 10 auc: 0.697848
2025-06-20 20:55:40 INFO: Epoch:  46 | train loss: 0.469685 | test loss: 0.692033 | auc: 0.702587 | avg of last 10 auc: 0.695513
2025-06-20 20:55:53 INFO: Epoch:  47 | train loss: 0.449646 | test loss: 0.564035 | auc: 0.703015 | avg of last 10 auc: 0.693544
2025-06-20 20:56:06 INFO: Epoch:  48 | train loss: 0.439844 | test loss: 0.770182 | auc: 0.706988 | avg of last 10 auc: 0.694758
2025-06-20 20:56:18 INFO: Epoch:  49 | train loss: 0.445047 | test loss: 0.570440 | auc: 0.706941 | avg of last 10 auc: 0.697307
2025-06-20 20:56:31 INFO: Epoch:  50 | train loss: 0.444230 | test loss: 0.625727 | auc: 0.719794 | avg of last 10 auc: 0.695960
2025-06-20 20:56:44 INFO: Epoch:  51 | train loss: 0.447691 | test loss: 0.596268 | auc: 0.721979 | avg of last 10 auc: 0.700615
2025-06-20 20:56:57 INFO: Epoch:  52 | train loss: 0.406212 | test loss: 0.776587 | auc: 0.708866 | avg of last 10 auc: 0.702420
2025-06-20 20:57:10 INFO: Epoch:  53 | train loss: 0.448548 | test loss: 0.941789 | auc: 0.706058 | avg of last 10 auc: 0.703118
2025-06-20 20:57:23 INFO: Epoch:  54 | train loss: 0.421244 | test loss: 0.811721 | auc: 0.713686 | avg of last 10 auc: 0.705570
2025-06-20 20:57:36 INFO: Epoch:  55 | train loss: 0.404532 | test loss: 0.649615 | auc: 0.700764 | avg of last 10 auc: 0.706054
2025-06-20 20:57:49 INFO: Epoch:  56 | train loss: 0.411630 | test loss: 0.619471 | auc: 0.705971 | avg of last 10 auc: 0.709068
2025-06-20 20:58:02 INFO: Epoch:  57 | train loss: 0.403770 | test loss: 0.654520 | auc: 0.700930 | avg of last 10 auc: 0.709406
2025-06-20 20:58:15 INFO: Epoch:  58 | train loss: 0.388992 | test loss: 0.657015 | auc: 0.677802 | avg of last 10 auc: 0.709198
2025-06-20 20:58:28 INFO: Epoch:  59 | train loss: 0.380372 | test loss: 1.081312 | auc: 0.709011 | avg of last 10 auc: 0.706279
2025-06-20 20:58:40 INFO: Epoch:  60 | train loss: 0.388593 | test loss: 0.933828 | auc: 0.708660 | avg of last 10 auc: 0.706486
2025-06-20 20:58:53 INFO: Epoch:  61 | train loss: 0.363932 | test loss: 0.710158 | auc: 0.718182 | avg of last 10 auc: 0.705373
2025-06-20 20:59:06 INFO: Epoch:  62 | train loss: 0.367786 | test loss: 0.698307 | auc: 0.718529 | avg of last 10 auc: 0.704993
2025-06-20 20:59:19 INFO: Epoch:  63 | train loss: 0.355424 | test loss: 0.682036 | auc: 0.697289 | avg of last 10 auc: 0.705959
2025-06-20 20:59:32 INFO: Epoch:  64 | train loss: 0.392714 | test loss: 0.639654 | auc: 0.675648 | avg of last 10 auc: 0.705082
2025-06-20 20:59:44 INFO: Epoch:  65 | train loss: 0.349603 | test loss: 0.777498 | auc: 0.673123 | avg of last 10 auc: 0.701279
2025-06-20 20:59:57 INFO: Epoch:  66 | train loss: 0.344174 | test loss: 0.767295 | auc: 0.687519 | avg of last 10 auc: 0.698515
2025-06-20 21:00:10 INFO: Epoch:  67 | train loss: 0.329554 | test loss: 0.697388 | auc: 0.704024 | avg of last 10 auc: 0.696669
2025-06-20 21:00:22 INFO: Epoch:  68 | train loss: 0.330682 | test loss: 0.876660 | auc: 0.715867 | avg of last 10 auc: 0.696979
2025-06-20 21:00:36 INFO: Epoch:  69 | train loss: 0.341008 | test loss: 1.223978 | auc: 0.701171 | avg of last 10 auc: 0.700785
2025-06-20 21:00:48 INFO: Epoch:  70 | train loss: 0.335222 | test loss: 0.775813 | auc: 0.666300 | avg of last 10 auc: 0.700001
2025-06-20 21:01:01 INFO: Epoch:  71 | train loss: 0.333903 | test loss: 0.780514 | auc: 0.684405 | avg of last 10 auc: 0.695765
2025-06-20 21:01:14 INFO: Epoch:  72 | train loss: 0.296998 | test loss: 0.897704 | auc: 0.663530 | avg of last 10 auc: 0.692388
2025-06-20 21:01:27 INFO: Epoch:  73 | train loss: 0.327563 | test loss: 0.705157 | auc: 0.690388 | avg of last 10 auc: 0.686888
2025-06-20 21:01:40 INFO: Epoch:  74 | train loss: 0.299654 | test loss: 0.992314 | auc: 0.684490 | avg of last 10 auc: 0.686198
2025-06-20 21:01:53 INFO: Epoch:  75 | train loss: 0.288179 | test loss: 0.813991 | auc: 0.705889 | avg of last 10 auc: 0.687082
2025-06-20 21:02:06 INFO: Epoch:  76 | train loss: 0.310327 | test loss: 0.710870 | auc: 0.701162 | avg of last 10 auc: 0.690358
2025-06-20 21:02:19 INFO: Epoch:  77 | train loss: 0.270980 | test loss: 1.273021 | auc: 0.712496 | avg of last 10 auc: 0.691723
2025-06-20 21:02:32 INFO: Epoch:  78 | train loss: 0.286907 | test loss: 1.123570 | auc: 0.708716 | avg of last 10 auc: 0.692570
2025-06-20 21:02:46 INFO: Epoch:  79 | train loss: 0.290657 | test loss: 1.370363 | auc: 0.693648 | avg of last 10 auc: 0.691855
2025-06-20 21:02:59 INFO: Epoch:  80 | train loss: 0.243533 | test loss: 1.076965 | auc: 0.712368 | avg of last 10 auc: 0.691102
