2025-06-20 05:26:48 INFO: Start finetuning:
2025-06-20 05:26:48 INFO: Arguments: Namespace(epoch=80, batch_size=16, lr=0.0005, model_path_in_folder='pretrain/80epoch.pth', folder_path='experiments/experiment_mask_ROI_16px', seed=None, patience=10, repeats=3, save_every=1)
2025-06-20 05:26:48 INFO: Using device: cuda:0
2025-06-20 05:28:22 INFO: Epoch:   1 | train loss: 0.589234 | test loss: 0.594516 | auc: 0.566262 | avg of last 10 auc: nan
2025-06-20 05:28:34 INFO: Epoch:   2 | train loss: 0.554620 | test loss: 0.595222 | auc: 0.568985 | avg of last 10 auc: 0.566262
2025-06-20 05:28:46 INFO: Epoch:   3 | train loss: 0.581473 | test loss: 0.594397 | auc: 0.571849 | avg of last 10 auc: 0.567624
2025-06-20 05:28:59 INFO: Epoch:   4 | train loss: 0.571704 | test loss: 0.591398 | auc: 0.571817 | avg of last 10 auc: 0.569032
2025-06-20 05:29:11 INFO: Epoch:   5 | train loss: 0.563048 | test loss: 0.599126 | auc: 0.566560 | avg of last 10 auc: 0.569728
2025-06-20 05:29:23 INFO: Epoch:   6 | train loss: 0.560856 | test loss: 0.598723 | auc: 0.565212 | avg of last 10 auc: 0.569095
2025-06-20 05:29:35 INFO: Epoch:   7 | train loss: 0.568606 | test loss: 0.596491 | auc: 0.576964 | avg of last 10 auc: 0.568448
2025-06-20 05:29:47 INFO: Epoch:   8 | train loss: 0.562562 | test loss: 0.588293 | auc: 0.588503 | avg of last 10 auc: 0.569664
2025-06-20 05:29:59 INFO: Epoch:   9 | train loss: 0.567118 | test loss: 0.602877 | auc: 0.590365 | avg of last 10 auc: 0.572019
2025-06-20 05:30:12 INFO: Epoch:  10 | train loss: 0.545056 | test loss: 0.604418 | auc: 0.571208 | avg of last 10 auc: 0.574057
2025-06-20 05:30:24 INFO: Epoch:  11 | train loss: 0.569190 | test loss: 0.583060 | auc: 0.613256 | avg of last 10 auc: 0.573772
2025-06-20 05:30:36 INFO: Epoch:  12 | train loss: 0.553897 | test loss: 0.599769 | auc: 0.606201 | avg of last 10 auc: 0.578472
2025-06-20 05:30:48 INFO: Epoch:  13 | train loss: 0.568168 | test loss: 0.587882 | auc: 0.609316 | avg of last 10 auc: 0.582193
2025-06-20 05:31:01 INFO: Epoch:  14 | train loss: 0.568121 | test loss: 0.588875 | auc: 0.607145 | avg of last 10 auc: 0.585940
2025-06-20 05:31:13 INFO: Epoch:  15 | train loss: 0.555435 | test loss: 0.593902 | auc: 0.623751 | avg of last 10 auc: 0.589473
2025-06-20 05:31:27 INFO: Epoch:  16 | train loss: 0.550267 | test loss: 0.610759 | auc: 0.592752 | avg of last 10 auc: 0.595192
2025-06-20 05:31:39 INFO: Epoch:  17 | train loss: 0.556270 | test loss: 0.578196 | auc: 0.636546 | avg of last 10 auc: 0.597946
2025-06-20 05:31:51 INFO: Epoch:  18 | train loss: 0.553669 | test loss: 0.583378 | auc: 0.635660 | avg of last 10 auc: 0.603904
2025-06-20 05:32:04 INFO: Epoch:  19 | train loss: 0.557619 | test loss: 0.590195 | auc: 0.625832 | avg of last 10 auc: 0.608620
2025-06-20 05:32:16 INFO: Epoch:  20 | train loss: 0.565769 | test loss: 0.578198 | auc: 0.666281 | avg of last 10 auc: 0.612167
2025-06-20 05:32:28 INFO: Epoch:  21 | train loss: 0.554914 | test loss: 0.579481 | auc: 0.661768 | avg of last 10 auc: 0.621674
2025-06-20 05:32:40 INFO: Epoch:  22 | train loss: 0.548136 | test loss: 0.572397 | auc: 0.669657 | avg of last 10 auc: 0.626525
2025-06-20 05:32:53 INFO: Epoch:  23 | train loss: 0.536495 | test loss: 0.581246 | auc: 0.657129 | avg of last 10 auc: 0.632871
2025-06-20 05:33:05 INFO: Epoch:  24 | train loss: 0.548862 | test loss: 0.589060 | auc: 0.642738 | avg of last 10 auc: 0.637652
2025-06-20 05:33:17 INFO: Epoch:  25 | train loss: 0.553702 | test loss: 0.615978 | auc: 0.627582 | avg of last 10 auc: 0.641212
2025-06-20 05:33:29 INFO: Epoch:  26 | train loss: 0.553218 | test loss: 0.594394 | auc: 0.665367 | avg of last 10 auc: 0.641595
2025-06-20 05:33:42 INFO: Epoch:  27 | train loss: 0.558564 | test loss: 0.621983 | auc: 0.629973 | avg of last 10 auc: 0.648856
2025-06-20 05:33:54 INFO: Epoch:  28 | train loss: 0.549452 | test loss: 0.578606 | auc: 0.672834 | avg of last 10 auc: 0.648199
2025-06-20 05:34:06 INFO: Epoch:  29 | train loss: 0.541074 | test loss: 0.564238 | auc: 0.688483 | avg of last 10 auc: 0.651916
2025-06-20 05:34:20 INFO: Epoch:  30 | train loss: 0.546035 | test loss: 0.591754 | auc: 0.661427 | avg of last 10 auc: 0.658181
2025-06-20 05:34:33 INFO: Epoch:  31 | train loss: 0.544598 | test loss: 0.571793 | auc: 0.671120 | avg of last 10 auc: 0.657696
2025-06-20 05:34:45 INFO: Epoch:  32 | train loss: 0.551155 | test loss: 0.563267 | auc: 0.685036 | avg of last 10 auc: 0.658631
2025-06-20 05:34:58 INFO: Epoch:  33 | train loss: 0.550287 | test loss: 0.590505 | auc: 0.583788 | avg of last 10 auc: 0.660169
2025-06-20 05:35:10 INFO: Epoch:  34 | train loss: 0.547088 | test loss: 0.582185 | auc: 0.653984 | avg of last 10 auc: 0.652835
2025-06-20 05:35:22 INFO: Epoch:  35 | train loss: 0.555519 | test loss: 0.571720 | auc: 0.655459 | avg of last 10 auc: 0.653959
2025-06-20 05:35:34 INFO: Epoch:  36 | train loss: 0.539924 | test loss: 0.579028 | auc: 0.664315 | avg of last 10 auc: 0.656747
2025-06-20 05:35:47 INFO: Epoch:  37 | train loss: 0.531343 | test loss: 0.636400 | auc: 0.631805 | avg of last 10 auc: 0.656642
2025-06-20 05:35:59 INFO: Epoch:  38 | train loss: 0.546837 | test loss: 0.566991 | auc: 0.686637 | avg of last 10 auc: 0.656825
2025-06-20 05:36:11 INFO: Epoch:  39 | train loss: 0.532915 | test loss: 0.582463 | auc: 0.614978 | avg of last 10 auc: 0.658205
2025-06-20 05:36:24 INFO: Epoch:  40 | train loss: 0.545069 | test loss: 0.587901 | auc: 0.659142 | avg of last 10 auc: 0.650855
2025-06-20 05:36:36 INFO: Epoch:  41 | train loss: 0.535154 | test loss: 0.572001 | auc: 0.669802 | avg of last 10 auc: 0.650626
2025-06-20 05:36:48 INFO: Epoch:  42 | train loss: 0.515900 | test loss: 0.560634 | auc: 0.671876 | avg of last 10 auc: 0.650495
2025-06-20 05:37:00 INFO: Epoch:  43 | train loss: 0.534070 | test loss: 0.586269 | auc: 0.646710 | avg of last 10 auc: 0.649179
2025-06-20 05:37:13 INFO: Epoch:  44 | train loss: 0.532134 | test loss: 0.629140 | auc: 0.636997 | avg of last 10 auc: 0.655471
2025-06-20 05:37:25 INFO: Epoch:  45 | train loss: 0.499954 | test loss: 0.598835 | auc: 0.663811 | avg of last 10 auc: 0.653772
2025-06-20 05:37:37 INFO: Epoch:  46 | train loss: 0.529843 | test loss: 0.606018 | auc: 0.611811 | avg of last 10 auc: 0.654607
2025-06-20 05:37:49 INFO: Epoch:  47 | train loss: 0.518175 | test loss: 0.581671 | auc: 0.667152 | avg of last 10 auc: 0.649357
2025-06-20 05:38:02 INFO: Epoch:  48 | train loss: 0.534829 | test loss: 0.618860 | auc: 0.652939 | avg of last 10 auc: 0.652892
2025-06-20 05:38:14 INFO: Epoch:  49 | train loss: 0.509975 | test loss: 0.578063 | auc: 0.670239 | avg of last 10 auc: 0.649522
2025-06-20 05:38:26 INFO: Epoch:  50 | train loss: 0.503468 | test loss: 0.564117 | auc: 0.693850 | avg of last 10 auc: 0.655048
2025-06-20 05:38:38 INFO: Epoch:  51 | train loss: 0.499435 | test loss: 0.621953 | auc: 0.686915 | avg of last 10 auc: 0.658519
2025-06-20 05:38:51 INFO: Epoch:  52 | train loss: 0.514722 | test loss: 0.594023 | auc: 0.662986 | avg of last 10 auc: 0.660230
2025-06-20 05:39:03 INFO: Epoch:  53 | train loss: 0.507959 | test loss: 0.620080 | auc: 0.653039 | avg of last 10 auc: 0.659341
2025-06-20 05:39:15 INFO: Epoch:  54 | train loss: 0.507601 | test loss: 0.557839 | auc: 0.687437 | avg of last 10 auc: 0.659974
2025-06-20 05:39:28 INFO: Epoch:  55 | train loss: 0.502972 | test loss: 0.561689 | auc: 0.687320 | avg of last 10 auc: 0.665018
2025-06-20 05:39:40 INFO: Epoch:  56 | train loss: 0.503774 | test loss: 0.570890 | auc: 0.676514 | avg of last 10 auc: 0.667369
2025-06-20 05:39:52 INFO: Epoch:  57 | train loss: 0.503978 | test loss: 0.634985 | auc: 0.658883 | avg of last 10 auc: 0.673839
2025-06-20 05:40:04 INFO: Epoch:  58 | train loss: 0.494834 | test loss: 0.557808 | auc: 0.708114 | avg of last 10 auc: 0.673012
2025-06-20 05:40:16 INFO: Epoch:  59 | train loss: 0.507953 | test loss: 0.544984 | auc: 0.709884 | avg of last 10 auc: 0.678530
2025-06-20 05:40:29 INFO: Epoch:  60 | train loss: 0.510457 | test loss: 0.670354 | auc: 0.668771 | avg of last 10 auc: 0.682494
2025-06-20 05:40:41 INFO: Epoch:  61 | train loss: 0.484715 | test loss: 0.598864 | auc: 0.701430 | avg of last 10 auc: 0.679986
2025-06-20 05:40:53 INFO: Epoch:  62 | train loss: 0.488859 | test loss: 0.638322 | auc: 0.688740 | avg of last 10 auc: 0.681438
2025-06-20 05:41:06 INFO: Epoch:  63 | train loss: 0.489728 | test loss: 0.558543 | auc: 0.696067 | avg of last 10 auc: 0.684013
2025-06-20 05:41:18 INFO: Epoch:  64 | train loss: 0.469303 | test loss: 0.583722 | auc: 0.685746 | avg of last 10 auc: 0.688316
2025-06-20 05:41:30 INFO: Epoch:  65 | train loss: 0.472807 | test loss: 0.539219 | auc: 0.719100 | avg of last 10 auc: 0.688147
2025-06-20 05:41:43 INFO: Epoch:  66 | train loss: 0.470662 | test loss: 0.633077 | auc: 0.686939 | avg of last 10 auc: 0.691325
2025-06-20 05:41:58 INFO: Epoch:  67 | train loss: 0.462529 | test loss: 0.762578 | auc: 0.698074 | avg of last 10 auc: 0.692368
2025-06-20 05:42:10 INFO: Epoch:  68 | train loss: 0.477425 | test loss: 0.557085 | auc: 0.712661 | avg of last 10 auc: 0.696287
2025-06-20 05:42:22 INFO: Epoch:  69 | train loss: 0.460205 | test loss: 0.559534 | auc: 0.696291 | avg of last 10 auc: 0.696741
2025-06-20 05:42:34 INFO: Epoch:  70 | train loss: 0.479061 | test loss: 0.569942 | auc: 0.681784 | avg of last 10 auc: 0.695382
2025-06-20 05:42:46 INFO: Epoch:  71 | train loss: 0.477571 | test loss: 0.798528 | auc: 0.705208 | avg of last 10 auc: 0.696683
2025-06-20 05:42:59 INFO: Epoch:  72 | train loss: 0.469089 | test loss: 0.531468 | auc: 0.737451 | avg of last 10 auc: 0.697061
2025-06-20 05:43:11 INFO: Epoch:  73 | train loss: 0.461589 | test loss: 0.562242 | auc: 0.695488 | avg of last 10 auc: 0.701932
2025-06-20 05:43:24 INFO: Epoch:  74 | train loss: 0.456110 | test loss: 0.618853 | auc: 0.694446 | avg of last 10 auc: 0.701874
2025-06-20 05:43:36 INFO: Epoch:  75 | train loss: 0.454635 | test loss: 0.593959 | auc: 0.725177 | avg of last 10 auc: 0.702744
2025-06-20 05:43:48 INFO: Epoch:  76 | train loss: 0.458644 | test loss: 0.549420 | auc: 0.710973 | avg of last 10 auc: 0.703352
2025-06-20 05:44:00 INFO: Epoch:  77 | train loss: 0.454223 | test loss: 0.569152 | auc: 0.716380 | avg of last 10 auc: 0.705755
2025-06-20 05:44:13 INFO: Epoch:  78 | train loss: 0.404882 | test loss: 0.630199 | auc: 0.702300 | avg of last 10 auc: 0.707586
2025-06-20 05:44:25 INFO: Epoch:  79 | train loss: 0.448951 | test loss: 0.595410 | auc: 0.673773 | avg of last 10 auc: 0.706550
2025-06-20 05:44:37 INFO: Epoch:  80 | train loss: 0.445386 | test loss: 0.567694 | auc: 0.735813 | avg of last 10 auc: 0.704298
