2025-06-20 10:12:15 INFO: Start finetuning:
2025-06-20 10:12:15 INFO: Arguments: Namespace(epoch=80, batch_size=16, lr=0.0005, model_path_in_folder='pretrain/80epoch.pth', folder_path='experiments/experiment_mask_non_ROI_8px', seed=None, patience=10, repeats=3, save_every=1)
2025-06-20 10:12:15 INFO: Using device: cuda:0
2025-06-20 10:13:47 INFO: Epoch:   1 | train loss: 0.601342 | test loss: 0.592872 | auc: 0.558840 | avg of last 10 auc: nan
2025-06-20 10:13:59 INFO: Epoch:   2 | train loss: 0.578376 | test loss: 0.594074 | auc: 0.549179 | avg of last 10 auc: 0.558840
2025-06-20 10:14:12 INFO: Epoch:   3 | train loss: 0.572983 | test loss: 0.593927 | auc: 0.553386 | avg of last 10 auc: 0.554010
2025-06-20 10:14:24 INFO: Epoch:   4 | train loss: 0.559028 | test loss: 0.592538 | auc: 0.560624 | avg of last 10 auc: 0.553802
2025-06-20 10:14:36 INFO: Epoch:   5 | train loss: 0.570993 | test loss: 0.594204 | auc: 0.573284 | avg of last 10 auc: 0.555507
2025-06-20 10:14:49 INFO: Epoch:   6 | train loss: 0.565330 | test loss: 0.592049 | auc: 0.590163 | avg of last 10 auc: 0.559063
2025-06-20 10:15:01 INFO: Epoch:   7 | train loss: 0.563013 | test loss: 0.600579 | auc: 0.574221 | avg of last 10 auc: 0.564246
2025-06-20 10:15:13 INFO: Epoch:   8 | train loss: 0.565404 | test loss: 0.588004 | auc: 0.582515 | avg of last 10 auc: 0.565671
2025-06-20 10:15:25 INFO: Epoch:   9 | train loss: 0.567167 | test loss: 0.589682 | auc: 0.586781 | avg of last 10 auc: 0.567777
2025-06-20 10:15:37 INFO: Epoch:  10 | train loss: 0.555594 | test loss: 0.589605 | auc: 0.600993 | avg of last 10 auc: 0.569888
2025-06-20 10:15:50 INFO: Epoch:  11 | train loss: 0.566597 | test loss: 0.586339 | auc: 0.600975 | avg of last 10 auc: 0.572999
2025-06-20 10:16:02 INFO: Epoch:  12 | train loss: 0.559805 | test loss: 0.592688 | auc: 0.593023 | avg of last 10 auc: 0.577212
2025-06-20 10:16:14 INFO: Epoch:  13 | train loss: 0.559640 | test loss: 0.584439 | auc: 0.610075 | avg of last 10 auc: 0.581596
2025-06-20 10:16:27 INFO: Epoch:  14 | train loss: 0.560759 | test loss: 0.593679 | auc: 0.604254 | avg of last 10 auc: 0.587265
2025-06-20 10:16:39 INFO: Epoch:  15 | train loss: 0.554961 | test loss: 0.583779 | auc: 0.607395 | avg of last 10 auc: 0.591628
2025-06-20 10:16:51 INFO: Epoch:  16 | train loss: 0.566403 | test loss: 0.590577 | auc: 0.595549 | avg of last 10 auc: 0.595040
2025-06-20 10:17:03 INFO: Epoch:  17 | train loss: 0.557296 | test loss: 0.588551 | auc: 0.608924 | avg of last 10 auc: 0.595578
2025-06-20 10:17:16 INFO: Epoch:  18 | train loss: 0.562719 | test loss: 0.584647 | auc: 0.633417 | avg of last 10 auc: 0.599048
2025-06-20 10:17:29 INFO: Epoch:  19 | train loss: 0.560413 | test loss: 0.583754 | auc: 0.639268 | avg of last 10 auc: 0.604138
2025-06-20 10:17:41 INFO: Epoch:  20 | train loss: 0.554016 | test loss: 0.591062 | auc: 0.632402 | avg of last 10 auc: 0.609387
2025-06-20 10:17:54 INFO: Epoch:  21 | train loss: 0.559928 | test loss: 0.590170 | auc: 0.637555 | avg of last 10 auc: 0.612528
2025-06-20 10:18:06 INFO: Epoch:  22 | train loss: 0.558010 | test loss: 0.581462 | auc: 0.646650 | avg of last 10 auc: 0.616186
2025-06-20 10:18:18 INFO: Epoch:  23 | train loss: 0.552235 | test loss: 0.591759 | auc: 0.635931 | avg of last 10 auc: 0.621549
2025-06-20 10:18:30 INFO: Epoch:  24 | train loss: 0.549797 | test loss: 0.579635 | auc: 0.642098 | avg of last 10 auc: 0.624134
2025-06-20 10:18:43 INFO: Epoch:  25 | train loss: 0.551774 | test loss: 0.585169 | auc: 0.644057 | avg of last 10 auc: 0.627919
2025-06-20 10:18:55 INFO: Epoch:  26 | train loss: 0.543236 | test loss: 0.590021 | auc: 0.625788 | avg of last 10 auc: 0.631585
2025-06-20 10:19:07 INFO: Epoch:  27 | train loss: 0.550585 | test loss: 0.582007 | auc: 0.632655 | avg of last 10 auc: 0.634609
2025-06-20 10:19:20 INFO: Epoch:  28 | train loss: 0.551204 | test loss: 0.578466 | auc: 0.647930 | avg of last 10 auc: 0.636982
2025-06-20 10:19:32 INFO: Epoch:  29 | train loss: 0.559487 | test loss: 0.629265 | auc: 0.580845 | avg of last 10 auc: 0.638433
2025-06-20 10:19:45 INFO: Epoch:  30 | train loss: 0.543232 | test loss: 0.593727 | auc: 0.605691 | avg of last 10 auc: 0.632591
2025-06-20 10:19:57 INFO: Epoch:  31 | train loss: 0.538384 | test loss: 0.601307 | auc: 0.635775 | avg of last 10 auc: 0.629920
2025-06-20 10:20:09 INFO: Epoch:  32 | train loss: 0.549212 | test loss: 0.574021 | auc: 0.650686 | avg of last 10 auc: 0.629742
2025-06-20 10:20:22 INFO: Epoch:  33 | train loss: 0.557495 | test loss: 0.574154 | auc: 0.662306 | avg of last 10 auc: 0.630146
2025-06-20 10:20:34 INFO: Epoch:  34 | train loss: 0.555346 | test loss: 0.586445 | auc: 0.639302 | avg of last 10 auc: 0.632783
2025-06-20 10:20:46 INFO: Epoch:  35 | train loss: 0.542664 | test loss: 0.575932 | auc: 0.650416 | avg of last 10 auc: 0.632504
2025-06-20 10:20:58 INFO: Epoch:  36 | train loss: 0.548895 | test loss: 0.588440 | auc: 0.646832 | avg of last 10 auc: 0.633139
2025-06-20 10:21:11 INFO: Epoch:  37 | train loss: 0.537400 | test loss: 0.596345 | auc: 0.616393 | avg of last 10 auc: 0.635244
2025-06-20 10:21:23 INFO: Epoch:  38 | train loss: 0.540358 | test loss: 0.578874 | auc: 0.645701 | avg of last 10 auc: 0.633618
2025-06-20 10:21:35 INFO: Epoch:  39 | train loss: 0.526552 | test loss: 0.631855 | auc: 0.638530 | avg of last 10 auc: 0.633395
2025-06-20 10:21:48 INFO: Epoch:  40 | train loss: 0.529977 | test loss: 0.640795 | auc: 0.636707 | avg of last 10 auc: 0.639163
2025-06-20 10:22:00 INFO: Epoch:  41 | train loss: 0.536750 | test loss: 0.619653 | auc: 0.605049 | avg of last 10 auc: 0.642265
2025-06-20 10:22:12 INFO: Epoch:  42 | train loss: 0.532527 | test loss: 0.601510 | auc: 0.565765 | avg of last 10 auc: 0.639192
2025-06-20 10:22:25 INFO: Epoch:  43 | train loss: 0.525690 | test loss: 0.605462 | auc: 0.589899 | avg of last 10 auc: 0.630700
2025-06-20 10:22:37 INFO: Epoch:  44 | train loss: 0.520144 | test loss: 0.569389 | auc: 0.677138 | avg of last 10 auc: 0.623459
2025-06-20 10:22:49 INFO: Epoch:  45 | train loss: 0.523812 | test loss: 0.598888 | auc: 0.603352 | avg of last 10 auc: 0.627243
2025-06-20 10:23:02 INFO: Epoch:  46 | train loss: 0.534930 | test loss: 0.592515 | auc: 0.644700 | avg of last 10 auc: 0.622537
2025-06-20 10:23:14 INFO: Epoch:  47 | train loss: 0.527637 | test loss: 0.608293 | auc: 0.625607 | avg of last 10 auc: 0.622323
2025-06-20 10:23:28 INFO: Epoch:  48 | train loss: 0.527576 | test loss: 0.583226 | auc: 0.636730 | avg of last 10 auc: 0.623245
2025-06-20 10:23:40 INFO: Epoch:  49 | train loss: 0.522402 | test loss: 0.578375 | auc: 0.629233 | avg of last 10 auc: 0.622348
2025-06-20 10:23:52 INFO: Epoch:  50 | train loss: 0.522902 | test loss: 0.605400 | auc: 0.654192 | avg of last 10 auc: 0.621418
2025-06-20 10:24:05 INFO: Epoch:  51 | train loss: 0.503583 | test loss: 0.664037 | auc: 0.661994 | avg of last 10 auc: 0.623167
2025-06-20 10:24:17 INFO: Epoch:  52 | train loss: 0.505966 | test loss: 0.581910 | auc: 0.634158 | avg of last 10 auc: 0.628861
2025-06-20 10:24:29 INFO: Epoch:  53 | train loss: 0.506958 | test loss: 0.603711 | auc: 0.629553 | avg of last 10 auc: 0.635700
2025-06-20 10:24:41 INFO: Epoch:  54 | train loss: 0.522190 | test loss: 0.616582 | auc: 0.612696 | avg of last 10 auc: 0.639666
2025-06-20 10:24:54 INFO: Epoch:  55 | train loss: 0.506972 | test loss: 0.582182 | auc: 0.674992 | avg of last 10 auc: 0.633222
2025-06-20 10:25:06 INFO: Epoch:  56 | train loss: 0.499695 | test loss: 0.585377 | auc: 0.650290 | avg of last 10 auc: 0.640385
2025-06-20 10:25:18 INFO: Epoch:  57 | train loss: 0.501714 | test loss: 0.598882 | auc: 0.673288 | avg of last 10 auc: 0.640944
2025-06-20 10:25:31 INFO: Epoch:  58 | train loss: 0.503768 | test loss: 0.643235 | auc: 0.628566 | avg of last 10 auc: 0.645713
2025-06-20 10:25:43 INFO: Epoch:  59 | train loss: 0.500399 | test loss: 0.554676 | auc: 0.690654 | avg of last 10 auc: 0.644896
2025-06-20 10:25:56 INFO: Epoch:  60 | train loss: 0.503130 | test loss: 0.574086 | auc: 0.663896 | avg of last 10 auc: 0.651038
2025-06-20 10:26:08 INFO: Epoch:  61 | train loss: 0.490954 | test loss: 0.570731 | auc: 0.694344 | avg of last 10 auc: 0.652009
2025-06-20 10:26:20 INFO: Epoch:  62 | train loss: 0.480386 | test loss: 0.631877 | auc: 0.639073 | avg of last 10 auc: 0.655244
2025-06-20 10:26:33 INFO: Epoch:  63 | train loss: 0.485649 | test loss: 0.757252 | auc: 0.703960 | avg of last 10 auc: 0.655735
2025-06-20 10:26:45 INFO: Epoch:  64 | train loss: 0.485969 | test loss: 0.679154 | auc: 0.635729 | avg of last 10 auc: 0.663176
2025-06-20 10:26:57 INFO: Epoch:  65 | train loss: 0.490679 | test loss: 0.641946 | auc: 0.607555 | avg of last 10 auc: 0.665479
2025-06-20 10:27:11 INFO: Epoch:  66 | train loss: 0.480200 | test loss: 0.629694 | auc: 0.709921 | avg of last 10 auc: 0.658736
2025-06-20 10:27:23 INFO: Epoch:  67 | train loss: 0.484651 | test loss: 0.634364 | auc: 0.679972 | avg of last 10 auc: 0.664699
2025-06-20 10:27:35 INFO: Epoch:  68 | train loss: 0.497377 | test loss: 0.600370 | auc: 0.656366 | avg of last 10 auc: 0.665367
2025-06-20 10:27:48 INFO: Epoch:  69 | train loss: 0.475638 | test loss: 0.624378 | auc: 0.661316 | avg of last 10 auc: 0.668147
2025-06-20 10:28:00 INFO: Epoch:  70 | train loss: 0.466420 | test loss: 0.562560 | auc: 0.694269 | avg of last 10 auc: 0.665213
2025-06-20 10:28:12 INFO: Epoch:  71 | train loss: 0.477544 | test loss: 0.616190 | auc: 0.681406 | avg of last 10 auc: 0.668251
2025-06-20 10:28:24 INFO: Epoch:  72 | train loss: 0.464759 | test loss: 0.603551 | auc: 0.686482 | avg of last 10 auc: 0.666957
2025-06-20 10:28:37 INFO: Epoch:  73 | train loss: 0.459944 | test loss: 0.593786 | auc: 0.668216 | avg of last 10 auc: 0.671698
2025-06-20 10:28:50 INFO: Epoch:  74 | train loss: 0.477652 | test loss: 0.659004 | auc: 0.665266 | avg of last 10 auc: 0.668123
2025-06-20 10:29:02 INFO: Epoch:  75 | train loss: 0.454021 | test loss: 0.584261 | auc: 0.678175 | avg of last 10 auc: 0.671077
2025-06-20 10:29:14 INFO: Epoch:  76 | train loss: 0.473039 | test loss: 0.593040 | auc: 0.697504 | avg of last 10 auc: 0.678139
2025-06-20 10:29:27 INFO: Epoch:  77 | train loss: 0.439288 | test loss: 0.768618 | auc: 0.692418 | avg of last 10 auc: 0.676897
2025-06-20 10:29:39 INFO: Epoch:  78 | train loss: 0.460078 | test loss: 0.641275 | auc: 0.680179 | avg of last 10 auc: 0.678142
2025-06-20 10:29:51 INFO: Epoch:  79 | train loss: 0.452889 | test loss: 0.592825 | auc: 0.699251 | avg of last 10 auc: 0.680523
2025-06-20 10:30:04 INFO: Epoch:  80 | train loss: 0.451583 | test loss: 0.689447 | auc: 0.705374 | avg of last 10 auc: 0.684317
