2025-06-21 02:14:22 INFO: Start finetuning:
2025-06-21 02:14:22 INFO: Arguments: Namespace(epoch=80, batch_size=16, lr=0.0005, model_path_in_folder='pretrain/80epoch.pth', folder_path='experiments/experiment_mask_ROI_8px', seed=None, patience=10, repeats=2, add_to_run_num=3, save_every=1)
2025-06-21 02:14:22 INFO: Using device: cuda:0
2025-06-21 02:16:00 INFO: Epoch:   1 | train loss: 0.583504 | test loss: 0.597382 | auc: 0.529085 | avg of last 10 auc: nan
2025-06-21 02:16:13 INFO: Epoch:   2 | train loss: 0.567702 | test loss: 0.595141 | auc: 0.535702 | avg of last 10 auc: 0.529085
2025-06-21 02:16:25 INFO: Epoch:   3 | train loss: 0.566856 | test loss: 0.592261 | auc: 0.560532 | avg of last 10 auc: 0.532394
2025-06-21 02:16:37 INFO: Epoch:   4 | train loss: 0.569669 | test loss: 0.607711 | auc: 0.550503 | avg of last 10 auc: 0.541773
2025-06-21 02:16:50 INFO: Epoch:   5 | train loss: 0.561393 | test loss: 0.592130 | auc: 0.560971 | avg of last 10 auc: 0.543956
2025-06-21 02:17:02 INFO: Epoch:   6 | train loss: 0.573867 | test loss: 0.597337 | auc: 0.550045 | avg of last 10 auc: 0.547359
2025-06-21 02:17:15 INFO: Epoch:   7 | train loss: 0.570200 | test loss: 0.592064 | auc: 0.562663 | avg of last 10 auc: 0.547806
2025-06-21 02:17:27 INFO: Epoch:   8 | train loss: 0.564393 | test loss: 0.591935 | auc: 0.568897 | avg of last 10 auc: 0.549929
2025-06-21 02:17:40 INFO: Epoch:   9 | train loss: 0.570150 | test loss: 0.590164 | auc: 0.570555 | avg of last 10 auc: 0.552300
2025-06-21 02:17:53 INFO: Epoch:  10 | train loss: 0.569267 | test loss: 0.588261 | auc: 0.578964 | avg of last 10 auc: 0.554328
2025-06-21 02:18:06 INFO: Epoch:  11 | train loss: 0.568595 | test loss: 0.609464 | auc: 0.572125 | avg of last 10 auc: 0.556792
2025-06-21 02:18:19 INFO: Epoch:  12 | train loss: 0.574546 | test loss: 0.592004 | auc: 0.591889 | avg of last 10 auc: 0.561096
2025-06-21 02:18:31 INFO: Epoch:  13 | train loss: 0.555461 | test loss: 0.589169 | auc: 0.579458 | avg of last 10 auc: 0.566714
2025-06-21 02:18:43 INFO: Epoch:  14 | train loss: 0.568316 | test loss: 0.587253 | auc: 0.594514 | avg of last 10 auc: 0.568607
2025-06-21 02:18:55 INFO: Epoch:  15 | train loss: 0.567585 | test loss: 0.590283 | auc: 0.588210 | avg of last 10 auc: 0.573008
2025-06-21 02:19:08 INFO: Epoch:  16 | train loss: 0.556733 | test loss: 0.588080 | auc: 0.595813 | avg of last 10 auc: 0.575732
2025-06-21 02:19:20 INFO: Epoch:  17 | train loss: 0.560276 | test loss: 0.586410 | auc: 0.594887 | avg of last 10 auc: 0.580309
2025-06-21 02:19:33 INFO: Epoch:  18 | train loss: 0.564147 | test loss: 0.593740 | auc: 0.587404 | avg of last 10 auc: 0.583531
2025-06-21 02:19:45 INFO: Epoch:  19 | train loss: 0.555911 | test loss: 0.591880 | auc: 0.603618 | avg of last 10 auc: 0.585382
2025-06-21 02:19:59 INFO: Epoch:  20 | train loss: 0.540495 | test loss: 0.611921 | auc: 0.623459 | avg of last 10 auc: 0.588688
2025-06-21 02:20:12 INFO: Epoch:  21 | train loss: 0.562302 | test loss: 0.594783 | auc: 0.619291 | avg of last 10 auc: 0.593138
2025-06-21 02:20:25 INFO: Epoch:  22 | train loss: 0.563564 | test loss: 0.596495 | auc: 0.600290 | avg of last 10 auc: 0.597854
2025-06-21 02:20:37 INFO: Epoch:  23 | train loss: 0.553881 | test loss: 0.599187 | auc: 0.621361 | avg of last 10 auc: 0.598694
2025-06-21 02:20:49 INFO: Epoch:  24 | train loss: 0.552045 | test loss: 0.587695 | auc: 0.632627 | avg of last 10 auc: 0.602885
2025-06-21 02:21:02 INFO: Epoch:  25 | train loss: 0.560338 | test loss: 0.588901 | auc: 0.597186 | avg of last 10 auc: 0.606696
2025-06-21 02:21:14 INFO: Epoch:  26 | train loss: 0.556051 | test loss: 0.590511 | auc: 0.623379 | avg of last 10 auc: 0.607594
2025-06-21 02:21:28 INFO: Epoch:  27 | train loss: 0.557589 | test loss: 0.587109 | auc: 0.634242 | avg of last 10 auc: 0.610350
2025-06-21 02:21:41 INFO: Epoch:  28 | train loss: 0.557880 | test loss: 0.576665 | auc: 0.628059 | avg of last 10 auc: 0.614286
2025-06-21 02:21:53 INFO: Epoch:  29 | train loss: 0.553498 | test loss: 0.588183 | auc: 0.614377 | avg of last 10 auc: 0.618351
2025-06-21 02:22:06 INFO: Epoch:  30 | train loss: 0.544377 | test loss: 0.593125 | auc: 0.663453 | avg of last 10 auc: 0.619427
2025-06-21 02:22:19 INFO: Epoch:  31 | train loss: 0.544008 | test loss: 0.579839 | auc: 0.646626 | avg of last 10 auc: 0.623427
2025-06-21 02:22:31 INFO: Epoch:  32 | train loss: 0.557726 | test loss: 0.608247 | auc: 0.646622 | avg of last 10 auc: 0.626160
2025-06-21 02:22:43 INFO: Epoch:  33 | train loss: 0.557443 | test loss: 0.574938 | auc: 0.639360 | avg of last 10 auc: 0.630793
2025-06-21 02:22:56 INFO: Epoch:  34 | train loss: 0.557969 | test loss: 0.625762 | auc: 0.631866 | avg of last 10 auc: 0.632593
2025-06-21 02:23:08 INFO: Epoch:  35 | train loss: 0.551697 | test loss: 0.600837 | auc: 0.632961 | avg of last 10 auc: 0.632517
2025-06-21 02:23:21 INFO: Epoch:  36 | train loss: 0.541253 | test loss: 0.586865 | auc: 0.655240 | avg of last 10 auc: 0.636095
2025-06-21 02:23:34 INFO: Epoch:  37 | train loss: 0.546867 | test loss: 0.590330 | auc: 0.649393 | avg of last 10 auc: 0.639281
2025-06-21 02:23:47 INFO: Epoch:  38 | train loss: 0.536722 | test loss: 0.569956 | auc: 0.652035 | avg of last 10 auc: 0.640796
2025-06-21 02:24:00 INFO: Epoch:  39 | train loss: 0.536068 | test loss: 0.602546 | auc: 0.636055 | avg of last 10 auc: 0.643193
2025-06-21 02:24:13 INFO: Epoch:  40 | train loss: 0.538678 | test loss: 0.583198 | auc: 0.610784 | avg of last 10 auc: 0.645361
2025-06-21 02:24:27 INFO: Epoch:  41 | train loss: 0.532167 | test loss: 0.584914 | auc: 0.654432 | avg of last 10 auc: 0.640094
2025-06-21 02:24:39 INFO: Epoch:  42 | train loss: 0.528085 | test loss: 0.566894 | auc: 0.652180 | avg of last 10 auc: 0.640875
2025-06-21 02:24:51 INFO: Epoch:  43 | train loss: 0.529094 | test loss: 0.576168 | auc: 0.642657 | avg of last 10 auc: 0.641431
2025-06-21 02:25:03 INFO: Epoch:  44 | train loss: 0.518519 | test loss: 0.590525 | auc: 0.662670 | avg of last 10 auc: 0.641760
2025-06-21 02:25:16 INFO: Epoch:  45 | train loss: 0.527176 | test loss: 0.592558 | auc: 0.628187 | avg of last 10 auc: 0.644841
2025-06-21 02:25:28 INFO: Epoch:  46 | train loss: 0.531123 | test loss: 0.564178 | auc: 0.663963 | avg of last 10 auc: 0.644363
2025-06-21 02:25:41 INFO: Epoch:  47 | train loss: 0.525743 | test loss: 0.608616 | auc: 0.648789 | avg of last 10 auc: 0.645236
2025-06-21 02:25:54 INFO: Epoch:  48 | train loss: 0.517238 | test loss: 0.580390 | auc: 0.639744 | avg of last 10 auc: 0.645175
2025-06-21 02:26:07 INFO: Epoch:  49 | train loss: 0.532603 | test loss: 0.605220 | auc: 0.662134 | avg of last 10 auc: 0.643946
2025-06-21 02:26:20 INFO: Epoch:  50 | train loss: 0.524384 | test loss: 0.609464 | auc: 0.641858 | avg of last 10 auc: 0.646554
2025-06-21 02:26:32 INFO: Epoch:  51 | train loss: 0.526476 | test loss: 0.598730 | auc: 0.631409 | avg of last 10 auc: 0.649661
2025-06-21 02:26:44 INFO: Epoch:  52 | train loss: 0.509912 | test loss: 0.588129 | auc: 0.672920 | avg of last 10 auc: 0.647359
2025-06-21 02:26:57 INFO: Epoch:  53 | train loss: 0.515868 | test loss: 0.573883 | auc: 0.672931 | avg of last 10 auc: 0.649433
2025-06-21 02:27:09 INFO: Epoch:  54 | train loss: 0.510388 | test loss: 0.601405 | auc: 0.640487 | avg of last 10 auc: 0.652460
2025-06-21 02:27:22 INFO: Epoch:  55 | train loss: 0.500413 | test loss: 0.575073 | auc: 0.648317 | avg of last 10 auc: 0.650242
2025-06-21 02:27:35 INFO: Epoch:  56 | train loss: 0.512008 | test loss: 0.562728 | auc: 0.685822 | avg of last 10 auc: 0.652255
2025-06-21 02:27:47 INFO: Epoch:  57 | train loss: 0.505736 | test loss: 0.575332 | auc: 0.677025 | avg of last 10 auc: 0.654441
2025-06-21 02:28:00 INFO: Epoch:  58 | train loss: 0.498161 | test loss: 0.604651 | auc: 0.664877 | avg of last 10 auc: 0.657265
2025-06-21 02:28:13 INFO: Epoch:  59 | train loss: 0.511942 | test loss: 0.580565 | auc: 0.668720 | avg of last 10 auc: 0.659778
2025-06-21 02:28:26 INFO: Epoch:  60 | train loss: 0.498963 | test loss: 0.640076 | auc: 0.664250 | avg of last 10 auc: 0.660437
2025-06-21 02:28:38 INFO: Epoch:  61 | train loss: 0.510940 | test loss: 0.575281 | auc: 0.642120 | avg of last 10 auc: 0.662676
2025-06-21 02:28:50 INFO: Epoch:  62 | train loss: 0.508366 | test loss: 0.566421 | auc: 0.675114 | avg of last 10 auc: 0.663747
2025-06-21 02:29:03 INFO: Epoch:  63 | train loss: 0.488112 | test loss: 0.600552 | auc: 0.616809 | avg of last 10 auc: 0.663966
2025-06-21 02:29:15 INFO: Epoch:  64 | train loss: 0.495502 | test loss: 0.582231 | auc: 0.675180 | avg of last 10 auc: 0.658354
2025-06-21 02:29:28 INFO: Epoch:  65 | train loss: 0.486733 | test loss: 0.642339 | auc: 0.622662 | avg of last 10 auc: 0.661823
2025-06-21 02:29:41 INFO: Epoch:  66 | train loss: 0.476865 | test loss: 0.609752 | auc: 0.632323 | avg of last 10 auc: 0.659258
2025-06-21 02:29:54 INFO: Epoch:  67 | train loss: 0.487904 | test loss: 0.641138 | auc: 0.617276 | avg of last 10 auc: 0.653908
2025-06-21 02:30:07 INFO: Epoch:  68 | train loss: 0.494709 | test loss: 0.608453 | auc: 0.647278 | avg of last 10 auc: 0.647933
2025-06-21 02:30:20 INFO: Epoch:  69 | train loss: 0.492587 | test loss: 0.570528 | auc: 0.678291 | avg of last 10 auc: 0.646173
2025-06-21 02:30:33 INFO: Epoch:  70 | train loss: 0.477697 | test loss: 0.649427 | auc: 0.634954 | avg of last 10 auc: 0.647130
2025-06-21 02:30:45 INFO: Epoch:  71 | train loss: 0.465434 | test loss: 0.609885 | auc: 0.639603 | avg of last 10 auc: 0.644201
2025-06-21 02:30:58 INFO: Epoch:  72 | train loss: 0.481558 | test loss: 0.585353 | auc: 0.675600 | avg of last 10 auc: 0.643949
2025-06-21 02:31:10 INFO: Epoch:  73 | train loss: 0.473031 | test loss: 0.589323 | auc: 0.675086 | avg of last 10 auc: 0.643998
2025-06-21 02:31:22 INFO: Epoch:  74 | train loss: 0.465268 | test loss: 0.638104 | auc: 0.674220 | avg of last 10 auc: 0.649825
2025-06-21 02:31:35 INFO: Epoch:  75 | train loss: 0.449300 | test loss: 0.631196 | auc: 0.688059 | avg of last 10 auc: 0.649729
2025-06-21 02:31:48 INFO: Epoch:  76 | train loss: 0.440438 | test loss: 0.627360 | auc: 0.654495 | avg of last 10 auc: 0.656269
2025-06-21 02:32:01 INFO: Epoch:  77 | train loss: 0.441566 | test loss: 0.620671 | auc: 0.662972 | avg of last 10 auc: 0.658486
2025-06-21 02:32:14 INFO: Epoch:  78 | train loss: 0.458849 | test loss: 0.609036 | auc: 0.667735 | avg of last 10 auc: 0.663056
2025-06-21 02:32:27 INFO: Epoch:  79 | train loss: 0.441131 | test loss: 0.619369 | auc: 0.661984 | avg of last 10 auc: 0.665102
2025-06-21 02:32:39 INFO: Epoch:  80 | train loss: 0.452908 | test loss: 0.671197 | auc: 0.685312 | avg of last 10 auc: 0.663471
