2025-06-21 05:05:17 INFO: Start finetuning:
2025-06-21 05:05:17 INFO: Arguments: Namespace(epoch=80, batch_size=16, lr=0.0005, model_path_in_folder='pretrain/80epoch.pth', folder_path='experiments/experiment_mask_non_ROI_32px', seed=None, patience=10, repeats=2, add_to_run_num=3, save_every=1)
2025-06-21 05:05:17 INFO: Using device: cuda:0
2025-06-21 05:06:49 INFO: Epoch:   1 | train loss: 0.583341 | test loss: 0.591536 | auc: 0.564825 | avg of last 10 auc: nan
2025-06-21 05:07:01 INFO: Epoch:   2 | train loss: 0.577737 | test loss: 0.590442 | auc: 0.589335 | avg of last 10 auc: 0.564825
2025-06-21 05:07:13 INFO: Epoch:   3 | train loss: 0.557584 | test loss: 0.600772 | auc: 0.575065 | avg of last 10 auc: 0.577080
2025-06-21 05:07:26 INFO: Epoch:   4 | train loss: 0.560581 | test loss: 0.590262 | auc: 0.574626 | avg of last 10 auc: 0.576408
2025-06-21 05:07:38 INFO: Epoch:   5 | train loss: 0.571123 | test loss: 0.614616 | auc: 0.569994 | avg of last 10 auc: 0.575963
2025-06-21 05:07:50 INFO: Epoch:   6 | train loss: 0.569002 | test loss: 0.587461 | auc: 0.593213 | avg of last 10 auc: 0.574769
2025-06-21 05:08:02 INFO: Epoch:   7 | train loss: 0.564726 | test loss: 0.590466 | auc: 0.609102 | avg of last 10 auc: 0.577843
2025-06-21 05:08:14 INFO: Epoch:   8 | train loss: 0.561904 | test loss: 0.589553 | auc: 0.608061 | avg of last 10 auc: 0.582309
2025-06-21 05:08:26 INFO: Epoch:   9 | train loss: 0.574845 | test loss: 0.582428 | auc: 0.633892 | avg of last 10 auc: 0.585528
2025-06-21 05:08:39 INFO: Epoch:  10 | train loss: 0.557092 | test loss: 0.583182 | auc: 0.625731 | avg of last 10 auc: 0.590901
2025-06-21 05:08:51 INFO: Epoch:  11 | train loss: 0.560683 | test loss: 0.587057 | auc: 0.622745 | avg of last 10 auc: 0.594384
2025-06-21 05:09:03 INFO: Epoch:  12 | train loss: 0.559631 | test loss: 0.605028 | auc: 0.643887 | avg of last 10 auc: 0.600176
2025-06-21 05:09:16 INFO: Epoch:  13 | train loss: 0.558201 | test loss: 0.576043 | auc: 0.665668 | avg of last 10 auc: 0.605632
2025-06-21 05:09:28 INFO: Epoch:  14 | train loss: 0.553099 | test loss: 0.611928 | auc: 0.633519 | avg of last 10 auc: 0.614692
2025-06-21 05:09:40 INFO: Epoch:  15 | train loss: 0.544587 | test loss: 0.601369 | auc: 0.665138 | avg of last 10 auc: 0.620581
2025-06-21 05:09:52 INFO: Epoch:  16 | train loss: 0.550137 | test loss: 0.575156 | auc: 0.632921 | avg of last 10 auc: 0.630096
2025-06-21 05:10:05 INFO: Epoch:  17 | train loss: 0.540327 | test loss: 0.645668 | auc: 0.625034 | avg of last 10 auc: 0.634066
2025-06-21 05:10:17 INFO: Epoch:  18 | train loss: 0.566100 | test loss: 0.576514 | auc: 0.633439 | avg of last 10 auc: 0.635660
2025-06-21 05:10:30 INFO: Epoch:  19 | train loss: 0.550912 | test loss: 0.569108 | auc: 0.679656 | avg of last 10 auc: 0.638198
2025-06-21 05:10:42 INFO: Epoch:  20 | train loss: 0.531103 | test loss: 0.579189 | auc: 0.666530 | avg of last 10 auc: 0.642774
2025-06-21 05:10:55 INFO: Epoch:  21 | train loss: 0.540382 | test loss: 0.576288 | auc: 0.637051 | avg of last 10 auc: 0.646854
2025-06-21 05:11:07 INFO: Epoch:  22 | train loss: 0.545289 | test loss: 0.566839 | auc: 0.655045 | avg of last 10 auc: 0.648284
2025-06-21 05:11:19 INFO: Epoch:  23 | train loss: 0.535120 | test loss: 0.578562 | auc: 0.664880 | avg of last 10 auc: 0.649400
2025-06-21 05:11:31 INFO: Epoch:  24 | train loss: 0.516113 | test loss: 0.583165 | auc: 0.684889 | avg of last 10 auc: 0.649321
2025-06-21 05:11:44 INFO: Epoch:  25 | train loss: 0.519777 | test loss: 0.598098 | auc: 0.645669 | avg of last 10 auc: 0.654458
2025-06-21 05:11:56 INFO: Epoch:  26 | train loss: 0.517900 | test loss: 0.653995 | auc: 0.697608 | avg of last 10 auc: 0.652512
2025-06-21 05:12:08 INFO: Epoch:  27 | train loss: 0.526255 | test loss: 0.566706 | auc: 0.673464 | avg of last 10 auc: 0.658980
2025-06-21 05:12:20 INFO: Epoch:  28 | train loss: 0.525059 | test loss: 0.603073 | auc: 0.682182 | avg of last 10 auc: 0.663823
2025-06-21 05:12:32 INFO: Epoch:  29 | train loss: 0.504221 | test loss: 0.596199 | auc: 0.678045 | avg of last 10 auc: 0.668697
2025-06-21 05:12:45 INFO: Epoch:  30 | train loss: 0.510820 | test loss: 0.569154 | auc: 0.658803 | avg of last 10 auc: 0.668536
2025-06-21 05:12:57 INFO: Epoch:  31 | train loss: 0.508070 | test loss: 0.614793 | auc: 0.642698 | avg of last 10 auc: 0.667764
2025-06-21 05:13:09 INFO: Epoch:  32 | train loss: 0.508320 | test loss: 0.595824 | auc: 0.704521 | avg of last 10 auc: 0.668328
2025-06-21 05:13:21 INFO: Epoch:  33 | train loss: 0.489411 | test loss: 0.638289 | auc: 0.675097 | avg of last 10 auc: 0.673276
2025-06-21 05:13:34 INFO: Epoch:  34 | train loss: 0.491073 | test loss: 0.752174 | auc: 0.677554 | avg of last 10 auc: 0.674298
2025-06-21 05:13:46 INFO: Epoch:  35 | train loss: 0.505619 | test loss: 0.600801 | auc: 0.682479 | avg of last 10 auc: 0.673564
2025-06-21 05:13:58 INFO: Epoch:  36 | train loss: 0.486223 | test loss: 0.694788 | auc: 0.694113 | avg of last 10 auc: 0.677245
2025-06-21 05:14:11 INFO: Epoch:  37 | train loss: 0.495251 | test loss: 0.578565 | auc: 0.701781 | avg of last 10 auc: 0.676896
2025-06-21 05:14:23 INFO: Epoch:  38 | train loss: 0.464164 | test loss: 0.627342 | auc: 0.658381 | avg of last 10 auc: 0.679727
2025-06-21 05:14:35 INFO: Epoch:  39 | train loss: 0.495021 | test loss: 0.560145 | auc: 0.691727 | avg of last 10 auc: 0.677347
2025-06-21 05:14:47 INFO: Epoch:  40 | train loss: 0.476253 | test loss: 0.628120 | auc: 0.629265 | avg of last 10 auc: 0.678715
2025-06-21 05:15:00 INFO: Epoch:  41 | train loss: 0.449107 | test loss: 0.580600 | auc: 0.692201 | avg of last 10 auc: 0.675762
2025-06-21 05:15:12 INFO: Epoch:  42 | train loss: 0.470029 | test loss: 0.567447 | auc: 0.701565 | avg of last 10 auc: 0.680712
2025-06-21 05:15:24 INFO: Epoch:  43 | train loss: 0.466545 | test loss: 0.584850 | auc: 0.709654 | avg of last 10 auc: 0.680416
2025-06-21 05:15:36 INFO: Epoch:  44 | train loss: 0.445573 | test loss: 0.620366 | auc: 0.690441 | avg of last 10 auc: 0.683872
2025-06-21 05:15:49 INFO: Epoch:  45 | train loss: 0.443933 | test loss: 0.603275 | auc: 0.679267 | avg of last 10 auc: 0.685161
2025-06-21 05:16:01 INFO: Epoch:  46 | train loss: 0.443929 | test loss: 0.565692 | auc: 0.697904 | avg of last 10 auc: 0.684839
2025-06-21 05:16:13 INFO: Epoch:  47 | train loss: 0.435829 | test loss: 0.724626 | auc: 0.680224 | avg of last 10 auc: 0.685219
2025-06-21 05:16:26 INFO: Epoch:  48 | train loss: 0.422783 | test loss: 0.638050 | auc: 0.720606 | avg of last 10 auc: 0.683063
2025-06-21 05:16:38 INFO: Epoch:  49 | train loss: 0.432047 | test loss: 0.606104 | auc: 0.705677 | avg of last 10 auc: 0.689285
2025-06-21 05:16:50 INFO: Epoch:  50 | train loss: 0.418821 | test loss: 0.648400 | auc: 0.695673 | avg of last 10 auc: 0.690680
2025-06-21 05:17:03 INFO: Epoch:  51 | train loss: 0.411615 | test loss: 0.642431 | auc: 0.675986 | avg of last 10 auc: 0.697321
2025-06-21 05:17:15 INFO: Epoch:  52 | train loss: 0.426606 | test loss: 0.607815 | auc: 0.688896 | avg of last 10 auc: 0.695700
2025-06-21 05:17:27 INFO: Epoch:  53 | train loss: 0.405502 | test loss: 0.629559 | auc: 0.678673 | avg of last 10 auc: 0.694433
2025-06-21 05:17:39 INFO: Epoch:  54 | train loss: 0.412923 | test loss: 0.599632 | auc: 0.691393 | avg of last 10 auc: 0.691335
2025-06-21 05:17:51 INFO: Epoch:  55 | train loss: 0.391552 | test loss: 0.649278 | auc: 0.722674 | avg of last 10 auc: 0.691430
2025-06-21 05:18:04 INFO: Epoch:  56 | train loss: 0.406294 | test loss: 0.691687 | auc: 0.732980 | avg of last 10 auc: 0.695771
2025-06-21 05:18:16 INFO: Epoch:  57 | train loss: 0.371833 | test loss: 0.636833 | auc: 0.696140 | avg of last 10 auc: 0.699278
2025-06-21 05:18:28 INFO: Epoch:  58 | train loss: 0.373805 | test loss: 0.678376 | auc: 0.686771 | avg of last 10 auc: 0.700870
2025-06-21 05:18:41 INFO: Epoch:  59 | train loss: 0.411742 | test loss: 0.910578 | auc: 0.704756 | avg of last 10 auc: 0.697486
2025-06-21 05:18:53 INFO: Epoch:  60 | train loss: 0.395129 | test loss: 0.629700 | auc: 0.703776 | avg of last 10 auc: 0.697394
2025-06-21 05:19:05 INFO: Epoch:  61 | train loss: 0.378518 | test loss: 0.891855 | auc: 0.691405 | avg of last 10 auc: 0.698205
2025-06-21 05:19:18 INFO: Epoch:  62 | train loss: 0.381766 | test loss: 0.649176 | auc: 0.687767 | avg of last 10 auc: 0.699747
2025-06-21 05:19:30 INFO: Epoch:  63 | train loss: 0.354858 | test loss: 1.063476 | auc: 0.724027 | avg of last 10 auc: 0.699634
2025-06-21 05:19:43 INFO: Epoch:  64 | train loss: 0.363990 | test loss: 0.751916 | auc: 0.665756 | avg of last 10 auc: 0.704169
2025-06-21 05:19:55 INFO: Epoch:  65 | train loss: 0.383052 | test loss: 1.589389 | auc: 0.715261 | avg of last 10 auc: 0.701605
2025-06-21 05:20:07 INFO: Epoch:  66 | train loss: 0.351949 | test loss: 0.747079 | auc: 0.700890 | avg of last 10 auc: 0.700864
2025-06-21 05:20:19 INFO: Epoch:  67 | train loss: 0.325729 | test loss: 0.729430 | auc: 0.695449 | avg of last 10 auc: 0.697655
2025-06-21 05:20:31 INFO: Epoch:  68 | train loss: 0.319522 | test loss: 0.832556 | auc: 0.683771 | avg of last 10 auc: 0.697586
2025-06-21 05:20:44 INFO: Epoch:  69 | train loss: 0.329343 | test loss: 0.983191 | auc: 0.709972 | avg of last 10 auc: 0.697286
2025-06-21 05:20:56 INFO: Epoch:  70 | train loss: 0.317825 | test loss: 0.865520 | auc: 0.692102 | avg of last 10 auc: 0.697807
2025-06-21 05:21:08 INFO: Epoch:  71 | train loss: 0.322336 | test loss: 0.887540 | auc: 0.712136 | avg of last 10 auc: 0.696640
2025-06-21 05:21:21 INFO: Epoch:  72 | train loss: 0.274898 | test loss: 0.743140 | auc: 0.702778 | avg of last 10 auc: 0.698713
2025-06-21 05:21:33 INFO: Epoch:  73 | train loss: 0.315664 | test loss: 0.756439 | auc: 0.708560 | avg of last 10 auc: 0.700214
2025-06-21 05:21:45 INFO: Epoch:  74 | train loss: 0.300752 | test loss: 0.771226 | auc: 0.690642 | avg of last 10 auc: 0.698668
2025-06-21 05:21:57 INFO: Epoch:  75 | train loss: 0.284248 | test loss: 0.753792 | auc: 0.692123 | avg of last 10 auc: 0.701156
2025-06-21 05:22:10 INFO: Epoch:  76 | train loss: 0.257830 | test loss: 1.338619 | auc: 0.697347 | avg of last 10 auc: 0.698842
2025-06-21 05:22:22 INFO: Epoch:  77 | train loss: 0.264706 | test loss: 0.823806 | auc: 0.691766 | avg of last 10 auc: 0.698488
2025-06-21 05:22:34 INFO: Epoch:  78 | train loss: 0.273613 | test loss: 1.403536 | auc: 0.709905 | avg of last 10 auc: 0.698120
2025-06-21 05:22:46 INFO: Epoch:  79 | train loss: 0.324980 | test loss: 0.782379 | auc: 0.675104 | avg of last 10 auc: 0.700733
2025-06-21 05:22:59 INFO: Epoch:  80 | train loss: 0.293531 | test loss: 0.800647 | auc: 0.697473 | avg of last 10 auc: 0.697246
