2025-06-21 00:22:55 INFO: Start finetuning:
2025-06-21 00:22:55 INFO: Arguments: Namespace(epoch=80, batch_size=16, lr=0.0005, model_path_in_folder='pretrain/80epoch.pth', folder_path='experiments/experiment_mask_non_ROI_16px', seed=None, patience=10, repeats=2, add_to_run_num=3, save_every=1)
2025-06-21 00:22:55 INFO: Using device: cuda:0
2025-06-21 00:24:34 INFO: Epoch:   1 | train loss: 0.590082 | test loss: 0.593536 | auc: 0.545594 | avg of last 10 auc: nan
2025-06-21 00:24:46 INFO: Epoch:   2 | train loss: 0.565503 | test loss: 0.596345 | auc: 0.526341 | avg of last 10 auc: 0.545594
2025-06-21 00:24:58 INFO: Epoch:   3 | train loss: 0.566491 | test loss: 0.594778 | auc: 0.545815 | avg of last 10 auc: 0.535967
2025-06-21 00:25:10 INFO: Epoch:   4 | train loss: 0.571893 | test loss: 0.592539 | auc: 0.556837 | avg of last 10 auc: 0.539250
2025-06-21 00:25:22 INFO: Epoch:   5 | train loss: 0.565106 | test loss: 0.593038 | auc: 0.559531 | avg of last 10 auc: 0.543647
2025-06-21 00:25:35 INFO: Epoch:   6 | train loss: 0.576073 | test loss: 0.595987 | auc: 0.566494 | avg of last 10 auc: 0.546824
2025-06-21 00:25:47 INFO: Epoch:   7 | train loss: 0.566485 | test loss: 0.594455 | auc: 0.629294 | avg of last 10 auc: 0.550102
2025-06-21 00:25:59 INFO: Epoch:   8 | train loss: 0.571397 | test loss: 0.589203 | auc: 0.588285 | avg of last 10 auc: 0.561415
2025-06-21 00:26:11 INFO: Epoch:   9 | train loss: 0.569645 | test loss: 0.590164 | auc: 0.572862 | avg of last 10 auc: 0.564774
2025-06-21 00:26:23 INFO: Epoch:  10 | train loss: 0.574528 | test loss: 0.589281 | auc: 0.592247 | avg of last 10 auc: 0.565673
2025-06-21 00:26:36 INFO: Epoch:  11 | train loss: 0.567003 | test loss: 0.599901 | auc: 0.579528 | avg of last 10 auc: 0.568330
2025-06-21 00:26:48 INFO: Epoch:  12 | train loss: 0.578698 | test loss: 0.590057 | auc: 0.590578 | avg of last 10 auc: 0.571723
2025-06-21 00:27:00 INFO: Epoch:  13 | train loss: 0.555459 | test loss: 0.592080 | auc: 0.591584 | avg of last 10 auc: 0.578147
2025-06-21 00:27:13 INFO: Epoch:  14 | train loss: 0.567101 | test loss: 0.587613 | auc: 0.620504 | avg of last 10 auc: 0.582724
2025-06-21 00:27:26 INFO: Epoch:  15 | train loss: 0.563219 | test loss: 0.599022 | auc: 0.588063 | avg of last 10 auc: 0.589091
2025-06-21 00:27:39 INFO: Epoch:  16 | train loss: 0.562339 | test loss: 0.580707 | auc: 0.630085 | avg of last 10 auc: 0.591944
2025-06-21 00:27:51 INFO: Epoch:  17 | train loss: 0.555339 | test loss: 0.580089 | auc: 0.635872 | avg of last 10 auc: 0.598303
2025-06-21 00:28:04 INFO: Epoch:  18 | train loss: 0.564798 | test loss: 0.593332 | auc: 0.625684 | avg of last 10 auc: 0.598961
2025-06-21 00:28:17 INFO: Epoch:  19 | train loss: 0.553142 | test loss: 0.587299 | auc: 0.632402 | avg of last 10 auc: 0.602701
2025-06-21 00:28:29 INFO: Epoch:  20 | train loss: 0.541720 | test loss: 0.608230 | auc: 0.629578 | avg of last 10 auc: 0.608655
2025-06-21 00:28:42 INFO: Epoch:  21 | train loss: 0.559798 | test loss: 0.584746 | auc: 0.640473 | avg of last 10 auc: 0.612388
2025-06-21 00:28:54 INFO: Epoch:  22 | train loss: 0.566428 | test loss: 0.598716 | auc: 0.647873 | avg of last 10 auc: 0.618482
2025-06-21 00:29:07 INFO: Epoch:  23 | train loss: 0.546749 | test loss: 0.582212 | auc: 0.683851 | avg of last 10 auc: 0.624212
2025-06-21 00:29:20 INFO: Epoch:  24 | train loss: 0.547420 | test loss: 0.595486 | auc: 0.659169 | avg of last 10 auc: 0.633438
2025-06-21 00:29:33 INFO: Epoch:  25 | train loss: 0.546202 | test loss: 0.571050 | auc: 0.652010 | avg of last 10 auc: 0.637305
2025-06-21 00:29:46 INFO: Epoch:  26 | train loss: 0.545258 | test loss: 0.599014 | auc: 0.645885 | avg of last 10 auc: 0.643700
2025-06-21 00:29:58 INFO: Epoch:  27 | train loss: 0.555691 | test loss: 0.587909 | auc: 0.636013 | avg of last 10 auc: 0.645280
2025-06-21 00:30:11 INFO: Epoch:  28 | train loss: 0.554632 | test loss: 0.575651 | auc: 0.682383 | avg of last 10 auc: 0.645294
2025-06-21 00:30:24 INFO: Epoch:  29 | train loss: 0.542786 | test loss: 0.605727 | auc: 0.665896 | avg of last 10 auc: 0.650964
2025-06-21 00:30:37 INFO: Epoch:  30 | train loss: 0.536605 | test loss: 0.561605 | auc: 0.676743 | avg of last 10 auc: 0.654313
2025-06-21 00:30:49 INFO: Epoch:  31 | train loss: 0.541292 | test loss: 0.557774 | auc: 0.682901 | avg of last 10 auc: 0.659030
2025-06-21 00:31:02 INFO: Epoch:  32 | train loss: 0.544253 | test loss: 0.558612 | auc: 0.695741 | avg of last 10 auc: 0.663272
2025-06-21 00:31:14 INFO: Epoch:  33 | train loss: 0.542278 | test loss: 0.555707 | auc: 0.688611 | avg of last 10 auc: 0.668059
2025-06-21 00:31:26 INFO: Epoch:  34 | train loss: 0.542216 | test loss: 0.562828 | auc: 0.677911 | avg of last 10 auc: 0.668535
2025-06-21 00:31:39 INFO: Epoch:  35 | train loss: 0.539745 | test loss: 0.590236 | auc: 0.683773 | avg of last 10 auc: 0.670409
2025-06-21 00:31:52 INFO: Epoch:  36 | train loss: 0.521428 | test loss: 0.552949 | auc: 0.700306 | avg of last 10 auc: 0.673586
2025-06-21 00:32:05 INFO: Epoch:  37 | train loss: 0.523018 | test loss: 0.568340 | auc: 0.660827 | avg of last 10 auc: 0.679028
2025-06-21 00:32:18 INFO: Epoch:  38 | train loss: 0.528001 | test loss: 0.559643 | auc: 0.677020 | avg of last 10 auc: 0.681509
2025-06-21 00:32:31 INFO: Epoch:  39 | train loss: 0.516055 | test loss: 0.587138 | auc: 0.695274 | avg of last 10 auc: 0.680973
2025-06-21 00:32:44 INFO: Epoch:  40 | train loss: 0.521602 | test loss: 0.564840 | auc: 0.660542 | avg of last 10 auc: 0.683911
2025-06-21 00:32:56 INFO: Epoch:  41 | train loss: 0.505025 | test loss: 0.606694 | auc: 0.691270 | avg of last 10 auc: 0.682291
2025-06-21 00:33:10 INFO: Epoch:  42 | train loss: 0.508647 | test loss: 0.570699 | auc: 0.708719 | avg of last 10 auc: 0.683127
2025-06-21 00:33:23 INFO: Epoch:  43 | train loss: 0.507017 | test loss: 0.560783 | auc: 0.672667 | avg of last 10 auc: 0.684425
2025-06-21 00:33:36 INFO: Epoch:  44 | train loss: 0.494776 | test loss: 0.676474 | auc: 0.686014 | avg of last 10 auc: 0.682831
2025-06-21 00:33:49 INFO: Epoch:  45 | train loss: 0.507156 | test loss: 0.556220 | auc: 0.681899 | avg of last 10 auc: 0.683641
2025-06-21 00:34:02 INFO: Epoch:  46 | train loss: 0.503409 | test loss: 0.562628 | auc: 0.679662 | avg of last 10 auc: 0.683454
2025-06-21 00:34:15 INFO: Epoch:  47 | train loss: 0.490755 | test loss: 0.663756 | auc: 0.651175 | avg of last 10 auc: 0.681389
2025-06-21 00:34:28 INFO: Epoch:  48 | train loss: 0.490400 | test loss: 0.618878 | auc: 0.677937 | avg of last 10 auc: 0.680424
2025-06-21 00:34:41 INFO: Epoch:  49 | train loss: 0.503951 | test loss: 0.584959 | auc: 0.708915 | avg of last 10 auc: 0.680516
2025-06-21 00:34:54 INFO: Epoch:  50 | train loss: 0.481808 | test loss: 0.598982 | auc: 0.699119 | avg of last 10 auc: 0.681880
2025-06-21 00:35:07 INFO: Epoch:  51 | train loss: 0.481893 | test loss: 0.576674 | auc: 0.692625 | avg of last 10 auc: 0.685738
2025-06-21 00:35:20 INFO: Epoch:  52 | train loss: 0.470036 | test loss: 0.587821 | auc: 0.688395 | avg of last 10 auc: 0.685873
2025-06-21 00:35:33 INFO: Epoch:  53 | train loss: 0.480599 | test loss: 0.596672 | auc: 0.703136 | avg of last 10 auc: 0.683841
2025-06-21 00:35:46 INFO: Epoch:  54 | train loss: 0.478509 | test loss: 0.574853 | auc: 0.676737 | avg of last 10 auc: 0.686888
2025-06-21 00:35:59 INFO: Epoch:  55 | train loss: 0.461139 | test loss: 0.735748 | auc: 0.648822 | avg of last 10 auc: 0.685960
2025-06-21 00:36:12 INFO: Epoch:  56 | train loss: 0.463366 | test loss: 0.581380 | auc: 0.680781 | avg of last 10 auc: 0.682652
2025-06-21 00:36:25 INFO: Epoch:  57 | train loss: 0.456984 | test loss: 0.566616 | auc: 0.701822 | avg of last 10 auc: 0.682764
2025-06-21 00:36:38 INFO: Epoch:  58 | train loss: 0.462014 | test loss: 0.580918 | auc: 0.696578 | avg of last 10 auc: 0.687829
2025-06-21 00:36:51 INFO: Epoch:  59 | train loss: 0.470385 | test loss: 0.611776 | auc: 0.700317 | avg of last 10 auc: 0.689693
2025-06-21 00:37:04 INFO: Epoch:  60 | train loss: 0.444582 | test loss: 0.818305 | auc: 0.675241 | avg of last 10 auc: 0.688833
2025-06-21 00:37:17 INFO: Epoch:  61 | train loss: 0.447431 | test loss: 0.585307 | auc: 0.684599 | avg of last 10 auc: 0.686445
2025-06-21 00:37:30 INFO: Epoch:  62 | train loss: 0.425556 | test loss: 0.587114 | auc: 0.673827 | avg of last 10 auc: 0.685643
2025-06-21 00:37:43 INFO: Epoch:  63 | train loss: 0.423499 | test loss: 0.669907 | auc: 0.646725 | avg of last 10 auc: 0.684186
2025-06-21 00:37:57 INFO: Epoch:  64 | train loss: 0.448006 | test loss: 0.700078 | auc: 0.691465 | avg of last 10 auc: 0.678545
2025-06-21 00:38:10 INFO: Epoch:  65 | train loss: 0.419437 | test loss: 0.699041 | auc: 0.679321 | avg of last 10 auc: 0.680018
2025-06-21 00:38:23 INFO: Epoch:  66 | train loss: 0.414933 | test loss: 0.691905 | auc: 0.702953 | avg of last 10 auc: 0.683068
2025-06-21 00:38:36 INFO: Epoch:  67 | train loss: 0.408882 | test loss: 0.654503 | auc: 0.677131 | avg of last 10 auc: 0.685285
2025-06-21 00:38:48 INFO: Epoch:  68 | train loss: 0.409758 | test loss: 0.754415 | auc: 0.665013 | avg of last 10 auc: 0.682816
2025-06-21 00:39:01 INFO: Epoch:  69 | train loss: 0.410103 | test loss: 0.656881 | auc: 0.680159 | avg of last 10 auc: 0.679659
2025-06-21 00:39:15 INFO: Epoch:  70 | train loss: 0.372506 | test loss: 0.665815 | auc: 0.676263 | avg of last 10 auc: 0.677643
2025-06-21 00:39:27 INFO: Epoch:  71 | train loss: 0.395585 | test loss: 0.640880 | auc: 0.684179 | avg of last 10 auc: 0.677745
2025-06-21 00:39:39 INFO: Epoch:  72 | train loss: 0.379079 | test loss: 0.665579 | auc: 0.683986 | avg of last 10 auc: 0.677703
2025-06-21 00:39:52 INFO: Epoch:  73 | train loss: 0.397203 | test loss: 0.645152 | auc: 0.680315 | avg of last 10 auc: 0.678719
2025-06-21 00:40:05 INFO: Epoch:  74 | train loss: 0.371160 | test loss: 0.933534 | auc: 0.672271 | avg of last 10 auc: 0.682078
2025-06-21 00:40:18 INFO: Epoch:  75 | train loss: 0.377788 | test loss: 0.765156 | auc: 0.653293 | avg of last 10 auc: 0.680159
2025-06-21 00:40:31 INFO: Epoch:  76 | train loss: 0.356500 | test loss: 0.673868 | auc: 0.688909 | avg of last 10 auc: 0.677556
2025-06-21 00:40:44 INFO: Epoch:  77 | train loss: 0.337276 | test loss: 0.686285 | auc: 0.676794 | avg of last 10 auc: 0.676152
2025-06-21 00:40:57 INFO: Epoch:  78 | train loss: 0.389343 | test loss: 0.663958 | auc: 0.662665 | avg of last 10 auc: 0.676118
2025-06-21 00:41:10 INFO: Epoch:  79 | train loss: 0.331182 | test loss: 0.819362 | auc: 0.694176 | avg of last 10 auc: 0.675883
2025-06-21 00:41:23 INFO: Epoch:  80 | train loss: 0.353877 | test loss: 0.781717 | auc: 0.703668 | avg of last 10 auc: 0.677285
