2025-06-20 05:08:50 INFO: Start finetuning:
2025-06-20 05:08:50 INFO: Arguments: Namespace(epoch=80, batch_size=16, lr=0.0005, model_path_in_folder='pretrain/80epoch.pth', folder_path='experiments/experiment_mask_all_16px', seed=None, patience=10, repeats=3, save_every=1)
2025-06-20 05:08:50 INFO: Using device: cuda:0
2025-06-20 05:10:22 INFO: Epoch:   1 | train loss: 0.591018 | test loss: 0.590662 | auc: 0.593358 | avg of last 10 auc: nan
2025-06-20 05:10:34 INFO: Epoch:   2 | train loss: 0.564675 | test loss: 0.589096 | auc: 0.604504 | avg of last 10 auc: 0.593358
2025-06-20 05:10:46 INFO: Epoch:   3 | train loss: 0.571372 | test loss: 0.590760 | auc: 0.627087 | avg of last 10 auc: 0.598931
2025-06-20 05:10:58 INFO: Epoch:   4 | train loss: 0.574696 | test loss: 0.589936 | auc: 0.569842 | avg of last 10 auc: 0.608316
2025-06-20 05:11:11 INFO: Epoch:   5 | train loss: 0.563006 | test loss: 0.588907 | auc: 0.614785 | avg of last 10 auc: 0.598698
2025-06-20 05:11:23 INFO: Epoch:   6 | train loss: 0.565846 | test loss: 0.587855 | auc: 0.595375 | avg of last 10 auc: 0.601915
2025-06-20 05:11:36 INFO: Epoch:   7 | train loss: 0.559679 | test loss: 0.586463 | auc: 0.613162 | avg of last 10 auc: 0.600825
2025-06-20 05:11:48 INFO: Epoch:   8 | train loss: 0.560304 | test loss: 0.584375 | auc: 0.617914 | avg of last 10 auc: 0.602588
2025-06-20 05:12:00 INFO: Epoch:   9 | train loss: 0.551414 | test loss: 0.586207 | auc: 0.646597 | avg of last 10 auc: 0.604503
2025-06-20 05:12:12 INFO: Epoch:  10 | train loss: 0.553790 | test loss: 0.582922 | auc: 0.626610 | avg of last 10 auc: 0.609180
2025-06-20 05:12:26 INFO: Epoch:  11 | train loss: 0.570934 | test loss: 0.589704 | auc: 0.641013 | avg of last 10 auc: 0.610923
2025-06-20 05:12:38 INFO: Epoch:  12 | train loss: 0.552797 | test loss: 0.588120 | auc: 0.643278 | avg of last 10 auc: 0.615689
2025-06-20 05:12:51 INFO: Epoch:  13 | train loss: 0.557820 | test loss: 0.583704 | auc: 0.623531 | avg of last 10 auc: 0.619566
2025-06-20 05:13:03 INFO: Epoch:  14 | train loss: 0.550949 | test loss: 0.591528 | auc: 0.636592 | avg of last 10 auc: 0.619211
2025-06-20 05:13:15 INFO: Epoch:  15 | train loss: 0.546825 | test loss: 0.582444 | auc: 0.657802 | avg of last 10 auc: 0.625886
2025-06-20 05:13:27 INFO: Epoch:  16 | train loss: 0.553963 | test loss: 0.574725 | auc: 0.651517 | avg of last 10 auc: 0.630187
2025-06-20 05:13:40 INFO: Epoch:  17 | train loss: 0.552504 | test loss: 0.573776 | auc: 0.669867 | avg of last 10 auc: 0.635802
2025-06-20 05:13:52 INFO: Epoch:  18 | train loss: 0.534933 | test loss: 0.590513 | auc: 0.638000 | avg of last 10 auc: 0.641472
2025-06-20 05:14:04 INFO: Epoch:  19 | train loss: 0.562773 | test loss: 0.579402 | auc: 0.657886 | avg of last 10 auc: 0.643481
2025-06-20 05:14:17 INFO: Epoch:  20 | train loss: 0.541792 | test loss: 0.593964 | auc: 0.638874 | avg of last 10 auc: 0.644610
2025-06-20 05:14:29 INFO: Epoch:  21 | train loss: 0.535319 | test loss: 0.570197 | auc: 0.655008 | avg of last 10 auc: 0.645836
2025-06-20 05:14:41 INFO: Epoch:  22 | train loss: 0.541283 | test loss: 0.561617 | auc: 0.675047 | avg of last 10 auc: 0.647236
2025-06-20 05:14:54 INFO: Epoch:  23 | train loss: 0.534384 | test loss: 0.570224 | auc: 0.671038 | avg of last 10 auc: 0.650412
2025-06-20 05:15:06 INFO: Epoch:  24 | train loss: 0.539044 | test loss: 0.652836 | auc: 0.668070 | avg of last 10 auc: 0.655163
2025-06-20 05:15:20 INFO: Epoch:  25 | train loss: 0.545142 | test loss: 0.595403 | auc: 0.628228 | avg of last 10 auc: 0.658311
2025-06-20 05:15:32 INFO: Epoch:  26 | train loss: 0.540667 | test loss: 0.600449 | auc: 0.664967 | avg of last 10 auc: 0.655354
2025-06-20 05:15:45 INFO: Epoch:  27 | train loss: 0.514742 | test loss: 0.568848 | auc: 0.664340 | avg of last 10 auc: 0.656698
2025-06-20 05:15:57 INFO: Epoch:  28 | train loss: 0.525473 | test loss: 0.670597 | auc: 0.658415 | avg of last 10 auc: 0.656146
2025-06-20 05:16:09 INFO: Epoch:  29 | train loss: 0.521042 | test loss: 0.580325 | auc: 0.668719 | avg of last 10 auc: 0.658187
2025-06-20 05:16:21 INFO: Epoch:  30 | train loss: 0.515785 | test loss: 0.579968 | auc: 0.677294 | avg of last 10 auc: 0.659271
2025-06-20 05:16:34 INFO: Epoch:  31 | train loss: 0.500018 | test loss: 0.683319 | auc: 0.654536 | avg of last 10 auc: 0.663113
2025-06-20 05:16:46 INFO: Epoch:  32 | train loss: 0.509784 | test loss: 0.584449 | auc: 0.662074 | avg of last 10 auc: 0.663065
2025-06-20 05:16:58 INFO: Epoch:  33 | train loss: 0.518734 | test loss: 0.557467 | auc: 0.689457 | avg of last 10 auc: 0.661768
2025-06-20 05:17:10 INFO: Epoch:  34 | train loss: 0.509919 | test loss: 0.650397 | auc: 0.635423 | avg of last 10 auc: 0.663610
2025-06-20 05:17:23 INFO: Epoch:  35 | train loss: 0.508752 | test loss: 0.556631 | auc: 0.685212 | avg of last 10 auc: 0.660345
2025-06-20 05:17:35 INFO: Epoch:  36 | train loss: 0.506380 | test loss: 0.618437 | auc: 0.676536 | avg of last 10 auc: 0.666044
2025-06-20 05:17:47 INFO: Epoch:  37 | train loss: 0.509428 | test loss: 0.551028 | auc: 0.709737 | avg of last 10 auc: 0.667201
2025-06-20 05:17:59 INFO: Epoch:  38 | train loss: 0.490232 | test loss: 0.567141 | auc: 0.672257 | avg of last 10 auc: 0.671740
2025-06-20 05:18:12 INFO: Epoch:  39 | train loss: 0.482560 | test loss: 0.590783 | auc: 0.689057 | avg of last 10 auc: 0.673124
2025-06-20 05:18:24 INFO: Epoch:  40 | train loss: 0.485739 | test loss: 0.647010 | auc: 0.677207 | avg of last 10 auc: 0.675158
2025-06-20 05:18:36 INFO: Epoch:  41 | train loss: 0.478670 | test loss: 0.599848 | auc: 0.664177 | avg of last 10 auc: 0.675150
2025-06-20 05:18:49 INFO: Epoch:  42 | train loss: 0.486726 | test loss: 0.692308 | auc: 0.654500 | avg of last 10 auc: 0.676114
2025-06-20 05:19:01 INFO: Epoch:  43 | train loss: 0.491165 | test loss: 0.631642 | auc: 0.680129 | avg of last 10 auc: 0.675356
2025-06-20 05:19:14 INFO: Epoch:  44 | train loss: 0.479796 | test loss: 0.561540 | auc: 0.700902 | avg of last 10 auc: 0.674424
2025-06-20 05:19:26 INFO: Epoch:  45 | train loss: 0.465528 | test loss: 0.563387 | auc: 0.701360 | avg of last 10 auc: 0.680972
2025-06-20 05:19:38 INFO: Epoch:  46 | train loss: 0.475022 | test loss: 0.602444 | auc: 0.699607 | avg of last 10 auc: 0.682586
2025-06-20 05:19:50 INFO: Epoch:  47 | train loss: 0.460268 | test loss: 0.575297 | auc: 0.691895 | avg of last 10 auc: 0.684893
2025-06-20 05:20:02 INFO: Epoch:  48 | train loss: 0.464558 | test loss: 0.605544 | auc: 0.699348 | avg of last 10 auc: 0.683109
2025-06-20 05:20:15 INFO: Epoch:  49 | train loss: 0.464950 | test loss: 0.562833 | auc: 0.693387 | avg of last 10 auc: 0.685818
2025-06-20 05:20:27 INFO: Epoch:  50 | train loss: 0.465994 | test loss: 0.604957 | auc: 0.719476 | avg of last 10 auc: 0.686251
2025-06-20 05:20:39 INFO: Epoch:  51 | train loss: 0.472597 | test loss: 0.567798 | auc: 0.698187 | avg of last 10 auc: 0.690478
2025-06-20 05:20:51 INFO: Epoch:  52 | train loss: 0.447764 | test loss: 0.608435 | auc: 0.687603 | avg of last 10 auc: 0.693879
2025-06-20 05:21:03 INFO: Epoch:  53 | train loss: 0.462918 | test loss: 0.668287 | auc: 0.693805 | avg of last 10 auc: 0.697189
2025-06-20 05:21:15 INFO: Epoch:  54 | train loss: 0.444682 | test loss: 0.750161 | auc: 0.702038 | avg of last 10 auc: 0.698557
2025-06-20 05:21:28 INFO: Epoch:  55 | train loss: 0.431769 | test loss: 0.619134 | auc: 0.711061 | avg of last 10 auc: 0.698671
2025-06-20 05:21:40 INFO: Epoch:  56 | train loss: 0.434145 | test loss: 0.652780 | auc: 0.708711 | avg of last 10 auc: 0.699641
2025-06-20 05:21:52 INFO: Epoch:  57 | train loss: 0.414855 | test loss: 0.570216 | auc: 0.720434 | avg of last 10 auc: 0.700551
2025-06-20 05:22:04 INFO: Epoch:  58 | train loss: 0.423732 | test loss: 0.680376 | auc: 0.706671 | avg of last 10 auc: 0.703405
2025-06-20 05:22:17 INFO: Epoch:  59 | train loss: 0.404554 | test loss: 0.736466 | auc: 0.705698 | avg of last 10 auc: 0.704137
2025-06-20 05:22:29 INFO: Epoch:  60 | train loss: 0.407773 | test loss: 0.849840 | auc: 0.700201 | avg of last 10 auc: 0.705368
2025-06-20 05:22:42 INFO: Epoch:  61 | train loss: 0.403396 | test loss: 0.635055 | auc: 0.719949 | avg of last 10 auc: 0.703441
2025-06-20 05:22:55 INFO: Epoch:  62 | train loss: 0.393251 | test loss: 0.756747 | auc: 0.728086 | avg of last 10 auc: 0.705617
2025-06-20 05:23:07 INFO: Epoch:  63 | train loss: 0.384642 | test loss: 0.605108 | auc: 0.716151 | avg of last 10 auc: 0.709665
2025-06-20 05:23:19 INFO: Epoch:  64 | train loss: 0.417767 | test loss: 0.615445 | auc: 0.675334 | avg of last 10 auc: 0.711900
2025-06-20 05:23:32 INFO: Epoch:  65 | train loss: 0.395612 | test loss: 0.678636 | auc: 0.685664 | avg of last 10 auc: 0.709230
2025-06-20 05:23:44 INFO: Epoch:  66 | train loss: 0.365836 | test loss: 0.695391 | auc: 0.697280 | avg of last 10 auc: 0.706690
2025-06-20 05:23:56 INFO: Epoch:  67 | train loss: 0.364078 | test loss: 0.888308 | auc: 0.682152 | avg of last 10 auc: 0.705547
2025-06-20 05:24:08 INFO: Epoch:  68 | train loss: 0.390521 | test loss: 0.621370 | auc: 0.702230 | avg of last 10 auc: 0.701719
2025-06-20 05:24:21 INFO: Epoch:  69 | train loss: 0.370992 | test loss: 0.748246 | auc: 0.685750 | avg of last 10 auc: 0.701274
2025-06-20 05:24:33 INFO: Epoch:  70 | train loss: 0.377025 | test loss: 0.688950 | auc: 0.670692 | avg of last 10 auc: 0.699280
2025-06-20 05:24:46 INFO: Epoch:  71 | train loss: 0.342821 | test loss: 0.824350 | auc: 0.657000 | avg of last 10 auc: 0.696329
2025-06-20 05:24:58 INFO: Epoch:  72 | train loss: 0.372566 | test loss: 0.679532 | auc: 0.691935 | avg of last 10 auc: 0.690034
2025-06-20 05:25:10 INFO: Epoch:  73 | train loss: 0.343538 | test loss: 0.667926 | auc: 0.707905 | avg of last 10 auc: 0.686419
2025-06-20 05:25:23 INFO: Epoch:  74 | train loss: 0.345383 | test loss: 0.764164 | auc: 0.671410 | avg of last 10 auc: 0.685594
2025-06-20 05:25:35 INFO: Epoch:  75 | train loss: 0.317576 | test loss: 0.667863 | auc: 0.712659 | avg of last 10 auc: 0.685202
2025-06-20 05:25:47 INFO: Epoch:  76 | train loss: 0.337715 | test loss: 0.684761 | auc: 0.672385 | avg of last 10 auc: 0.687901
2025-06-20 05:26:00 INFO: Epoch:  77 | train loss: 0.321206 | test loss: 0.952382 | auc: 0.653997 | avg of last 10 auc: 0.685412
2025-06-20 05:26:12 INFO: Epoch:  78 | train loss: 0.327272 | test loss: 0.914787 | auc: 0.728696 | avg of last 10 auc: 0.682596
2025-06-20 05:26:25 INFO: Epoch:  79 | train loss: 0.304911 | test loss: 1.340767 | auc: 0.682645 | avg of last 10 auc: 0.685243
2025-06-20 05:26:38 INFO: Epoch:  80 | train loss: 0.305102 | test loss: 0.911859 | auc: 0.698014 | avg of last 10 auc: 0.684932
