2025-06-20 07:13:45 INFO: Start finetuning:
2025-06-20 07:13:45 INFO: Arguments: Namespace(epoch=80, batch_size=16, lr=0.0005, model_path_in_folder='pretrain/80epoch.pth', folder_path='experiments/experiment_no_mask_16px', seed=None, patience=10, repeats=3, save_every=1)
2025-06-20 07:13:45 INFO: Using device: cuda:0
2025-06-20 07:15:19 INFO: Epoch:   1 | train loss: 0.593820 | test loss: 0.594366 | auc: 0.557628 | avg of last 10 auc: nan
2025-06-20 07:15:31 INFO: Epoch:   2 | train loss: 0.562875 | test loss: 0.592893 | auc: 0.557236 | avg of last 10 auc: 0.557628
2025-06-20 07:15:43 INFO: Epoch:   3 | train loss: 0.577412 | test loss: 0.593322 | auc: 0.557796 | avg of last 10 auc: 0.557432
2025-06-20 07:15:56 INFO: Epoch:   4 | train loss: 0.572572 | test loss: 0.592588 | auc: 0.557489 | avg of last 10 auc: 0.557553
2025-06-20 07:16:08 INFO: Epoch:   5 | train loss: 0.558036 | test loss: 0.593795 | auc: 0.555060 | avg of last 10 auc: 0.557537
2025-06-20 07:16:20 INFO: Epoch:   6 | train loss: 0.566360 | test loss: 0.594629 | auc: 0.554074 | avg of last 10 auc: 0.557042
2025-06-20 07:16:32 INFO: Epoch:   7 | train loss: 0.569160 | test loss: 0.593141 | auc: 0.555569 | avg of last 10 auc: 0.556547
2025-06-20 07:16:44 INFO: Epoch:   8 | train loss: 0.564611 | test loss: 0.592511 | auc: 0.559273 | avg of last 10 auc: 0.556408
2025-06-20 07:16:56 INFO: Epoch:   9 | train loss: 0.565749 | test loss: 0.598152 | auc: 0.555205 | avg of last 10 auc: 0.556766
2025-06-20 07:17:09 INFO: Epoch:  10 | train loss: 0.560111 | test loss: 0.594665 | auc: 0.556560 | avg of last 10 auc: 0.556592
2025-06-20 07:17:21 INFO: Epoch:  11 | train loss: 0.571224 | test loss: 0.590820 | auc: 0.567888 | avg of last 10 auc: 0.556589
2025-06-20 07:17:33 INFO: Epoch:  12 | train loss: 0.559284 | test loss: 0.592477 | auc: 0.572311 | avg of last 10 auc: 0.557615
2025-06-20 07:17:46 INFO: Epoch:  13 | train loss: 0.571712 | test loss: 0.592182 | auc: 0.573319 | avg of last 10 auc: 0.559123
2025-06-20 07:17:58 INFO: Epoch:  14 | train loss: 0.570452 | test loss: 0.586095 | auc: 0.596121 | avg of last 10 auc: 0.560675
2025-06-20 07:18:10 INFO: Epoch:  15 | train loss: 0.560149 | test loss: 0.585519 | auc: 0.605257 | avg of last 10 auc: 0.564538
2025-06-20 07:18:22 INFO: Epoch:  16 | train loss: 0.557865 | test loss: 0.603892 | auc: 0.583705 | avg of last 10 auc: 0.569558
2025-06-20 07:18:35 INFO: Epoch:  17 | train loss: 0.557395 | test loss: 0.584055 | auc: 0.607012 | avg of last 10 auc: 0.572521
2025-06-20 07:18:47 INFO: Epoch:  18 | train loss: 0.550666 | test loss: 0.600654 | auc: 0.609364 | avg of last 10 auc: 0.577665
2025-06-20 07:19:00 INFO: Epoch:  19 | train loss: 0.560683 | test loss: 0.586749 | auc: 0.616339 | avg of last 10 auc: 0.582674
2025-06-20 07:19:12 INFO: Epoch:  20 | train loss: 0.568351 | test loss: 0.591843 | auc: 0.608598 | avg of last 10 auc: 0.588788
2025-06-20 07:19:24 INFO: Epoch:  21 | train loss: 0.553334 | test loss: 0.591162 | auc: 0.629932 | avg of last 10 auc: 0.593991
2025-06-20 07:19:36 INFO: Epoch:  22 | train loss: 0.558774 | test loss: 0.581754 | auc: 0.616744 | avg of last 10 auc: 0.600196
2025-06-20 07:19:49 INFO: Epoch:  23 | train loss: 0.554518 | test loss: 0.603779 | auc: 0.612696 | avg of last 10 auc: 0.604639
2025-06-20 07:20:01 INFO: Epoch:  24 | train loss: 0.558960 | test loss: 0.590503 | auc: 0.612705 | avg of last 10 auc: 0.608577
2025-06-20 07:20:13 INFO: Epoch:  25 | train loss: 0.557297 | test loss: 0.618464 | auc: 0.606713 | avg of last 10 auc: 0.610235
2025-06-20 07:20:25 INFO: Epoch:  26 | train loss: 0.557368 | test loss: 0.596900 | auc: 0.632213 | avg of last 10 auc: 0.610381
2025-06-20 07:20:38 INFO: Epoch:  27 | train loss: 0.558893 | test loss: 0.617464 | auc: 0.610417 | avg of last 10 auc: 0.615232
2025-06-20 07:20:50 INFO: Epoch:  28 | train loss: 0.567859 | test loss: 0.599160 | auc: 0.616652 | avg of last 10 auc: 0.615572
2025-06-20 07:21:02 INFO: Epoch:  29 | train loss: 0.551115 | test loss: 0.585101 | auc: 0.627412 | avg of last 10 auc: 0.616301
2025-06-20 07:21:15 INFO: Epoch:  30 | train loss: 0.560834 | test loss: 0.605889 | auc: 0.608865 | avg of last 10 auc: 0.617408
2025-06-20 07:21:27 INFO: Epoch:  31 | train loss: 0.552005 | test loss: 0.588688 | auc: 0.636928 | avg of last 10 auc: 0.617435
2025-06-20 07:21:39 INFO: Epoch:  32 | train loss: 0.560254 | test loss: 0.578231 | auc: 0.659859 | avg of last 10 auc: 0.618135
2025-06-20 07:21:51 INFO: Epoch:  33 | train loss: 0.565458 | test loss: 0.576390 | auc: 0.646419 | avg of last 10 auc: 0.622446
2025-06-20 07:22:04 INFO: Epoch:  34 | train loss: 0.561369 | test loss: 0.590487 | auc: 0.648108 | avg of last 10 auc: 0.625818
2025-06-20 07:22:16 INFO: Epoch:  35 | train loss: 0.569539 | test loss: 0.583838 | auc: 0.639556 | avg of last 10 auc: 0.629359
2025-06-20 07:22:28 INFO: Epoch:  36 | train loss: 0.556913 | test loss: 0.594372 | auc: 0.642638 | avg of last 10 auc: 0.632643
2025-06-20 07:22:41 INFO: Epoch:  37 | train loss: 0.548924 | test loss: 0.604167 | auc: 0.640742 | avg of last 10 auc: 0.633685
2025-06-20 07:22:53 INFO: Epoch:  38 | train loss: 0.556815 | test loss: 0.575621 | auc: 0.665171 | avg of last 10 auc: 0.636718
2025-06-20 07:23:05 INFO: Epoch:  39 | train loss: 0.555077 | test loss: 0.579173 | auc: 0.664085 | avg of last 10 auc: 0.641570
2025-06-20 07:23:18 INFO: Epoch:  40 | train loss: 0.555211 | test loss: 0.586053 | auc: 0.651055 | avg of last 10 auc: 0.645237
2025-06-20 07:23:30 INFO: Epoch:  41 | train loss: 0.558497 | test loss: 0.583063 | auc: 0.633908 | avg of last 10 auc: 0.649456
2025-06-20 07:23:42 INFO: Epoch:  42 | train loss: 0.547250 | test loss: 0.575279 | auc: 0.651769 | avg of last 10 auc: 0.649154
2025-06-20 07:23:55 INFO: Epoch:  43 | train loss: 0.547458 | test loss: 0.609538 | auc: 0.627456 | avg of last 10 auc: 0.648345
2025-06-20 07:24:07 INFO: Epoch:  44 | train loss: 0.555876 | test loss: 0.577930 | auc: 0.649181 | avg of last 10 auc: 0.646449
2025-06-20 07:24:19 INFO: Epoch:  45 | train loss: 0.537441 | test loss: 0.600812 | auc: 0.642473 | avg of last 10 auc: 0.646556
2025-06-20 07:24:31 INFO: Epoch:  46 | train loss: 0.555910 | test loss: 0.581815 | auc: 0.652139 | avg of last 10 auc: 0.646848
2025-06-20 07:24:44 INFO: Epoch:  47 | train loss: 0.546980 | test loss: 0.594985 | auc: 0.641482 | avg of last 10 auc: 0.647798
2025-06-20 07:24:56 INFO: Epoch:  48 | train loss: 0.561720 | test loss: 0.586762 | auc: 0.637940 | avg of last 10 auc: 0.647872
2025-06-20 07:25:08 INFO: Epoch:  49 | train loss: 0.549735 | test loss: 0.579564 | auc: 0.646865 | avg of last 10 auc: 0.645149
2025-06-20 07:25:20 INFO: Epoch:  50 | train loss: 0.546035 | test loss: 0.575902 | auc: 0.662997 | avg of last 10 auc: 0.643427
2025-06-20 07:25:33 INFO: Epoch:  51 | train loss: 0.533286 | test loss: 0.591767 | auc: 0.657118 | avg of last 10 auc: 0.644621
2025-06-20 07:25:45 INFO: Epoch:  52 | train loss: 0.553091 | test loss: 0.571979 | auc: 0.666392 | avg of last 10 auc: 0.646942
2025-06-20 07:25:57 INFO: Epoch:  53 | train loss: 0.542230 | test loss: 0.633603 | auc: 0.626339 | avg of last 10 auc: 0.648404
2025-06-20 07:26:09 INFO: Epoch:  54 | train loss: 0.551720 | test loss: 0.568167 | auc: 0.655991 | avg of last 10 auc: 0.648293
2025-06-20 07:26:22 INFO: Epoch:  55 | train loss: 0.551943 | test loss: 0.580010 | auc: 0.665996 | avg of last 10 auc: 0.648974
2025-06-20 07:26:34 INFO: Epoch:  56 | train loss: 0.543390 | test loss: 0.577469 | auc: 0.657308 | avg of last 10 auc: 0.651326
2025-06-20 07:26:46 INFO: Epoch:  57 | train loss: 0.549223 | test loss: 0.570307 | auc: 0.663217 | avg of last 10 auc: 0.651843
2025-06-20 07:26:59 INFO: Epoch:  58 | train loss: 0.540277 | test loss: 0.568693 | auc: 0.673694 | avg of last 10 auc: 0.654016
2025-06-20 07:27:11 INFO: Epoch:  59 | train loss: 0.542689 | test loss: 0.615016 | auc: 0.633957 | avg of last 10 auc: 0.657592
2025-06-20 07:27:23 INFO: Epoch:  60 | train loss: 0.552250 | test loss: 0.613334 | auc: 0.641302 | avg of last 10 auc: 0.656301
2025-06-20 07:27:36 INFO: Epoch:  61 | train loss: 0.545653 | test loss: 0.566681 | auc: 0.689371 | avg of last 10 auc: 0.654131
2025-06-20 07:27:48 INFO: Epoch:  62 | train loss: 0.541409 | test loss: 0.610249 | auc: 0.635015 | avg of last 10 auc: 0.657357
2025-06-20 07:28:01 INFO: Epoch:  63 | train loss: 0.534486 | test loss: 0.557974 | auc: 0.683027 | avg of last 10 auc: 0.654219
2025-06-20 07:28:13 INFO: Epoch:  64 | train loss: 0.528508 | test loss: 0.601590 | auc: 0.632561 | avg of last 10 auc: 0.659888
2025-06-20 07:28:25 INFO: Epoch:  65 | train loss: 0.526216 | test loss: 0.572559 | auc: 0.675777 | avg of last 10 auc: 0.657545
2025-06-20 07:28:38 INFO: Epoch:  66 | train loss: 0.530607 | test loss: 0.591248 | auc: 0.649471 | avg of last 10 auc: 0.658523
2025-06-20 07:28:50 INFO: Epoch:  67 | train loss: 0.527284 | test loss: 0.601941 | auc: 0.651990 | avg of last 10 auc: 0.657739
2025-06-20 07:29:03 INFO: Epoch:  68 | train loss: 0.537081 | test loss: 0.571810 | auc: 0.640860 | avg of last 10 auc: 0.656616
2025-06-20 07:29:15 INFO: Epoch:  69 | train loss: 0.533303 | test loss: 0.577438 | auc: 0.660373 | avg of last 10 auc: 0.653333
2025-06-20 07:29:27 INFO: Epoch:  70 | train loss: 0.530479 | test loss: 0.598395 | auc: 0.611835 | avg of last 10 auc: 0.655975
2025-06-20 07:29:39 INFO: Epoch:  71 | train loss: 0.519752 | test loss: 0.626135 | auc: 0.642807 | avg of last 10 auc: 0.653028
2025-06-20 07:29:52 INFO: Epoch:  72 | train loss: 0.528573 | test loss: 0.552059 | auc: 0.696332 | avg of last 10 auc: 0.648372
2025-06-20 07:30:04 INFO: Epoch:  73 | train loss: 0.521937 | test loss: 0.623578 | auc: 0.661977 | avg of last 10 auc: 0.654503
2025-06-20 07:30:16 INFO: Epoch:  74 | train loss: 0.524098 | test loss: 0.592189 | auc: 0.665397 | avg of last 10 auc: 0.652398
2025-06-20 07:30:29 INFO: Epoch:  75 | train loss: 0.509842 | test loss: 0.583343 | auc: 0.667015 | avg of last 10 auc: 0.655682
2025-06-20 07:30:41 INFO: Epoch:  76 | train loss: 0.510824 | test loss: 0.580073 | auc: 0.668013 | avg of last 10 auc: 0.654806
2025-06-20 07:30:53 INFO: Epoch:  77 | train loss: 0.511895 | test loss: 0.563290 | auc: 0.683843 | avg of last 10 auc: 0.656660
2025-06-20 07:31:06 INFO: Epoch:  78 | train loss: 0.497641 | test loss: 0.585332 | auc: 0.652155 | avg of last 10 auc: 0.659845
2025-06-20 07:31:18 INFO: Epoch:  79 | train loss: 0.515239 | test loss: 0.563602 | auc: 0.682817 | avg of last 10 auc: 0.660975
2025-06-20 07:31:30 INFO: Epoch:  80 | train loss: 0.508391 | test loss: 0.632883 | auc: 0.652691 | avg of last 10 auc: 0.663219
