2025-06-21 04:28:49 INFO: Start finetuning:
2025-06-21 04:28:49 INFO: Arguments: Namespace(epoch=80, batch_size=16, lr=0.0005, model_path_in_folder='pretrain/80epoch.pth', folder_path='experiments/experiment_mask_ROI_32px', seed=None, patience=10, repeats=2, add_to_run_num=3, save_every=1)
2025-06-21 04:28:49 INFO: Using device: cuda:0
2025-06-21 04:30:21 INFO: Epoch:   1 | train loss: 0.584303 | test loss: 0.606989 | auc: 0.550171 | avg of last 10 auc: nan
2025-06-21 04:30:34 INFO: Epoch:   2 | train loss: 0.576118 | test loss: 0.592180 | auc: 0.569877 | avg of last 10 auc: 0.550171
2025-06-21 04:30:46 INFO: Epoch:   3 | train loss: 0.564545 | test loss: 0.595560 | auc: 0.569790 | avg of last 10 auc: 0.560024
2025-06-21 04:30:58 INFO: Epoch:   4 | train loss: 0.566394 | test loss: 0.592397 | auc: 0.578106 | avg of last 10 auc: 0.563279
2025-06-21 04:31:11 INFO: Epoch:   5 | train loss: 0.569734 | test loss: 0.595261 | auc: 0.573743 | avg of last 10 auc: 0.566986
2025-06-21 04:31:23 INFO: Epoch:   6 | train loss: 0.564969 | test loss: 0.588724 | auc: 0.578079 | avg of last 10 auc: 0.568337
2025-06-21 04:31:36 INFO: Epoch:   7 | train loss: 0.570631 | test loss: 0.590888 | auc: 0.583275 | avg of last 10 auc: 0.569961
2025-06-21 04:31:48 INFO: Epoch:   8 | train loss: 0.560020 | test loss: 0.589904 | auc: 0.589440 | avg of last 10 auc: 0.571863
2025-06-21 04:32:00 INFO: Epoch:   9 | train loss: 0.566838 | test loss: 0.589770 | auc: 0.578920 | avg of last 10 auc: 0.574060
2025-06-21 04:32:13 INFO: Epoch:  10 | train loss: 0.561905 | test loss: 0.610284 | auc: 0.563633 | avg of last 10 auc: 0.574600
2025-06-21 04:32:25 INFO: Epoch:  11 | train loss: 0.563196 | test loss: 0.588123 | auc: 0.576904 | avg of last 10 auc: 0.573503
2025-06-21 04:32:37 INFO: Epoch:  12 | train loss: 0.569556 | test loss: 0.613590 | auc: 0.567035 | avg of last 10 auc: 0.576177
2025-06-21 04:32:50 INFO: Epoch:  13 | train loss: 0.567543 | test loss: 0.584559 | auc: 0.619072 | avg of last 10 auc: 0.575892
2025-06-21 04:33:03 INFO: Epoch:  14 | train loss: 0.559500 | test loss: 0.598811 | auc: 0.604437 | avg of last 10 auc: 0.580821
2025-06-21 04:33:15 INFO: Epoch:  15 | train loss: 0.552000 | test loss: 0.599575 | auc: 0.620492 | avg of last 10 auc: 0.583454
2025-06-21 04:33:28 INFO: Epoch:  16 | train loss: 0.559304 | test loss: 0.579371 | auc: 0.649823 | avg of last 10 auc: 0.588129
2025-06-21 04:33:40 INFO: Epoch:  17 | train loss: 0.549917 | test loss: 0.616880 | auc: 0.614278 | avg of last 10 auc: 0.595303
2025-06-21 04:33:52 INFO: Epoch:  18 | train loss: 0.574241 | test loss: 0.581431 | auc: 0.630306 | avg of last 10 auc: 0.598403
2025-06-21 04:34:05 INFO: Epoch:  19 | train loss: 0.562604 | test loss: 0.580419 | auc: 0.642593 | avg of last 10 auc: 0.602490
2025-06-21 04:34:17 INFO: Epoch:  20 | train loss: 0.547080 | test loss: 0.581207 | auc: 0.629661 | avg of last 10 auc: 0.608857
2025-06-21 04:34:30 INFO: Epoch:  21 | train loss: 0.564305 | test loss: 0.576149 | auc: 0.643499 | avg of last 10 auc: 0.615460
2025-06-21 04:34:43 INFO: Epoch:  22 | train loss: 0.561265 | test loss: 0.576383 | auc: 0.643654 | avg of last 10 auc: 0.622120
2025-06-21 04:34:55 INFO: Epoch:  23 | train loss: 0.554421 | test loss: 0.584581 | auc: 0.646093 | avg of last 10 auc: 0.629782
2025-06-21 04:35:08 INFO: Epoch:  24 | train loss: 0.541350 | test loss: 0.583676 | auc: 0.651418 | avg of last 10 auc: 0.632484
2025-06-21 04:35:20 INFO: Epoch:  25 | train loss: 0.549949 | test loss: 0.583865 | auc: 0.621473 | avg of last 10 auc: 0.637182
2025-06-21 04:35:32 INFO: Epoch:  26 | train loss: 0.547186 | test loss: 0.631994 | auc: 0.666270 | avg of last 10 auc: 0.637280
2025-06-21 04:35:44 INFO: Epoch:  27 | train loss: 0.549153 | test loss: 0.574226 | auc: 0.658692 | avg of last 10 auc: 0.638925
2025-06-21 04:35:57 INFO: Epoch:  28 | train loss: 0.553925 | test loss: 0.574795 | auc: 0.654307 | avg of last 10 auc: 0.643366
2025-06-21 04:36:09 INFO: Epoch:  29 | train loss: 0.539677 | test loss: 0.583606 | auc: 0.663554 | avg of last 10 auc: 0.645766
2025-06-21 04:36:22 INFO: Epoch:  30 | train loss: 0.548542 | test loss: 0.570008 | auc: 0.659152 | avg of last 10 auc: 0.647862
2025-06-21 04:36:34 INFO: Epoch:  31 | train loss: 0.543116 | test loss: 0.571492 | auc: 0.651969 | avg of last 10 auc: 0.650811
2025-06-21 04:36:46 INFO: Epoch:  32 | train loss: 0.546171 | test loss: 0.637667 | auc: 0.630139 | avg of last 10 auc: 0.651658
2025-06-21 04:37:00 INFO: Epoch:  33 | train loss: 0.536934 | test loss: 0.591323 | auc: 0.651439 | avg of last 10 auc: 0.650307
2025-06-21 04:37:12 INFO: Epoch:  34 | train loss: 0.536360 | test loss: 0.658867 | auc: 0.667239 | avg of last 10 auc: 0.650841
2025-06-21 04:37:27 INFO: Epoch:  35 | train loss: 0.543398 | test loss: 0.582419 | auc: 0.659076 | avg of last 10 auc: 0.652424
2025-06-21 04:37:40 INFO: Epoch:  36 | train loss: 0.533652 | test loss: 0.581811 | auc: 0.654522 | avg of last 10 auc: 0.656184
2025-06-21 04:37:52 INFO: Epoch:  37 | train loss: 0.540025 | test loss: 0.568108 | auc: 0.682207 | avg of last 10 auc: 0.655009
2025-06-21 04:38:04 INFO: Epoch:  38 | train loss: 0.521698 | test loss: 0.598495 | auc: 0.651294 | avg of last 10 auc: 0.657360
2025-06-21 04:38:23 INFO: Epoch:  39 | train loss: 0.542742 | test loss: 0.581252 | auc: 0.642510 | avg of last 10 auc: 0.657059
2025-06-21 04:38:36 INFO: Epoch:  40 | train loss: 0.529300 | test loss: 0.570373 | auc: 0.643896 | avg of last 10 auc: 0.654955
2025-06-21 04:38:52 INFO: Epoch:  41 | train loss: 0.519018 | test loss: 0.597145 | auc: 0.640766 | avg of last 10 auc: 0.653429
2025-06-21 04:39:08 INFO: Epoch:  42 | train loss: 0.525531 | test loss: 0.576565 | auc: 0.661537 | avg of last 10 auc: 0.652309
2025-06-21 04:39:20 INFO: Epoch:  43 | train loss: 0.520307 | test loss: 0.624243 | auc: 0.675894 | avg of last 10 auc: 0.655449
2025-06-21 04:39:33 INFO: Epoch:  44 | train loss: 0.517201 | test loss: 0.608389 | auc: 0.663025 | avg of last 10 auc: 0.657894
2025-06-21 04:39:45 INFO: Epoch:  45 | train loss: 0.527099 | test loss: 0.575311 | auc: 0.670992 | avg of last 10 auc: 0.657473
2025-06-21 04:39:58 INFO: Epoch:  46 | train loss: 0.510432 | test loss: 0.566824 | auc: 0.667769 | avg of last 10 auc: 0.658664
2025-06-21 04:40:10 INFO: Epoch:  47 | train loss: 0.512577 | test loss: 0.552460 | auc: 0.702470 | avg of last 10 auc: 0.659989
2025-06-21 04:40:22 INFO: Epoch:  48 | train loss: 0.510775 | test loss: 0.587016 | auc: 0.661210 | avg of last 10 auc: 0.662015
2025-06-21 04:40:34 INFO: Epoch:  49 | train loss: 0.501501 | test loss: 0.576116 | auc: 0.668386 | avg of last 10 auc: 0.663007
2025-06-21 04:40:50 INFO: Epoch:  50 | train loss: 0.500633 | test loss: 0.570674 | auc: 0.682979 | avg of last 10 auc: 0.665595
2025-06-21 04:41:02 INFO: Epoch:  51 | train loss: 0.495064 | test loss: 0.582111 | auc: 0.660505 | avg of last 10 auc: 0.669503
2025-06-21 04:41:15 INFO: Epoch:  52 | train loss: 0.510100 | test loss: 0.567586 | auc: 0.707269 | avg of last 10 auc: 0.671477
2025-06-21 04:41:27 INFO: Epoch:  53 | train loss: 0.497273 | test loss: 0.571836 | auc: 0.660822 | avg of last 10 auc: 0.676050
2025-06-21 04:41:39 INFO: Epoch:  54 | train loss: 0.488783 | test loss: 0.564393 | auc: 0.690967 | avg of last 10 auc: 0.674543
2025-06-21 04:41:52 INFO: Epoch:  55 | train loss: 0.493264 | test loss: 0.614388 | auc: 0.684004 | avg of last 10 auc: 0.677337
2025-06-21 04:42:06 INFO: Epoch:  56 | train loss: 0.494193 | test loss: 0.596865 | auc: 0.662956 | avg of last 10 auc: 0.678638
2025-06-21 04:42:18 INFO: Epoch:  57 | train loss: 0.491611 | test loss: 0.579248 | auc: 0.657769 | avg of last 10 auc: 0.678157
2025-06-21 04:42:30 INFO: Epoch:  58 | train loss: 0.482181 | test loss: 0.579443 | auc: 0.704998 | avg of last 10 auc: 0.673687
2025-06-21 04:42:43 INFO: Epoch:  59 | train loss: 0.503346 | test loss: 0.622318 | auc: 0.701447 | avg of last 10 auc: 0.678066
2025-06-21 04:42:56 INFO: Epoch:  60 | train loss: 0.497759 | test loss: 0.598661 | auc: 0.675909 | avg of last 10 auc: 0.681372
2025-06-21 04:43:08 INFO: Epoch:  61 | train loss: 0.479979 | test loss: 0.608883 | auc: 0.653073 | avg of last 10 auc: 0.680665
2025-06-21 04:43:20 INFO: Epoch:  62 | train loss: 0.486378 | test loss: 0.565183 | auc: 0.684608 | avg of last 10 auc: 0.679921
2025-06-21 04:43:32 INFO: Epoch:  63 | train loss: 0.494775 | test loss: 0.711655 | auc: 0.695974 | avg of last 10 auc: 0.677655
2025-06-21 04:43:45 INFO: Epoch:  64 | train loss: 0.458930 | test loss: 0.625130 | auc: 0.655351 | avg of last 10 auc: 0.681170
2025-06-21 04:43:57 INFO: Epoch:  65 | train loss: 0.482432 | test loss: 0.653515 | auc: 0.698123 | avg of last 10 auc: 0.677609
2025-06-21 04:44:10 INFO: Epoch:  66 | train loss: 0.469373 | test loss: 0.582837 | auc: 0.719545 | avg of last 10 auc: 0.679021
2025-06-21 04:44:22 INFO: Epoch:  67 | train loss: 0.463339 | test loss: 0.716302 | auc: 0.697144 | avg of last 10 auc: 0.684680
2025-06-21 04:44:35 INFO: Epoch:  68 | train loss: 0.465854 | test loss: 0.566110 | auc: 0.677883 | avg of last 10 auc: 0.688617
2025-06-21 04:44:47 INFO: Epoch:  69 | train loss: 0.450405 | test loss: 0.696776 | auc: 0.706228 | avg of last 10 auc: 0.685906
2025-06-21 04:44:59 INFO: Epoch:  70 | train loss: 0.437763 | test loss: 0.724948 | auc: 0.685305 | avg of last 10 auc: 0.686384
2025-06-21 04:45:11 INFO: Epoch:  71 | train loss: 0.463244 | test loss: 0.672127 | auc: 0.692224 | avg of last 10 auc: 0.687323
2025-06-21 04:45:25 INFO: Epoch:  72 | train loss: 0.430889 | test loss: 0.621911 | auc: 0.693315 | avg of last 10 auc: 0.691238
2025-06-21 04:45:37 INFO: Epoch:  73 | train loss: 0.449770 | test loss: 0.656503 | auc: 0.706116 | avg of last 10 auc: 0.692109
2025-06-21 04:45:53 INFO: Epoch:  74 | train loss: 0.443606 | test loss: 0.624799 | auc: 0.710810 | avg of last 10 auc: 0.693123
2025-06-21 04:46:06 INFO: Epoch:  75 | train loss: 0.426393 | test loss: 0.610584 | auc: 0.708329 | avg of last 10 auc: 0.698669
2025-06-21 04:46:18 INFO: Epoch:  76 | train loss: 0.430631 | test loss: 0.664107 | auc: 0.712969 | avg of last 10 auc: 0.699690
2025-06-21 04:46:30 INFO: Epoch:  77 | train loss: 0.436284 | test loss: 0.595152 | auc: 0.684098 | avg of last 10 auc: 0.699032
2025-06-21 04:46:42 INFO: Epoch:  78 | train loss: 0.415115 | test loss: 0.884742 | auc: 0.696434 | avg of last 10 auc: 0.697728
2025-06-21 04:46:55 INFO: Epoch:  79 | train loss: 0.436427 | test loss: 0.602118 | auc: 0.699928 | avg of last 10 auc: 0.699583
2025-06-21 04:47:07 INFO: Epoch:  80 | train loss: 0.455696 | test loss: 0.678457 | auc: 0.691801 | avg of last 10 auc: 0.698953
