2025-06-20 10:30:04 INFO: Start finetuning:
2025-06-20 10:30:04 INFO: Arguments: Namespace(epoch=80, batch_size=16, lr=0.0005, model_path_in_folder='pretrain/80epoch.pth', folder_path='experiments/experiment_mask_non_ROI_8px', seed=None, patience=10, repeats=3, save_every=1)
2025-06-20 10:30:04 INFO: Using device: cuda:0
2025-06-20 10:31:36 INFO: Epoch:   1 | train loss: 0.590525 | test loss: 0.592558 | auc: 0.571297 | avg of last 10 auc: nan
2025-06-20 10:31:48 INFO: Epoch:   2 | train loss: 0.563648 | test loss: 0.592019 | auc: 0.560707 | avg of last 10 auc: 0.571297
2025-06-20 10:32:00 INFO: Epoch:   3 | train loss: 0.569292 | test loss: 0.594081 | auc: 0.578321 | avg of last 10 auc: 0.566002
2025-06-20 10:32:12 INFO: Epoch:   4 | train loss: 0.574175 | test loss: 0.592046 | auc: 0.556091 | avg of last 10 auc: 0.570108
2025-06-20 10:32:24 INFO: Epoch:   5 | train loss: 0.558081 | test loss: 0.592375 | auc: 0.589259 | avg of last 10 auc: 0.566604
2025-06-20 10:32:37 INFO: Epoch:   6 | train loss: 0.567242 | test loss: 0.589092 | auc: 0.602746 | avg of last 10 auc: 0.571135
2025-06-20 10:32:49 INFO: Epoch:   7 | train loss: 0.561163 | test loss: 0.588743 | auc: 0.595846 | avg of last 10 auc: 0.576404
2025-06-20 10:33:01 INFO: Epoch:   8 | train loss: 0.563921 | test loss: 0.589088 | auc: 0.605607 | avg of last 10 auc: 0.579181
2025-06-20 10:33:14 INFO: Epoch:   9 | train loss: 0.555101 | test loss: 0.591009 | auc: 0.618994 | avg of last 10 auc: 0.582484
2025-06-20 10:33:26 INFO: Epoch:  10 | train loss: 0.554264 | test loss: 0.587349 | auc: 0.634038 | avg of last 10 auc: 0.586541
2025-06-20 10:33:39 INFO: Epoch:  11 | train loss: 0.567210 | test loss: 0.602776 | auc: 0.628922 | avg of last 10 auc: 0.591291
2025-06-20 10:33:51 INFO: Epoch:  12 | train loss: 0.556016 | test loss: 0.586877 | auc: 0.615736 | avg of last 10 auc: 0.597053
2025-06-20 10:34:03 INFO: Epoch:  13 | train loss: 0.560820 | test loss: 0.590061 | auc: 0.614474 | avg of last 10 auc: 0.602556
2025-06-20 10:34:15 INFO: Epoch:  14 | train loss: 0.552611 | test loss: 0.600420 | auc: 0.610968 | avg of last 10 auc: 0.606171
2025-06-20 10:34:28 INFO: Epoch:  15 | train loss: 0.556868 | test loss: 0.580207 | auc: 0.634990 | avg of last 10 auc: 0.611659
2025-06-20 10:34:40 INFO: Epoch:  16 | train loss: 0.563068 | test loss: 0.579080 | auc: 0.639875 | avg of last 10 auc: 0.616232
2025-06-20 10:34:52 INFO: Epoch:  17 | train loss: 0.561922 | test loss: 0.585877 | auc: 0.628795 | avg of last 10 auc: 0.619945
2025-06-20 10:35:05 INFO: Epoch:  18 | train loss: 0.541561 | test loss: 0.584756 | auc: 0.639015 | avg of last 10 auc: 0.623240
2025-06-20 10:35:17 INFO: Epoch:  19 | train loss: 0.572509 | test loss: 0.584863 | auc: 0.625452 | avg of last 10 auc: 0.626581
2025-06-20 10:35:29 INFO: Epoch:  20 | train loss: 0.551486 | test loss: 0.582620 | auc: 0.646524 | avg of last 10 auc: 0.627227
2025-06-20 10:35:42 INFO: Epoch:  21 | train loss: 0.549838 | test loss: 0.574554 | auc: 0.657838 | avg of last 10 auc: 0.628475
2025-06-20 10:35:54 INFO: Epoch:  22 | train loss: 0.554752 | test loss: 0.576646 | auc: 0.646083 | avg of last 10 auc: 0.631367
2025-06-20 10:36:06 INFO: Epoch:  23 | train loss: 0.554260 | test loss: 0.580981 | auc: 0.658349 | avg of last 10 auc: 0.634402
2025-06-20 10:36:19 INFO: Epoch:  24 | train loss: 0.564224 | test loss: 0.606931 | auc: 0.657586 | avg of last 10 auc: 0.638789
2025-06-20 10:36:31 INFO: Epoch:  25 | train loss: 0.556779 | test loss: 0.594443 | auc: 0.633141 | avg of last 10 auc: 0.643451
2025-06-20 10:36:43 INFO: Epoch:  26 | train loss: 0.552878 | test loss: 0.591798 | auc: 0.652249 | avg of last 10 auc: 0.643266
2025-06-20 10:36:55 INFO: Epoch:  27 | train loss: 0.546750 | test loss: 0.579508 | auc: 0.659736 | avg of last 10 auc: 0.644503
2025-06-20 10:37:07 INFO: Epoch:  28 | train loss: 0.548137 | test loss: 0.614047 | auc: 0.645929 | avg of last 10 auc: 0.647597
2025-06-20 10:37:20 INFO: Epoch:  29 | train loss: 0.547700 | test loss: 0.578146 | auc: 0.654160 | avg of last 10 auc: 0.648289
2025-06-20 10:37:32 INFO: Epoch:  30 | train loss: 0.542746 | test loss: 0.602470 | auc: 0.649242 | avg of last 10 auc: 0.651159
2025-06-20 10:37:44 INFO: Epoch:  31 | train loss: 0.537098 | test loss: 0.626553 | auc: 0.619744 | avg of last 10 auc: 0.651431
2025-06-20 10:37:56 INFO: Epoch:  32 | train loss: 0.536111 | test loss: 0.571161 | auc: 0.649924 | avg of last 10 auc: 0.647622
2025-06-20 10:38:08 INFO: Epoch:  33 | train loss: 0.545845 | test loss: 0.583065 | auc: 0.665833 | avg of last 10 auc: 0.648006
2025-06-20 10:38:21 INFO: Epoch:  34 | train loss: 0.538233 | test loss: 0.592171 | auc: 0.633612 | avg of last 10 auc: 0.648754
2025-06-20 10:38:33 INFO: Epoch:  35 | train loss: 0.543220 | test loss: 0.572871 | auc: 0.639634 | avg of last 10 auc: 0.646357
2025-06-20 10:38:45 INFO: Epoch:  36 | train loss: 0.544531 | test loss: 0.595608 | auc: 0.650277 | avg of last 10 auc: 0.647006
2025-06-20 10:38:58 INFO: Epoch:  37 | train loss: 0.542095 | test loss: 0.566772 | auc: 0.662935 | avg of last 10 auc: 0.646809
2025-06-20 10:39:10 INFO: Epoch:  38 | train loss: 0.529256 | test loss: 0.587852 | auc: 0.618854 | avg of last 10 auc: 0.647129
2025-06-20 10:39:22 INFO: Epoch:  39 | train loss: 0.530608 | test loss: 0.599472 | auc: 0.640081 | avg of last 10 auc: 0.644421
2025-06-20 10:39:34 INFO: Epoch:  40 | train loss: 0.531984 | test loss: 0.641891 | auc: 0.644802 | avg of last 10 auc: 0.643014
2025-06-20 10:39:47 INFO: Epoch:  41 | train loss: 0.531499 | test loss: 0.620532 | auc: 0.593141 | avg of last 10 auc: 0.642570
2025-06-20 10:39:59 INFO: Epoch:  42 | train loss: 0.532506 | test loss: 0.609584 | auc: 0.634035 | avg of last 10 auc: 0.639909
2025-06-20 10:40:12 INFO: Epoch:  43 | train loss: 0.537877 | test loss: 0.658570 | auc: 0.604225 | avg of last 10 auc: 0.638320
2025-06-20 10:40:24 INFO: Epoch:  44 | train loss: 0.517966 | test loss: 0.611766 | auc: 0.637604 | avg of last 10 auc: 0.632159
2025-06-20 10:40:37 INFO: Epoch:  45 | train loss: 0.524651 | test loss: 0.582271 | auc: 0.639137 | avg of last 10 auc: 0.632559
2025-06-20 10:40:49 INFO: Epoch:  46 | train loss: 0.521428 | test loss: 0.568094 | auc: 0.664754 | avg of last 10 auc: 0.632509
2025-06-20 10:41:01 INFO: Epoch:  47 | train loss: 0.523339 | test loss: 0.583130 | auc: 0.622489 | avg of last 10 auc: 0.633957
2025-06-20 10:41:14 INFO: Epoch:  48 | train loss: 0.524549 | test loss: 0.576583 | auc: 0.636471 | avg of last 10 auc: 0.629912
2025-06-20 10:41:26 INFO: Epoch:  49 | train loss: 0.524183 | test loss: 0.593629 | auc: 0.646360 | avg of last 10 auc: 0.631674
2025-06-20 10:41:38 INFO: Epoch:  50 | train loss: 0.527837 | test loss: 0.582856 | auc: 0.643947 | avg of last 10 auc: 0.632302
2025-06-20 10:41:50 INFO: Epoch:  51 | train loss: 0.525899 | test loss: 0.595423 | auc: 0.633371 | avg of last 10 auc: 0.632216
2025-06-20 10:42:03 INFO: Epoch:  52 | train loss: 0.521186 | test loss: 0.623210 | auc: 0.619981 | avg of last 10 auc: 0.636239
2025-06-20 10:42:15 INFO: Epoch:  53 | train loss: 0.527434 | test loss: 0.729129 | auc: 0.615713 | avg of last 10 auc: 0.634834
2025-06-20 10:42:27 INFO: Epoch:  54 | train loss: 0.520581 | test loss: 0.637945 | auc: 0.622438 | avg of last 10 auc: 0.635983
2025-06-20 10:42:40 INFO: Epoch:  55 | train loss: 0.515718 | test loss: 0.596248 | auc: 0.657986 | avg of last 10 auc: 0.634466
2025-06-20 10:42:52 INFO: Epoch:  56 | train loss: 0.507665 | test loss: 0.557155 | auc: 0.685447 | avg of last 10 auc: 0.636351
2025-06-20 10:43:04 INFO: Epoch:  57 | train loss: 0.512446 | test loss: 0.567637 | auc: 0.673550 | avg of last 10 auc: 0.638420
2025-06-20 10:43:17 INFO: Epoch:  58 | train loss: 0.500741 | test loss: 0.595170 | auc: 0.632319 | avg of last 10 auc: 0.643526
2025-06-20 10:43:29 INFO: Epoch:  59 | train loss: 0.514766 | test loss: 0.573150 | auc: 0.658443 | avg of last 10 auc: 0.643111
2025-06-20 10:43:41 INFO: Epoch:  60 | train loss: 0.493976 | test loss: 0.640060 | auc: 0.616157 | avg of last 10 auc: 0.644320
2025-06-20 10:43:54 INFO: Epoch:  61 | train loss: 0.483668 | test loss: 0.594234 | auc: 0.646535 | avg of last 10 auc: 0.641541
2025-06-20 10:44:06 INFO: Epoch:  62 | train loss: 0.488183 | test loss: 0.557296 | auc: 0.696697 | avg of last 10 auc: 0.642857
2025-06-20 10:44:18 INFO: Epoch:  63 | train loss: 0.480802 | test loss: 0.598660 | auc: 0.652732 | avg of last 10 auc: 0.650529
2025-06-20 10:44:31 INFO: Epoch:  64 | train loss: 0.506478 | test loss: 0.587096 | auc: 0.641520 | avg of last 10 auc: 0.654230
2025-06-20 10:44:43 INFO: Epoch:  65 | train loss: 0.494222 | test loss: 0.609292 | auc: 0.658494 | avg of last 10 auc: 0.656139
2025-06-20 10:44:56 INFO: Epoch:  66 | train loss: 0.477423 | test loss: 0.678635 | auc: 0.664120 | avg of last 10 auc: 0.656190
2025-06-20 10:45:08 INFO: Epoch:  67 | train loss: 0.463854 | test loss: 0.591320 | auc: 0.677625 | avg of last 10 auc: 0.654057
2025-06-20 10:45:20 INFO: Epoch:  68 | train loss: 0.485820 | test loss: 0.582670 | auc: 0.684331 | avg of last 10 auc: 0.654464
2025-06-20 10:45:32 INFO: Epoch:  69 | train loss: 0.499884 | test loss: 0.633926 | auc: 0.622178 | avg of last 10 auc: 0.659665
2025-06-20 10:45:44 INFO: Epoch:  70 | train loss: 0.486751 | test loss: 0.572913 | auc: 0.670493 | avg of last 10 auc: 0.656039
2025-06-20 10:45:57 INFO: Epoch:  71 | train loss: 0.475986 | test loss: 0.552263 | auc: 0.704635 | avg of last 10 auc: 0.661473
2025-06-20 10:46:09 INFO: Epoch:  72 | train loss: 0.478403 | test loss: 0.608000 | auc: 0.653271 | avg of last 10 auc: 0.667283
2025-06-20 10:46:22 INFO: Epoch:  73 | train loss: 0.475921 | test loss: 0.561859 | auc: 0.689173 | avg of last 10 auc: 0.662940
2025-06-20 10:46:34 INFO: Epoch:  74 | train loss: 0.471585 | test loss: 0.625193 | auc: 0.681564 | avg of last 10 auc: 0.666584
2025-06-20 10:46:46 INFO: Epoch:  75 | train loss: 0.462968 | test loss: 0.575803 | auc: 0.693718 | avg of last 10 auc: 0.670588
2025-06-20 10:46:58 INFO: Epoch:  76 | train loss: 0.462740 | test loss: 0.611654 | auc: 0.677975 | avg of last 10 auc: 0.674111
2025-06-20 10:47:11 INFO: Epoch:  77 | train loss: 0.451638 | test loss: 0.810162 | auc: 0.664918 | avg of last 10 auc: 0.675496
2025-06-20 10:47:23 INFO: Epoch:  78 | train loss: 0.464732 | test loss: 0.645782 | auc: 0.699952 | avg of last 10 auc: 0.674226
2025-06-20 10:47:35 INFO: Epoch:  79 | train loss: 0.462148 | test loss: 0.698030 | auc: 0.688606 | avg of last 10 auc: 0.675788
2025-06-20 10:47:48 INFO: Epoch:  80 | train loss: 0.429966 | test loss: 0.566272 | auc: 0.719146 | avg of last 10 auc: 0.682431
