2025-06-21 00:02:29 INFO: Start finetuning:
2025-06-21 00:02:29 INFO: Arguments: Namespace(epoch=80, batch_size=16, lr=0.0005, model_path_in_folder='pretrain/80epoch.pth', folder_path='experiments/experiment_mask_ROI_16px', seed=None, patience=10, repeats=2, add_to_run_num=3, save_every=1)
2025-06-21 00:02:29 INFO: Using device: cuda:0
2025-06-21 00:05:03 INFO: Epoch:   1 | train loss: 0.583064 | test loss: 0.600123 | auc: 0.555524 | avg of last 10 auc: nan
2025-06-21 00:05:15 INFO: Epoch:   2 | train loss: 0.572244 | test loss: 0.593188 | auc: 0.581359 | avg of last 10 auc: 0.555524
2025-06-21 00:05:28 INFO: Epoch:   3 | train loss: 0.561862 | test loss: 0.597501 | auc: 0.584425 | avg of last 10 auc: 0.568442
2025-06-21 00:05:40 INFO: Epoch:   4 | train loss: 0.559943 | test loss: 0.591143 | auc: 0.579859 | avg of last 10 auc: 0.573770
2025-06-21 00:05:52 INFO: Epoch:   5 | train loss: 0.564278 | test loss: 0.598205 | auc: 0.582070 | avg of last 10 auc: 0.575292
2025-06-21 00:06:04 INFO: Epoch:   6 | train loss: 0.568229 | test loss: 0.592008 | auc: 0.551185 | avg of last 10 auc: 0.576647
2025-06-21 00:06:16 INFO: Epoch:   7 | train loss: 0.564858 | test loss: 0.595988 | auc: 0.568460 | avg of last 10 auc: 0.572404
2025-06-21 00:06:28 INFO: Epoch:   8 | train loss: 0.559838 | test loss: 0.603752 | auc: 0.566668 | avg of last 10 auc: 0.571840
2025-06-21 00:06:41 INFO: Epoch:   9 | train loss: 0.569154 | test loss: 0.590105 | auc: 0.587083 | avg of last 10 auc: 0.571194
2025-06-21 00:06:53 INFO: Epoch:  10 | train loss: 0.564404 | test loss: 0.602129 | auc: 0.567785 | avg of last 10 auc: 0.572959
2025-06-21 00:07:05 INFO: Epoch:  11 | train loss: 0.559722 | test loss: 0.595876 | auc: 0.580575 | avg of last 10 auc: 0.572442
2025-06-21 00:07:17 INFO: Epoch:  12 | train loss: 0.567986 | test loss: 0.610449 | auc: 0.581772 | avg of last 10 auc: 0.574947
2025-06-21 00:07:29 INFO: Epoch:  13 | train loss: 0.568197 | test loss: 0.585856 | auc: 0.601069 | avg of last 10 auc: 0.574988
2025-06-21 00:07:42 INFO: Epoch:  14 | train loss: 0.564140 | test loss: 0.602098 | auc: 0.614270 | avg of last 10 auc: 0.576653
2025-06-21 00:07:55 INFO: Epoch:  15 | train loss: 0.552108 | test loss: 0.600735 | auc: 0.625448 | avg of last 10 auc: 0.580094
2025-06-21 00:08:08 INFO: Epoch:  16 | train loss: 0.557974 | test loss: 0.581641 | auc: 0.635722 | avg of last 10 auc: 0.584432
2025-06-21 00:08:21 INFO: Epoch:  17 | train loss: 0.555537 | test loss: 0.626548 | auc: 0.600825 | avg of last 10 auc: 0.592885
2025-06-21 00:08:34 INFO: Epoch:  18 | train loss: 0.575007 | test loss: 0.598914 | auc: 0.618409 | avg of last 10 auc: 0.596122
2025-06-21 00:08:47 INFO: Epoch:  19 | train loss: 0.563244 | test loss: 0.583010 | auc: 0.635731 | avg of last 10 auc: 0.601296
2025-06-21 00:09:00 INFO: Epoch:  20 | train loss: 0.549581 | test loss: 0.585167 | auc: 0.607349 | avg of last 10 auc: 0.606161
2025-06-21 00:09:13 INFO: Epoch:  21 | train loss: 0.562653 | test loss: 0.583152 | auc: 0.618160 | avg of last 10 auc: 0.610117
2025-06-21 00:09:26 INFO: Epoch:  22 | train loss: 0.562520 | test loss: 0.581679 | auc: 0.645294 | avg of last 10 auc: 0.613875
2025-06-21 00:09:39 INFO: Epoch:  23 | train loss: 0.559275 | test loss: 0.583295 | auc: 0.634635 | avg of last 10 auc: 0.620228
2025-06-21 00:09:52 INFO: Epoch:  24 | train loss: 0.547484 | test loss: 0.599506 | auc: 0.638657 | avg of last 10 auc: 0.623584
2025-06-21 00:10:05 INFO: Epoch:  25 | train loss: 0.554076 | test loss: 0.583716 | auc: 0.645941 | avg of last 10 auc: 0.626023
2025-06-21 00:10:18 INFO: Epoch:  26 | train loss: 0.550063 | test loss: 0.620041 | auc: 0.649380 | avg of last 10 auc: 0.628072
2025-06-21 00:10:31 INFO: Epoch:  27 | train loss: 0.547260 | test loss: 0.569913 | auc: 0.660399 | avg of last 10 auc: 0.629438
2025-06-21 00:10:44 INFO: Epoch:  28 | train loss: 0.561448 | test loss: 0.581201 | auc: 0.642199 | avg of last 10 auc: 0.635395
2025-06-21 00:10:57 INFO: Epoch:  29 | train loss: 0.543388 | test loss: 0.587744 | auc: 0.652740 | avg of last 10 auc: 0.637774
2025-06-21 00:11:10 INFO: Epoch:  30 | train loss: 0.555996 | test loss: 0.572654 | auc: 0.666266 | avg of last 10 auc: 0.639475
2025-06-21 00:11:24 INFO: Epoch:  31 | train loss: 0.551285 | test loss: 0.573955 | auc: 0.652959 | avg of last 10 auc: 0.645367
2025-06-21 00:11:37 INFO: Epoch:  32 | train loss: 0.555108 | test loss: 0.620272 | auc: 0.670524 | avg of last 10 auc: 0.648847
2025-06-21 00:11:50 INFO: Epoch:  33 | train loss: 0.539049 | test loss: 0.601756 | auc: 0.638894 | avg of last 10 auc: 0.651370
2025-06-21 00:12:03 INFO: Epoch:  34 | train loss: 0.537014 | test loss: 0.587062 | auc: 0.689982 | avg of last 10 auc: 0.651796
2025-06-21 00:12:16 INFO: Epoch:  35 | train loss: 0.546350 | test loss: 0.591555 | auc: 0.661886 | avg of last 10 auc: 0.656928
2025-06-21 00:12:29 INFO: Epoch:  36 | train loss: 0.536379 | test loss: 0.571395 | auc: 0.659320 | avg of last 10 auc: 0.658523
2025-06-21 00:12:43 INFO: Epoch:  37 | train loss: 0.545549 | test loss: 0.578691 | auc: 0.668051 | avg of last 10 auc: 0.659517
2025-06-21 00:12:56 INFO: Epoch:  38 | train loss: 0.531341 | test loss: 0.573142 | auc: 0.665751 | avg of last 10 auc: 0.660282
2025-06-21 00:13:08 INFO: Epoch:  39 | train loss: 0.550827 | test loss: 0.578951 | auc: 0.662463 | avg of last 10 auc: 0.662637
2025-06-21 00:13:21 INFO: Epoch:  40 | train loss: 0.531529 | test loss: 0.572201 | auc: 0.648386 | avg of last 10 auc: 0.663610
2025-06-21 00:13:34 INFO: Epoch:  41 | train loss: 0.522152 | test loss: 0.611289 | auc: 0.642544 | avg of last 10 auc: 0.661822
2025-06-21 00:13:47 INFO: Epoch:  42 | train loss: 0.526129 | test loss: 0.570733 | auc: 0.656405 | avg of last 10 auc: 0.660780
2025-06-21 00:14:00 INFO: Epoch:  43 | train loss: 0.526352 | test loss: 0.566678 | auc: 0.684701 | avg of last 10 auc: 0.659368
2025-06-21 00:14:13 INFO: Epoch:  44 | train loss: 0.515858 | test loss: 0.580762 | auc: 0.683338 | avg of last 10 auc: 0.663949
2025-06-21 00:14:25 INFO: Epoch:  45 | train loss: 0.530665 | test loss: 0.573649 | auc: 0.666556 | avg of last 10 auc: 0.663284
2025-06-21 00:14:38 INFO: Epoch:  46 | train loss: 0.517290 | test loss: 0.588442 | auc: 0.674824 | avg of last 10 auc: 0.663751
2025-06-21 00:14:51 INFO: Epoch:  47 | train loss: 0.512856 | test loss: 0.559639 | auc: 0.676599 | avg of last 10 auc: 0.665302
2025-06-21 00:15:04 INFO: Epoch:  48 | train loss: 0.512018 | test loss: 0.658681 | auc: 0.658588 | avg of last 10 auc: 0.666157
2025-06-21 00:15:17 INFO: Epoch:  49 | train loss: 0.504739 | test loss: 0.562129 | auc: 0.692732 | avg of last 10 auc: 0.665440
2025-06-21 00:15:30 INFO: Epoch:  50 | train loss: 0.493625 | test loss: 0.580452 | auc: 0.655272 | avg of last 10 auc: 0.668467
2025-06-21 00:15:43 INFO: Epoch:  51 | train loss: 0.505522 | test loss: 0.578871 | auc: 0.675978 | avg of last 10 auc: 0.669156
2025-06-21 00:15:56 INFO: Epoch:  52 | train loss: 0.500487 | test loss: 0.558967 | auc: 0.704180 | avg of last 10 auc: 0.672499
2025-06-21 00:16:09 INFO: Epoch:  53 | train loss: 0.493763 | test loss: 0.580629 | auc: 0.669655 | avg of last 10 auc: 0.677277
2025-06-21 00:16:22 INFO: Epoch:  54 | train loss: 0.500386 | test loss: 0.563667 | auc: 0.691885 | avg of last 10 auc: 0.675772
2025-06-21 00:16:35 INFO: Epoch:  55 | train loss: 0.488214 | test loss: 0.578473 | auc: 0.705514 | avg of last 10 auc: 0.676627
2025-06-21 00:16:48 INFO: Epoch:  56 | train loss: 0.492014 | test loss: 0.564645 | auc: 0.685889 | avg of last 10 auc: 0.680523
2025-06-21 00:17:01 INFO: Epoch:  57 | train loss: 0.482479 | test loss: 0.634883 | auc: 0.651401 | avg of last 10 auc: 0.681629
2025-06-21 00:17:14 INFO: Epoch:  58 | train loss: 0.485964 | test loss: 0.588475 | auc: 0.662550 | avg of last 10 auc: 0.679109
2025-06-21 00:17:27 INFO: Epoch:  59 | train loss: 0.490718 | test loss: 0.605792 | auc: 0.681109 | avg of last 10 auc: 0.679506
2025-06-21 00:17:40 INFO: Epoch:  60 | train loss: 0.505969 | test loss: 0.591600 | auc: 0.682290 | avg of last 10 auc: 0.678343
2025-06-21 00:17:53 INFO: Epoch:  61 | train loss: 0.479115 | test loss: 0.632407 | auc: 0.652378 | avg of last 10 auc: 0.681045
2025-06-21 00:18:06 INFO: Epoch:  62 | train loss: 0.481379 | test loss: 0.585568 | auc: 0.663191 | avg of last 10 auc: 0.678685
2025-06-21 00:18:19 INFO: Epoch:  63 | train loss: 0.487731 | test loss: 0.678587 | auc: 0.714383 | avg of last 10 auc: 0.674586
2025-06-21 00:18:32 INFO: Epoch:  64 | train loss: 0.463653 | test loss: 0.620173 | auc: 0.646276 | avg of last 10 auc: 0.679059
2025-06-21 00:18:45 INFO: Epoch:  65 | train loss: 0.498169 | test loss: 0.616683 | auc: 0.709010 | avg of last 10 auc: 0.674498
2025-06-21 00:18:57 INFO: Epoch:  66 | train loss: 0.451093 | test loss: 0.604428 | auc: 0.712114 | avg of last 10 auc: 0.674848
2025-06-21 00:19:10 INFO: Epoch:  67 | train loss: 0.470544 | test loss: 0.608922 | auc: 0.719345 | avg of last 10 auc: 0.677470
2025-06-21 00:19:23 INFO: Epoch:  68 | train loss: 0.462721 | test loss: 0.586487 | auc: 0.676278 | avg of last 10 auc: 0.684265
2025-06-21 00:19:36 INFO: Epoch:  69 | train loss: 0.449801 | test loss: 0.681178 | auc: 0.704600 | avg of last 10 auc: 0.685637
2025-06-21 00:19:49 INFO: Epoch:  70 | train loss: 0.459538 | test loss: 0.581963 | auc: 0.691531 | avg of last 10 auc: 0.687987
2025-06-21 00:20:02 INFO: Epoch:  71 | train loss: 0.450370 | test loss: 0.609644 | auc: 0.692684 | avg of last 10 auc: 0.688911
2025-06-21 00:20:15 INFO: Epoch:  72 | train loss: 0.435042 | test loss: 0.766841 | auc: 0.720302 | avg of last 10 auc: 0.692941
2025-06-21 00:20:29 INFO: Epoch:  73 | train loss: 0.458181 | test loss: 0.586620 | auc: 0.706128 | avg of last 10 auc: 0.698652
2025-06-21 00:20:41 INFO: Epoch:  74 | train loss: 0.429322 | test loss: 0.651354 | auc: 0.710777 | avg of last 10 auc: 0.697827
2025-06-21 00:20:54 INFO: Epoch:  75 | train loss: 0.445712 | test loss: 0.594986 | auc: 0.708251 | avg of last 10 auc: 0.704277
2025-06-21 00:21:07 INFO: Epoch:  76 | train loss: 0.431513 | test loss: 0.617095 | auc: 0.677255 | avg of last 10 auc: 0.704201
2025-06-21 00:21:20 INFO: Epoch:  77 | train loss: 0.428421 | test loss: 0.631182 | auc: 0.684109 | avg of last 10 auc: 0.700715
2025-06-21 00:21:33 INFO: Epoch:  78 | train loss: 0.429121 | test loss: 0.677875 | auc: 0.718355 | avg of last 10 auc: 0.697192
2025-06-21 00:21:46 INFO: Epoch:  79 | train loss: 0.425098 | test loss: 0.636859 | auc: 0.687748 | avg of last 10 auc: 0.701399
2025-06-21 00:21:59 INFO: Epoch:  80 | train loss: 0.438034 | test loss: 0.725097 | auc: 0.703064 | avg of last 10 auc: 0.699714
