2025-06-19 19:43:28 INFO: Start training:
2025-06-19 19:43:28 INFO: Arguments: Namespace(epoch=80, batch_size=16, lr=0.00025, show_per_epoch=2, show_img_count=2, patch_size=32, mask_rate=0.5, save_every=5, seed=0, mask_roi='true', mask_non_roi='true', output_folder='experiments/experiment_mask_all_32px')
2025-06-19 19:43:28 INFO: Using device: cuda:0
2025-06-19 19:46:38 INFO: Epoch:   1 | train loss: 0.137705 | test loss: 0.145216
2025-06-19 19:47:52 INFO: Epoch:   2 | train loss: 0.088419 | test loss: 0.086227
2025-06-19 19:49:04 INFO: Epoch:   3 | train loss: 0.079878 | test loss: 0.071254
2025-06-19 19:50:17 INFO: Epoch:   4 | train loss: 0.074989 | test loss: 0.065754
2025-06-19 19:51:31 INFO: Epoch:   5 | train loss: 0.073461 | test loss: 0.076386
2025-06-19 19:52:45 INFO: Epoch:   6 | train loss: 0.071576 | test loss: 0.060250
2025-06-19 19:53:59 INFO: Epoch:   7 | train loss: 0.068166 | test loss: 0.098114
2025-06-19 19:55:13 INFO: Epoch:   8 | train loss: 0.074929 | test loss: 0.059903
2025-06-19 19:56:27 INFO: Epoch:   9 | train loss: 0.067813 | test loss: 0.239427
2025-06-19 19:57:40 INFO: Epoch:  10 | train loss: 0.065806 | test loss: 0.074890
2025-06-19 19:58:54 INFO: Epoch:  11 | train loss: 0.065514 | test loss: 0.063446
2025-06-19 20:00:07 INFO: Epoch:  12 | train loss: 0.065650 | test loss: 0.792932
2025-06-19 20:01:20 INFO: Epoch:  13 | train loss: 0.066934 | test loss: 0.068063
2025-06-19 20:02:33 INFO: Epoch:  14 | train loss: 0.064411 | test loss: 0.902360
2025-06-19 20:03:47 INFO: Epoch:  15 | train loss: 0.072566 | test loss: 0.067449
2025-06-19 20:05:02 INFO: Epoch:  16 | train loss: 0.066366 | test loss: 0.069110
2025-06-19 20:06:14 INFO: Epoch:  17 | train loss: 0.063825 | test loss: 0.053763
2025-06-19 20:07:28 INFO: Epoch:  18 | train loss: 0.062254 | test loss: 0.066581
2025-06-19 20:08:40 INFO: Epoch:  19 | train loss: 0.061075 | test loss: 0.055195
2025-06-19 20:09:53 INFO: Epoch:  20 | train loss: 0.059467 | test loss: 0.054677
2025-06-19 20:11:08 INFO: Epoch:  21 | train loss: 0.058682 | test loss: 0.054108
2025-06-19 20:12:24 INFO: Epoch:  22 | train loss: 0.057862 | test loss: 0.055464
2025-06-19 20:13:38 INFO: Epoch:  23 | train loss: 0.055108 | test loss: 0.810501
2025-06-19 20:14:52 INFO: Epoch:  24 | train loss: 0.060461 | test loss: 0.062767
2025-06-19 20:16:08 INFO: Epoch:  25 | train loss: 0.053989 | test loss: 0.050095
2025-06-19 20:17:22 INFO: Epoch:  26 | train loss: 0.053329 | test loss: 0.050106
2025-06-19 20:18:37 INFO: Epoch:  27 | train loss: 0.052306 | test loss: 0.048357
2025-06-19 20:19:51 INFO: Epoch:  28 | train loss: 0.051524 | test loss: 0.059658
2025-06-19 20:21:06 INFO: Epoch:  29 | train loss: 0.051233 | test loss: 0.049281
2025-06-19 20:22:19 INFO: Epoch:  30 | train loss: 0.051253 | test loss: 0.048365
2025-06-19 20:23:35 INFO: Epoch:  31 | train loss: 0.050565 | test loss: 0.047088
2025-06-19 20:24:49 INFO: Epoch:  32 | train loss: 0.050534 | test loss: 0.049976
2025-06-19 20:26:02 INFO: Epoch:  33 | train loss: 0.050112 | test loss: 0.049475
2025-06-19 20:27:15 INFO: Epoch:  34 | train loss: 0.050257 | test loss: 0.047891
2025-06-19 20:28:29 INFO: Epoch:  35 | train loss: 0.049600 | test loss: 0.063634
2025-06-19 20:29:43 INFO: Epoch:  36 | train loss: 0.049105 | test loss: 0.049400
2025-06-19 20:30:57 INFO: Epoch:  37 | train loss: 0.050062 | test loss: 0.050799
2025-06-19 20:32:11 INFO: Epoch:  38 | train loss: 0.049333 | test loss: 0.078170
2025-06-19 20:33:25 INFO: Epoch:  39 | train loss: 0.049487 | test loss: 0.046267
2025-06-19 20:34:39 INFO: Epoch:  40 | train loss: 0.048223 | test loss: 0.046753
2025-06-19 20:35:54 INFO: Epoch:  41 | train loss: 0.047730 | test loss: 0.046531
2025-06-19 20:37:08 INFO: Epoch:  42 | train loss: 0.047343 | test loss: 0.060513
2025-06-19 20:38:22 INFO: Epoch:  43 | train loss: 0.047819 | test loss: 0.045399
2025-06-19 20:39:36 INFO: Epoch:  44 | train loss: 0.047430 | test loss: 0.045356
2025-06-19 20:40:50 INFO: Epoch:  45 | train loss: 0.047433 | test loss: 0.050489
2025-06-19 20:42:04 INFO: Epoch:  46 | train loss: 0.049560 | test loss: 0.046682
2025-06-19 20:43:18 INFO: Epoch:  47 | train loss: 0.048288 | test loss: 0.047892
2025-06-19 20:44:32 INFO: Epoch:  48 | train loss: 0.047364 | test loss: 0.049895
2025-06-19 20:45:48 INFO: Epoch:  49 | train loss: 0.047081 | test loss: 0.047474
2025-06-19 20:47:03 INFO: Epoch:  50 | train loss: 0.046487 | test loss: 0.045073
2025-06-19 20:48:19 INFO: Epoch:  51 | train loss: 0.046050 | test loss: 0.049082
2025-06-19 20:49:35 INFO: Epoch:  52 | train loss: 0.046641 | test loss: 0.045691
2025-06-19 20:50:53 INFO: Epoch:  53 | train loss: 0.045859 | test loss: 0.045993
2025-06-19 20:52:09 INFO: Epoch:  54 | train loss: 0.046186 | test loss: 0.047248
2025-06-19 20:53:24 INFO: Epoch:  55 | train loss: 0.046334 | test loss: 0.045945
2025-06-19 20:54:39 INFO: Epoch:  56 | train loss: 0.045442 | test loss: 0.044201
2025-06-19 20:55:54 INFO: Epoch:  57 | train loss: 0.045155 | test loss: 0.044531
2025-06-19 20:57:12 INFO: Epoch:  58 | train loss: 0.045103 | test loss: 0.045345
2025-06-19 20:58:28 INFO: Epoch:  59 | train loss: 0.045775 | test loss: 0.045222
2025-06-19 20:59:44 INFO: Epoch:  60 | train loss: 0.044801 | test loss: 0.044296
2025-06-19 21:00:59 INFO: Epoch:  61 | train loss: 0.044831 | test loss: 0.053904
2025-06-19 21:02:16 INFO: Epoch:  62 | train loss: 0.044931 | test loss: 0.046112
2025-06-19 21:03:31 INFO: Epoch:  63 | train loss: 0.045392 | test loss: 0.044929
2025-06-19 21:04:47 INFO: Epoch:  64 | train loss: 0.044299 | test loss: 0.046445
2025-06-19 21:06:03 INFO: Epoch:  65 | train loss: 0.044239 | test loss: 0.044493
2025-06-19 21:07:19 INFO: Epoch:  66 | train loss: 0.044432 | test loss: 0.055164
2025-06-19 21:08:35 INFO: Epoch:  67 | train loss: 0.044071 | test loss: 0.044154
2025-06-19 21:09:51 INFO: Epoch:  68 | train loss: 0.044525 | test loss: 0.044701
2025-06-19 21:11:07 INFO: Epoch:  69 | train loss: 0.043939 | test loss: 0.043793
2025-06-19 21:12:23 INFO: Epoch:  70 | train loss: 0.043815 | test loss: 0.044716
2025-06-19 21:13:40 INFO: Epoch:  71 | train loss: 0.044787 | test loss: 0.044566
2025-06-19 21:14:56 INFO: Epoch:  72 | train loss: 0.043847 | test loss: 0.043283
2025-06-19 21:16:14 INFO: Epoch:  73 | train loss: 0.043924 | test loss: 0.043702
2025-06-19 21:17:34 INFO: Epoch:  74 | train loss: 0.043631 | test loss: 0.047552
2025-06-19 21:18:52 INFO: Epoch:  75 | train loss: 0.043883 | test loss: 0.043203
2025-06-19 21:20:12 INFO: Epoch:  76 | train loss: 0.043463 | test loss: 0.043181
2025-06-19 21:21:29 INFO: Epoch:  77 | train loss: 0.043660 | test loss: 0.043655
2025-06-19 21:22:47 INFO: Epoch:  78 | train loss: 0.043130 | test loss: 0.044062
2025-06-19 21:24:09 INFO: Epoch:  79 | train loss: 0.043167 | test loss: 0.080671
2025-06-19 21:25:27 INFO: Epoch:  80 | train loss: 0.043064 | test loss: 0.043735
