2025-06-20 09:00:54 INFO: Start finetuning:
2025-06-20 09:00:54 INFO: Arguments: Namespace(epoch=80, batch_size=16, lr=0.0005, model_path_in_folder='pretrain/80epoch.pth', folder_path='experiments/experiment_mask_ROI_8px', seed=None, patience=10, repeats=3, save_every=1)
2025-06-20 09:00:54 INFO: Using device: cuda:0
2025-06-20 09:02:27 INFO: Epoch:   1 | train loss: 0.591991 | test loss: 0.595589 | auc: 0.567622 | avg of last 10 auc: nan
2025-06-20 09:02:39 INFO: Epoch:   2 | train loss: 0.561083 | test loss: 0.599105 | auc: 0.566183 | avg of last 10 auc: 0.567622
2025-06-20 09:02:52 INFO: Epoch:   3 | train loss: 0.576492 | test loss: 0.592806 | auc: 0.574763 | avg of last 10 auc: 0.566903
2025-06-20 09:03:04 INFO: Epoch:   4 | train loss: 0.568676 | test loss: 0.593189 | auc: 0.574985 | avg of last 10 auc: 0.569523
2025-06-20 09:03:16 INFO: Epoch:   5 | train loss: 0.563177 | test loss: 0.595128 | auc: 0.569278 | avg of last 10 auc: 0.570888
2025-06-20 09:03:28 INFO: Epoch:   6 | train loss: 0.557086 | test loss: 0.593407 | auc: 0.566837 | avg of last 10 auc: 0.570566
2025-06-20 09:03:41 INFO: Epoch:   7 | train loss: 0.566661 | test loss: 0.593973 | auc: 0.573991 | avg of last 10 auc: 0.569945
2025-06-20 09:03:53 INFO: Epoch:   8 | train loss: 0.564470 | test loss: 0.588450 | auc: 0.582537 | avg of last 10 auc: 0.570523
2025-06-20 09:04:05 INFO: Epoch:   9 | train loss: 0.562927 | test loss: 0.592559 | auc: 0.584274 | avg of last 10 auc: 0.572024
2025-06-20 09:04:17 INFO: Epoch:  10 | train loss: 0.550953 | test loss: 0.593236 | auc: 0.571950 | avg of last 10 auc: 0.573386
2025-06-20 09:04:30 INFO: Epoch:  11 | train loss: 0.565978 | test loss: 0.582220 | auc: 0.621058 | avg of last 10 auc: 0.573242
2025-06-20 09:04:42 INFO: Epoch:  12 | train loss: 0.551821 | test loss: 0.594083 | auc: 0.611609 | avg of last 10 auc: 0.578586
2025-06-20 09:04:54 INFO: Epoch:  13 | train loss: 0.567253 | test loss: 0.592953 | auc: 0.599321 | avg of last 10 auc: 0.583128
2025-06-20 09:05:07 INFO: Epoch:  14 | train loss: 0.570634 | test loss: 0.580899 | auc: 0.627114 | avg of last 10 auc: 0.585584
2025-06-20 09:05:19 INFO: Epoch:  15 | train loss: 0.554878 | test loss: 0.586309 | auc: 0.624581 | avg of last 10 auc: 0.590797
2025-06-20 09:05:31 INFO: Epoch:  16 | train loss: 0.548772 | test loss: 0.602810 | auc: 0.596107 | avg of last 10 auc: 0.596327
2025-06-20 09:05:44 INFO: Epoch:  17 | train loss: 0.551255 | test loss: 0.578772 | auc: 0.627649 | avg of last 10 auc: 0.599254
2025-06-20 09:05:56 INFO: Epoch:  18 | train loss: 0.548941 | test loss: 0.588434 | auc: 0.635948 | avg of last 10 auc: 0.604620
2025-06-20 09:06:09 INFO: Epoch:  19 | train loss: 0.552696 | test loss: 0.600821 | auc: 0.613995 | avg of last 10 auc: 0.609961
2025-06-20 09:06:21 INFO: Epoch:  20 | train loss: 0.567808 | test loss: 0.583736 | auc: 0.631936 | avg of last 10 auc: 0.612933
2025-06-20 09:06:33 INFO: Epoch:  21 | train loss: 0.553755 | test loss: 0.582696 | auc: 0.646477 | avg of last 10 auc: 0.618932
2025-06-20 09:06:46 INFO: Epoch:  22 | train loss: 0.546395 | test loss: 0.574930 | auc: 0.652215 | avg of last 10 auc: 0.621474
2025-06-20 09:06:58 INFO: Epoch:  23 | train loss: 0.545658 | test loss: 0.603807 | auc: 0.638881 | avg of last 10 auc: 0.625534
2025-06-20 09:07:10 INFO: Epoch:  24 | train loss: 0.550215 | test loss: 0.588284 | auc: 0.629181 | avg of last 10 auc: 0.629490
2025-06-20 09:07:22 INFO: Epoch:  25 | train loss: 0.554652 | test loss: 0.597192 | auc: 0.633834 | avg of last 10 auc: 0.629697
2025-06-20 09:07:35 INFO: Epoch:  26 | train loss: 0.545582 | test loss: 0.609409 | auc: 0.663274 | avg of last 10 auc: 0.630622
2025-06-20 09:07:47 INFO: Epoch:  27 | train loss: 0.559162 | test loss: 0.604327 | auc: 0.633667 | avg of last 10 auc: 0.637339
2025-06-20 09:07:59 INFO: Epoch:  28 | train loss: 0.554802 | test loss: 0.587101 | auc: 0.656922 | avg of last 10 auc: 0.637941
2025-06-20 09:08:12 INFO: Epoch:  29 | train loss: 0.541882 | test loss: 0.575698 | auc: 0.659546 | avg of last 10 auc: 0.640038
2025-06-20 09:08:24 INFO: Epoch:  30 | train loss: 0.549312 | test loss: 0.587724 | auc: 0.653394 | avg of last 10 auc: 0.644593
2025-06-20 09:08:36 INFO: Epoch:  31 | train loss: 0.541347 | test loss: 0.585681 | auc: 0.666304 | avg of last 10 auc: 0.646739
2025-06-20 09:08:48 INFO: Epoch:  32 | train loss: 0.552558 | test loss: 0.570564 | auc: 0.666717 | avg of last 10 auc: 0.648722
2025-06-20 09:09:01 INFO: Epoch:  33 | train loss: 0.555694 | test loss: 0.590878 | auc: 0.648218 | avg of last 10 auc: 0.650172
2025-06-20 09:09:13 INFO: Epoch:  34 | train loss: 0.550539 | test loss: 0.574186 | auc: 0.669786 | avg of last 10 auc: 0.651106
2025-06-20 09:09:26 INFO: Epoch:  35 | train loss: 0.556365 | test loss: 0.584153 | auc: 0.648354 | avg of last 10 auc: 0.655166
2025-06-20 09:09:38 INFO: Epoch:  36 | train loss: 0.542741 | test loss: 0.577380 | auc: 0.665786 | avg of last 10 auc: 0.656618
2025-06-20 09:09:50 INFO: Epoch:  37 | train loss: 0.532425 | test loss: 0.601389 | auc: 0.633750 | avg of last 10 auc: 0.656869
2025-06-20 09:10:02 INFO: Epoch:  38 | train loss: 0.541986 | test loss: 0.613115 | auc: 0.670106 | avg of last 10 auc: 0.656878
2025-06-20 09:10:15 INFO: Epoch:  39 | train loss: 0.538492 | test loss: 0.577649 | auc: 0.622933 | avg of last 10 auc: 0.658196
2025-06-20 09:10:27 INFO: Epoch:  40 | train loss: 0.544587 | test loss: 0.564921 | auc: 0.681868 | avg of last 10 auc: 0.654535
2025-06-20 09:10:39 INFO: Epoch:  41 | train loss: 0.548969 | test loss: 0.581504 | auc: 0.644785 | avg of last 10 auc: 0.657382
2025-06-20 09:10:51 INFO: Epoch:  42 | train loss: 0.525038 | test loss: 0.580542 | auc: 0.669429 | avg of last 10 auc: 0.655230
2025-06-20 09:11:04 INFO: Epoch:  43 | train loss: 0.540386 | test loss: 0.609749 | auc: 0.630845 | avg of last 10 auc: 0.655502
2025-06-20 09:11:16 INFO: Epoch:  44 | train loss: 0.539802 | test loss: 0.575418 | auc: 0.651805 | avg of last 10 auc: 0.653764
2025-06-20 09:11:28 INFO: Epoch:  45 | train loss: 0.511860 | test loss: 0.584265 | auc: 0.667745 | avg of last 10 auc: 0.651966
2025-06-20 09:11:41 INFO: Epoch:  46 | train loss: 0.532419 | test loss: 0.579206 | auc: 0.643795 | avg of last 10 auc: 0.653905
2025-06-20 09:11:53 INFO: Epoch:  47 | train loss: 0.534176 | test loss: 0.582845 | auc: 0.662946 | avg of last 10 auc: 0.651706
2025-06-20 09:12:06 INFO: Epoch:  48 | train loss: 0.537925 | test loss: 0.586472 | auc: 0.641955 | avg of last 10 auc: 0.654626
2025-06-20 09:12:18 INFO: Epoch:  49 | train loss: 0.523704 | test loss: 0.567089 | auc: 0.667734 | avg of last 10 auc: 0.651811
2025-06-20 09:12:31 INFO: Epoch:  50 | train loss: 0.513877 | test loss: 0.627508 | auc: 0.677125 | avg of last 10 auc: 0.656291
2025-06-20 09:12:43 INFO: Epoch:  51 | train loss: 0.509052 | test loss: 0.587663 | auc: 0.654092 | avg of last 10 auc: 0.655817
2025-06-20 09:12:55 INFO: Epoch:  52 | train loss: 0.527171 | test loss: 0.567971 | auc: 0.652617 | avg of last 10 auc: 0.656747
2025-06-20 09:13:08 INFO: Epoch:  53 | train loss: 0.510667 | test loss: 0.621567 | auc: 0.661605 | avg of last 10 auc: 0.655066
2025-06-20 09:13:20 INFO: Epoch:  54 | train loss: 0.508373 | test loss: 0.616370 | auc: 0.662001 | avg of last 10 auc: 0.658142
2025-06-20 09:13:32 INFO: Epoch:  55 | train loss: 0.505829 | test loss: 0.572555 | auc: 0.686051 | avg of last 10 auc: 0.659162
2025-06-20 09:13:45 INFO: Epoch:  56 | train loss: 0.511386 | test loss: 0.560980 | auc: 0.665095 | avg of last 10 auc: 0.660992
2025-06-20 09:13:57 INFO: Epoch:  57 | train loss: 0.516205 | test loss: 0.557981 | auc: 0.676873 | avg of last 10 auc: 0.663122
2025-06-20 09:14:09 INFO: Epoch:  58 | train loss: 0.503881 | test loss: 0.550677 | auc: 0.694519 | avg of last 10 auc: 0.664515
2025-06-20 09:14:22 INFO: Epoch:  59 | train loss: 0.508962 | test loss: 0.590048 | auc: 0.663541 | avg of last 10 auc: 0.669771
2025-06-20 09:14:34 INFO: Epoch:  60 | train loss: 0.520269 | test loss: 0.712298 | auc: 0.648526 | avg of last 10 auc: 0.669352
2025-06-20 09:14:46 INFO: Epoch:  61 | train loss: 0.507331 | test loss: 0.603086 | auc: 0.655731 | avg of last 10 auc: 0.666492
2025-06-20 09:14:58 INFO: Epoch:  62 | train loss: 0.490365 | test loss: 0.658248 | auc: 0.675218 | avg of last 10 auc: 0.666656
2025-06-20 09:15:11 INFO: Epoch:  63 | train loss: 0.500620 | test loss: 0.566941 | auc: 0.671487 | avg of last 10 auc: 0.668916
2025-06-20 09:15:24 INFO: Epoch:  64 | train loss: 0.481825 | test loss: 0.588372 | auc: 0.649075 | avg of last 10 auc: 0.669904
2025-06-20 09:15:36 INFO: Epoch:  65 | train loss: 0.477246 | test loss: 0.658966 | auc: 0.677998 | avg of last 10 auc: 0.668612
2025-06-20 09:15:48 INFO: Epoch:  66 | train loss: 0.497891 | test loss: 0.584173 | auc: 0.685072 | avg of last 10 auc: 0.667806
2025-06-20 09:16:00 INFO: Epoch:  67 | train loss: 0.480796 | test loss: 0.630795 | auc: 0.686764 | avg of last 10 auc: 0.669804
2025-06-20 09:16:13 INFO: Epoch:  68 | train loss: 0.488777 | test loss: 0.594228 | auc: 0.670016 | avg of last 10 auc: 0.670793
2025-06-20 09:16:25 INFO: Epoch:  69 | train loss: 0.482041 | test loss: 0.556997 | auc: 0.694191 | avg of last 10 auc: 0.668343
2025-06-20 09:16:37 INFO: Epoch:  70 | train loss: 0.487506 | test loss: 0.575542 | auc: 0.669281 | avg of last 10 auc: 0.671408
2025-06-20 09:16:50 INFO: Epoch:  71 | train loss: 0.481690 | test loss: 0.692489 | auc: 0.684015 | avg of last 10 auc: 0.673483
2025-06-20 09:17:02 INFO: Epoch:  72 | train loss: 0.482915 | test loss: 0.594194 | auc: 0.679528 | avg of last 10 auc: 0.676312
2025-06-20 09:17:14 INFO: Epoch:  73 | train loss: 0.482315 | test loss: 0.586912 | auc: 0.658501 | avg of last 10 auc: 0.676743
2025-06-20 09:17:26 INFO: Epoch:  74 | train loss: 0.490620 | test loss: 0.569103 | auc: 0.680563 | avg of last 10 auc: 0.675444
2025-06-20 09:17:39 INFO: Epoch:  75 | train loss: 0.456002 | test loss: 0.624654 | auc: 0.698296 | avg of last 10 auc: 0.678593
2025-06-20 09:17:51 INFO: Epoch:  76 | train loss: 0.460970 | test loss: 0.570219 | auc: 0.684904 | avg of last 10 auc: 0.680623
2025-06-20 09:18:03 INFO: Epoch:  77 | train loss: 0.479881 | test loss: 0.572172 | auc: 0.681785 | avg of last 10 auc: 0.680606
2025-06-20 09:18:16 INFO: Epoch:  78 | train loss: 0.428066 | test loss: 0.598433 | auc: 0.680906 | avg of last 10 auc: 0.680108
2025-06-20 09:18:28 INFO: Epoch:  79 | train loss: 0.453974 | test loss: 0.680888 | auc: 0.665985 | avg of last 10 auc: 0.681197
2025-06-20 09:18:40 INFO: Epoch:  80 | train loss: 0.468599 | test loss: 0.610520 | auc: 0.700813 | avg of last 10 auc: 0.678376
