2025-06-21 03:11:48 INFO: Start finetuning:
2025-06-21 03:11:48 INFO: Arguments: Namespace(epoch=80, batch_size=16, lr=0.0005, model_path_in_folder='pretrain/80epoch.pth', folder_path='experiments/experiment_mask_non_ROI_8px', seed=None, patience=10, repeats=2, add_to_run_num=3, save_every=1)
2025-06-21 03:11:48 INFO: Using device: cuda:0
2025-06-21 03:14:28 INFO: Epoch:   1 | train loss: 0.580776 | test loss: 0.599906 | auc: 0.543343 | avg of last 10 auc: nan
2025-06-21 03:14:40 INFO: Epoch:   2 | train loss: 0.572291 | test loss: 0.593642 | auc: 0.552419 | avg of last 10 auc: 0.543343
2025-06-21 03:14:52 INFO: Epoch:   3 | train loss: 0.563286 | test loss: 0.602491 | auc: 0.544946 | avg of last 10 auc: 0.547881
2025-06-21 03:15:04 INFO: Epoch:   4 | train loss: 0.567932 | test loss: 0.589602 | auc: 0.573481 | avg of last 10 auc: 0.546903
2025-06-21 03:15:16 INFO: Epoch:   5 | train loss: 0.566381 | test loss: 0.604937 | auc: 0.572193 | avg of last 10 auc: 0.553547
2025-06-21 03:15:29 INFO: Epoch:   6 | train loss: 0.560193 | test loss: 0.608466 | auc: 0.572623 | avg of last 10 auc: 0.557277
2025-06-21 03:15:42 INFO: Epoch:   7 | train loss: 0.560861 | test loss: 0.590618 | auc: 0.593123 | avg of last 10 auc: 0.559834
2025-06-21 03:15:55 INFO: Epoch:   8 | train loss: 0.561494 | test loss: 0.587251 | auc: 0.599203 | avg of last 10 auc: 0.564590
2025-06-21 03:16:07 INFO: Epoch:   9 | train loss: 0.574604 | test loss: 0.617950 | auc: 0.586102 | avg of last 10 auc: 0.568916
2025-06-21 03:16:20 INFO: Epoch:  10 | train loss: 0.561212 | test loss: 0.589168 | auc: 0.599948 | avg of last 10 auc: 0.570826
2025-06-21 03:16:32 INFO: Epoch:  11 | train loss: 0.563583 | test loss: 0.590280 | auc: 0.590987 | avg of last 10 auc: 0.573738
2025-06-21 03:16:44 INFO: Epoch:  12 | train loss: 0.560891 | test loss: 0.605012 | auc: 0.613617 | avg of last 10 auc: 0.578503
2025-06-21 03:16:58 INFO: Epoch:  13 | train loss: 0.562910 | test loss: 0.577674 | auc: 0.649622 | avg of last 10 auc: 0.584622
2025-06-21 03:17:10 INFO: Epoch:  14 | train loss: 0.559451 | test loss: 0.622001 | auc: 0.609560 | avg of last 10 auc: 0.595090
2025-06-21 03:17:22 INFO: Epoch:  15 | train loss: 0.549883 | test loss: 0.598157 | auc: 0.609289 | avg of last 10 auc: 0.598698
2025-06-21 03:17:35 INFO: Epoch:  16 | train loss: 0.555521 | test loss: 0.575851 | auc: 0.633277 | avg of last 10 auc: 0.602407
2025-06-21 03:17:48 INFO: Epoch:  17 | train loss: 0.551786 | test loss: 0.621788 | auc: 0.614204 | avg of last 10 auc: 0.608473
2025-06-21 03:18:02 INFO: Epoch:  18 | train loss: 0.575170 | test loss: 0.576823 | auc: 0.645547 | avg of last 10 auc: 0.610581
2025-06-21 03:18:17 INFO: Epoch:  19 | train loss: 0.559894 | test loss: 0.576182 | auc: 0.653350 | avg of last 10 auc: 0.615215
2025-06-21 03:18:30 INFO: Epoch:  20 | train loss: 0.543812 | test loss: 0.573482 | auc: 0.649434 | avg of last 10 auc: 0.621940
2025-06-21 03:18:44 INFO: Epoch:  21 | train loss: 0.557692 | test loss: 0.576234 | auc: 0.632686 | avg of last 10 auc: 0.626889
2025-06-21 03:18:57 INFO: Epoch:  22 | train loss: 0.560452 | test loss: 0.583976 | auc: 0.621118 | avg of last 10 auc: 0.631059
2025-06-21 03:19:10 INFO: Epoch:  23 | train loss: 0.548602 | test loss: 0.582428 | auc: 0.639705 | avg of last 10 auc: 0.631809
2025-06-21 03:19:22 INFO: Epoch:  24 | train loss: 0.544817 | test loss: 0.584546 | auc: 0.653750 | avg of last 10 auc: 0.630817
2025-06-21 03:19:35 INFO: Epoch:  25 | train loss: 0.547998 | test loss: 0.607838 | auc: 0.634616 | avg of last 10 auc: 0.635236
2025-06-21 03:19:48 INFO: Epoch:  26 | train loss: 0.545287 | test loss: 0.603025 | auc: 0.646352 | avg of last 10 auc: 0.637769
2025-06-21 03:20:01 INFO: Epoch:  27 | train loss: 0.539241 | test loss: 0.576878 | auc: 0.640157 | avg of last 10 auc: 0.639076
2025-06-21 03:20:14 INFO: Epoch:  28 | train loss: 0.553370 | test loss: 0.588836 | auc: 0.666795 | avg of last 10 auc: 0.641672
2025-06-21 03:20:28 INFO: Epoch:  29 | train loss: 0.534331 | test loss: 0.583968 | auc: 0.658349 | avg of last 10 auc: 0.643796
2025-06-21 03:20:40 INFO: Epoch:  30 | train loss: 0.554163 | test loss: 0.579750 | auc: 0.635639 | avg of last 10 auc: 0.644296
2025-06-21 03:20:52 INFO: Epoch:  31 | train loss: 0.540177 | test loss: 0.602669 | auc: 0.627367 | avg of last 10 auc: 0.642917
2025-06-21 03:21:05 INFO: Epoch:  32 | train loss: 0.546600 | test loss: 0.632197 | auc: 0.651336 | avg of last 10 auc: 0.642385
2025-06-21 03:21:17 INFO: Epoch:  33 | train loss: 0.536481 | test loss: 0.619328 | auc: 0.667861 | avg of last 10 auc: 0.645407
2025-06-21 03:21:30 INFO: Epoch:  34 | train loss: 0.530793 | test loss: 0.611177 | auc: 0.658453 | avg of last 10 auc: 0.648222
2025-06-21 03:21:43 INFO: Epoch:  35 | train loss: 0.543122 | test loss: 0.594792 | auc: 0.626102 | avg of last 10 auc: 0.648693
2025-06-21 03:21:55 INFO: Epoch:  36 | train loss: 0.526563 | test loss: 0.576324 | auc: 0.633429 | avg of last 10 auc: 0.647841
2025-06-21 03:22:08 INFO: Epoch:  37 | train loss: 0.545246 | test loss: 0.587114 | auc: 0.654494 | avg of last 10 auc: 0.646549
2025-06-21 03:22:21 INFO: Epoch:  38 | train loss: 0.524511 | test loss: 0.632335 | auc: 0.627515 | avg of last 10 auc: 0.647983
2025-06-21 03:22:34 INFO: Epoch:  39 | train loss: 0.542067 | test loss: 0.659063 | auc: 0.607164 | avg of last 10 auc: 0.644055
2025-06-21 03:22:47 INFO: Epoch:  40 | train loss: 0.536207 | test loss: 0.621860 | auc: 0.543289 | avg of last 10 auc: 0.638936
2025-06-21 03:23:00 INFO: Epoch:  41 | train loss: 0.521663 | test loss: 0.574158 | auc: 0.655312 | avg of last 10 auc: 0.629701
2025-06-21 03:23:14 INFO: Epoch:  42 | train loss: 0.533825 | test loss: 0.581690 | auc: 0.640146 | avg of last 10 auc: 0.632496
2025-06-21 03:23:28 INFO: Epoch:  43 | train loss: 0.524231 | test loss: 0.584159 | auc: 0.662351 | avg of last 10 auc: 0.631377
2025-06-21 03:23:41 INFO: Epoch:  44 | train loss: 0.519196 | test loss: 0.650714 | auc: 0.641404 | avg of last 10 auc: 0.630826
2025-06-21 03:23:54 INFO: Epoch:  45 | train loss: 0.528819 | test loss: 0.567977 | auc: 0.659327 | avg of last 10 auc: 0.629121
2025-06-21 03:24:08 INFO: Epoch:  46 | train loss: 0.513950 | test loss: 0.604079 | auc: 0.671411 | avg of last 10 auc: 0.632443
2025-06-21 03:24:21 INFO: Epoch:  47 | train loss: 0.501034 | test loss: 0.600149 | auc: 0.620999 | avg of last 10 auc: 0.636241
2025-06-21 03:24:34 INFO: Epoch:  48 | train loss: 0.512102 | test loss: 0.587303 | auc: 0.683525 | avg of last 10 auc: 0.632892
2025-06-21 03:24:47 INFO: Epoch:  49 | train loss: 0.509041 | test loss: 0.685600 | auc: 0.681220 | avg of last 10 auc: 0.638493
2025-06-21 03:25:01 INFO: Epoch:  50 | train loss: 0.498396 | test loss: 0.617262 | auc: 0.688864 | avg of last 10 auc: 0.645899
2025-06-21 03:25:15 INFO: Epoch:  51 | train loss: 0.495617 | test loss: 0.598759 | auc: 0.629070 | avg of last 10 auc: 0.660456
2025-06-21 03:25:29 INFO: Epoch:  52 | train loss: 0.516965 | test loss: 0.575216 | auc: 0.672905 | avg of last 10 auc: 0.657832
2025-06-21 03:25:43 INFO: Epoch:  53 | train loss: 0.485478 | test loss: 0.620479 | auc: 0.676346 | avg of last 10 auc: 0.661108
2025-06-21 03:25:56 INFO: Epoch:  54 | train loss: 0.500398 | test loss: 0.577398 | auc: 0.666184 | avg of last 10 auc: 0.662507
2025-06-21 03:26:10 INFO: Epoch:  55 | train loss: 0.490268 | test loss: 0.565408 | auc: 0.715541 | avg of last 10 auc: 0.664985
2025-06-21 03:26:23 INFO: Epoch:  56 | train loss: 0.471363 | test loss: 0.590491 | auc: 0.685470 | avg of last 10 auc: 0.670607
2025-06-21 03:26:36 INFO: Epoch:  57 | train loss: 0.487225 | test loss: 0.583986 | auc: 0.666332 | avg of last 10 auc: 0.672012
2025-06-21 03:26:48 INFO: Epoch:  58 | train loss: 0.480955 | test loss: 0.659691 | auc: 0.687473 | avg of last 10 auc: 0.676546
2025-06-21 03:27:00 INFO: Epoch:  59 | train loss: 0.491624 | test loss: 0.613481 | auc: 0.711227 | avg of last 10 auc: 0.676941
2025-06-21 03:27:13 INFO: Epoch:  60 | train loss: 0.484689 | test loss: 0.583999 | auc: 0.711029 | avg of last 10 auc: 0.679941
2025-06-21 03:27:26 INFO: Epoch:  61 | train loss: 0.486721 | test loss: 0.634838 | auc: 0.707054 | avg of last 10 auc: 0.682158
2025-06-21 03:27:39 INFO: Epoch:  62 | train loss: 0.486301 | test loss: 0.556682 | auc: 0.690504 | avg of last 10 auc: 0.689956
2025-06-21 03:27:52 INFO: Epoch:  63 | train loss: 0.475820 | test loss: 0.692742 | auc: 0.713425 | avg of last 10 auc: 0.691716
2025-06-21 03:28:05 INFO: Epoch:  64 | train loss: 0.470740 | test loss: 0.710024 | auc: 0.640243 | avg of last 10 auc: 0.695424
2025-06-21 03:28:18 INFO: Epoch:  65 | train loss: 0.481412 | test loss: 0.623979 | auc: 0.699999 | avg of last 10 auc: 0.692830
2025-06-21 03:28:31 INFO: Epoch:  66 | train loss: 0.463089 | test loss: 0.643809 | auc: 0.717620 | avg of last 10 auc: 0.691276
2025-06-21 03:28:43 INFO: Epoch:  67 | train loss: 0.467329 | test loss: 0.630591 | auc: 0.701040 | avg of last 10 auc: 0.694491
2025-06-21 03:28:55 INFO: Epoch:  68 | train loss: 0.464156 | test loss: 0.735317 | auc: 0.648337 | avg of last 10 auc: 0.697961
2025-06-21 03:29:08 INFO: Epoch:  69 | train loss: 0.446035 | test loss: 0.746663 | auc: 0.713494 | avg of last 10 auc: 0.694048
2025-06-21 03:29:21 INFO: Epoch:  70 | train loss: 0.452200 | test loss: 0.765039 | auc: 0.724319 | avg of last 10 auc: 0.694274
2025-06-21 03:29:34 INFO: Epoch:  71 | train loss: 0.464595 | test loss: 0.558593 | auc: 0.713486 | avg of last 10 auc: 0.695603
2025-06-21 03:29:47 INFO: Epoch:  72 | train loss: 0.428510 | test loss: 0.598209 | auc: 0.720170 | avg of last 10 auc: 0.696247
2025-06-21 03:30:00 INFO: Epoch:  73 | train loss: 0.454486 | test loss: 0.568528 | auc: 0.717268 | avg of last 10 auc: 0.699213
2025-06-21 03:30:13 INFO: Epoch:  74 | train loss: 0.430039 | test loss: 0.639507 | auc: 0.712606 | avg of last 10 auc: 0.699598
2025-06-21 03:30:26 INFO: Epoch:  75 | train loss: 0.437183 | test loss: 0.588723 | auc: 0.698055 | avg of last 10 auc: 0.706834
2025-06-21 03:30:41 INFO: Epoch:  76 | train loss: 0.451517 | test loss: 0.588443 | auc: 0.685028 | avg of last 10 auc: 0.706640
2025-06-21 03:30:54 INFO: Epoch:  77 | train loss: 0.430068 | test loss: 0.582615 | auc: 0.707650 | avg of last 10 auc: 0.703380
2025-06-21 03:31:06 INFO: Epoch:  78 | train loss: 0.429457 | test loss: 0.599328 | auc: 0.724031 | avg of last 10 auc: 0.704041
2025-06-21 03:31:19 INFO: Epoch:  79 | train loss: 0.445699 | test loss: 0.605915 | auc: 0.673559 | avg of last 10 auc: 0.711611
2025-06-21 03:31:34 INFO: Epoch:  80 | train loss: 0.470560 | test loss: 0.624080 | auc: 0.705590 | avg of last 10 auc: 0.707617
