2025-06-21 01:54:31 INFO: Start finetuning:
2025-06-21 01:54:31 INFO: Arguments: Namespace(epoch=80, batch_size=16, lr=0.0005, model_path_in_folder='pretrain/80epoch.pth', folder_path='experiments/experiment_mask_all_8px', seed=None, patience=10, repeats=2, add_to_run_num=3, save_every=1)
2025-06-21 01:54:31 INFO: Using device: cuda:0
2025-06-21 01:56:50 INFO: Epoch:   1 | train loss: 0.580974 | test loss: 0.594089 | auc: 0.553652 | avg of last 10 auc: nan
2025-06-21 01:57:02 INFO: Epoch:   2 | train loss: 0.571349 | test loss: 0.589654 | auc: 0.573336 | avg of last 10 auc: 0.553652
2025-06-21 01:57:15 INFO: Epoch:   3 | train loss: 0.562524 | test loss: 0.601299 | auc: 0.570556 | avg of last 10 auc: 0.563494
2025-06-21 01:57:27 INFO: Epoch:   4 | train loss: 0.556846 | test loss: 0.600270 | auc: 0.578228 | avg of last 10 auc: 0.565848
2025-06-21 01:57:39 INFO: Epoch:   5 | train loss: 0.566541 | test loss: 0.612320 | auc: 0.566333 | avg of last 10 auc: 0.568943
2025-06-21 01:57:52 INFO: Epoch:   6 | train loss: 0.560640 | test loss: 0.588117 | auc: 0.577104 | avg of last 10 auc: 0.568421
2025-06-21 01:58:04 INFO: Epoch:   7 | train loss: 0.569370 | test loss: 0.591188 | auc: 0.579464 | avg of last 10 auc: 0.569868
2025-06-21 01:58:16 INFO: Epoch:   8 | train loss: 0.560865 | test loss: 0.593702 | auc: 0.575282 | avg of last 10 auc: 0.571239
2025-06-21 01:58:28 INFO: Epoch:   9 | train loss: 0.574369 | test loss: 0.587083 | auc: 0.592657 | avg of last 10 auc: 0.571744
2025-06-21 01:58:41 INFO: Epoch:  10 | train loss: 0.564727 | test loss: 0.590519 | auc: 0.584941 | avg of last 10 auc: 0.574068
2025-06-21 01:58:53 INFO: Epoch:  11 | train loss: 0.566365 | test loss: 0.596088 | auc: 0.588335 | avg of last 10 auc: 0.575155
2025-06-21 01:59:05 INFO: Epoch:  12 | train loss: 0.565877 | test loss: 0.620432 | auc: 0.583148 | avg of last 10 auc: 0.578624
2025-06-21 01:59:18 INFO: Epoch:  13 | train loss: 0.566847 | test loss: 0.584960 | auc: 0.602379 | avg of last 10 auc: 0.579605
2025-06-21 01:59:31 INFO: Epoch:  14 | train loss: 0.562104 | test loss: 0.606245 | auc: 0.593295 | avg of last 10 auc: 0.582787
2025-06-21 01:59:43 INFO: Epoch:  15 | train loss: 0.558232 | test loss: 0.582429 | auc: 0.643882 | avg of last 10 auc: 0.584294
2025-06-21 01:59:55 INFO: Epoch:  16 | train loss: 0.554283 | test loss: 0.578188 | auc: 0.626176 | avg of last 10 auc: 0.592049
2025-06-21 02:00:07 INFO: Epoch:  17 | train loss: 0.558718 | test loss: 0.613676 | auc: 0.597235 | avg of last 10 auc: 0.596956
2025-06-21 02:00:20 INFO: Epoch:  18 | train loss: 0.580971 | test loss: 0.582520 | auc: 0.636624 | avg of last 10 auc: 0.598733
2025-06-21 02:00:34 INFO: Epoch:  19 | train loss: 0.562020 | test loss: 0.582033 | auc: 0.629950 | avg of last 10 auc: 0.604867
2025-06-21 02:00:46 INFO: Epoch:  20 | train loss: 0.551085 | test loss: 0.583063 | auc: 0.614216 | avg of last 10 auc: 0.608597
2025-06-21 02:00:59 INFO: Epoch:  21 | train loss: 0.562875 | test loss: 0.590139 | auc: 0.596688 | avg of last 10 auc: 0.611524
2025-06-21 02:01:16 INFO: Epoch:  22 | train loss: 0.570399 | test loss: 0.578065 | auc: 0.660316 | avg of last 10 auc: 0.612359
2025-06-21 02:01:29 INFO: Epoch:  23 | train loss: 0.554439 | test loss: 0.578626 | auc: 0.646695 | avg of last 10 auc: 0.620076
2025-06-21 02:01:41 INFO: Epoch:  24 | train loss: 0.546764 | test loss: 0.606370 | auc: 0.633460 | avg of last 10 auc: 0.624508
2025-06-21 02:01:54 INFO: Epoch:  25 | train loss: 0.550637 | test loss: 0.588834 | auc: 0.621577 | avg of last 10 auc: 0.628524
2025-06-21 02:02:06 INFO: Epoch:  26 | train loss: 0.559251 | test loss: 0.606540 | auc: 0.627662 | avg of last 10 auc: 0.626294
2025-06-21 02:02:19 INFO: Epoch:  27 | train loss: 0.548927 | test loss: 0.573590 | auc: 0.652323 | avg of last 10 auc: 0.626442
2025-06-21 02:02:32 INFO: Epoch:  28 | train loss: 0.560166 | test loss: 0.580227 | auc: 0.646601 | avg of last 10 auc: 0.631951
2025-06-21 02:02:44 INFO: Epoch:  29 | train loss: 0.543667 | test loss: 0.617198 | auc: 0.625812 | avg of last 10 auc: 0.632949
2025-06-21 02:02:57 INFO: Epoch:  30 | train loss: 0.551522 | test loss: 0.572587 | auc: 0.671792 | avg of last 10 auc: 0.632535
2025-06-21 02:03:10 INFO: Epoch:  31 | train loss: 0.548864 | test loss: 0.583501 | auc: 0.639875 | avg of last 10 auc: 0.638293
2025-06-21 02:03:23 INFO: Epoch:  32 | train loss: 0.552210 | test loss: 0.639574 | auc: 0.651641 | avg of last 10 auc: 0.642611
2025-06-21 02:03:37 INFO: Epoch:  33 | train loss: 0.539383 | test loss: 0.673418 | auc: 0.638261 | avg of last 10 auc: 0.641744
2025-06-21 02:03:49 INFO: Epoch:  34 | train loss: 0.548187 | test loss: 0.604279 | auc: 0.669536 | avg of last 10 auc: 0.640900
2025-06-21 02:04:01 INFO: Epoch:  35 | train loss: 0.546399 | test loss: 0.584011 | auc: 0.650251 | avg of last 10 auc: 0.644508
2025-06-21 02:04:14 INFO: Epoch:  36 | train loss: 0.542063 | test loss: 0.573928 | auc: 0.648620 | avg of last 10 auc: 0.647375
2025-06-21 02:04:26 INFO: Epoch:  37 | train loss: 0.552952 | test loss: 0.595080 | auc: 0.653856 | avg of last 10 auc: 0.649471
2025-06-21 02:04:38 INFO: Epoch:  38 | train loss: 0.533393 | test loss: 0.635587 | auc: 0.607257 | avg of last 10 auc: 0.649625
2025-06-21 02:04:51 INFO: Epoch:  39 | train loss: 0.548336 | test loss: 0.581623 | auc: 0.643272 | avg of last 10 auc: 0.645690
2025-06-21 02:05:03 INFO: Epoch:  40 | train loss: 0.545274 | test loss: 0.605152 | auc: 0.604646 | avg of last 10 auc: 0.647436
2025-06-21 02:05:16 INFO: Epoch:  41 | train loss: 0.531430 | test loss: 0.625868 | auc: 0.646667 | avg of last 10 auc: 0.640722
2025-06-21 02:05:30 INFO: Epoch:  42 | train loss: 0.541330 | test loss: 0.560827 | auc: 0.675910 | avg of last 10 auc: 0.641401
2025-06-21 02:05:42 INFO: Epoch:  43 | train loss: 0.531100 | test loss: 0.591000 | auc: 0.669191 | avg of last 10 auc: 0.643828
2025-06-21 02:05:55 INFO: Epoch:  44 | train loss: 0.521340 | test loss: 0.632420 | auc: 0.663268 | avg of last 10 auc: 0.646921
2025-06-21 02:06:07 INFO: Epoch:  45 | train loss: 0.541454 | test loss: 0.572389 | auc: 0.679723 | avg of last 10 auc: 0.646294
2025-06-21 02:06:19 INFO: Epoch:  46 | train loss: 0.518134 | test loss: 0.611263 | auc: 0.692345 | avg of last 10 auc: 0.649241
2025-06-21 02:06:32 INFO: Epoch:  47 | train loss: 0.521392 | test loss: 0.559369 | auc: 0.681025 | avg of last 10 auc: 0.653614
2025-06-21 02:06:44 INFO: Epoch:  48 | train loss: 0.513291 | test loss: 0.599126 | auc: 0.685603 | avg of last 10 auc: 0.656330
2025-06-21 02:06:57 INFO: Epoch:  49 | train loss: 0.522489 | test loss: 0.565731 | auc: 0.672348 | avg of last 10 auc: 0.664165
2025-06-21 02:07:10 INFO: Epoch:  50 | train loss: 0.505420 | test loss: 0.597250 | auc: 0.662348 | avg of last 10 auc: 0.667073
2025-06-21 02:07:23 INFO: Epoch:  51 | train loss: 0.513555 | test loss: 0.580110 | auc: 0.649127 | avg of last 10 auc: 0.672843
2025-06-21 02:07:36 INFO: Epoch:  52 | train loss: 0.524402 | test loss: 0.577237 | auc: 0.686557 | avg of last 10 auc: 0.673089
2025-06-21 02:07:48 INFO: Epoch:  53 | train loss: 0.510081 | test loss: 0.578336 | auc: 0.662664 | avg of last 10 auc: 0.674154
2025-06-21 02:08:00 INFO: Epoch:  54 | train loss: 0.510405 | test loss: 0.581315 | auc: 0.683394 | avg of last 10 auc: 0.673501
2025-06-21 02:08:13 INFO: Epoch:  55 | train loss: 0.503604 | test loss: 0.605881 | auc: 0.701611 | avg of last 10 auc: 0.675514
2025-06-21 02:08:25 INFO: Epoch:  56 | train loss: 0.490674 | test loss: 0.555225 | auc: 0.685291 | avg of last 10 auc: 0.677702
2025-06-21 02:08:37 INFO: Epoch:  57 | train loss: 0.502157 | test loss: 0.584304 | auc: 0.649956 | avg of last 10 auc: 0.676997
2025-06-21 02:08:50 INFO: Epoch:  58 | train loss: 0.497406 | test loss: 0.668467 | auc: 0.661206 | avg of last 10 auc: 0.673890
2025-06-21 02:09:03 INFO: Epoch:  59 | train loss: 0.510905 | test loss: 0.684239 | auc: 0.657581 | avg of last 10 auc: 0.671450
2025-06-21 02:09:16 INFO: Epoch:  60 | train loss: 0.513075 | test loss: 0.709987 | auc: 0.670313 | avg of last 10 auc: 0.669974
2025-06-21 02:09:29 INFO: Epoch:  61 | train loss: 0.490620 | test loss: 0.663855 | auc: 0.644314 | avg of last 10 auc: 0.670770
2025-06-21 02:09:41 INFO: Epoch:  62 | train loss: 0.509322 | test loss: 0.556766 | auc: 0.688254 | avg of last 10 auc: 0.670289
2025-06-21 02:09:54 INFO: Epoch:  63 | train loss: 0.497233 | test loss: 0.620261 | auc: 0.713016 | avg of last 10 auc: 0.670459
2025-06-21 02:10:07 INFO: Epoch:  64 | train loss: 0.459715 | test loss: 0.624904 | auc: 0.646362 | avg of last 10 auc: 0.675494
2025-06-21 02:10:19 INFO: Epoch:  65 | train loss: 0.497847 | test loss: 0.615711 | auc: 0.691312 | avg of last 10 auc: 0.671790
2025-06-21 02:10:31 INFO: Epoch:  66 | train loss: 0.467538 | test loss: 0.623936 | auc: 0.727137 | avg of last 10 auc: 0.670760
2025-06-21 02:10:43 INFO: Epoch:  67 | train loss: 0.484070 | test loss: 0.626091 | auc: 0.695523 | avg of last 10 auc: 0.674945
2025-06-21 02:10:56 INFO: Epoch:  68 | train loss: 0.495430 | test loss: 0.568917 | auc: 0.658662 | avg of last 10 auc: 0.679502
2025-06-21 02:11:09 INFO: Epoch:  69 | train loss: 0.470934 | test loss: 0.610506 | auc: 0.735843 | avg of last 10 auc: 0.679247
2025-06-21 02:11:22 INFO: Epoch:  70 | train loss: 0.461572 | test loss: 0.629462 | auc: 0.696987 | avg of last 10 auc: 0.687073
2025-06-21 02:11:34 INFO: Epoch:  71 | train loss: 0.471066 | test loss: 0.567717 | auc: 0.734599 | avg of last 10 auc: 0.689741
2025-06-21 02:11:47 INFO: Epoch:  72 | train loss: 0.455416 | test loss: 0.735812 | auc: 0.715333 | avg of last 10 auc: 0.698769
2025-06-21 02:12:00 INFO: Epoch:  73 | train loss: 0.486259 | test loss: 0.649389 | auc: 0.691542 | avg of last 10 auc: 0.701477
2025-06-21 02:12:14 INFO: Epoch:  74 | train loss: 0.449661 | test loss: 0.609452 | auc: 0.709102 | avg of last 10 auc: 0.699330
2025-06-21 02:12:26 INFO: Epoch:  75 | train loss: 0.462260 | test loss: 0.546899 | auc: 0.728625 | avg of last 10 auc: 0.705604
2025-06-21 02:12:38 INFO: Epoch:  76 | train loss: 0.450842 | test loss: 0.572585 | auc: 0.709393 | avg of last 10 auc: 0.709335
2025-06-21 02:12:50 INFO: Epoch:  77 | train loss: 0.441305 | test loss: 0.574782 | auc: 0.709263 | avg of last 10 auc: 0.707561
2025-06-21 02:13:03 INFO: Epoch:  78 | train loss: 0.447828 | test loss: 0.653517 | auc: 0.697948 | avg of last 10 auc: 0.708935
2025-06-21 02:13:15 INFO: Epoch:  79 | train loss: 0.442340 | test loss: 0.566404 | auc: 0.714228 | avg of last 10 auc: 0.712863
2025-06-21 02:13:28 INFO: Epoch:  80 | train loss: 0.448567 | test loss: 0.625165 | auc: 0.678059 | avg of last 10 auc: 0.710702
