2025-06-21 02:53:02 INFO: Start finetuning:
2025-06-21 02:53:02 INFO: Arguments: Namespace(epoch=80, batch_size=16, lr=0.0005, model_path_in_folder='pretrain/80epoch.pth', folder_path='experiments/experiment_mask_non_ROI_8px', seed=None, patience=10, repeats=2, add_to_run_num=3, save_every=1)
2025-06-21 02:53:02 INFO: Using device: cuda:0
2025-06-21 02:54:41 INFO: Epoch:   1 | train loss: 0.589371 | test loss: 0.591503 | auc: 0.562559 | avg of last 10 auc: nan
2025-06-21 02:54:54 INFO: Epoch:   2 | train loss: 0.564510 | test loss: 0.591954 | auc: 0.555431 | avg of last 10 auc: 0.562559
2025-06-21 02:55:06 INFO: Epoch:   3 | train loss: 0.569842 | test loss: 0.590772 | auc: 0.565619 | avg of last 10 auc: 0.558995
2025-06-21 02:55:18 INFO: Epoch:   4 | train loss: 0.568718 | test loss: 0.590387 | auc: 0.565739 | avg of last 10 auc: 0.561203
2025-06-21 02:55:31 INFO: Epoch:   5 | train loss: 0.564938 | test loss: 0.591013 | auc: 0.566838 | avg of last 10 auc: 0.562337
2025-06-21 02:55:44 INFO: Epoch:   6 | train loss: 0.572813 | test loss: 0.588935 | auc: 0.591951 | avg of last 10 auc: 0.563237
2025-06-21 02:55:56 INFO: Epoch:   7 | train loss: 0.562461 | test loss: 0.586306 | auc: 0.589882 | avg of last 10 auc: 0.568023
2025-06-21 02:56:08 INFO: Epoch:   8 | train loss: 0.568547 | test loss: 0.587678 | auc: 0.596148 | avg of last 10 auc: 0.571146
2025-06-21 02:56:21 INFO: Epoch:   9 | train loss: 0.568163 | test loss: 0.586669 | auc: 0.592660 | avg of last 10 auc: 0.574271
2025-06-21 02:56:33 INFO: Epoch:  10 | train loss: 0.566740 | test loss: 0.588104 | auc: 0.604090 | avg of last 10 auc: 0.576314
2025-06-21 02:56:46 INFO: Epoch:  11 | train loss: 0.568640 | test loss: 0.612668 | auc: 0.568108 | avg of last 10 auc: 0.579092
2025-06-21 02:56:58 INFO: Epoch:  12 | train loss: 0.576192 | test loss: 0.594169 | auc: 0.580484 | avg of last 10 auc: 0.579647
2025-06-21 02:57:10 INFO: Epoch:  13 | train loss: 0.559166 | test loss: 0.592803 | auc: 0.590730 | avg of last 10 auc: 0.582152
2025-06-21 02:57:22 INFO: Epoch:  14 | train loss: 0.565188 | test loss: 0.591034 | auc: 0.594110 | avg of last 10 auc: 0.584663
2025-06-21 02:57:34 INFO: Epoch:  15 | train loss: 0.561119 | test loss: 0.589896 | auc: 0.597394 | avg of last 10 auc: 0.587500
2025-06-21 02:57:47 INFO: Epoch:  16 | train loss: 0.561797 | test loss: 0.585405 | auc: 0.615871 | avg of last 10 auc: 0.590556
2025-06-21 02:58:00 INFO: Epoch:  17 | train loss: 0.561005 | test loss: 0.581766 | auc: 0.619998 | avg of last 10 auc: 0.592948
2025-06-21 02:58:12 INFO: Epoch:  18 | train loss: 0.557902 | test loss: 0.590734 | auc: 0.615225 | avg of last 10 auc: 0.595959
2025-06-21 02:58:25 INFO: Epoch:  19 | train loss: 0.553753 | test loss: 0.581805 | auc: 0.627386 | avg of last 10 auc: 0.597867
2025-06-21 02:58:38 INFO: Epoch:  20 | train loss: 0.545270 | test loss: 0.623334 | auc: 0.628316 | avg of last 10 auc: 0.601340
2025-06-21 02:58:54 INFO: Epoch:  21 | train loss: 0.566322 | test loss: 0.579926 | auc: 0.627386 | avg of last 10 auc: 0.603762
2025-06-21 02:59:08 INFO: Epoch:  22 | train loss: 0.565878 | test loss: 0.591642 | auc: 0.633331 | avg of last 10 auc: 0.609690
2025-06-21 02:59:33 INFO: Epoch:  23 | train loss: 0.553120 | test loss: 0.584440 | auc: 0.650687 | avg of last 10 auc: 0.614975
2025-06-21 02:59:46 INFO: Epoch:  24 | train loss: 0.561199 | test loss: 0.585966 | auc: 0.656856 | avg of last 10 auc: 0.620970
2025-06-21 02:59:58 INFO: Epoch:  25 | train loss: 0.555795 | test loss: 0.579636 | auc: 0.628968 | avg of last 10 auc: 0.627245
2025-06-21 03:00:11 INFO: Epoch:  26 | train loss: 0.551704 | test loss: 0.597674 | auc: 0.634191 | avg of last 10 auc: 0.630402
2025-06-21 03:00:24 INFO: Epoch:  27 | train loss: 0.555236 | test loss: 0.586626 | auc: 0.621347 | avg of last 10 auc: 0.632234
2025-06-21 03:00:36 INFO: Epoch:  28 | train loss: 0.555989 | test loss: 0.575365 | auc: 0.663263 | avg of last 10 auc: 0.632369
2025-06-21 03:00:49 INFO: Epoch:  29 | train loss: 0.553130 | test loss: 0.581720 | auc: 0.634100 | avg of last 10 auc: 0.637173
2025-06-21 03:01:11 INFO: Epoch:  30 | train loss: 0.544827 | test loss: 0.618756 | auc: 0.646507 | avg of last 10 auc: 0.637844
2025-06-21 03:01:23 INFO: Epoch:  31 | train loss: 0.550684 | test loss: 0.581772 | auc: 0.643751 | avg of last 10 auc: 0.639664
2025-06-21 03:01:36 INFO: Epoch:  32 | train loss: 0.557484 | test loss: 0.587728 | auc: 0.673078 | avg of last 10 auc: 0.641300
2025-06-21 03:01:48 INFO: Epoch:  33 | train loss: 0.556031 | test loss: 0.573546 | auc: 0.653480 | avg of last 10 auc: 0.645275
2025-06-21 03:02:01 INFO: Epoch:  34 | train loss: 0.558998 | test loss: 0.591482 | auc: 0.643789 | avg of last 10 auc: 0.645554
2025-06-21 03:02:14 INFO: Epoch:  35 | train loss: 0.546153 | test loss: 0.596959 | auc: 0.641607 | avg of last 10 auc: 0.644247
2025-06-21 03:02:27 INFO: Epoch:  36 | train loss: 0.537184 | test loss: 0.569070 | auc: 0.654561 | avg of last 10 auc: 0.645511
2025-06-21 03:02:40 INFO: Epoch:  37 | train loss: 0.547353 | test loss: 0.577199 | auc: 0.629229 | avg of last 10 auc: 0.647548
2025-06-21 03:02:53 INFO: Epoch:  38 | train loss: 0.539721 | test loss: 0.568173 | auc: 0.656548 | avg of last 10 auc: 0.648337
2025-06-21 03:03:06 INFO: Epoch:  39 | train loss: 0.534205 | test loss: 0.581555 | auc: 0.634015 | avg of last 10 auc: 0.647665
2025-06-21 03:03:19 INFO: Epoch:  40 | train loss: 0.538878 | test loss: 0.576303 | auc: 0.624323 | avg of last 10 auc: 0.647657
2025-06-21 03:03:32 INFO: Epoch:  41 | train loss: 0.536092 | test loss: 0.587989 | auc: 0.667685 | avg of last 10 auc: 0.645438
2025-06-21 03:03:44 INFO: Epoch:  42 | train loss: 0.531202 | test loss: 0.592443 | auc: 0.659686 | avg of last 10 auc: 0.647832
2025-06-21 03:03:57 INFO: Epoch:  43 | train loss: 0.544769 | test loss: 0.587717 | auc: 0.651719 | avg of last 10 auc: 0.646492
2025-06-21 03:04:09 INFO: Epoch:  44 | train loss: 0.529526 | test loss: 0.598276 | auc: 0.634895 | avg of last 10 auc: 0.646316
2025-06-21 03:04:22 INFO: Epoch:  45 | train loss: 0.531734 | test loss: 0.600939 | auc: 0.593661 | avg of last 10 auc: 0.645427
2025-06-21 03:04:34 INFO: Epoch:  46 | train loss: 0.532596 | test loss: 0.580013 | auc: 0.661736 | avg of last 10 auc: 0.640632
2025-06-21 03:04:47 INFO: Epoch:  47 | train loss: 0.523536 | test loss: 0.629541 | auc: 0.641276 | avg of last 10 auc: 0.641350
2025-06-21 03:05:00 INFO: Epoch:  48 | train loss: 0.528064 | test loss: 0.594394 | auc: 0.635194 | avg of last 10 auc: 0.642554
2025-06-21 03:05:13 INFO: Epoch:  49 | train loss: 0.538913 | test loss: 0.599598 | auc: 0.666645 | avg of last 10 auc: 0.640419
2025-06-21 03:05:25 INFO: Epoch:  50 | train loss: 0.524898 | test loss: 0.569778 | auc: 0.659418 | avg of last 10 auc: 0.643682
2025-06-21 03:05:38 INFO: Epoch:  51 | train loss: 0.530147 | test loss: 0.586455 | auc: 0.665960 | avg of last 10 auc: 0.647192
2025-06-21 03:05:50 INFO: Epoch:  52 | train loss: 0.511849 | test loss: 0.568753 | auc: 0.678321 | avg of last 10 auc: 0.647019
2025-06-21 03:06:03 INFO: Epoch:  53 | train loss: 0.535934 | test loss: 0.577366 | auc: 0.666993 | avg of last 10 auc: 0.648882
2025-06-21 03:06:16 INFO: Epoch:  54 | train loss: 0.519305 | test loss: 0.624922 | auc: 0.638557 | avg of last 10 auc: 0.650410
2025-06-21 03:06:29 INFO: Epoch:  55 | train loss: 0.517466 | test loss: 0.577347 | auc: 0.666148 | avg of last 10 auc: 0.650776
2025-06-21 03:06:42 INFO: Epoch:  56 | train loss: 0.504795 | test loss: 0.583011 | auc: 0.641450 | avg of last 10 auc: 0.658025
2025-06-21 03:06:55 INFO: Epoch:  57 | train loss: 0.518345 | test loss: 0.573161 | auc: 0.655376 | avg of last 10 auc: 0.655996
2025-06-21 03:07:08 INFO: Epoch:  58 | train loss: 0.509253 | test loss: 0.591135 | auc: 0.659846 | avg of last 10 auc: 0.657406
2025-06-21 03:07:20 INFO: Epoch:  59 | train loss: 0.513076 | test loss: 0.584882 | auc: 0.680506 | avg of last 10 auc: 0.659871
2025-06-21 03:07:33 INFO: Epoch:  60 | train loss: 0.505464 | test loss: 0.671318 | auc: 0.655012 | avg of last 10 auc: 0.661258
2025-06-21 03:07:45 INFO: Epoch:  61 | train loss: 0.522881 | test loss: 0.573212 | auc: 0.657057 | avg of last 10 auc: 0.660817
2025-06-21 03:07:58 INFO: Epoch:  62 | train loss: 0.515020 | test loss: 0.558762 | auc: 0.676744 | avg of last 10 auc: 0.659927
2025-06-21 03:08:11 INFO: Epoch:  63 | train loss: 0.480203 | test loss: 0.601805 | auc: 0.604693 | avg of last 10 auc: 0.659769
2025-06-21 03:08:24 INFO: Epoch:  64 | train loss: 0.510243 | test loss: 0.560150 | auc: 0.680326 | avg of last 10 auc: 0.653539
2025-06-21 03:08:37 INFO: Epoch:  65 | train loss: 0.494158 | test loss: 0.630934 | auc: 0.618849 | avg of last 10 auc: 0.657716
2025-06-21 03:08:50 INFO: Epoch:  66 | train loss: 0.510537 | test loss: 0.585416 | auc: 0.673637 | avg of last 10 auc: 0.652986
2025-06-21 03:09:03 INFO: Epoch:  67 | train loss: 0.501227 | test loss: 0.598767 | auc: 0.638553 | avg of last 10 auc: 0.656205
2025-06-21 03:09:16 INFO: Epoch:  68 | train loss: 0.498585 | test loss: 0.596504 | auc: 0.661549 | avg of last 10 auc: 0.654522
2025-06-21 03:09:28 INFO: Epoch:  69 | train loss: 0.495305 | test loss: 0.658616 | auc: 0.632187 | avg of last 10 auc: 0.654693
2025-06-21 03:09:41 INFO: Epoch:  70 | train loss: 0.475728 | test loss: 0.635222 | auc: 0.620796 | avg of last 10 auc: 0.649861
2025-06-21 03:09:53 INFO: Epoch:  71 | train loss: 0.489181 | test loss: 0.557255 | auc: 0.683345 | avg of last 10 auc: 0.646439
2025-06-21 03:10:06 INFO: Epoch:  72 | train loss: 0.481964 | test loss: 0.557698 | auc: 0.704409 | avg of last 10 auc: 0.649068
2025-06-21 03:10:19 INFO: Epoch:  73 | train loss: 0.488965 | test loss: 0.577915 | auc: 0.670971 | avg of last 10 auc: 0.651834
2025-06-21 03:10:32 INFO: Epoch:  74 | train loss: 0.473461 | test loss: 0.657383 | auc: 0.667174 | avg of last 10 auc: 0.658462
2025-06-21 03:10:45 INFO: Epoch:  75 | train loss: 0.458751 | test loss: 0.641731 | auc: 0.664193 | avg of last 10 auc: 0.657147
2025-06-21 03:10:58 INFO: Epoch:  76 | train loss: 0.454627 | test loss: 0.635325 | auc: 0.639604 | avg of last 10 auc: 0.661681
2025-06-21 03:11:10 INFO: Epoch:  77 | train loss: 0.458502 | test loss: 0.601655 | auc: 0.659759 | avg of last 10 auc: 0.658278
2025-06-21 03:11:22 INFO: Epoch:  78 | train loss: 0.468666 | test loss: 0.601127 | auc: 0.652929 | avg of last 10 auc: 0.660399
2025-06-21 03:11:35 INFO: Epoch:  79 | train loss: 0.471940 | test loss: 0.673218 | auc: 0.673256 | avg of last 10 auc: 0.659537
2025-06-21 03:11:47 INFO: Epoch:  80 | train loss: 0.465940 | test loss: 0.674537 | auc: 0.688574 | avg of last 10 auc: 0.663644
