2025-06-19 17:55:27 INFO: Start training:
2025-06-19 17:55:27 INFO: Arguments: Namespace(epoch=80, batch_size=16, lr=0.00025, show_per_epoch=2, show_img_count=2, patch_size=8, mask_rate=0.5, save_every=5, seed=0, mask_roi='false', mask_non_roi='true', output_folder='experiments/experiment_mask_non_ROI_8px')
2025-06-19 17:55:27 INFO: Using device: cuda:0
2025-06-19 17:58:35 INFO: Epoch:   1 | train loss: 0.123908 | test loss: 0.180692
2025-06-19 17:59:45 INFO: Epoch:   2 | train loss: 0.079204 | test loss: 0.067293
2025-06-19 18:00:55 INFO: Epoch:   3 | train loss: 0.069625 | test loss: 0.067071
2025-06-19 18:02:06 INFO: Epoch:   4 | train loss: 0.063690 | test loss: 0.052821
2025-06-19 18:03:17 INFO: Epoch:   5 | train loss: 0.061532 | test loss: 0.052432
2025-06-19 18:04:29 INFO: Epoch:   6 | train loss: 0.058838 | test loss: 0.048989
2025-06-19 18:05:40 INFO: Epoch:   7 | train loss: 0.057768 | test loss: 0.065510
2025-06-19 18:06:52 INFO: Epoch:   8 | train loss: 0.056809 | test loss: 0.050107
2025-06-19 18:08:03 INFO: Epoch:   9 | train loss: 0.056147 | test loss: 0.090473
2025-06-19 18:09:15 INFO: Epoch:  10 | train loss: 0.058131 | test loss: 0.057356
2025-06-19 18:10:27 INFO: Epoch:  11 | train loss: 0.054526 | test loss: 0.048497
2025-06-19 18:11:40 INFO: Epoch:  12 | train loss: 0.053025 | test loss: 0.052043
2025-06-19 18:12:51 INFO: Epoch:  13 | train loss: 0.049264 | test loss: 0.043934
2025-06-19 18:14:04 INFO: Epoch:  14 | train loss: 0.048167 | test loss: 0.042200
2025-06-19 18:15:16 INFO: Epoch:  15 | train loss: 0.048187 | test loss: 0.041894
2025-06-19 18:16:28 INFO: Epoch:  16 | train loss: 0.046972 | test loss: 0.041196
2025-06-19 18:17:40 INFO: Epoch:  17 | train loss: 0.046955 | test loss: 0.038778
2025-06-19 18:18:53 INFO: Epoch:  18 | train loss: 0.043261 | test loss: 0.112523
2025-06-19 18:20:05 INFO: Epoch:  19 | train loss: 0.060695 | test loss: 0.042627
2025-06-19 18:21:19 INFO: Epoch:  20 | train loss: 0.049247 | test loss: 0.040454
2025-06-19 18:22:31 INFO: Epoch:  21 | train loss: 0.044746 | test loss: 0.043136
2025-06-19 18:23:44 INFO: Epoch:  22 | train loss: 0.044803 | test loss: 0.039480
2025-06-19 18:24:56 INFO: Epoch:  23 | train loss: 0.042798 | test loss: 0.044027
2025-06-19 18:26:10 INFO: Epoch:  24 | train loss: 0.043135 | test loss: 0.040982
2025-06-19 18:27:22 INFO: Epoch:  25 | train loss: 0.041157 | test loss: 0.039358
2025-06-19 18:28:37 INFO: Epoch:  26 | train loss: 0.040736 | test loss: 0.040979
2025-06-19 18:29:51 INFO: Epoch:  27 | train loss: 0.040523 | test loss: 0.036136
2025-06-19 18:31:05 INFO: Epoch:  28 | train loss: 0.039513 | test loss: 0.036525
2025-06-19 18:32:17 INFO: Epoch:  29 | train loss: 0.039826 | test loss: 0.038862
2025-06-19 18:33:30 INFO: Epoch:  30 | train loss: 0.039837 | test loss: 0.039238
2025-06-19 18:34:43 INFO: Epoch:  31 | train loss: 0.039297 | test loss: 0.050665
2025-06-19 18:35:56 INFO: Epoch:  32 | train loss: 0.041492 | test loss: 0.038447
2025-06-19 18:37:09 INFO: Epoch:  33 | train loss: 0.039374 | test loss: 0.037582
2025-06-19 18:38:22 INFO: Epoch:  34 | train loss: 0.038679 | test loss: 0.035001
2025-06-19 18:39:37 INFO: Epoch:  35 | train loss: 0.038511 | test loss: 0.036292
2025-06-19 18:40:53 INFO: Epoch:  36 | train loss: 0.038123 | test loss: 0.035486
2025-06-19 18:42:06 INFO: Epoch:  37 | train loss: 0.039034 | test loss: 0.038204
2025-06-19 18:43:20 INFO: Epoch:  38 | train loss: 0.037952 | test loss: 0.036020
2025-06-19 18:44:32 INFO: Epoch:  39 | train loss: 0.037146 | test loss: 0.035329
2025-06-19 18:45:46 INFO: Epoch:  40 | train loss: 0.037211 | test loss: 0.034757
2025-06-19 18:47:00 INFO: Epoch:  41 | train loss: 0.036495 | test loss: 0.034123
2025-06-19 18:48:25 INFO: Epoch:  42 | train loss: 0.037320 | test loss: 0.038695
2025-06-19 18:49:48 INFO: Epoch:  43 | train loss: 0.038235 | test loss: 0.037151
2025-06-19 18:51:12 INFO: Epoch:  44 | train loss: 0.038389 | test loss: 0.034307
2025-06-19 18:52:37 INFO: Epoch:  45 | train loss: 0.036961 | test loss: 0.033793
2025-06-19 18:53:56 INFO: Epoch:  46 | train loss: 0.035531 | test loss: 0.033875
2025-06-19 18:55:15 INFO: Epoch:  47 | train loss: 0.035834 | test loss: 0.035100
2025-06-19 18:56:29 INFO: Epoch:  48 | train loss: 0.035837 | test loss: 0.033496
2025-06-19 18:57:43 INFO: Epoch:  49 | train loss: 0.035971 | test loss: 0.034612
2025-06-19 18:58:56 INFO: Epoch:  50 | train loss: 0.036381 | test loss: 0.034066
2025-06-19 19:00:10 INFO: Epoch:  51 | train loss: 0.035285 | test loss: 0.033529
2025-06-19 19:01:29 INFO: Epoch:  52 | train loss: 0.035452 | test loss: 0.033130
2025-06-19 19:02:44 INFO: Epoch:  53 | train loss: 0.034969 | test loss: 0.034086
2025-06-19 19:03:59 INFO: Epoch:  54 | train loss: 0.035114 | test loss: 0.033402
2025-06-19 19:05:12 INFO: Epoch:  55 | train loss: 0.035854 | test loss: 0.033527
2025-06-19 19:06:27 INFO: Epoch:  56 | train loss: 0.034112 | test loss: 0.033728
2025-06-19 19:07:40 INFO: Epoch:  57 | train loss: 0.034740 | test loss: 0.032670
2025-06-19 19:08:54 INFO: Epoch:  58 | train loss: 0.035390 | test loss: 0.033173
2025-06-19 19:10:07 INFO: Epoch:  59 | train loss: 0.034556 | test loss: 0.081324
2025-06-19 19:11:23 INFO: Epoch:  60 | train loss: 0.040255 | test loss: 0.033947
2025-06-19 19:12:36 INFO: Epoch:  61 | train loss: 0.035189 | test loss: 0.033107
2025-06-19 19:13:51 INFO: Epoch:  62 | train loss: 0.034969 | test loss: 0.034213
2025-06-19 19:15:03 INFO: Epoch:  63 | train loss: 0.034647 | test loss: 0.034197
2025-06-19 19:16:15 INFO: Epoch:  64 | train loss: 0.034136 | test loss: 0.032615
2025-06-19 19:17:27 INFO: Epoch:  65 | train loss: 0.034134 | test loss: 0.033321
2025-06-19 19:18:41 INFO: Epoch:  66 | train loss: 0.033797 | test loss: 0.033269
2025-06-19 19:19:54 INFO: Epoch:  67 | train loss: 0.033765 | test loss: 0.033178
2025-06-19 19:21:06 INFO: Epoch:  68 | train loss: 0.033396 | test loss: 0.031820
2025-06-19 19:22:19 INFO: Epoch:  69 | train loss: 0.033997 | test loss: 0.033354
2025-06-19 19:23:34 INFO: Epoch:  70 | train loss: 0.033943 | test loss: 0.032726
2025-06-19 19:24:46 INFO: Epoch:  71 | train loss: 0.033782 | test loss: 0.031972
2025-06-19 19:25:59 INFO: Epoch:  72 | train loss: 0.033691 | test loss: 0.035506
2025-06-19 19:27:12 INFO: Epoch:  73 | train loss: 0.033902 | test loss: 0.032117
2025-06-19 19:28:25 INFO: Epoch:  74 | train loss: 0.033110 | test loss: 0.031828
2025-06-19 19:29:38 INFO: Epoch:  75 | train loss: 0.033019 | test loss: 0.032083
2025-06-19 19:30:52 INFO: Epoch:  76 | train loss: 0.032877 | test loss: 0.032209
2025-06-19 19:32:06 INFO: Epoch:  77 | train loss: 0.033250 | test loss: 0.032352
2025-06-19 19:33:19 INFO: Epoch:  78 | train loss: 0.032781 | test loss: 0.031845
2025-06-19 19:34:32 INFO: Epoch:  79 | train loss: 0.032947 | test loss: 0.031960
2025-06-19 19:35:46 INFO: Epoch:  80 | train loss: 0.033234 | test loss: 0.033827
