2025-06-21 02:32:40 INFO: Start finetuning:
2025-06-21 02:32:40 INFO: Arguments: Namespace(epoch=80, batch_size=16, lr=0.0005, model_path_in_folder='pretrain/80epoch.pth', folder_path='experiments/experiment_mask_ROI_8px', seed=None, patience=10, repeats=2, add_to_run_num=3, save_every=1)
2025-06-21 02:32:40 INFO: Using device: cuda:0
2025-06-21 02:35:18 INFO: Epoch:   1 | train loss: 0.579489 | test loss: 0.601848 | auc: 0.553114 | avg of last 10 auc: nan
2025-06-21 02:35:30 INFO: Epoch:   2 | train loss: 0.576601 | test loss: 0.594386 | auc: 0.563808 | avg of last 10 auc: 0.553114
2025-06-21 02:35:42 INFO: Epoch:   3 | train loss: 0.563082 | test loss: 0.600888 | auc: 0.565958 | avg of last 10 auc: 0.558461
2025-06-21 02:35:55 INFO: Epoch:   4 | train loss: 0.565797 | test loss: 0.592470 | auc: 0.580992 | avg of last 10 auc: 0.560960
2025-06-21 02:36:07 INFO: Epoch:   5 | train loss: 0.569090 | test loss: 0.598942 | auc: 0.580447 | avg of last 10 auc: 0.565968
2025-06-21 02:36:20 INFO: Epoch:   6 | train loss: 0.564869 | test loss: 0.589805 | auc: 0.579358 | avg of last 10 auc: 0.568864
2025-06-21 02:36:32 INFO: Epoch:   7 | train loss: 0.567541 | test loss: 0.598803 | auc: 0.579692 | avg of last 10 auc: 0.570613
2025-06-21 02:36:44 INFO: Epoch:   8 | train loss: 0.562912 | test loss: 0.590248 | auc: 0.579040 | avg of last 10 auc: 0.571910
2025-06-21 02:36:56 INFO: Epoch:   9 | train loss: 0.567085 | test loss: 0.589382 | auc: 0.574239 | avg of last 10 auc: 0.572801
2025-06-21 02:37:09 INFO: Epoch:  10 | train loss: 0.562448 | test loss: 0.620451 | auc: 0.558126 | avg of last 10 auc: 0.572961
2025-06-21 02:37:21 INFO: Epoch:  11 | train loss: 0.560875 | test loss: 0.590874 | auc: 0.585582 | avg of last 10 auc: 0.571477
2025-06-21 02:37:33 INFO: Epoch:  12 | train loss: 0.564307 | test loss: 0.611618 | auc: 0.572644 | avg of last 10 auc: 0.574724
2025-06-21 02:37:46 INFO: Epoch:  13 | train loss: 0.571625 | test loss: 0.585929 | auc: 0.586252 | avg of last 10 auc: 0.575608
2025-06-21 02:37:58 INFO: Epoch:  14 | train loss: 0.565212 | test loss: 0.600953 | auc: 0.587228 | avg of last 10 auc: 0.577637
2025-06-21 02:38:11 INFO: Epoch:  15 | train loss: 0.552547 | test loss: 0.612121 | auc: 0.603414 | avg of last 10 auc: 0.578261
2025-06-21 02:38:23 INFO: Epoch:  16 | train loss: 0.560213 | test loss: 0.582990 | auc: 0.615990 | avg of last 10 auc: 0.580557
2025-06-21 02:38:36 INFO: Epoch:  17 | train loss: 0.553872 | test loss: 0.629280 | auc: 0.579374 | avg of last 10 auc: 0.584221
2025-06-21 02:38:48 INFO: Epoch:  18 | train loss: 0.574473 | test loss: 0.590380 | auc: 0.612915 | avg of last 10 auc: 0.584189
2025-06-21 02:39:00 INFO: Epoch:  19 | train loss: 0.558664 | test loss: 0.586758 | auc: 0.626413 | avg of last 10 auc: 0.587576
2025-06-21 02:39:13 INFO: Epoch:  20 | train loss: 0.552843 | test loss: 0.585910 | auc: 0.612824 | avg of last 10 auc: 0.592794
2025-06-21 02:39:26 INFO: Epoch:  21 | train loss: 0.563213 | test loss: 0.580748 | auc: 0.631801 | avg of last 10 auc: 0.598264
2025-06-21 02:39:40 INFO: Epoch:  22 | train loss: 0.566539 | test loss: 0.585250 | auc: 0.635301 | avg of last 10 auc: 0.602885
2025-06-21 02:39:53 INFO: Epoch:  23 | train loss: 0.554021 | test loss: 0.582987 | auc: 0.635399 | avg of last 10 auc: 0.609151
2025-06-21 02:40:05 INFO: Epoch:  24 | train loss: 0.549258 | test loss: 0.593462 | auc: 0.631501 | avg of last 10 auc: 0.614066
2025-06-21 02:40:18 INFO: Epoch:  25 | train loss: 0.553214 | test loss: 0.581125 | auc: 0.634073 | avg of last 10 auc: 0.618493
2025-06-21 02:40:30 INFO: Epoch:  26 | train loss: 0.553429 | test loss: 0.622002 | auc: 0.636895 | avg of last 10 auc: 0.621559
2025-06-21 02:40:43 INFO: Epoch:  27 | train loss: 0.547849 | test loss: 0.578062 | auc: 0.639325 | avg of last 10 auc: 0.623649
2025-06-21 02:40:55 INFO: Epoch:  28 | train loss: 0.559494 | test loss: 0.580290 | auc: 0.645227 | avg of last 10 auc: 0.629645
2025-06-21 02:41:08 INFO: Epoch:  29 | train loss: 0.548966 | test loss: 0.594724 | auc: 0.635107 | avg of last 10 auc: 0.632876
2025-06-21 02:41:22 INFO: Epoch:  30 | train loss: 0.555277 | test loss: 0.574549 | auc: 0.653405 | avg of last 10 auc: 0.633745
2025-06-21 02:41:35 INFO: Epoch:  31 | train loss: 0.554347 | test loss: 0.573580 | auc: 0.652632 | avg of last 10 auc: 0.637803
2025-06-21 02:41:48 INFO: Epoch:  32 | train loss: 0.549707 | test loss: 0.639145 | auc: 0.623180 | avg of last 10 auc: 0.639886
2025-06-21 02:42:01 INFO: Epoch:  33 | train loss: 0.545958 | test loss: 0.596751 | auc: 0.642675 | avg of last 10 auc: 0.638674
2025-06-21 02:42:14 INFO: Epoch:  34 | train loss: 0.541999 | test loss: 0.618027 | auc: 0.648256 | avg of last 10 auc: 0.639402
2025-06-21 02:42:26 INFO: Epoch:  35 | train loss: 0.546563 | test loss: 0.604073 | auc: 0.639055 | avg of last 10 auc: 0.641078
2025-06-21 02:42:38 INFO: Epoch:  36 | train loss: 0.541289 | test loss: 0.590850 | auc: 0.632032 | avg of last 10 auc: 0.641576
2025-06-21 02:42:51 INFO: Epoch:  37 | train loss: 0.552726 | test loss: 0.580403 | auc: 0.657449 | avg of last 10 auc: 0.641089
2025-06-21 02:43:03 INFO: Epoch:  38 | train loss: 0.538797 | test loss: 0.596011 | auc: 0.628004 | avg of last 10 auc: 0.642902
2025-06-21 02:43:16 INFO: Epoch:  39 | train loss: 0.549921 | test loss: 0.584540 | auc: 0.638977 | avg of last 10 auc: 0.641180
2025-06-21 02:43:29 INFO: Epoch:  40 | train loss: 0.542260 | test loss: 0.573070 | auc: 0.638916 | avg of last 10 auc: 0.641567
2025-06-21 02:43:42 INFO: Epoch:  41 | train loss: 0.534489 | test loss: 0.578071 | auc: 0.636746 | avg of last 10 auc: 0.640118
2025-06-21 02:43:55 INFO: Epoch:  42 | train loss: 0.537956 | test loss: 0.582767 | auc: 0.638697 | avg of last 10 auc: 0.638529
2025-06-21 02:44:08 INFO: Epoch:  43 | train loss: 0.542563 | test loss: 0.595192 | auc: 0.657191 | avg of last 10 auc: 0.640081
2025-06-21 02:44:20 INFO: Epoch:  44 | train loss: 0.532673 | test loss: 0.647749 | auc: 0.630112 | avg of last 10 auc: 0.641532
2025-06-21 02:44:33 INFO: Epoch:  45 | train loss: 0.540823 | test loss: 0.575680 | auc: 0.658452 | avg of last 10 auc: 0.639718
2025-06-21 02:44:45 INFO: Epoch:  46 | train loss: 0.526299 | test loss: 0.606927 | auc: 0.650391 | avg of last 10 auc: 0.641658
2025-06-21 02:44:57 INFO: Epoch:  47 | train loss: 0.529557 | test loss: 0.559449 | auc: 0.672829 | avg of last 10 auc: 0.643494
2025-06-21 02:45:11 INFO: Epoch:  48 | train loss: 0.523685 | test loss: 0.623608 | auc: 0.623126 | avg of last 10 auc: 0.645032
2025-06-21 02:45:24 INFO: Epoch:  49 | train loss: 0.534231 | test loss: 0.559984 | auc: 0.669651 | avg of last 10 auc: 0.644544
2025-06-21 02:45:37 INFO: Epoch:  50 | train loss: 0.519679 | test loss: 0.621293 | auc: 0.653566 | avg of last 10 auc: 0.647611
2025-06-21 02:45:49 INFO: Epoch:  51 | train loss: 0.511706 | test loss: 0.580145 | auc: 0.652578 | avg of last 10 auc: 0.649076
2025-06-21 02:46:02 INFO: Epoch:  52 | train loss: 0.517259 | test loss: 0.609059 | auc: 0.670098 | avg of last 10 auc: 0.650659
2025-06-21 02:46:16 INFO: Epoch:  53 | train loss: 0.516634 | test loss: 0.587615 | auc: 0.639871 | avg of last 10 auc: 0.653799
2025-06-21 02:46:29 INFO: Epoch:  54 | train loss: 0.521052 | test loss: 0.567302 | auc: 0.677724 | avg of last 10 auc: 0.652067
2025-06-21 02:46:41 INFO: Epoch:  55 | train loss: 0.520196 | test loss: 0.618357 | auc: 0.638019 | avg of last 10 auc: 0.656829
2025-06-21 02:46:53 INFO: Epoch:  56 | train loss: 0.509328 | test loss: 0.574687 | auc: 0.647209 | avg of last 10 auc: 0.654785
2025-06-21 02:47:06 INFO: Epoch:  57 | train loss: 0.511916 | test loss: 0.572867 | auc: 0.652882 | avg of last 10 auc: 0.654467
2025-06-21 02:47:18 INFO: Epoch:  58 | train loss: 0.515077 | test loss: 0.572750 | auc: 0.669974 | avg of last 10 auc: 0.652472
2025-06-21 02:47:31 INFO: Epoch:  59 | train loss: 0.523475 | test loss: 0.573479 | auc: 0.673564 | avg of last 10 auc: 0.657157
2025-06-21 02:47:44 INFO: Epoch:  60 | train loss: 0.521237 | test loss: 0.572196 | auc: 0.673980 | avg of last 10 auc: 0.657548
2025-06-21 02:47:57 INFO: Epoch:  61 | train loss: 0.508374 | test loss: 0.701541 | auc: 0.654165 | avg of last 10 auc: 0.659590
2025-06-21 02:48:10 INFO: Epoch:  62 | train loss: 0.507822 | test loss: 0.566895 | auc: 0.665144 | avg of last 10 auc: 0.659749
2025-06-21 02:48:23 INFO: Epoch:  63 | train loss: 0.518695 | test loss: 0.591878 | auc: 0.684298 | avg of last 10 auc: 0.659253
2025-06-21 02:48:36 INFO: Epoch:  64 | train loss: 0.495166 | test loss: 0.602941 | auc: 0.632879 | avg of last 10 auc: 0.663696
2025-06-21 02:48:49 INFO: Epoch:  65 | train loss: 0.511862 | test loss: 0.643792 | auc: 0.658648 | avg of last 10 auc: 0.659211
2025-06-21 02:49:02 INFO: Epoch:  66 | train loss: 0.493399 | test loss: 0.597605 | auc: 0.688659 | avg of last 10 auc: 0.661274
2025-06-21 02:49:14 INFO: Epoch:  67 | train loss: 0.497473 | test loss: 0.565526 | auc: 0.700434 | avg of last 10 auc: 0.665419
2025-06-21 02:49:27 INFO: Epoch:  68 | train loss: 0.493528 | test loss: 0.604204 | auc: 0.667882 | avg of last 10 auc: 0.670174
2025-06-21 02:49:40 INFO: Epoch:  69 | train loss: 0.483840 | test loss: 0.607303 | auc: 0.694468 | avg of last 10 auc: 0.669965
2025-06-21 02:49:53 INFO: Epoch:  70 | train loss: 0.494206 | test loss: 0.598356 | auc: 0.679519 | avg of last 10 auc: 0.672056
2025-06-21 02:50:06 INFO: Epoch:  71 | train loss: 0.491379 | test loss: 0.641411 | auc: 0.679828 | avg of last 10 auc: 0.672609
2025-06-21 02:50:20 INFO: Epoch:  72 | train loss: 0.489655 | test loss: 0.574198 | auc: 0.677176 | avg of last 10 auc: 0.675176
2025-06-21 02:50:32 INFO: Epoch:  73 | train loss: 0.494261 | test loss: 0.604450 | auc: 0.691258 | avg of last 10 auc: 0.676379
2025-06-21 02:50:45 INFO: Epoch:  74 | train loss: 0.471026 | test loss: 0.632777 | auc: 0.675964 | avg of last 10 auc: 0.677075
2025-06-21 02:50:57 INFO: Epoch:  75 | train loss: 0.478714 | test loss: 0.571454 | auc: 0.682854 | avg of last 10 auc: 0.681383
2025-06-21 02:51:10 INFO: Epoch:  76 | train loss: 0.477691 | test loss: 0.608655 | auc: 0.673686 | avg of last 10 auc: 0.683804
2025-06-21 02:51:22 INFO: Epoch:  77 | train loss: 0.466645 | test loss: 0.575484 | auc: 0.678917 | avg of last 10 auc: 0.682307
2025-06-21 02:51:34 INFO: Epoch:  78 | train loss: 0.460362 | test loss: 0.625778 | auc: 0.664259 | avg of last 10 auc: 0.680155
2025-06-21 02:51:47 INFO: Epoch:  79 | train loss: 0.476278 | test loss: 0.608027 | auc: 0.658213 | avg of last 10 auc: 0.679793
2025-06-21 02:52:00 INFO: Epoch:  80 | train loss: 0.494699 | test loss: 0.660135 | auc: 0.675067 | avg of last 10 auc: 0.676168
