2025-06-20 06:38:03 INFO: Start finetuning:
2025-06-20 06:38:03 INFO: Arguments: Namespace(epoch=80, batch_size=16, lr=0.0005, model_path_in_folder='pretrain/80epoch.pth', folder_path='experiments/experiment_mask_non_ROI_16px', seed=None, patience=10, repeats=3, save_every=1)
2025-06-20 06:38:03 INFO: Using device: cuda:0
2025-06-20 06:39:34 INFO: Epoch:   1 | train loss: 0.603510 | test loss: 0.592881 | auc: 0.550355 | avg of last 10 auc: nan
2025-06-20 06:39:47 INFO: Epoch:   2 | train loss: 0.575031 | test loss: 0.595752 | auc: 0.549807 | avg of last 10 auc: 0.550355
2025-06-20 06:39:59 INFO: Epoch:   3 | train loss: 0.575292 | test loss: 0.595463 | auc: 0.557961 | avg of last 10 auc: 0.550081
2025-06-20 06:40:11 INFO: Epoch:   4 | train loss: 0.556687 | test loss: 0.593412 | auc: 0.558390 | avg of last 10 auc: 0.552708
2025-06-20 06:40:24 INFO: Epoch:   5 | train loss: 0.567038 | test loss: 0.600909 | auc: 0.569226 | avg of last 10 auc: 0.554128
2025-06-20 06:40:36 INFO: Epoch:   6 | train loss: 0.567370 | test loss: 0.587661 | auc: 0.612207 | avg of last 10 auc: 0.557148
2025-06-20 06:40:48 INFO: Epoch:   7 | train loss: 0.567050 | test loss: 0.595903 | auc: 0.599060 | avg of last 10 auc: 0.566324
2025-06-20 06:41:01 INFO: Epoch:   8 | train loss: 0.563800 | test loss: 0.588659 | auc: 0.595635 | avg of last 10 auc: 0.571001
2025-06-20 06:41:13 INFO: Epoch:   9 | train loss: 0.568573 | test loss: 0.592798 | auc: 0.602089 | avg of last 10 auc: 0.574080
2025-06-20 06:41:25 INFO: Epoch:  10 | train loss: 0.554550 | test loss: 0.602470 | auc: 0.604695 | avg of last 10 auc: 0.577192
2025-06-20 06:41:37 INFO: Epoch:  11 | train loss: 0.561147 | test loss: 0.581584 | auc: 0.611251 | avg of last 10 auc: 0.579942
2025-06-20 06:41:49 INFO: Epoch:  12 | train loss: 0.557550 | test loss: 0.594410 | auc: 0.589491 | avg of last 10 auc: 0.586032
2025-06-20 06:42:02 INFO: Epoch:  13 | train loss: 0.564908 | test loss: 0.580563 | auc: 0.626303 | avg of last 10 auc: 0.590001
2025-06-20 06:42:14 INFO: Epoch:  14 | train loss: 0.563314 | test loss: 0.583382 | auc: 0.629789 | avg of last 10 auc: 0.596835
2025-06-20 06:42:26 INFO: Epoch:  15 | train loss: 0.558433 | test loss: 0.583455 | auc: 0.612676 | avg of last 10 auc: 0.603975
2025-06-20 06:42:38 INFO: Epoch:  16 | train loss: 0.568226 | test loss: 0.579516 | auc: 0.656744 | avg of last 10 auc: 0.608320
2025-06-20 06:42:51 INFO: Epoch:  17 | train loss: 0.555591 | test loss: 0.580456 | auc: 0.637736 | avg of last 10 auc: 0.612773
2025-06-20 06:43:03 INFO: Epoch:  18 | train loss: 0.555873 | test loss: 0.583539 | auc: 0.648923 | avg of last 10 auc: 0.616641
2025-06-20 06:43:16 INFO: Epoch:  19 | train loss: 0.552391 | test loss: 0.582148 | auc: 0.629682 | avg of last 10 auc: 0.621970
2025-06-20 06:43:28 INFO: Epoch:  20 | train loss: 0.550069 | test loss: 0.582533 | auc: 0.645316 | avg of last 10 auc: 0.624729
2025-06-20 06:43:40 INFO: Epoch:  21 | train loss: 0.556678 | test loss: 0.582139 | auc: 0.647348 | avg of last 10 auc: 0.628791
2025-06-20 06:43:52 INFO: Epoch:  22 | train loss: 0.549468 | test loss: 0.579054 | auc: 0.673474 | avg of last 10 auc: 0.632401
2025-06-20 06:44:05 INFO: Epoch:  23 | train loss: 0.549326 | test loss: 0.599572 | auc: 0.671208 | avg of last 10 auc: 0.640799
2025-06-20 06:44:17 INFO: Epoch:  24 | train loss: 0.547913 | test loss: 0.583763 | auc: 0.678777 | avg of last 10 auc: 0.645289
2025-06-20 06:44:30 INFO: Epoch:  25 | train loss: 0.540045 | test loss: 0.591283 | auc: 0.641179 | avg of last 10 auc: 0.650188
2025-06-20 06:44:42 INFO: Epoch:  26 | train loss: 0.529734 | test loss: 0.566131 | auc: 0.669402 | avg of last 10 auc: 0.653039
2025-06-20 06:44:54 INFO: Epoch:  27 | train loss: 0.533195 | test loss: 0.589404 | auc: 0.641786 | avg of last 10 auc: 0.654304
2025-06-20 06:45:06 INFO: Epoch:  28 | train loss: 0.535091 | test loss: 0.570350 | auc: 0.657027 | avg of last 10 auc: 0.654709
2025-06-20 06:45:19 INFO: Epoch:  29 | train loss: 0.542546 | test loss: 0.565865 | auc: 0.657783 | avg of last 10 auc: 0.655520
2025-06-20 06:45:31 INFO: Epoch:  30 | train loss: 0.524419 | test loss: 0.561991 | auc: 0.667973 | avg of last 10 auc: 0.658330
2025-06-20 06:45:43 INFO: Epoch:  31 | train loss: 0.516764 | test loss: 0.578253 | auc: 0.654844 | avg of last 10 auc: 0.660596
2025-06-20 06:45:56 INFO: Epoch:  32 | train loss: 0.529115 | test loss: 0.582863 | auc: 0.638295 | avg of last 10 auc: 0.661345
2025-06-20 06:46:09 INFO: Epoch:  33 | train loss: 0.535013 | test loss: 0.560099 | auc: 0.688408 | avg of last 10 auc: 0.657827
2025-06-20 06:46:21 INFO: Epoch:  34 | train loss: 0.526384 | test loss: 0.617937 | auc: 0.640051 | avg of last 10 auc: 0.659547
2025-06-20 06:46:33 INFO: Epoch:  35 | train loss: 0.518160 | test loss: 0.558720 | auc: 0.699755 | avg of last 10 auc: 0.655675
2025-06-20 06:46:46 INFO: Epoch:  36 | train loss: 0.517380 | test loss: 0.604354 | auc: 0.682227 | avg of last 10 auc: 0.661532
2025-06-20 06:46:58 INFO: Epoch:  37 | train loss: 0.506617 | test loss: 0.594459 | auc: 0.672033 | avg of last 10 auc: 0.662815
2025-06-20 06:47:10 INFO: Epoch:  38 | train loss: 0.505992 | test loss: 0.565967 | auc: 0.676512 | avg of last 10 auc: 0.665840
2025-06-20 06:47:22 INFO: Epoch:  39 | train loss: 0.496729 | test loss: 0.644614 | auc: 0.688467 | avg of last 10 auc: 0.667788
2025-06-20 06:47:34 INFO: Epoch:  40 | train loss: 0.497043 | test loss: 0.602131 | auc: 0.686980 | avg of last 10 auc: 0.670857
2025-06-20 06:47:47 INFO: Epoch:  41 | train loss: 0.512501 | test loss: 0.562257 | auc: 0.690556 | avg of last 10 auc: 0.672757
2025-06-20 06:47:59 INFO: Epoch:  42 | train loss: 0.502174 | test loss: 0.585437 | auc: 0.640530 | avg of last 10 auc: 0.676328
2025-06-20 06:48:11 INFO: Epoch:  43 | train loss: 0.493639 | test loss: 0.556127 | auc: 0.681053 | avg of last 10 auc: 0.676552
2025-06-20 06:48:24 INFO: Epoch:  44 | train loss: 0.487555 | test loss: 0.582719 | auc: 0.668509 | avg of last 10 auc: 0.675817
2025-06-20 06:48:36 INFO: Epoch:  45 | train loss: 0.490830 | test loss: 0.593441 | auc: 0.676873 | avg of last 10 auc: 0.678662
2025-06-20 06:48:48 INFO: Epoch:  46 | train loss: 0.488996 | test loss: 0.707366 | auc: 0.662830 | avg of last 10 auc: 0.676374
2025-06-20 06:49:00 INFO: Epoch:  47 | train loss: 0.489661 | test loss: 0.607736 | auc: 0.685954 | avg of last 10 auc: 0.674434
2025-06-20 06:49:13 INFO: Epoch:  48 | train loss: 0.489733 | test loss: 0.567984 | auc: 0.669152 | avg of last 10 auc: 0.675826
2025-06-20 06:49:25 INFO: Epoch:  49 | train loss: 0.475749 | test loss: 0.594203 | auc: 0.665196 | avg of last 10 auc: 0.675091
2025-06-20 06:49:39 INFO: Epoch:  50 | train loss: 0.481666 | test loss: 0.557703 | auc: 0.704149 | avg of last 10 auc: 0.672763
2025-06-20 06:49:51 INFO: Epoch:  51 | train loss: 0.451393 | test loss: 0.544453 | auc: 0.714819 | avg of last 10 auc: 0.674480
2025-06-20 06:50:03 INFO: Epoch:  52 | train loss: 0.459211 | test loss: 0.641584 | auc: 0.678727 | avg of last 10 auc: 0.676907
2025-06-20 06:50:15 INFO: Epoch:  53 | train loss: 0.452760 | test loss: 0.586577 | auc: 0.699791 | avg of last 10 auc: 0.680726
2025-06-20 06:50:28 INFO: Epoch:  54 | train loss: 0.475414 | test loss: 0.612125 | auc: 0.711247 | avg of last 10 auc: 0.682600
2025-06-20 06:50:40 INFO: Epoch:  55 | train loss: 0.450821 | test loss: 0.586464 | auc: 0.709071 | avg of last 10 auc: 0.686874
2025-06-20 06:50:52 INFO: Epoch:  56 | train loss: 0.457117 | test loss: 0.583695 | auc: 0.696370 | avg of last 10 auc: 0.690094
2025-06-20 06:51:05 INFO: Epoch:  57 | train loss: 0.455631 | test loss: 0.589274 | auc: 0.718967 | avg of last 10 auc: 0.693448
2025-06-20 06:51:17 INFO: Epoch:  58 | train loss: 0.458354 | test loss: 0.740504 | auc: 0.654267 | avg of last 10 auc: 0.696749
2025-06-20 06:51:29 INFO: Epoch:  59 | train loss: 0.449185 | test loss: 0.569622 | auc: 0.707130 | avg of last 10 auc: 0.695261
2025-06-20 06:51:41 INFO: Epoch:  60 | train loss: 0.431700 | test loss: 0.604736 | auc: 0.692188 | avg of last 10 auc: 0.699454
2025-06-20 06:51:53 INFO: Epoch:  61 | train loss: 0.431412 | test loss: 0.605534 | auc: 0.745920 | avg of last 10 auc: 0.698258
2025-06-20 06:52:06 INFO: Epoch:  62 | train loss: 0.424056 | test loss: 0.586914 | auc: 0.688983 | avg of last 10 auc: 0.701368
2025-06-20 06:52:18 INFO: Epoch:  63 | train loss: 0.423414 | test loss: 0.832281 | auc: 0.717921 | avg of last 10 auc: 0.702393
2025-06-20 06:52:31 INFO: Epoch:  64 | train loss: 0.414405 | test loss: 0.827754 | auc: 0.700517 | avg of last 10 auc: 0.704206
2025-06-20 06:52:43 INFO: Epoch:  65 | train loss: 0.424138 | test loss: 0.625340 | auc: 0.685465 | avg of last 10 auc: 0.703133
2025-06-20 06:52:55 INFO: Epoch:  66 | train loss: 0.401453 | test loss: 0.580641 | auc: 0.713974 | avg of last 10 auc: 0.700773
2025-06-20 06:53:08 INFO: Epoch:  67 | train loss: 0.402302 | test loss: 0.600001 | auc: 0.702260 | avg of last 10 auc: 0.702533
2025-06-20 06:53:20 INFO: Epoch:  68 | train loss: 0.431347 | test loss: 0.637862 | auc: 0.697483 | avg of last 10 auc: 0.700862
2025-06-20 06:53:32 INFO: Epoch:  69 | train loss: 0.392238 | test loss: 0.624939 | auc: 0.687904 | avg of last 10 auc: 0.705184
2025-06-20 06:53:44 INFO: Epoch:  70 | train loss: 0.383840 | test loss: 0.605445 | auc: 0.702540 | avg of last 10 auc: 0.703261
2025-06-20 06:53:57 INFO: Epoch:  71 | train loss: 0.395527 | test loss: 0.726692 | auc: 0.705059 | avg of last 10 auc: 0.704297
2025-06-20 06:54:09 INFO: Epoch:  72 | train loss: 0.386434 | test loss: 0.607014 | auc: 0.700142 | avg of last 10 auc: 0.700211
2025-06-20 06:54:21 INFO: Epoch:  73 | train loss: 0.372841 | test loss: 0.706649 | auc: 0.691669 | avg of last 10 auc: 0.701326
2025-06-20 06:54:33 INFO: Epoch:  74 | train loss: 0.375201 | test loss: 0.629244 | auc: 0.711090 | avg of last 10 auc: 0.698701
2025-06-20 06:54:46 INFO: Epoch:  75 | train loss: 0.388759 | test loss: 0.648293 | auc: 0.706910 | avg of last 10 auc: 0.699759
2025-06-20 06:54:58 INFO: Epoch:  76 | train loss: 0.372314 | test loss: 0.646043 | auc: 0.723457 | avg of last 10 auc: 0.701903
2025-06-20 06:55:10 INFO: Epoch:  77 | train loss: 0.365123 | test loss: 0.744722 | auc: 0.695756 | avg of last 10 auc: 0.702851
2025-06-20 06:55:23 INFO: Epoch:  78 | train loss: 0.351452 | test loss: 0.987767 | auc: 0.705049 | avg of last 10 auc: 0.702201
2025-06-20 06:55:35 INFO: Epoch:  79 | train loss: 0.369493 | test loss: 0.650462 | auc: 0.695655 | avg of last 10 auc: 0.702958
2025-06-20 06:55:47 INFO: Epoch:  80 | train loss: 0.340683 | test loss: 0.856384 | auc: 0.691581 | avg of last 10 auc: 0.703733
