2025-06-04 18:09:49 INFO: Start training:
2025-06-04 18:09:49 INFO: Arguments: Namespace(epoch=100, batch_size=256, lr=0.001, show_per_epoch=10, show_img_count=2, patch_size=2, mask_rate=0.75, save_every=10, seed=0)
2025-06-04 18:09:49 INFO: Using device: cuda:0
2025-06-04 18:18:03 INFO: Start training:
2025-06-04 18:18:03 INFO: Arguments: Namespace(epoch=100, batch_size=256, lr=0.001, show_per_epoch=10, show_img_count=2, patch_size=2, mask_rate=0.75, save_every=10, seed=0)
2025-06-04 18:18:03 INFO: Using device: cuda:0
2025-06-06 10:59:42 INFO: Start training:
2025-06-06 10:59:42 INFO: Arguments: Namespace(epoch=100, batch_size=256, lr=0.001, show_per_epoch=10, show_img_count=2, patch_size=2, mask_rate=0.75, save_every=10, seed=0)
2025-06-06 10:59:42 INFO: Using device: cuda:0
2025-06-06 11:03:33 INFO: Start training:
2025-06-06 11:03:33 INFO: Arguments: Namespace(epoch=100, batch_size=256, lr=0.001, show_per_epoch=10, show_img_count=2, patch_size=2, mask_rate=0.75, save_every=10, seed=0)
2025-06-06 11:03:33 INFO: Using device: cuda:0
2025-06-06 11:04:03 INFO: Epoch:   1 | train loss: 0.030813 | test loss: 0.019757
2025-06-06 11:04:29 INFO: Epoch:   2 | train loss: 0.022131 | test loss: 0.018846
2025-06-06 11:04:55 INFO: Epoch:   3 | train loss: 0.018366 | test loss: 0.017069
2025-06-06 11:05:21 INFO: Epoch:   4 | train loss: 0.017556 | test loss: 0.016838
2025-06-06 11:05:46 INFO: Epoch:   5 | train loss: 0.016369 | test loss: 0.015934
2025-06-06 11:06:11 INFO: Epoch:   6 | train loss: 0.016369 | test loss: 0.015275
2025-06-06 11:06:40 INFO: Epoch:   7 | train loss: 0.014762 | test loss: 0.013621
2025-06-06 11:07:06 INFO: Epoch:   8 | train loss: 0.012808 | test loss: 0.012093
2025-06-06 11:07:32 INFO: Epoch:   9 | train loss: 0.014678 | test loss: 0.013217
2025-06-06 11:07:57 INFO: Epoch:  10 | train loss: 0.011478 | test loss: 0.010980
2025-06-06 11:08:23 INFO: Epoch:  11 | train loss: 0.012030 | test loss: 0.011469
2025-06-06 11:08:48 INFO: Epoch:  12 | train loss: 0.012056 | test loss: 0.011487
2025-06-06 11:09:13 INFO: Epoch:  13 | train loss: 0.010819 | test loss: 0.010435
2025-06-06 11:09:39 INFO: Epoch:  14 | train loss: 0.010488 | test loss: 0.010261
2025-06-06 11:10:05 INFO: Epoch:  15 | train loss: 0.010619 | test loss: 0.010216
2025-06-06 11:10:31 INFO: Epoch:  16 | train loss: 0.010230 | test loss: 0.010034
2025-06-06 11:10:58 INFO: Epoch:  17 | train loss: 0.009938 | test loss: 0.009591
2025-06-06 11:11:24 INFO: Epoch:  18 | train loss: 0.011092 | test loss: 0.011088
2025-06-06 11:11:52 INFO: Epoch:  19 | train loss: 0.009556 | test loss: 0.009228
2025-06-06 11:12:18 INFO: Epoch:  20 | train loss: 0.011860 | test loss: 0.010601
2025-06-06 11:12:47 INFO: Epoch:  21 | train loss: 0.010924 | test loss: 0.010581
2025-06-06 11:13:13 INFO: Epoch:  22 | train loss: 0.009843 | test loss: 0.009480
2025-06-06 11:13:40 INFO: Epoch:  23 | train loss: 0.009308 | test loss: 0.009249
2025-06-06 11:14:08 INFO: Epoch:  24 | train loss: 0.009770 | test loss: 0.009348
2025-06-06 11:14:34 INFO: Epoch:  25 | train loss: 0.009025 | test loss: 0.008746
2025-06-06 11:15:01 INFO: Epoch:  26 | train loss: 0.008659 | test loss: 0.008593
2025-06-06 11:15:28 INFO: Epoch:  27 | train loss: 0.009700 | test loss: 0.009056
2025-06-06 11:15:54 INFO: Epoch:  28 | train loss: 0.010064 | test loss: 0.009928
2025-06-06 11:16:21 INFO: Epoch:  29 | train loss: 0.009015 | test loss: 0.008971
2025-06-06 11:16:49 INFO: Epoch:  30 | train loss: 0.009922 | test loss: 0.009522
2025-06-06 11:17:16 INFO: Epoch:  31 | train loss: 0.008903 | test loss: 0.008829
2025-06-06 11:17:43 INFO: Epoch:  32 | train loss: 0.009130 | test loss: 0.009073
2025-06-06 11:18:09 INFO: Epoch:  33 | train loss: 0.009506 | test loss: 0.009720
2025-06-06 11:18:33 INFO: Epoch:  34 | train loss: 0.009031 | test loss: 0.009203
2025-06-06 11:18:58 INFO: Epoch:  35 | train loss: 0.008851 | test loss: 0.008613
2025-06-06 11:19:23 INFO: Epoch:  36 | train loss: 0.009610 | test loss: 0.008907
2025-06-06 11:19:47 INFO: Epoch:  37 | train loss: 0.008397 | test loss: 0.008245
2025-06-06 11:20:12 INFO: Epoch:  38 | train loss: 0.008974 | test loss: 0.008870
2025-06-06 11:20:37 INFO: Epoch:  39 | train loss: 0.008668 | test loss: 0.008330
2025-06-06 11:21:02 INFO: Epoch:  40 | train loss: 0.008796 | test loss: 0.008789
2025-06-06 11:21:27 INFO: Epoch:  41 | train loss: 0.009043 | test loss: 0.008940
2025-06-06 11:21:51 INFO: Epoch:  42 | train loss: 0.008154 | test loss: 0.008143
2025-06-06 11:22:15 INFO: Epoch:  43 | train loss: 0.008206 | test loss: 0.008066
2025-06-06 11:22:40 INFO: Epoch:  44 | train loss: 0.008544 | test loss: 0.008415
2025-06-06 11:23:04 INFO: Epoch:  45 | train loss: 0.008382 | test loss: 0.008199
2025-06-06 11:23:29 INFO: Epoch:  46 | train loss: 0.008322 | test loss: 0.008581
2025-06-06 11:23:54 INFO: Epoch:  47 | train loss: 0.008331 | test loss: 0.008168
2025-06-06 11:24:18 INFO: Epoch:  48 | train loss: 0.008289 | test loss: 0.008133
2025-06-06 11:24:44 INFO: Epoch:  49 | train loss: 0.007894 | test loss: 0.007785
2025-06-06 11:25:09 INFO: Epoch:  50 | train loss: 0.008825 | test loss: 0.008692
2025-06-06 11:25:34 INFO: Epoch:  51 | train loss: 0.008734 | test loss: 0.008572
2025-06-06 11:25:58 INFO: Epoch:  52 | train loss: 0.010454 | test loss: 0.009870
2025-06-06 11:26:23 INFO: Epoch:  53 | train loss: 0.008126 | test loss: 0.007969
2025-06-06 11:26:47 INFO: Epoch:  54 | train loss: 0.009107 | test loss: 0.008979
2025-06-06 11:27:11 INFO: Epoch:  55 | train loss: 0.008431 | test loss: 0.008356
2025-06-06 11:27:36 INFO: Epoch:  56 | train loss: 0.007881 | test loss: 0.007768
2025-06-06 11:28:02 INFO: Epoch:  57 | train loss: 0.007966 | test loss: 0.007824
2025-06-06 11:28:26 INFO: Epoch:  58 | train loss: 0.008410 | test loss: 0.008314
2025-06-06 11:28:51 INFO: Epoch:  59 | train loss: 0.008166 | test loss: 0.008152
2025-06-06 11:29:16 INFO: Epoch:  60 | train loss: 0.008169 | test loss: 0.008017
2025-06-06 11:29:42 INFO: Epoch:  61 | train loss: 0.008635 | test loss: 0.008486
2025-06-06 11:30:07 INFO: Epoch:  62 | train loss: 0.008320 | test loss: 0.008304
2025-06-06 11:30:32 INFO: Epoch:  63 | train loss: 0.008076 | test loss: 0.008020
2025-06-06 11:30:56 INFO: Epoch:  64 | train loss: 0.008218 | test loss: 0.008081
2025-06-06 11:31:21 INFO: Epoch:  65 | train loss: 0.008415 | test loss: 0.008280
2025-06-06 11:31:46 INFO: Epoch:  66 | train loss: 0.007854 | test loss: 0.007931
2025-06-06 11:32:13 INFO: Epoch:  67 | train loss: 0.008292 | test loss: 0.008151
2025-06-06 11:32:38 INFO: Epoch:  68 | train loss: 0.008351 | test loss: 0.008125
2025-06-06 11:33:03 INFO: Epoch:  69 | train loss: 0.008207 | test loss: 0.008025
2025-06-06 11:33:28 INFO: Epoch:  70 | train loss: 0.007437 | test loss: 0.007327
2025-06-06 11:33:54 INFO: Epoch:  71 | train loss: 0.008237 | test loss: 0.008125
2025-06-06 11:34:19 INFO: Epoch:  72 | train loss: 0.008777 | test loss: 0.008885
2025-06-06 11:34:44 INFO: Epoch:  73 | train loss: 0.009364 | test loss: 0.009736
2025-06-06 11:35:08 INFO: Epoch:  74 | train loss: 0.007909 | test loss: 0.007882
2025-06-06 11:35:33 INFO: Epoch:  75 | train loss: 0.008137 | test loss: 0.008261
2025-06-06 11:36:01 INFO: Epoch:  76 | train loss: 0.007985 | test loss: 0.007916
2025-06-06 11:36:28 INFO: Epoch:  77 | train loss: 0.008699 | test loss: 0.008760
2025-06-06 11:36:53 INFO: Epoch:  78 | train loss: 0.008363 | test loss: 0.008229
2025-06-06 11:37:18 INFO: Epoch:  79 | train loss: 0.008782 | test loss: 0.008633
2025-06-06 11:37:44 INFO: Epoch:  80 | train loss: 0.008297 | test loss: 0.008307
2025-06-06 11:38:09 INFO: Epoch:  81 | train loss: 0.009786 | test loss: 0.009035
2025-06-06 11:38:33 INFO: Epoch:  82 | train loss: 0.008153 | test loss: 0.008077
2025-06-06 11:38:58 INFO: Epoch:  83 | train loss: 0.007761 | test loss: 0.007868
2025-06-06 11:39:22 INFO: Epoch:  84 | train loss: 0.008720 | test loss: 0.008545
2025-06-06 11:39:47 INFO: Epoch:  85 | train loss: 0.008095 | test loss: 0.008238
2025-06-06 11:40:11 INFO: Epoch:  86 | train loss: 0.008197 | test loss: 0.008068
2025-06-06 11:40:36 INFO: Epoch:  87 | train loss: 0.007858 | test loss: 0.007631
2025-06-06 11:41:00 INFO: Epoch:  88 | train loss: 0.008234 | test loss: 0.008228
2025-06-06 11:41:25 INFO: Epoch:  89 | train loss: 0.007669 | test loss: 0.007713
2025-06-06 11:41:50 INFO: Epoch:  90 | train loss: 0.007949 | test loss: 0.007946
2025-06-06 11:42:18 INFO: Epoch:  91 | train loss: 0.008273 | test loss: 0.008318
2025-06-06 11:42:42 INFO: Epoch:  92 | train loss: 0.008318 | test loss: 0.008179
2025-06-06 11:43:07 INFO: Epoch:  93 | train loss: 0.008301 | test loss: 0.008091
2025-06-06 11:43:33 INFO: Epoch:  94 | train loss: 0.007514 | test loss: 0.007454
2025-06-06 11:43:58 INFO: Epoch:  95 | train loss: 0.008172 | test loss: 0.008148
2025-06-06 11:44:23 INFO: Epoch:  96 | train loss: 0.007455 | test loss: 0.007419
2025-06-06 11:44:48 INFO: Epoch:  97 | train loss: 0.007608 | test loss: 0.007618
2025-06-06 11:45:14 INFO: Epoch:  98 | train loss: 0.007841 | test loss: 0.007713
2025-06-06 11:45:40 INFO: Epoch:  99 | train loss: 0.007891 | test loss: 0.007754
2025-06-06 11:46:04 INFO: Epoch: 100 | train loss: 0.007794 | test loss: 0.007676
