2025-06-04 13:13:44 INFO: Start training:
2025-06-04 13:13:44 INFO: Arguments: Namespace(epoch=3, batch_size=256, lr=0.001, show_per_epoch=10, show_img_count=2, patch_size=2, mask_rate=0.75, save_every=10, seed=0)
2025-06-04 13:13:44 INFO: Using device: cuda:0
2025-06-04 13:14:25 INFO: Epoch:   1 | train loss: 0.082745 | test loss: 0.065202
2025-06-04 13:14:41 INFO: Epoch:   2 | train loss: 0.058244 | test loss: 0.049198
2025-06-04 13:14:57 INFO: Epoch:   3 | train loss: 0.047445 | test loss: 0.042638
2025-06-04 13:27:53 INFO: Start training:
2025-06-04 13:27:53 INFO: Arguments: Namespace(epoch=3, batch_size=256, lr=0.001, show_per_epoch=10, show_img_count=2, patch_size=2, mask_rate=0.75, save_every=10, seed=0)
2025-06-04 13:27:53 INFO: Using device: cuda:0
2025-06-04 13:28:15 INFO: Epoch:   1 | train loss: 0.082745 | test loss: 0.065202
2025-06-04 13:28:33 INFO: Epoch:   2 | train loss: 0.058244 | test loss: 0.049198
2025-06-04 13:28:50 INFO: Epoch:   3 | train loss: 0.047445 | test loss: 0.042638
2025-06-04 16:59:31 INFO: Start training:
2025-06-04 16:59:31 INFO: Arguments: Namespace(epoch=100, batch_size=256, lr=0.001, show_per_epoch=10, show_img_count=2, patch_size=2, mask_rate=0.75, save_every=10, seed=0)
2025-06-04 16:59:31 INFO: Using device: cuda:0
2025-06-04 16:59:50 INFO: Epoch:   1 | train loss: 0.082745 | test loss: 0.065202
2025-06-04 17:00:07 INFO: Epoch:   2 | train loss: 0.058244 | test loss: 0.049198
2025-06-04 17:00:22 INFO: Epoch:   3 | train loss: 0.047445 | test loss: 0.042638
2025-06-04 17:00:39 INFO: Epoch:   4 | train loss: 0.043177 | test loss: 0.039972
2025-06-04 17:00:55 INFO: Epoch:   5 | train loss: 0.039656 | test loss: 0.036431
2025-06-04 17:01:10 INFO: Epoch:   6 | train loss: 0.037100 | test loss: 0.035278
2025-06-04 17:01:26 INFO: Epoch:   7 | train loss: 0.036886 | test loss: 0.034025
2025-06-04 17:01:41 INFO: Epoch:   8 | train loss: 0.036543 | test loss: 0.033863
2025-06-04 17:01:56 INFO: Epoch:   9 | train loss: 0.038597 | test loss: 0.035838
2025-06-04 17:02:11 INFO: Epoch:  10 | train loss: 0.034717 | test loss: 0.031740
2025-06-04 17:02:27 INFO: Epoch:  11 | train loss: 0.032266 | test loss: 0.030319
2025-06-04 17:02:42 INFO: Epoch:  12 | train loss: 0.032444 | test loss: 0.029930
2025-06-04 17:02:58 INFO: Epoch:  13 | train loss: 0.030191 | test loss: 0.027894
2025-06-04 17:03:13 INFO: Epoch:  14 | train loss: 0.031831 | test loss: 0.029292
2025-06-04 17:03:28 INFO: Epoch:  15 | train loss: 0.034621 | test loss: 0.031644
2025-06-04 17:03:43 INFO: Epoch:  16 | train loss: 0.031419 | test loss: 0.028793
2025-06-04 17:03:59 INFO: Epoch:  17 | train loss: 0.028072 | test loss: 0.025862
2025-06-04 17:04:14 INFO: Epoch:  18 | train loss: 0.029858 | test loss: 0.027861
2025-06-04 17:04:30 INFO: Epoch:  19 | train loss: 0.033814 | test loss: 0.032678
2025-06-04 17:04:45 INFO: Epoch:  20 | train loss: 0.029411 | test loss: 0.026801
2025-06-04 17:05:00 INFO: Epoch:  21 | train loss: 0.028295 | test loss: 0.026544
2025-06-04 17:05:16 INFO: Epoch:  22 | train loss: 0.030142 | test loss: 0.027442
2025-06-04 17:05:31 INFO: Epoch:  23 | train loss: 0.030239 | test loss: 0.027662
2025-06-04 17:05:48 INFO: Epoch:  24 | train loss: 0.026854 | test loss: 0.025090
2025-06-04 17:06:03 INFO: Epoch:  25 | train loss: 0.025522 | test loss: 0.024110
2025-06-04 17:06:19 INFO: Epoch:  26 | train loss: 0.026205 | test loss: 0.024153
2025-06-04 17:06:34 INFO: Epoch:  27 | train loss: 0.029580 | test loss: 0.027182
2025-06-04 17:06:49 INFO: Epoch:  28 | train loss: 0.025917 | test loss: 0.023881
2025-06-04 17:07:05 INFO: Epoch:  29 | train loss: 0.029124 | test loss: 0.026953
2025-06-04 17:07:20 INFO: Epoch:  30 | train loss: 0.029690 | test loss: 0.027333
2025-06-04 17:07:35 INFO: Epoch:  31 | train loss: 0.026613 | test loss: 0.024674
2025-06-04 17:07:50 INFO: Epoch:  32 | train loss: 0.028234 | test loss: 0.025674
2025-06-04 17:08:05 INFO: Epoch:  33 | train loss: 0.024434 | test loss: 0.022433
2025-06-04 17:08:21 INFO: Epoch:  34 | train loss: 0.025342 | test loss: 0.023572
2025-06-04 17:08:36 INFO: Epoch:  35 | train loss: 0.024279 | test loss: 0.022418
2025-06-04 17:08:52 INFO: Epoch:  36 | train loss: 0.024225 | test loss: 0.022413
2025-06-04 17:09:07 INFO: Epoch:  37 | train loss: 0.027089 | test loss: 0.024685
2025-06-04 17:09:22 INFO: Epoch:  38 | train loss: 0.025545 | test loss: 0.024664
2025-06-04 17:09:37 INFO: Epoch:  39 | train loss: 0.026008 | test loss: 0.024071
2025-06-04 17:09:52 INFO: Epoch:  40 | train loss: 0.023740 | test loss: 0.021885
2025-06-04 17:10:07 INFO: Epoch:  41 | train loss: 0.024097 | test loss: 0.023027
2025-06-04 17:10:23 INFO: Epoch:  42 | train loss: 0.025080 | test loss: 0.024517
2025-06-04 17:10:38 INFO: Epoch:  43 | train loss: 0.024428 | test loss: 0.022461
2025-06-04 17:10:54 INFO: Epoch:  44 | train loss: 0.025790 | test loss: 0.023895
2025-06-04 17:11:09 INFO: Epoch:  45 | train loss: 0.024228 | test loss: 0.022243
2025-06-04 17:11:25 INFO: Epoch:  46 | train loss: 0.024217 | test loss: 0.022474
2025-06-04 17:11:42 INFO: Epoch:  47 | train loss: 0.025418 | test loss: 0.023669
2025-06-04 17:11:58 INFO: Epoch:  48 | train loss: 0.025919 | test loss: 0.023748
2025-06-04 17:12:14 INFO: Epoch:  49 | train loss: 0.026282 | test loss: 0.023799
2025-06-04 17:12:30 INFO: Epoch:  50 | train loss: 0.024855 | test loss: 0.022954
2025-06-04 17:12:46 INFO: Epoch:  51 | train loss: 0.025482 | test loss: 0.023406
2025-06-04 17:13:01 INFO: Epoch:  52 | train loss: 0.027465 | test loss: 0.025574
2025-06-04 17:13:17 INFO: Epoch:  53 | train loss: 0.023267 | test loss: 0.021631
2025-06-04 17:13:33 INFO: Epoch:  54 | train loss: 0.022296 | test loss: 0.021010
2025-06-04 17:13:50 INFO: Epoch:  55 | train loss: 0.023073 | test loss: 0.021151
2025-06-04 17:14:09 INFO: Epoch:  56 | train loss: 0.021527 | test loss: 0.019787
2025-06-04 17:14:24 INFO: Epoch:  57 | train loss: 0.022694 | test loss: 0.020896
2025-06-04 17:14:39 INFO: Epoch:  58 | train loss: 0.022717 | test loss: 0.020939
2025-06-04 17:14:54 INFO: Epoch:  59 | train loss: 0.024440 | test loss: 0.022424
2025-06-04 17:15:10 INFO: Epoch:  60 | train loss: 0.023694 | test loss: 0.021506
2025-06-04 17:15:25 INFO: Epoch:  61 | train loss: 0.022408 | test loss: 0.021187
2025-06-04 17:15:41 INFO: Epoch:  62 | train loss: 0.023120 | test loss: 0.020964
2025-06-04 17:15:56 INFO: Epoch:  63 | train loss: 0.025980 | test loss: 0.023752
2025-06-04 17:16:12 INFO: Epoch:  64 | train loss: 0.022455 | test loss: 0.021268
2025-06-04 17:16:27 INFO: Epoch:  65 | train loss: 0.023979 | test loss: 0.022123
2025-06-04 17:16:43 INFO: Epoch:  66 | train loss: 0.021760 | test loss: 0.019949
2025-06-04 17:17:01 INFO: Epoch:  67 | train loss: 0.022496 | test loss: 0.020902
2025-06-04 17:17:17 INFO: Epoch:  68 | train loss: 0.023823 | test loss: 0.021684
2025-06-04 17:17:32 INFO: Epoch:  69 | train loss: 0.024678 | test loss: 0.023208
2025-06-04 17:17:48 INFO: Epoch:  70 | train loss: 0.023280 | test loss: 0.021870
2025-06-04 17:18:03 INFO: Epoch:  71 | train loss: 0.022315 | test loss: 0.020992
2025-06-04 17:18:18 INFO: Epoch:  72 | train loss: 0.021086 | test loss: 0.019610
2025-06-04 17:18:34 INFO: Epoch:  73 | train loss: 0.022846 | test loss: 0.022042
2025-06-04 17:18:49 INFO: Epoch:  74 | train loss: 0.023802 | test loss: 0.022104
2025-06-04 17:19:04 INFO: Epoch:  75 | train loss: 0.021806 | test loss: 0.020458
2025-06-04 17:19:20 INFO: Epoch:  76 | train loss: 0.022734 | test loss: 0.020973
2025-06-04 17:19:35 INFO: Epoch:  77 | train loss: 0.023041 | test loss: 0.021160
2025-06-04 17:19:50 INFO: Epoch:  78 | train loss: 0.022019 | test loss: 0.020322
2025-06-04 17:20:06 INFO: Epoch:  79 | train loss: 0.020620 | test loss: 0.018951
2025-06-04 17:20:21 INFO: Epoch:  80 | train loss: 0.023184 | test loss: 0.021993
2025-06-04 17:20:36 INFO: Epoch:  81 | train loss: 0.021794 | test loss: 0.020948
2025-06-04 17:20:52 INFO: Epoch:  82 | train loss: 0.027478 | test loss: 0.024664
2025-06-04 17:21:07 INFO: Epoch:  83 | train loss: 0.021913 | test loss: 0.020224
2025-06-04 17:21:23 INFO: Epoch:  84 | train loss: 0.018448 | test loss: 0.017307
2025-06-04 17:21:38 INFO: Epoch:  85 | train loss: 0.021745 | test loss: 0.019667
2025-06-04 17:21:53 INFO: Epoch:  86 | train loss: 0.022865 | test loss: 0.021220
2025-06-04 17:22:08 INFO: Epoch:  87 | train loss: 0.021953 | test loss: 0.020480
2025-06-04 17:22:24 INFO: Epoch:  88 | train loss: 0.023072 | test loss: 0.021374
2025-06-04 17:22:40 INFO: Epoch:  89 | train loss: 0.023729 | test loss: 0.021181
2025-06-04 17:22:55 INFO: Epoch:  90 | train loss: 0.022266 | test loss: 0.020435
2025-06-04 17:23:11 INFO: Epoch:  91 | train loss: 0.020852 | test loss: 0.019413
2025-06-04 17:23:27 INFO: Epoch:  92 | train loss: 0.023410 | test loss: 0.021580
2025-06-04 17:23:43 INFO: Epoch:  93 | train loss: 0.021834 | test loss: 0.020230
2025-06-04 17:23:59 INFO: Epoch:  94 | train loss: 0.022322 | test loss: 0.020434
2025-06-04 17:24:16 INFO: Epoch:  95 | train loss: 0.026404 | test loss: 0.024257
2025-06-04 17:24:31 INFO: Epoch:  96 | train loss: 0.021200 | test loss: 0.019488
2025-06-04 17:24:47 INFO: Epoch:  97 | train loss: 0.022557 | test loss: 0.020885
2025-06-04 17:25:03 INFO: Epoch:  98 | train loss: 0.022845 | test loss: 0.021130
2025-06-04 17:25:19 INFO: Epoch:  99 | train loss: 0.021163 | test loss: 0.020006
2025-06-04 17:25:34 INFO: Epoch: 100 | train loss: 0.023549 | test loss: 0.021901
