2025-06-19 10:01:23 INFO: Start training:
2025-06-19 10:01:23 INFO: Arguments: Namespace(epoch=80, batch_size=16, lr=0.00025, show_per_epoch=2, show_img_count=2, patch_size=16, mask_rate=0.5, save_every=5, seed=0, mask_roi='false', mask_non_roi='false', output_folder='experiments/experiment_no_mask_16px')
2025-06-19 10:01:23 INFO: Using device: cuda:0
2025-06-19 10:04:21 INFO: Epoch:   1 | train loss: 0.115619 | test loss: 0.061018
2025-06-19 10:05:27 INFO: Epoch:   2 | train loss: 0.071740 | test loss: 0.054030
2025-06-19 10:06:33 INFO: Epoch:   3 | train loss: 0.062630 | test loss: 0.304501
2025-06-19 10:07:40 INFO: Epoch:   4 | train loss: 0.062268 | test loss: 0.043119
2025-06-19 10:08:46 INFO: Epoch:   5 | train loss: 0.058353 | test loss: 0.053768
2025-06-19 10:09:53 INFO: Epoch:   6 | train loss: 0.056773 | test loss: 0.040679
2025-06-19 10:11:00 INFO: Epoch:   7 | train loss: 0.054032 | test loss: 0.040745
2025-06-19 10:12:06 INFO: Epoch:   8 | train loss: 0.055551 | test loss: 0.042758
2025-06-19 10:13:13 INFO: Epoch:   9 | train loss: 0.052463 | test loss: 0.053547
2025-06-19 10:14:20 INFO: Epoch:  10 | train loss: 0.051659 | test loss: 0.044815
2025-06-19 10:15:27 INFO: Epoch:  11 | train loss: 0.051304 | test loss: 0.049641
2025-06-19 10:16:34 INFO: Epoch:  12 | train loss: 0.052724 | test loss: 0.039599
2025-06-19 10:17:41 INFO: Epoch:  13 | train loss: 0.050799 | test loss: 0.039907
2025-06-19 10:18:47 INFO: Epoch:  14 | train loss: 0.050541 | test loss: 0.038067
2025-06-19 10:19:54 INFO: Epoch:  15 | train loss: 0.049738 | test loss: 0.060882
2025-06-19 10:21:02 INFO: Epoch:  16 | train loss: 0.050265 | test loss: 0.040535
2025-06-19 10:22:09 INFO: Epoch:  17 | train loss: 0.047698 | test loss: 0.038215
2025-06-19 10:23:16 INFO: Epoch:  18 | train loss: 0.047427 | test loss: 0.048378
2025-06-19 10:24:23 INFO: Epoch:  19 | train loss: 0.046384 | test loss: 0.035293
2025-06-19 10:25:30 INFO: Epoch:  20 | train loss: 0.043487 | test loss: 0.035387
2025-06-19 10:26:37 INFO: Epoch:  21 | train loss: 0.041180 | test loss: 0.037198
2025-06-19 10:27:44 INFO: Epoch:  22 | train loss: 0.039188 | test loss: 0.036820
2025-06-19 10:28:52 INFO: Epoch:  23 | train loss: 0.037443 | test loss: 0.032550
2025-06-19 10:29:59 INFO: Epoch:  24 | train loss: 0.038378 | test loss: 0.032811
2025-06-19 10:31:06 INFO: Epoch:  25 | train loss: 0.036701 | test loss: 0.039321
2025-06-19 10:32:13 INFO: Epoch:  26 | train loss: 0.035696 | test loss: 0.102661
2025-06-19 10:33:21 INFO: Epoch:  27 | train loss: 0.039541 | test loss: 0.034600
2025-06-19 10:34:28 INFO: Epoch:  28 | train loss: 0.036650 | test loss: 0.039072
2025-06-19 10:35:36 INFO: Epoch:  29 | train loss: 0.035469 | test loss: 0.033837
2025-06-19 10:36:43 INFO: Epoch:  30 | train loss: 0.034743 | test loss: 0.031243
2025-06-19 10:37:51 INFO: Epoch:  31 | train loss: 0.035342 | test loss: 0.030744
2025-06-19 10:38:58 INFO: Epoch:  32 | train loss: 0.034945 | test loss: 0.035389
2025-06-19 10:40:06 INFO: Epoch:  33 | train loss: 0.034662 | test loss: 0.034737
2025-06-19 10:41:13 INFO: Epoch:  34 | train loss: 0.034771 | test loss: 0.032639
2025-06-19 10:42:21 INFO: Epoch:  35 | train loss: 0.033729 | test loss: 0.034087
2025-06-19 10:43:29 INFO: Epoch:  36 | train loss: 0.033139 | test loss: 0.032146
2025-06-19 10:44:37 INFO: Epoch:  37 | train loss: 0.033426 | test loss: 0.029411
2025-06-19 10:45:45 INFO: Epoch:  38 | train loss: 0.032914 | test loss: 0.029755
2025-06-19 10:46:53 INFO: Epoch:  39 | train loss: 0.034023 | test loss: 0.029317
2025-06-19 10:48:01 INFO: Epoch:  40 | train loss: 0.032700 | test loss: 0.030983
2025-06-19 10:49:09 INFO: Epoch:  41 | train loss: 0.032386 | test loss: 0.033157
2025-06-19 10:50:17 INFO: Epoch:  42 | train loss: 0.032047 | test loss: 0.030778
2025-06-19 10:51:25 INFO: Epoch:  43 | train loss: 0.031685 | test loss: 0.045327
2025-06-19 10:52:33 INFO: Epoch:  44 | train loss: 0.037035 | test loss: 0.036998
2025-06-19 10:53:41 INFO: Epoch:  45 | train loss: 0.033823 | test loss: 0.036792
2025-06-19 10:54:50 INFO: Epoch:  46 | train loss: 0.032211 | test loss: 0.034796
2025-06-19 10:55:58 INFO: Epoch:  47 | train loss: 0.032561 | test loss: 0.031844
2025-06-19 10:57:06 INFO: Epoch:  48 | train loss: 0.031908 | test loss: 0.033549
2025-06-19 10:58:15 INFO: Epoch:  49 | train loss: 0.032543 | test loss: 0.032870
2025-06-19 10:59:23 INFO: Epoch:  50 | train loss: 0.031251 | test loss: 0.028627
2025-06-19 11:00:32 INFO: Epoch:  51 | train loss: 0.031196 | test loss: 0.029548
2025-06-19 11:01:41 INFO: Epoch:  52 | train loss: 0.030829 | test loss: 0.034351
2025-06-19 11:02:49 INFO: Epoch:  53 | train loss: 0.030770 | test loss: 0.031269
2025-06-19 11:03:58 INFO: Epoch:  54 | train loss: 0.030994 | test loss: 0.034257
2025-06-19 11:05:06 INFO: Epoch:  55 | train loss: 0.030320 | test loss: 0.029738
2025-06-19 11:06:15 INFO: Epoch:  56 | train loss: 0.030273 | test loss: 0.027990
2025-06-19 11:07:24 INFO: Epoch:  57 | train loss: 0.030815 | test loss: 0.054585
2025-06-19 11:08:33 INFO: Epoch:  58 | train loss: 0.035825 | test loss: 0.028357
2025-06-19 11:09:41 INFO: Epoch:  59 | train loss: 0.031757 | test loss: 0.030504
2025-06-19 11:10:50 INFO: Epoch:  60 | train loss: 0.030793 | test loss: 0.028097
2025-06-19 11:11:59 INFO: Epoch:  61 | train loss: 0.030221 | test loss: 0.030028
2025-06-19 11:13:08 INFO: Epoch:  62 | train loss: 0.030128 | test loss: 0.035253
2025-06-19 11:14:18 INFO: Epoch:  63 | train loss: 0.030726 | test loss: 0.031202
2025-06-19 11:15:27 INFO: Epoch:  64 | train loss: 0.029772 | test loss: 0.028331
2025-06-19 11:16:36 INFO: Epoch:  65 | train loss: 0.029580 | test loss: 0.028603
2025-06-19 11:17:46 INFO: Epoch:  66 | train loss: 0.029853 | test loss: 0.027901
2025-06-19 11:18:55 INFO: Epoch:  67 | train loss: 0.029912 | test loss: 0.027753
2025-06-19 11:20:04 INFO: Epoch:  68 | train loss: 0.029567 | test loss: 0.028786
2025-06-19 11:21:13 INFO: Epoch:  69 | train loss: 0.029456 | test loss: 0.029839
2025-06-19 11:22:23 INFO: Epoch:  70 | train loss: 0.029150 | test loss: 0.030646
2025-06-19 11:23:32 INFO: Epoch:  71 | train loss: 0.029992 | test loss: 0.028746
2025-06-19 11:24:42 INFO: Epoch:  72 | train loss: 0.029224 | test loss: 0.030727
2025-06-19 11:25:52 INFO: Epoch:  73 | train loss: 0.028766 | test loss: 0.027727
2025-06-19 11:27:01 INFO: Epoch:  74 | train loss: 0.029317 | test loss: 0.030482
2025-06-19 11:28:11 INFO: Epoch:  75 | train loss: 0.029749 | test loss: 0.028676
2025-06-19 11:29:20 INFO: Epoch:  76 | train loss: 0.028312 | test loss: 0.027878
2025-06-19 11:30:30 INFO: Epoch:  77 | train loss: 0.028372 | test loss: 0.028166
2025-06-19 11:31:39 INFO: Epoch:  78 | train loss: 0.029213 | test loss: 0.029075
2025-06-19 11:32:49 INFO: Epoch:  79 | train loss: 0.028191 | test loss: 0.027788
2025-06-19 11:33:58 INFO: Epoch:  80 | train loss: 0.028587 | test loss: 0.028346
