2025-06-21 01:00:02 INFO: Start finetuning:
2025-06-21 01:00:02 INFO: Arguments: Namespace(epoch=80, batch_size=16, lr=0.0005, model_path_in_folder='pretrain/80epoch.pth', folder_path='experiments/experiment_no_mask_16px', seed=None, patience=10, repeats=2, add_to_run_num=3, save_every=1)
2025-06-21 01:00:02 INFO: Using device: cuda:0
2025-06-21 01:01:39 INFO: Epoch:   1 | train loss: 0.585589 | test loss: 0.608354 | auc: 0.462891 | avg of last 10 auc: nan
2025-06-21 01:01:51 INFO: Epoch:   2 | train loss: 0.568896 | test loss: 0.597820 | auc: 0.512525 | avg of last 10 auc: 0.462891
2025-06-21 01:02:03 INFO: Epoch:   3 | train loss: 0.559931 | test loss: 0.596733 | auc: 0.522087 | avg of last 10 auc: 0.487708
2025-06-21 01:02:15 INFO: Epoch:   4 | train loss: 0.572543 | test loss: 0.596475 | auc: 0.523100 | avg of last 10 auc: 0.499168
2025-06-21 01:02:28 INFO: Epoch:   5 | train loss: 0.563064 | test loss: 0.599061 | auc: 0.515555 | avg of last 10 auc: 0.505151
2025-06-21 01:02:40 INFO: Epoch:   6 | train loss: 0.573388 | test loss: 0.607491 | auc: 0.497326 | avg of last 10 auc: 0.507232
2025-06-21 01:02:52 INFO: Epoch:   7 | train loss: 0.563836 | test loss: 0.597091 | auc: 0.539421 | avg of last 10 auc: 0.505581
2025-06-21 01:03:04 INFO: Epoch:   8 | train loss: 0.569116 | test loss: 0.597347 | auc: 0.524185 | avg of last 10 auc: 0.510415
2025-06-21 01:03:16 INFO: Epoch:   9 | train loss: 0.568201 | test loss: 0.600790 | auc: 0.499820 | avg of last 10 auc: 0.512136
2025-06-21 01:03:28 INFO: Epoch:  10 | train loss: 0.565826 | test loss: 0.601595 | auc: 0.508647 | avg of last 10 auc: 0.510768
2025-06-21 01:03:40 INFO: Epoch:  11 | train loss: 0.567257 | test loss: 0.603576 | auc: 0.533137 | avg of last 10 auc: 0.510556
2025-06-21 01:03:54 INFO: Epoch:  12 | train loss: 0.570439 | test loss: 0.596809 | auc: 0.528560 | avg of last 10 auc: 0.517580
2025-06-21 01:04:06 INFO: Epoch:  13 | train loss: 0.552650 | test loss: 0.610860 | auc: 0.511831 | avg of last 10 auc: 0.519184
2025-06-21 01:04:18 INFO: Epoch:  14 | train loss: 0.570888 | test loss: 0.600347 | auc: 0.511338 | avg of last 10 auc: 0.518158
2025-06-21 01:04:30 INFO: Epoch:  15 | train loss: 0.557840 | test loss: 0.614874 | auc: 0.532151 | avg of last 10 auc: 0.516982
2025-06-21 01:04:42 INFO: Epoch:  16 | train loss: 0.572267 | test loss: 0.589853 | auc: 0.601354 | avg of last 10 auc: 0.518641
2025-06-21 01:04:55 INFO: Epoch:  17 | train loss: 0.563055 | test loss: 0.589681 | auc: 0.599249 | avg of last 10 auc: 0.529044
2025-06-21 01:05:08 INFO: Epoch:  18 | train loss: 0.572395 | test loss: 0.589191 | auc: 0.599876 | avg of last 10 auc: 0.535027
2025-06-21 01:05:21 INFO: Epoch:  19 | train loss: 0.562913 | test loss: 0.586531 | auc: 0.593843 | avg of last 10 auc: 0.542596
2025-06-21 01:05:33 INFO: Epoch:  20 | train loss: 0.545030 | test loss: 0.601363 | auc: 0.600120 | avg of last 10 auc: 0.551999
2025-06-21 01:05:45 INFO: Epoch:  21 | train loss: 0.569560 | test loss: 0.593443 | auc: 0.587406 | avg of last 10 auc: 0.561146
2025-06-21 01:05:57 INFO: Epoch:  22 | train loss: 0.567043 | test loss: 0.602492 | auc: 0.599961 | avg of last 10 auc: 0.566573
2025-06-21 01:06:09 INFO: Epoch:  23 | train loss: 0.553875 | test loss: 0.593623 | auc: 0.607624 | avg of last 10 auc: 0.573713
2025-06-21 01:06:21 INFO: Epoch:  24 | train loss: 0.555595 | test loss: 0.587381 | auc: 0.612300 | avg of last 10 auc: 0.583292
2025-06-21 01:06:33 INFO: Epoch:  25 | train loss: 0.562390 | test loss: 0.585748 | auc: 0.592839 | avg of last 10 auc: 0.593388
2025-06-21 01:06:46 INFO: Epoch:  26 | train loss: 0.561971 | test loss: 0.591721 | auc: 0.594248 | avg of last 10 auc: 0.599457
2025-06-21 01:06:58 INFO: Epoch:  27 | train loss: 0.562895 | test loss: 0.589026 | auc: 0.619173 | avg of last 10 auc: 0.598747
2025-06-21 01:07:10 INFO: Epoch:  28 | train loss: 0.566576 | test loss: 0.583506 | auc: 0.602280 | avg of last 10 auc: 0.600739
2025-06-21 01:07:22 INFO: Epoch:  29 | train loss: 0.558291 | test loss: 0.590302 | auc: 0.605902 | avg of last 10 auc: 0.600979
2025-06-21 01:07:34 INFO: Epoch:  30 | train loss: 0.553094 | test loss: 0.598908 | auc: 0.625775 | avg of last 10 auc: 0.602185
2025-06-21 01:07:46 INFO: Epoch:  31 | train loss: 0.552133 | test loss: 0.583864 | auc: 0.614629 | avg of last 10 auc: 0.604751
2025-06-21 01:07:59 INFO: Epoch:  32 | train loss: 0.566084 | test loss: 0.587015 | auc: 0.617645 | avg of last 10 auc: 0.607473
2025-06-21 01:08:11 INFO: Epoch:  33 | train loss: 0.561220 | test loss: 0.583746 | auc: 0.606012 | avg of last 10 auc: 0.609242
2025-06-21 01:08:24 INFO: Epoch:  34 | train loss: 0.565174 | test loss: 0.585682 | auc: 0.609162 | avg of last 10 auc: 0.609080
2025-06-21 01:08:36 INFO: Epoch:  35 | train loss: 0.555544 | test loss: 0.608119 | auc: 0.601150 | avg of last 10 auc: 0.608767
2025-06-21 01:08:48 INFO: Epoch:  36 | train loss: 0.552976 | test loss: 0.583047 | auc: 0.641423 | avg of last 10 auc: 0.609598
2025-06-21 01:09:00 INFO: Epoch:  37 | train loss: 0.554548 | test loss: 0.581751 | auc: 0.611920 | avg of last 10 auc: 0.614315
2025-06-21 01:09:12 INFO: Epoch:  38 | train loss: 0.551940 | test loss: 0.585969 | auc: 0.604147 | avg of last 10 auc: 0.613590
2025-06-21 01:09:24 INFO: Epoch:  39 | train loss: 0.552105 | test loss: 0.582618 | auc: 0.624003 | avg of last 10 auc: 0.613776
2025-06-21 01:09:36 INFO: Epoch:  40 | train loss: 0.550060 | test loss: 0.573570 | auc: 0.658607 | avg of last 10 auc: 0.615586
2025-06-21 01:09:49 INFO: Epoch:  41 | train loss: 0.542295 | test loss: 0.594889 | auc: 0.620516 | avg of last 10 auc: 0.618870
2025-06-21 01:10:01 INFO: Epoch:  42 | train loss: 0.548938 | test loss: 0.579683 | auc: 0.614313 | avg of last 10 auc: 0.619458
2025-06-21 01:10:13 INFO: Epoch:  43 | train loss: 0.551838 | test loss: 0.577988 | auc: 0.667483 | avg of last 10 auc: 0.619125
2025-06-21 01:10:25 INFO: Epoch:  44 | train loss: 0.542101 | test loss: 0.587301 | auc: 0.626732 | avg of last 10 auc: 0.625272
2025-06-21 01:10:37 INFO: Epoch:  45 | train loss: 0.538164 | test loss: 0.617766 | auc: 0.603605 | avg of last 10 auc: 0.627029
2025-06-21 01:10:50 INFO: Epoch:  46 | train loss: 0.546002 | test loss: 0.615185 | auc: 0.622095 | avg of last 10 auc: 0.627275
2025-06-21 01:11:02 INFO: Epoch:  47 | train loss: 0.537503 | test loss: 0.583014 | auc: 0.642504 | avg of last 10 auc: 0.625342
2025-06-21 01:11:14 INFO: Epoch:  48 | train loss: 0.540612 | test loss: 0.590852 | auc: 0.615103 | avg of last 10 auc: 0.628401
2025-06-21 01:11:26 INFO: Epoch:  49 | train loss: 0.555225 | test loss: 0.575304 | auc: 0.650171 | avg of last 10 auc: 0.629496
2025-06-21 01:11:38 INFO: Epoch:  50 | train loss: 0.536844 | test loss: 0.574203 | auc: 0.651377 | avg of last 10 auc: 0.632113
2025-06-21 01:11:50 INFO: Epoch:  51 | train loss: 0.547631 | test loss: 0.589186 | auc: 0.637614 | avg of last 10 auc: 0.631390
2025-06-21 01:12:02 INFO: Epoch:  52 | train loss: 0.533119 | test loss: 0.596863 | auc: 0.642166 | avg of last 10 auc: 0.633100
2025-06-21 01:12:14 INFO: Epoch:  53 | train loss: 0.538774 | test loss: 0.584633 | auc: 0.616181 | avg of last 10 auc: 0.635885
2025-06-21 01:12:27 INFO: Epoch:  54 | train loss: 0.527890 | test loss: 0.569829 | auc: 0.666317 | avg of last 10 auc: 0.630755
2025-06-21 01:12:39 INFO: Epoch:  55 | train loss: 0.525715 | test loss: 0.604338 | auc: 0.631544 | avg of last 10 auc: 0.634713
2025-06-21 01:12:51 INFO: Epoch:  56 | train loss: 0.536259 | test loss: 0.577424 | auc: 0.650273 | avg of last 10 auc: 0.637507
2025-06-21 01:13:03 INFO: Epoch:  57 | train loss: 0.532864 | test loss: 0.607282 | auc: 0.629163 | avg of last 10 auc: 0.640325
2025-06-21 01:13:15 INFO: Epoch:  58 | train loss: 0.530311 | test loss: 0.589676 | auc: 0.637359 | avg of last 10 auc: 0.638991
2025-06-21 01:13:28 INFO: Epoch:  59 | train loss: 0.525928 | test loss: 0.608366 | auc: 0.638906 | avg of last 10 auc: 0.641216
2025-06-21 01:13:41 INFO: Epoch:  60 | train loss: 0.527829 | test loss: 0.612234 | auc: 0.618034 | avg of last 10 auc: 0.640090
2025-06-21 01:13:53 INFO: Epoch:  61 | train loss: 0.535684 | test loss: 0.570259 | auc: 0.651978 | avg of last 10 auc: 0.636756
2025-06-21 01:14:05 INFO: Epoch:  62 | train loss: 0.533223 | test loss: 0.585544 | auc: 0.647164 | avg of last 10 auc: 0.638192
2025-06-21 01:14:18 INFO: Epoch:  63 | train loss: 0.511467 | test loss: 0.598311 | auc: 0.631761 | avg of last 10 auc: 0.638692
2025-06-21 01:14:30 INFO: Epoch:  64 | train loss: 0.529306 | test loss: 0.597688 | auc: 0.635642 | avg of last 10 auc: 0.640250
2025-06-21 01:14:42 INFO: Epoch:  65 | train loss: 0.515433 | test loss: 0.613609 | auc: 0.622112 | avg of last 10 auc: 0.637182
2025-06-21 01:14:55 INFO: Epoch:  66 | train loss: 0.524661 | test loss: 0.561305 | auc: 0.688058 | avg of last 10 auc: 0.636239
2025-06-21 01:15:07 INFO: Epoch:  67 | train loss: 0.524949 | test loss: 0.618850 | auc: 0.615458 | avg of last 10 auc: 0.640018
2025-06-21 01:15:19 INFO: Epoch:  68 | train loss: 0.522284 | test loss: 0.584975 | auc: 0.654301 | avg of last 10 auc: 0.638647
2025-06-21 01:15:32 INFO: Epoch:  69 | train loss: 0.523545 | test loss: 0.584991 | auc: 0.650976 | avg of last 10 auc: 0.640341
2025-06-21 01:15:44 INFO: Epoch:  70 | train loss: 0.506896 | test loss: 0.591893 | auc: 0.658833 | avg of last 10 auc: 0.641548
2025-06-21 01:15:57 INFO: Epoch:  71 | train loss: 0.519064 | test loss: 0.604675 | auc: 0.642846 | avg of last 10 auc: 0.645628
2025-06-21 01:16:09 INFO: Epoch:  72 | train loss: 0.516292 | test loss: 0.573109 | auc: 0.660657 | avg of last 10 auc: 0.644715
2025-06-21 01:16:22 INFO: Epoch:  73 | train loss: 0.509332 | test loss: 0.612341 | auc: 0.655249 | avg of last 10 auc: 0.646064
2025-06-21 01:16:34 INFO: Epoch:  74 | train loss: 0.508851 | test loss: 0.582784 | auc: 0.644312 | avg of last 10 auc: 0.648413
2025-06-21 01:16:47 INFO: Epoch:  75 | train loss: 0.501332 | test loss: 0.633109 | auc: 0.651927 | avg of last 10 auc: 0.649280
2025-06-21 01:16:59 INFO: Epoch:  76 | train loss: 0.493757 | test loss: 0.579838 | auc: 0.666129 | avg of last 10 auc: 0.652262
2025-06-21 01:17:12 INFO: Epoch:  77 | train loss: 0.488638 | test loss: 0.634938 | auc: 0.651154 | avg of last 10 auc: 0.650069
2025-06-21 01:17:24 INFO: Epoch:  78 | train loss: 0.506667 | test loss: 0.613633 | auc: 0.637732 | avg of last 10 auc: 0.653638
2025-06-21 01:17:36 INFO: Epoch:  79 | train loss: 0.499491 | test loss: 0.597908 | auc: 0.657359 | avg of last 10 auc: 0.651981
2025-06-21 01:17:49 INFO: Epoch:  80 | train loss: 0.503173 | test loss: 0.632399 | auc: 0.656093 | avg of last 10 auc: 0.652620
