2025-06-20 20:07:13 INFO: Start finetuning:
2025-06-20 20:07:13 INFO: Arguments: Namespace(epoch=80, batch_size=16, lr=0.0005, model_path_in_folder='pretrain/80epoch.pth', folder_path='experiments/experiment_mask_non_ROI_32px', seed=None, patience=10, repeats=3, save_every=1)
2025-06-20 20:07:13 INFO: Using device: cuda:0
2025-06-20 20:08:50 INFO: Epoch:   1 | train loss: 0.588622 | test loss: 0.591395 | auc: 0.578833 | avg of last 10 auc: nan
2025-06-20 20:09:03 INFO: Epoch:   2 | train loss: 0.561388 | test loss: 0.594452 | auc: 0.571882 | avg of last 10 auc: 0.578833
2025-06-20 20:09:15 INFO: Epoch:   3 | train loss: 0.574539 | test loss: 0.593616 | auc: 0.564577 | avg of last 10 auc: 0.575358
2025-06-20 20:09:27 INFO: Epoch:   4 | train loss: 0.574839 | test loss: 0.589361 | auc: 0.580983 | avg of last 10 auc: 0.571764
2025-06-20 20:09:40 INFO: Epoch:   5 | train loss: 0.557383 | test loss: 0.595276 | auc: 0.570914 | avg of last 10 auc: 0.574069
2025-06-20 20:09:52 INFO: Epoch:   6 | train loss: 0.559481 | test loss: 0.600163 | auc: 0.579502 | avg of last 10 auc: 0.573438
2025-06-20 20:10:04 INFO: Epoch:   7 | train loss: 0.561978 | test loss: 0.586929 | auc: 0.608467 | avg of last 10 auc: 0.574448
2025-06-20 20:10:16 INFO: Epoch:   8 | train loss: 0.560971 | test loss: 0.584777 | auc: 0.612662 | avg of last 10 auc: 0.579308
2025-06-20 20:10:28 INFO: Epoch:   9 | train loss: 0.564995 | test loss: 0.602630 | auc: 0.592736 | avg of last 10 auc: 0.583477
2025-06-20 20:10:41 INFO: Epoch:  10 | train loss: 0.543133 | test loss: 0.585053 | auc: 0.609044 | avg of last 10 auc: 0.584506
2025-06-20 20:10:53 INFO: Epoch:  11 | train loss: 0.563288 | test loss: 0.576295 | auc: 0.654422 | avg of last 10 auc: 0.586960
2025-06-20 20:11:05 INFO: Epoch:  12 | train loss: 0.552286 | test loss: 0.591855 | auc: 0.624607 | avg of last 10 auc: 0.594519
2025-06-20 20:11:17 INFO: Epoch:  13 | train loss: 0.562782 | test loss: 0.591238 | auc: 0.632400 | avg of last 10 auc: 0.599791
2025-06-20 20:11:30 INFO: Epoch:  14 | train loss: 0.562020 | test loss: 0.571833 | auc: 0.677013 | avg of last 10 auc: 0.606574
2025-06-20 20:11:43 INFO: Epoch:  15 | train loss: 0.544716 | test loss: 0.570409 | auc: 0.668095 | avg of last 10 auc: 0.616177
2025-06-20 20:11:56 INFO: Epoch:  16 | train loss: 0.540046 | test loss: 0.584355 | auc: 0.656337 | avg of last 10 auc: 0.625895
2025-06-20 20:12:09 INFO: Epoch:  17 | train loss: 0.538348 | test loss: 0.568195 | auc: 0.666790 | avg of last 10 auc: 0.633578
2025-06-20 20:12:21 INFO: Epoch:  18 | train loss: 0.535295 | test loss: 0.590097 | auc: 0.661652 | avg of last 10 auc: 0.639410
2025-06-20 20:12:34 INFO: Epoch:  19 | train loss: 0.538352 | test loss: 0.570369 | auc: 0.672354 | avg of last 10 auc: 0.644309
2025-06-20 20:12:47 INFO: Epoch:  20 | train loss: 0.545806 | test loss: 0.579617 | auc: 0.640542 | avg of last 10 auc: 0.652271
2025-06-20 20:13:00 INFO: Epoch:  21 | train loss: 0.531311 | test loss: 0.578953 | auc: 0.660570 | avg of last 10 auc: 0.655421
2025-06-20 20:13:12 INFO: Epoch:  22 | train loss: 0.525875 | test loss: 0.585805 | auc: 0.630359 | avg of last 10 auc: 0.656036
2025-06-20 20:13:25 INFO: Epoch:  23 | train loss: 0.516007 | test loss: 0.587890 | auc: 0.662346 | avg of last 10 auc: 0.656611
2025-06-20 20:13:38 INFO: Epoch:  24 | train loss: 0.521954 | test loss: 0.609702 | auc: 0.642164 | avg of last 10 auc: 0.659606
2025-06-20 20:13:51 INFO: Epoch:  25 | train loss: 0.516357 | test loss: 0.558791 | auc: 0.691249 | avg of last 10 auc: 0.656121
2025-06-20 20:14:05 INFO: Epoch:  26 | train loss: 0.515652 | test loss: 0.684418 | auc: 0.695802 | avg of last 10 auc: 0.658436
2025-06-20 20:14:18 INFO: Epoch:  27 | train loss: 0.517245 | test loss: 0.596479 | auc: 0.691436 | avg of last 10 auc: 0.662383
2025-06-20 20:14:31 INFO: Epoch:  28 | train loss: 0.512406 | test loss: 0.576979 | auc: 0.692433 | avg of last 10 auc: 0.664847
2025-06-20 20:14:43 INFO: Epoch:  29 | train loss: 0.501586 | test loss: 0.566426 | auc: 0.672919 | avg of last 10 auc: 0.667925
2025-06-20 20:14:55 INFO: Epoch:  30 | train loss: 0.498973 | test loss: 0.586983 | auc: 0.681223 | avg of last 10 auc: 0.667982
2025-06-20 20:15:07 INFO: Epoch:  31 | train loss: 0.512612 | test loss: 0.597031 | auc: 0.687996 | avg of last 10 auc: 0.672050
2025-06-20 20:15:20 INFO: Epoch:  32 | train loss: 0.495457 | test loss: 0.579171 | auc: 0.671534 | avg of last 10 auc: 0.674793
2025-06-20 20:15:33 INFO: Epoch:  33 | train loss: 0.494741 | test loss: 0.561915 | auc: 0.683945 | avg of last 10 auc: 0.678910
2025-06-20 20:15:46 INFO: Epoch:  34 | train loss: 0.485112 | test loss: 0.576452 | auc: 0.663532 | avg of last 10 auc: 0.681070
2025-06-20 20:15:59 INFO: Epoch:  35 | train loss: 0.492203 | test loss: 0.554099 | auc: 0.714969 | avg of last 10 auc: 0.683207
2025-06-20 20:16:13 INFO: Epoch:  36 | train loss: 0.491486 | test loss: 0.631478 | auc: 0.690883 | avg of last 10 auc: 0.685579
2025-06-20 20:16:26 INFO: Epoch:  37 | train loss: 0.470477 | test loss: 0.623065 | auc: 0.667777 | avg of last 10 auc: 0.685087
2025-06-20 20:16:38 INFO: Epoch:  38 | train loss: 0.476590 | test loss: 0.609030 | auc: 0.724141 | avg of last 10 auc: 0.682721
2025-06-20 20:16:51 INFO: Epoch:  39 | train loss: 0.468381 | test loss: 0.615549 | auc: 0.664796 | avg of last 10 auc: 0.685892
2025-06-20 20:17:03 INFO: Epoch:  40 | train loss: 0.467856 | test loss: 0.584482 | auc: 0.689187 | avg of last 10 auc: 0.685079
2025-06-20 20:17:15 INFO: Epoch:  41 | train loss: 0.467823 | test loss: 0.574098 | auc: 0.691556 | avg of last 10 auc: 0.685876
2025-06-20 20:17:29 INFO: Epoch:  42 | train loss: 0.432965 | test loss: 0.566698 | auc: 0.706487 | avg of last 10 auc: 0.686232
2025-06-20 20:17:42 INFO: Epoch:  43 | train loss: 0.453752 | test loss: 0.710809 | auc: 0.713697 | avg of last 10 auc: 0.689727
2025-06-20 20:17:55 INFO: Epoch:  44 | train loss: 0.454757 | test loss: 0.552726 | auc: 0.712804 | avg of last 10 auc: 0.692702
2025-06-20 20:18:07 INFO: Epoch:  45 | train loss: 0.415672 | test loss: 0.610168 | auc: 0.687686 | avg of last 10 auc: 0.697630
2025-06-20 20:18:20 INFO: Epoch:  46 | train loss: 0.444711 | test loss: 0.650276 | auc: 0.640008 | avg of last 10 auc: 0.694901
2025-06-20 20:18:33 INFO: Epoch:  47 | train loss: 0.427116 | test loss: 0.724724 | auc: 0.683939 | avg of last 10 auc: 0.689814
2025-06-20 20:18:46 INFO: Epoch:  48 | train loss: 0.446567 | test loss: 0.699405 | auc: 0.686874 | avg of last 10 auc: 0.691430
2025-06-20 20:18:59 INFO: Epoch:  49 | train loss: 0.437370 | test loss: 0.559278 | auc: 0.720361 | avg of last 10 auc: 0.687703
2025-06-20 20:19:11 INFO: Epoch:  50 | train loss: 0.416448 | test loss: 0.568004 | auc: 0.716195 | avg of last 10 auc: 0.693260
2025-06-20 20:19:24 INFO: Epoch:  51 | train loss: 0.393185 | test loss: 0.687559 | auc: 0.708297 | avg of last 10 auc: 0.695961
2025-06-20 20:19:36 INFO: Epoch:  52 | train loss: 0.419348 | test loss: 0.638415 | auc: 0.667127 | avg of last 10 auc: 0.697635
2025-06-20 20:19:49 INFO: Epoch:  53 | train loss: 0.401163 | test loss: 0.809825 | auc: 0.697110 | avg of last 10 auc: 0.693699
2025-06-20 20:20:02 INFO: Epoch:  54 | train loss: 0.427807 | test loss: 0.551143 | auc: 0.722715 | avg of last 10 auc: 0.692040
2025-06-20 20:20:15 INFO: Epoch:  55 | train loss: 0.398446 | test loss: 0.592841 | auc: 0.723852 | avg of last 10 auc: 0.693031
2025-06-20 20:20:28 INFO: Epoch:  56 | train loss: 0.400576 | test loss: 0.632013 | auc: 0.709503 | avg of last 10 auc: 0.696648
2025-06-20 20:20:41 INFO: Epoch:  57 | train loss: 0.392078 | test loss: 0.614530 | auc: 0.701149 | avg of last 10 auc: 0.703597
2025-06-20 20:20:54 INFO: Epoch:  58 | train loss: 0.367683 | test loss: 0.614380 | auc: 0.716530 | avg of last 10 auc: 0.705318
2025-06-20 20:21:07 INFO: Epoch:  59 | train loss: 0.379828 | test loss: 0.786402 | auc: 0.690498 | avg of last 10 auc: 0.708284
2025-06-20 20:21:19 INFO: Epoch:  60 | train loss: 0.378814 | test loss: 0.635756 | auc: 0.701869 | avg of last 10 auc: 0.705298
2025-06-20 20:21:32 INFO: Epoch:  61 | train loss: 0.389323 | test loss: 0.904385 | auc: 0.726934 | avg of last 10 auc: 0.703865
2025-06-20 20:21:44 INFO: Epoch:  62 | train loss: 0.378330 | test loss: 0.807453 | auc: 0.714607 | avg of last 10 auc: 0.705729
2025-06-20 20:21:57 INFO: Epoch:  63 | train loss: 0.349435 | test loss: 0.668849 | auc: 0.681238 | avg of last 10 auc: 0.710477
2025-06-20 20:22:10 INFO: Epoch:  64 | train loss: 0.352920 | test loss: 0.677082 | auc: 0.698810 | avg of last 10 auc: 0.708890
2025-06-20 20:22:23 INFO: Epoch:  65 | train loss: 0.319919 | test loss: 0.614235 | auc: 0.730313 | avg of last 10 auc: 0.706499
2025-06-20 20:22:36 INFO: Epoch:  66 | train loss: 0.343239 | test loss: 0.852719 | auc: 0.689843 | avg of last 10 auc: 0.707145
2025-06-20 20:22:49 INFO: Epoch:  67 | train loss: 0.321176 | test loss: 0.800063 | auc: 0.661738 | avg of last 10 auc: 0.705179
2025-06-20 20:23:02 INFO: Epoch:  68 | train loss: 0.300430 | test loss: 0.713135 | auc: 0.693318 | avg of last 10 auc: 0.701238
2025-06-20 20:23:15 INFO: Epoch:  69 | train loss: 0.327297 | test loss: 0.726138 | auc: 0.697226 | avg of last 10 auc: 0.698917
2025-06-20 20:23:27 INFO: Epoch:  70 | train loss: 0.324953 | test loss: 0.745596 | auc: 0.696503 | avg of last 10 auc: 0.699590
2025-06-20 20:23:40 INFO: Epoch:  71 | train loss: 0.307343 | test loss: 0.799537 | auc: 0.678354 | avg of last 10 auc: 0.699053
2025-06-20 20:23:52 INFO: Epoch:  72 | train loss: 0.338963 | test loss: 0.768806 | auc: 0.689028 | avg of last 10 auc: 0.694195
2025-06-20 20:24:05 INFO: Epoch:  73 | train loss: 0.303628 | test loss: 0.780324 | auc: 0.659905 | avg of last 10 auc: 0.691637
2025-06-20 20:24:18 INFO: Epoch:  74 | train loss: 0.288580 | test loss: 0.754681 | auc: 0.698144 | avg of last 10 auc: 0.689504
2025-06-20 20:24:32 INFO: Epoch:  75 | train loss: 0.295393 | test loss: 0.765408 | auc: 0.708675 | avg of last 10 auc: 0.689437
2025-06-20 20:24:45 INFO: Epoch:  76 | train loss: 0.296298 | test loss: 0.767495 | auc: 0.694583 | avg of last 10 auc: 0.687273
2025-06-20 20:24:58 INFO: Epoch:  77 | train loss: 0.254263 | test loss: 1.370906 | auc: 0.710723 | avg of last 10 auc: 0.687747
2025-06-20 20:25:11 INFO: Epoch:  78 | train loss: 0.259176 | test loss: 0.897752 | auc: 0.696962 | avg of last 10 auc: 0.692646
2025-06-20 20:25:24 INFO: Epoch:  79 | train loss: 0.283326 | test loss: 0.846011 | auc: 0.696824 | avg of last 10 auc: 0.693010
2025-06-20 20:25:36 INFO: Epoch:  80 | train loss: 0.276375 | test loss: 0.759927 | auc: 0.703199 | avg of last 10 auc: 0.692970
