2025-06-20 08:25:12 INFO: Start finetuning:
2025-06-20 08:25:12 INFO: Arguments: Namespace(epoch=80, batch_size=16, lr=0.0005, model_path_in_folder='pretrain/80epoch.pth', folder_path='experiments/experiment_mask_all_8px', seed=None, patience=10, repeats=3, save_every=1)
2025-06-20 08:25:12 INFO: Using device: cuda:0
2025-06-20 08:26:44 INFO: Epoch:   1 | train loss: 0.603506 | test loss: 0.593248 | auc: 0.550928 | avg of last 10 auc: nan
2025-06-20 08:26:56 INFO: Epoch:   2 | train loss: 0.579195 | test loss: 0.592648 | auc: 0.552577 | avg of last 10 auc: 0.550928
2025-06-20 08:27:08 INFO: Epoch:   3 | train loss: 0.573023 | test loss: 0.592166 | auc: 0.561305 | avg of last 10 auc: 0.551753
2025-06-20 08:27:21 INFO: Epoch:   4 | train loss: 0.551850 | test loss: 0.588153 | auc: 0.577277 | avg of last 10 auc: 0.554937
2025-06-20 08:27:33 INFO: Epoch:   5 | train loss: 0.566788 | test loss: 0.596650 | auc: 0.559552 | avg of last 10 auc: 0.560522
2025-06-20 08:27:45 INFO: Epoch:   6 | train loss: 0.567702 | test loss: 0.588717 | auc: 0.598686 | avg of last 10 auc: 0.560328
2025-06-20 08:27:57 INFO: Epoch:   7 | train loss: 0.568216 | test loss: 0.587014 | auc: 0.599323 | avg of last 10 auc: 0.566721
2025-06-20 08:28:09 INFO: Epoch:   8 | train loss: 0.564813 | test loss: 0.585751 | auc: 0.594100 | avg of last 10 auc: 0.571378
2025-06-20 08:28:22 INFO: Epoch:   9 | train loss: 0.568222 | test loss: 0.590292 | auc: 0.593355 | avg of last 10 auc: 0.574219
2025-06-20 08:28:34 INFO: Epoch:  10 | train loss: 0.559503 | test loss: 0.588564 | auc: 0.606222 | avg of last 10 auc: 0.576345
2025-06-20 08:28:46 INFO: Epoch:  11 | train loss: 0.563726 | test loss: 0.582717 | auc: 0.609279 | avg of last 10 auc: 0.579333
2025-06-20 08:28:59 INFO: Epoch:  12 | train loss: 0.557071 | test loss: 0.589700 | auc: 0.599906 | avg of last 10 auc: 0.585168
2025-06-20 08:29:11 INFO: Epoch:  13 | train loss: 0.563092 | test loss: 0.583692 | auc: 0.610069 | avg of last 10 auc: 0.589900
2025-06-20 08:29:23 INFO: Epoch:  14 | train loss: 0.562478 | test loss: 0.582872 | auc: 0.611112 | avg of last 10 auc: 0.594777
2025-06-20 08:29:35 INFO: Epoch:  15 | train loss: 0.558352 | test loss: 0.586254 | auc: 0.596424 | avg of last 10 auc: 0.598160
2025-06-20 08:29:47 INFO: Epoch:  16 | train loss: 0.569307 | test loss: 0.582990 | auc: 0.638962 | avg of last 10 auc: 0.601848
2025-06-20 08:30:00 INFO: Epoch:  17 | train loss: 0.559599 | test loss: 0.582754 | auc: 0.622089 | avg of last 10 auc: 0.605875
2025-06-20 08:30:12 INFO: Epoch:  18 | train loss: 0.562559 | test loss: 0.581921 | auc: 0.628338 | avg of last 10 auc: 0.608152
2025-06-20 08:30:25 INFO: Epoch:  19 | train loss: 0.556545 | test loss: 0.584044 | auc: 0.614599 | avg of last 10 auc: 0.611576
2025-06-20 08:30:37 INFO: Epoch:  20 | train loss: 0.559109 | test loss: 0.582448 | auc: 0.639667 | avg of last 10 auc: 0.613700
2025-06-20 08:30:49 INFO: Epoch:  21 | train loss: 0.563242 | test loss: 0.585783 | auc: 0.616153 | avg of last 10 auc: 0.617044
2025-06-20 08:31:01 INFO: Epoch:  22 | train loss: 0.559073 | test loss: 0.579636 | auc: 0.644157 | avg of last 10 auc: 0.617732
2025-06-20 08:31:13 INFO: Epoch:  23 | train loss: 0.557214 | test loss: 0.585187 | auc: 0.641893 | avg of last 10 auc: 0.622157
2025-06-20 08:31:26 INFO: Epoch:  24 | train loss: 0.552776 | test loss: 0.576927 | auc: 0.668422 | avg of last 10 auc: 0.625340
2025-06-20 08:31:38 INFO: Epoch:  25 | train loss: 0.555940 | test loss: 0.575909 | auc: 0.676897 | avg of last 10 auc: 0.631070
2025-06-20 08:31:51 INFO: Epoch:  26 | train loss: 0.548075 | test loss: 0.603129 | auc: 0.616941 | avg of last 10 auc: 0.639118
2025-06-20 08:32:03 INFO: Epoch:  27 | train loss: 0.550932 | test loss: 0.578438 | auc: 0.656848 | avg of last 10 auc: 0.636916
2025-06-20 08:32:15 INFO: Epoch:  28 | train loss: 0.551653 | test loss: 0.576407 | auc: 0.670988 | avg of last 10 auc: 0.640392
2025-06-20 08:32:28 INFO: Epoch:  29 | train loss: 0.558431 | test loss: 0.593519 | auc: 0.642129 | avg of last 10 auc: 0.644657
2025-06-20 08:32:40 INFO: Epoch:  30 | train loss: 0.544615 | test loss: 0.573250 | auc: 0.654234 | avg of last 10 auc: 0.647410
2025-06-20 08:32:53 INFO: Epoch:  31 | train loss: 0.539490 | test loss: 0.578363 | auc: 0.666643 | avg of last 10 auc: 0.648866
2025-06-20 08:33:05 INFO: Epoch:  32 | train loss: 0.547906 | test loss: 0.576228 | auc: 0.668284 | avg of last 10 auc: 0.653915
2025-06-20 08:33:17 INFO: Epoch:  33 | train loss: 0.558189 | test loss: 0.572340 | auc: 0.687293 | avg of last 10 auc: 0.656328
2025-06-20 08:33:30 INFO: Epoch:  34 | train loss: 0.557204 | test loss: 0.576945 | auc: 0.645784 | avg of last 10 auc: 0.660868
2025-06-20 08:33:42 INFO: Epoch:  35 | train loss: 0.545644 | test loss: 0.575462 | auc: 0.659702 | avg of last 10 auc: 0.658604
2025-06-20 08:33:54 INFO: Epoch:  36 | train loss: 0.543931 | test loss: 0.586302 | auc: 0.657366 | avg of last 10 auc: 0.656885
2025-06-20 08:34:06 INFO: Epoch:  37 | train loss: 0.535692 | test loss: 0.567915 | auc: 0.678153 | avg of last 10 auc: 0.660927
2025-06-20 08:34:18 INFO: Epoch:  38 | train loss: 0.532935 | test loss: 0.572143 | auc: 0.678419 | avg of last 10 auc: 0.663058
2025-06-20 08:34:31 INFO: Epoch:  39 | train loss: 0.534586 | test loss: 0.618643 | auc: 0.668561 | avg of last 10 auc: 0.663801
2025-06-20 08:34:43 INFO: Epoch:  40 | train loss: 0.530535 | test loss: 0.574955 | auc: 0.652878 | avg of last 10 auc: 0.666444
2025-06-20 08:34:55 INFO: Epoch:  41 | train loss: 0.543745 | test loss: 0.552961 | auc: 0.690659 | avg of last 10 auc: 0.666308
2025-06-20 08:35:07 INFO: Epoch:  42 | train loss: 0.534280 | test loss: 0.613279 | auc: 0.577659 | avg of last 10 auc: 0.668710
2025-06-20 08:35:20 INFO: Epoch:  43 | train loss: 0.529835 | test loss: 0.560557 | auc: 0.684745 | avg of last 10 auc: 0.659647
2025-06-20 08:35:32 INFO: Epoch:  44 | train loss: 0.523192 | test loss: 0.583665 | auc: 0.643190 | avg of last 10 auc: 0.659393
2025-06-20 08:35:44 INFO: Epoch:  45 | train loss: 0.531135 | test loss: 0.616762 | auc: 0.643960 | avg of last 10 auc: 0.659133
2025-06-20 08:35:56 INFO: Epoch:  46 | train loss: 0.532580 | test loss: 0.606371 | auc: 0.682096 | avg of last 10 auc: 0.657559
2025-06-20 08:36:10 INFO: Epoch:  47 | train loss: 0.531536 | test loss: 0.573143 | auc: 0.673407 | avg of last 10 auc: 0.660032
2025-06-20 08:36:22 INFO: Epoch:  48 | train loss: 0.520500 | test loss: 0.552098 | auc: 0.686786 | avg of last 10 auc: 0.659557
2025-06-20 08:36:35 INFO: Epoch:  49 | train loss: 0.529350 | test loss: 0.562082 | auc: 0.667035 | avg of last 10 auc: 0.660394
2025-06-20 08:36:47 INFO: Epoch:  50 | train loss: 0.513115 | test loss: 0.568017 | auc: 0.685664 | avg of last 10 auc: 0.660241
2025-06-20 08:36:59 INFO: Epoch:  51 | train loss: 0.497129 | test loss: 0.642682 | auc: 0.693032 | avg of last 10 auc: 0.663520
2025-06-20 08:37:11 INFO: Epoch:  52 | train loss: 0.499052 | test loss: 0.565540 | auc: 0.675334 | avg of last 10 auc: 0.663757
2025-06-20 08:37:24 INFO: Epoch:  53 | train loss: 0.508615 | test loss: 0.561992 | auc: 0.689018 | avg of last 10 auc: 0.673525
2025-06-20 08:37:36 INFO: Epoch:  54 | train loss: 0.523637 | test loss: 0.581437 | auc: 0.693607 | avg of last 10 auc: 0.673952
2025-06-20 08:37:48 INFO: Epoch:  55 | train loss: 0.498050 | test loss: 0.556086 | auc: 0.717918 | avg of last 10 auc: 0.678994
2025-06-20 08:38:01 INFO: Epoch:  56 | train loss: 0.498256 | test loss: 0.567638 | auc: 0.692878 | avg of last 10 auc: 0.686390
2025-06-20 08:38:13 INFO: Epoch:  57 | train loss: 0.504089 | test loss: 0.629734 | auc: 0.703080 | avg of last 10 auc: 0.687468
2025-06-20 08:38:26 INFO: Epoch:  58 | train loss: 0.515679 | test loss: 0.625860 | auc: 0.689302 | avg of last 10 auc: 0.690435
2025-06-20 08:38:38 INFO: Epoch:  59 | train loss: 0.497190 | test loss: 0.551137 | auc: 0.709844 | avg of last 10 auc: 0.690687
2025-06-20 08:38:50 INFO: Epoch:  60 | train loss: 0.491566 | test loss: 0.589126 | auc: 0.673046 | avg of last 10 auc: 0.694968
2025-06-20 08:39:03 INFO: Epoch:  61 | train loss: 0.483009 | test loss: 0.572123 | auc: 0.708376 | avg of last 10 auc: 0.693706
2025-06-20 08:39:15 INFO: Epoch:  62 | train loss: 0.470500 | test loss: 0.550662 | auc: 0.703760 | avg of last 10 auc: 0.695240
2025-06-20 08:39:27 INFO: Epoch:  63 | train loss: 0.471691 | test loss: 0.765936 | auc: 0.712271 | avg of last 10 auc: 0.698083
2025-06-20 08:39:39 INFO: Epoch:  64 | train loss: 0.468960 | test loss: 0.582654 | auc: 0.704714 | avg of last 10 auc: 0.700408
2025-06-20 08:39:51 INFO: Epoch:  65 | train loss: 0.483097 | test loss: 0.601598 | auc: 0.676861 | avg of last 10 auc: 0.701519
2025-06-20 08:40:04 INFO: Epoch:  66 | train loss: 0.464878 | test loss: 0.713957 | auc: 0.707743 | avg of last 10 auc: 0.697413
2025-06-20 08:40:16 INFO: Epoch:  67 | train loss: 0.460840 | test loss: 0.561612 | auc: 0.726720 | avg of last 10 auc: 0.698900
2025-06-20 08:40:28 INFO: Epoch:  68 | train loss: 0.476117 | test loss: 0.602157 | auc: 0.675265 | avg of last 10 auc: 0.701264
2025-06-20 08:40:41 INFO: Epoch:  69 | train loss: 0.462500 | test loss: 0.597916 | auc: 0.702425 | avg of last 10 auc: 0.699860
2025-06-20 08:40:53 INFO: Epoch:  70 | train loss: 0.458260 | test loss: 0.559411 | auc: 0.723037 | avg of last 10 auc: 0.699118
2025-06-20 08:41:05 INFO: Epoch:  71 | train loss: 0.451786 | test loss: 0.557056 | auc: 0.704102 | avg of last 10 auc: 0.704117
2025-06-20 08:41:17 INFO: Epoch:  72 | train loss: 0.430091 | test loss: 0.579202 | auc: 0.711259 | avg of last 10 auc: 0.703690
2025-06-20 08:41:30 INFO: Epoch:  73 | train loss: 0.453081 | test loss: 0.603021 | auc: 0.691575 | avg of last 10 auc: 0.704440
2025-06-20 08:41:42 INFO: Epoch:  74 | train loss: 0.456005 | test loss: 0.655893 | auc: 0.720220 | avg of last 10 auc: 0.702370
2025-06-20 08:41:54 INFO: Epoch:  75 | train loss: 0.449056 | test loss: 0.632333 | auc: 0.657411 | avg of last 10 auc: 0.703921
2025-06-20 08:42:06 INFO: Epoch:  76 | train loss: 0.444492 | test loss: 0.694051 | auc: 0.706261 | avg of last 10 auc: 0.701976
2025-06-20 08:42:19 INFO: Epoch:  77 | train loss: 0.444495 | test loss: 0.708232 | auc: 0.711865 | avg of last 10 auc: 0.701828
2025-06-20 08:42:31 INFO: Epoch:  78 | train loss: 0.430517 | test loss: 0.739161 | auc: 0.702959 | avg of last 10 auc: 0.700342
2025-06-20 08:42:44 INFO: Epoch:  79 | train loss: 0.426425 | test loss: 0.669373 | auc: 0.720128 | avg of last 10 auc: 0.703111
2025-06-20 08:42:56 INFO: Epoch:  80 | train loss: 0.428755 | test loss: 0.680836 | auc: 0.711119 | avg of last 10 auc: 0.704882
