2025-06-06 11:56:13 INFO: Start finetuning:
2025-06-06 11:56:13 INFO: Arguments: Namespace(epoch=100, batch_size=256, lr=0.001, num_classes=10, model_path='ckpt/pretrain/70epoch.pth', save_every=10, seed=0)
2025-06-06 11:56:13 INFO: Using device: cuda:0
2025-06-06 11:56:33 INFO: Epoch:   1 | train loss: 1.831133 | test loss: 1.657642
2025-06-06 11:56:44 INFO: Epoch:   2 | train loss: 1.605366 | test loss: 1.554599
2025-06-06 11:56:55 INFO: Epoch:   3 | train loss: 1.497390 | test loss: 1.456084
2025-06-06 11:57:06 INFO: Epoch:   4 | train loss: 1.446104 | test loss: 1.446446
2025-06-06 11:57:18 INFO: Epoch:   5 | train loss: 1.396676 | test loss: 1.415203
2025-06-06 11:57:29 INFO: Epoch:   6 | train loss: 1.360906 | test loss: 1.391763
2025-06-06 11:57:40 INFO: Epoch:   7 | train loss: 1.335611 | test loss: 1.401522
2025-06-06 11:57:51 INFO: Epoch:   8 | train loss: 1.309901 | test loss: 1.361706
2025-06-06 11:58:02 INFO: Epoch:   9 | train loss: 1.286498 | test loss: 1.371116
2025-06-06 11:58:13 INFO: Epoch:  10 | train loss: 1.260023 | test loss: 1.349429
2025-06-06 11:58:24 INFO: Epoch:  11 | train loss: 1.239083 | test loss: 1.324158
2025-06-06 11:58:36 INFO: Epoch:  12 | train loss: 1.230001 | test loss: 1.308359
2025-06-06 11:58:47 INFO: Epoch:  13 | train loss: 1.207484 | test loss: 1.314519
2025-06-06 11:58:58 INFO: Epoch:  14 | train loss: 1.191682 | test loss: 1.347571
2025-06-06 11:59:09 INFO: Epoch:  15 | train loss: 1.171365 | test loss: 1.328189
2025-06-06 11:59:20 INFO: Epoch:  16 | train loss: 1.156204 | test loss: 1.307355
2025-06-06 11:59:31 INFO: Epoch:  17 | train loss: 1.149027 | test loss: 1.303686
2025-06-06 11:59:41 INFO: Epoch:  18 | train loss: 1.127816 | test loss: 1.342940
2025-06-06 11:59:52 INFO: Epoch:  19 | train loss: 1.125405 | test loss: 1.277453
2025-06-06 12:00:03 INFO: Epoch:  20 | train loss: 1.107170 | test loss: 1.297398
2025-06-06 12:00:14 INFO: Epoch:  21 | train loss: 1.091238 | test loss: 1.301798
2025-06-06 12:00:25 INFO: Epoch:  22 | train loss: 1.075922 | test loss: 1.294134
2025-06-06 12:00:37 INFO: Epoch:  23 | train loss: 1.066893 | test loss: 1.273810
2025-06-06 12:00:48 INFO: Epoch:  24 | train loss: 1.048910 | test loss: 1.278882
2025-06-06 12:00:59 INFO: Epoch:  25 | train loss: 1.045407 | test loss: 1.271309
2025-06-06 12:01:09 INFO: Epoch:  26 | train loss: 1.030233 | test loss: 1.275687
2025-06-06 12:01:20 INFO: Epoch:  27 | train loss: 1.014477 | test loss: 1.299763
2025-06-06 12:01:30 INFO: Epoch:  28 | train loss: 1.010218 | test loss: 1.298468
2025-06-06 12:01:41 INFO: Epoch:  29 | train loss: 1.000739 | test loss: 1.334860
2025-06-06 12:01:52 INFO: Epoch:  30 | train loss: 0.992755 | test loss: 1.299951
2025-06-06 12:02:03 INFO: Epoch:  31 | train loss: 0.980781 | test loss: 1.308480
2025-06-06 12:02:14 INFO: Epoch:  32 | train loss: 0.975041 | test loss: 1.294844
2025-06-06 12:02:24 INFO: Epoch:  33 | train loss: 0.959072 | test loss: 1.301912
2025-06-06 12:02:34 INFO: Epoch:  34 | train loss: 0.950114 | test loss: 1.293318
2025-06-06 12:02:44 INFO: Epoch:  35 | train loss: 0.945413 | test loss: 1.281480
2025-06-06 12:02:54 INFO: Epoch:  36 | train loss: 0.935697 | test loss: 1.312342
2025-06-06 12:03:04 INFO: Epoch:  37 | train loss: 0.923122 | test loss: 1.347707
2025-06-06 12:03:16 INFO: Epoch:  38 | train loss: 0.921427 | test loss: 1.313244
2025-06-06 12:03:28 INFO: Epoch:  39 | train loss: 0.898192 | test loss: 1.289394
2025-06-06 12:03:39 INFO: Epoch:  40 | train loss: 0.897650 | test loss: 1.299556
2025-06-06 12:03:50 INFO: Epoch:  41 | train loss: 0.882178 | test loss: 1.333265
2025-06-06 12:04:02 INFO: Epoch:  42 | train loss: 0.878104 | test loss: 1.313089
2025-06-06 12:04:13 INFO: Epoch:  43 | train loss: 0.867844 | test loss: 1.348953
2025-06-06 12:04:24 INFO: Epoch:  44 | train loss: 0.866163 | test loss: 1.327749
2025-06-06 12:04:35 INFO: Epoch:  45 | train loss: 0.851019 | test loss: 1.350246
2025-06-06 12:04:46 INFO: Epoch:  46 | train loss: 0.845420 | test loss: 1.357414
2025-06-06 12:04:57 INFO: Epoch:  47 | train loss: 0.831714 | test loss: 1.369257
2025-06-06 12:05:08 INFO: Epoch:  48 | train loss: 0.830088 | test loss: 1.345793
2025-06-06 12:05:19 INFO: Epoch:  49 | train loss: 0.820056 | test loss: 1.349291
2025-06-06 12:05:30 INFO: Epoch:  50 | train loss: 0.822048 | test loss: 1.357286
2025-06-06 12:05:42 INFO: Epoch:  51 | train loss: 0.813461 | test loss: 1.343283
2025-06-06 12:05:53 INFO: Epoch:  52 | train loss: 0.800264 | test loss: 1.363016
2025-06-06 12:06:03 INFO: Epoch:  53 | train loss: 0.788016 | test loss: 1.393176
2025-06-06 12:06:14 INFO: Epoch:  54 | train loss: 0.780649 | test loss: 1.413480
2025-06-06 12:06:24 INFO: Epoch:  55 | train loss: 0.779487 | test loss: 1.384428
2025-06-06 12:06:35 INFO: Epoch:  56 | train loss: 0.775122 | test loss: 1.375134
2025-06-06 12:06:46 INFO: Epoch:  57 | train loss: 0.760729 | test loss: 1.459780
2025-06-06 12:06:57 INFO: Epoch:  58 | train loss: 0.762079 | test loss: 1.386544
2025-06-06 12:07:08 INFO: Epoch:  59 | train loss: 0.752082 | test loss: 1.402518
2025-06-06 12:07:20 INFO: Epoch:  60 | train loss: 0.738612 | test loss: 1.399230
2025-06-06 12:07:32 INFO: Epoch:  61 | train loss: 0.735434 | test loss: 1.438876
2025-06-06 12:07:42 INFO: Epoch:  62 | train loss: 0.732684 | test loss: 1.389405
2025-06-06 12:07:52 INFO: Epoch:  63 | train loss: 0.726251 | test loss: 1.407642
2025-06-06 12:08:02 INFO: Epoch:  64 | train loss: 0.722775 | test loss: 1.464877
2025-06-06 12:08:13 INFO: Epoch:  65 | train loss: 0.706669 | test loss: 1.438135
2025-06-06 12:08:25 INFO: Epoch:  66 | train loss: 0.711702 | test loss: 1.459724
2025-06-06 12:08:36 INFO: Epoch:  67 | train loss: 0.697591 | test loss: 1.424843
2025-06-06 12:08:47 INFO: Epoch:  68 | train loss: 0.687134 | test loss: 1.427195
2025-06-06 12:08:58 INFO: Epoch:  69 | train loss: 0.684953 | test loss: 1.470744
2025-06-06 12:09:08 INFO: Epoch:  70 | train loss: 0.686282 | test loss: 1.453508
2025-06-06 12:09:19 INFO: Epoch:  71 | train loss: 0.677619 | test loss: 1.474349
2025-06-06 12:09:30 INFO: Epoch:  72 | train loss: 0.673390 | test loss: 1.503690
2025-06-06 12:09:42 INFO: Epoch:  73 | train loss: 0.669337 | test loss: 1.484095
2025-06-06 12:09:53 INFO: Epoch:  74 | train loss: 0.658493 | test loss: 1.496499
2025-06-06 12:10:04 INFO: Epoch:  75 | train loss: 0.650637 | test loss: 1.493205
2025-06-06 12:10:15 INFO: Epoch:  76 | train loss: 0.648703 | test loss: 1.536608
2025-06-06 12:10:26 INFO: Epoch:  77 | train loss: 0.640706 | test loss: 1.521132
2025-06-06 12:10:37 INFO: Epoch:  78 | train loss: 0.642281 | test loss: 1.533353
2025-06-06 12:10:48 INFO: Epoch:  79 | train loss: 0.638191 | test loss: 1.492081
2025-06-06 12:10:59 INFO: Epoch:  80 | train loss: 0.620165 | test loss: 1.569390
2025-06-06 12:11:10 INFO: Epoch:  81 | train loss: 0.617071 | test loss: 1.579425
2025-06-06 12:11:21 INFO: Epoch:  82 | train loss: 0.619132 | test loss: 1.558760
2025-06-06 12:11:32 INFO: Epoch:  83 | train loss: 0.611130 | test loss: 1.521765
2025-06-06 12:11:43 INFO: Epoch:  84 | train loss: 0.605170 | test loss: 1.568667
2025-06-06 12:11:55 INFO: Epoch:  85 | train loss: 0.601938 | test loss: 1.553269
2025-06-06 12:12:06 INFO: Epoch:  86 | train loss: 0.600136 | test loss: 1.589767
2025-06-06 12:12:17 INFO: Epoch:  87 | train loss: 0.595674 | test loss: 1.559022
2025-06-06 12:12:28 INFO: Epoch:  88 | train loss: 0.587995 | test loss: 1.612685
2025-06-06 12:12:39 INFO: Epoch:  89 | train loss: 0.577896 | test loss: 1.631527
2025-06-06 12:12:50 INFO: Epoch:  90 | train loss: 0.591370 | test loss: 1.615365
2025-06-06 12:13:01 INFO: Epoch:  91 | train loss: 0.567004 | test loss: 1.593759
2025-06-06 12:13:12 INFO: Epoch:  92 | train loss: 0.567101 | test loss: 1.629017
2025-06-06 12:13:23 INFO: Epoch:  93 | train loss: 0.559651 | test loss: 1.614614
2025-06-06 12:13:34 INFO: Epoch:  94 | train loss: 0.563305 | test loss: 1.614650
2025-06-06 12:13:45 INFO: Epoch:  95 | train loss: 0.553007 | test loss: 1.644989
2025-06-06 12:13:56 INFO: Epoch:  96 | train loss: 0.557846 | test loss: 1.640015
2025-06-06 12:14:07 INFO: Epoch:  97 | train loss: 0.547637 | test loss: 1.644406
2025-06-06 12:14:18 INFO: Epoch:  98 | train loss: 0.545812 | test loss: 1.700597
2025-06-06 12:14:29 INFO: Epoch:  99 | train loss: 0.542530 | test loss: 1.686137
2025-06-06 12:14:40 INFO: Epoch: 100 | train loss: 0.524556 | test loss: 1.680816
