2025-06-20 18:24:09 INFO: Start training:
2025-06-20 18:24:09 INFO: Arguments: Namespace(epoch=80, batch_size=16, lr=0.00025, show_per_epoch=2, show_img_count=2, patch_size=32, mask_rate=0.5, save_every=5, seed=0, mask_roi='false', mask_non_roi='true', output_folder='experiments/experiment_mask_non_ROI_32px')
2025-06-20 18:24:09 INFO: Using device: cuda:0
2025-06-20 18:28:29 INFO: Epoch:   1 | train loss: 0.133553 | test loss: 0.078206
2025-06-20 18:29:40 INFO: Epoch:   2 | train loss: 0.086521 | test loss: 0.071968
2025-06-20 18:30:50 INFO: Epoch:   3 | train loss: 0.077891 | test loss: 0.069611
2025-06-20 18:32:00 INFO: Epoch:   4 | train loss: 0.072531 | test loss: 0.263961
2025-06-20 18:33:13 INFO: Epoch:   5 | train loss: 0.075471 | test loss: 0.065060
2025-06-20 18:34:24 INFO: Epoch:   6 | train loss: 0.068444 | test loss: 0.070083
2025-06-20 18:35:35 INFO: Epoch:   7 | train loss: 0.067722 | test loss: 0.082149
2025-06-20 18:36:47 INFO: Epoch:   8 | train loss: 0.067627 | test loss: 0.054398
2025-06-20 18:37:59 INFO: Epoch:   9 | train loss: 0.064784 | test loss: 0.058088
2025-06-20 18:39:10 INFO: Epoch:  10 | train loss: 0.065131 | test loss: 0.053928
2025-06-20 18:40:22 INFO: Epoch:  11 | train loss: 0.063665 | test loss: 0.054075
2025-06-20 18:41:34 INFO: Epoch:  12 | train loss: 0.060690 | test loss: 0.052904
2025-06-20 18:42:47 INFO: Epoch:  13 | train loss: 0.060938 | test loss: 0.056434
2025-06-20 18:43:59 INFO: Epoch:  14 | train loss: 0.060955 | test loss: 0.052593
2025-06-20 18:45:16 INFO: Epoch:  15 | train loss: 0.058761 | test loss: 0.110283
2025-06-20 18:46:30 INFO: Epoch:  16 | train loss: 0.057962 | test loss: 0.049862
2025-06-20 18:47:42 INFO: Epoch:  17 | train loss: 0.057026 | test loss: 0.047992
2025-06-20 18:48:55 INFO: Epoch:  18 | train loss: 0.055824 | test loss: 0.059096
2025-06-20 18:50:08 INFO: Epoch:  19 | train loss: 0.056479 | test loss: 0.066885
2025-06-20 18:51:20 INFO: Epoch:  20 | train loss: 0.059461 | test loss: 0.048975
2025-06-20 18:52:34 INFO: Epoch:  21 | train loss: 0.053818 | test loss: 0.064747
2025-06-20 18:53:47 INFO: Epoch:  22 | train loss: 0.055778 | test loss: 0.048999
2025-06-20 18:54:59 INFO: Epoch:  23 | train loss: 0.051675 | test loss: 0.047630
2025-06-20 18:56:12 INFO: Epoch:  24 | train loss: 0.051796 | test loss: 0.048645
2025-06-20 18:57:25 INFO: Epoch:  25 | train loss: 0.050712 | test loss: 0.045081
2025-06-20 18:58:39 INFO: Epoch:  26 | train loss: 0.049967 | test loss: 0.124216
2025-06-20 18:59:53 INFO: Epoch:  27 | train loss: 0.056221 | test loss: 0.045545
2025-06-20 19:01:05 INFO: Epoch:  28 | train loss: 0.049637 | test loss: 0.045338
2025-06-20 19:02:18 INFO: Epoch:  29 | train loss: 0.048952 | test loss: 0.044112
2025-06-20 19:03:31 INFO: Epoch:  30 | train loss: 0.047480 | test loss: 0.043840
2025-06-20 19:04:46 INFO: Epoch:  31 | train loss: 0.046806 | test loss: 0.163585
2025-06-20 19:06:01 INFO: Epoch:  32 | train loss: 0.056823 | test loss: 0.047783
2025-06-20 19:07:15 INFO: Epoch:  33 | train loss: 0.049107 | test loss: 0.046606
2025-06-20 19:08:30 INFO: Epoch:  34 | train loss: 0.047460 | test loss: 0.044376
2025-06-20 19:09:44 INFO: Epoch:  35 | train loss: 0.046617 | test loss: 0.044450
2025-06-20 19:10:59 INFO: Epoch:  36 | train loss: 0.046230 | test loss: 0.043256
2025-06-20 19:12:13 INFO: Epoch:  37 | train loss: 0.045414 | test loss: 0.042918
2025-06-20 19:13:26 INFO: Epoch:  38 | train loss: 0.045514 | test loss: 0.044564
2025-06-20 19:14:40 INFO: Epoch:  39 | train loss: 0.045620 | test loss: 0.044185
2025-06-20 19:15:56 INFO: Epoch:  40 | train loss: 0.044834 | test loss: 0.042899
2025-06-20 19:17:10 INFO: Epoch:  41 | train loss: 0.044925 | test loss: 0.044746
2025-06-20 19:18:25 INFO: Epoch:  42 | train loss: 0.044675 | test loss: 0.042785
2025-06-20 19:19:39 INFO: Epoch:  43 | train loss: 0.043893 | test loss: 0.043736
2025-06-20 19:20:55 INFO: Epoch:  44 | train loss: 0.044803 | test loss: 0.042996
2025-06-20 19:22:11 INFO: Epoch:  45 | train loss: 0.044901 | test loss: 0.043606
2025-06-20 19:23:27 INFO: Epoch:  46 | train loss: 0.043899 | test loss: 0.043757
2025-06-20 19:24:41 INFO: Epoch:  47 | train loss: 0.043452 | test loss: 0.042640
2025-06-20 19:25:59 INFO: Epoch:  48 | train loss: 0.043356 | test loss: 0.042015
2025-06-20 19:27:15 INFO: Epoch:  49 | train loss: 0.042757 | test loss: 0.044193
2025-06-20 19:28:30 INFO: Epoch:  50 | train loss: 0.043807 | test loss: 0.041299
2025-06-20 19:29:46 INFO: Epoch:  51 | train loss: 0.042979 | test loss: 0.042371
2025-06-20 19:31:02 INFO: Epoch:  52 | train loss: 0.042797 | test loss: 0.042074
2025-06-20 19:32:17 INFO: Epoch:  53 | train loss: 0.043113 | test loss: 0.042084
2025-06-20 19:33:34 INFO: Epoch:  54 | train loss: 0.043250 | test loss: 0.042296
2025-06-20 19:34:51 INFO: Epoch:  55 | train loss: 0.041786 | test loss: 0.043479
2025-06-20 19:36:07 INFO: Epoch:  56 | train loss: 0.042610 | test loss: 0.040684
2025-06-20 19:37:24 INFO: Epoch:  57 | train loss: 0.041854 | test loss: 0.042242
2025-06-20 19:38:40 INFO: Epoch:  58 | train loss: 0.042229 | test loss: 0.041237
2025-06-20 19:39:56 INFO: Epoch:  59 | train loss: 0.041660 | test loss: 0.043232
2025-06-20 19:41:14 INFO: Epoch:  60 | train loss: 0.041536 | test loss: 0.041733
2025-06-20 19:42:33 INFO: Epoch:  61 | train loss: 0.042210 | test loss: 0.041792
2025-06-20 19:43:49 INFO: Epoch:  62 | train loss: 0.041689 | test loss: 0.040490
2025-06-20 19:45:05 INFO: Epoch:  63 | train loss: 0.041188 | test loss: 0.041554
2025-06-20 19:46:21 INFO: Epoch:  64 | train loss: 0.041410 | test loss: 0.041976
2025-06-20 19:47:37 INFO: Epoch:  65 | train loss: 0.041058 | test loss: 0.040184
2025-06-20 19:48:52 INFO: Epoch:  66 | train loss: 0.040907 | test loss: 0.040832
2025-06-20 19:50:08 INFO: Epoch:  67 | train loss: 0.040683 | test loss: 0.039944
2025-06-20 19:51:24 INFO: Epoch:  68 | train loss: 0.040436 | test loss: 0.040254
2025-06-20 19:52:37 INFO: Epoch:  69 | train loss: 0.040838 | test loss: 0.039844
2025-06-20 19:53:52 INFO: Epoch:  70 | train loss: 0.040448 | test loss: 0.041224
2025-06-20 19:55:08 INFO: Epoch:  71 | train loss: 0.040392 | test loss: 0.041441
2025-06-20 19:56:22 INFO: Epoch:  72 | train loss: 0.040662 | test loss: 0.039697
2025-06-20 19:57:36 INFO: Epoch:  73 | train loss: 0.040826 | test loss: 0.043112
2025-06-20 19:58:51 INFO: Epoch:  74 | train loss: 0.040354 | test loss: 0.041280
2025-06-20 20:00:09 INFO: Epoch:  75 | train loss: 0.039591 | test loss: 0.041001
2025-06-20 20:01:26 INFO: Epoch:  76 | train loss: 0.039851 | test loss: 0.040186
2025-06-20 20:02:41 INFO: Epoch:  77 | train loss: 0.040489 | test loss: 0.041953
2025-06-20 20:03:57 INFO: Epoch:  78 | train loss: 0.040099 | test loss: 0.039333
2025-06-20 20:05:13 INFO: Epoch:  79 | train loss: 0.040261 | test loss: 0.041095
2025-06-20 20:06:29 INFO: Epoch:  80 | train loss: 0.039358 | test loss: 0.039956
