2025-06-20 09:54:28 INFO: Start finetuning:
2025-06-20 09:54:28 INFO: Arguments: Namespace(epoch=80, batch_size=16, lr=0.0005, model_path_in_folder='pretrain/80epoch.pth', folder_path='experiments/experiment_mask_non_ROI_8px', seed=None, patience=10, repeats=3, save_every=1)
2025-06-20 09:54:28 INFO: Using device: cuda:0
2025-06-20 09:56:02 INFO: Epoch:   1 | train loss: 0.589388 | test loss: 0.592652 | auc: 0.557021 | avg of last 10 auc: nan
2025-06-20 09:56:14 INFO: Epoch:   2 | train loss: 0.560169 | test loss: 0.596341 | auc: 0.561647 | avg of last 10 auc: 0.557021
2025-06-20 09:56:26 INFO: Epoch:   3 | train loss: 0.580686 | test loss: 0.593608 | auc: 0.556376 | avg of last 10 auc: 0.559334
2025-06-20 09:56:38 INFO: Epoch:   4 | train loss: 0.566709 | test loss: 0.595813 | auc: 0.573852 | avg of last 10 auc: 0.558348
2025-06-20 09:56:51 INFO: Epoch:   5 | train loss: 0.558682 | test loss: 0.598446 | auc: 0.569542 | avg of last 10 auc: 0.562224
2025-06-20 09:57:03 INFO: Epoch:   6 | train loss: 0.556754 | test loss: 0.597227 | auc: 0.583062 | avg of last 10 auc: 0.563688
2025-06-20 09:57:15 INFO: Epoch:   7 | train loss: 0.567304 | test loss: 0.597132 | auc: 0.583023 | avg of last 10 auc: 0.566917
2025-06-20 09:57:27 INFO: Epoch:   8 | train loss: 0.567008 | test loss: 0.590249 | auc: 0.587009 | avg of last 10 auc: 0.569218
2025-06-20 09:57:40 INFO: Epoch:   9 | train loss: 0.563337 | test loss: 0.596092 | auc: 0.579092 | avg of last 10 auc: 0.571441
2025-06-20 09:57:52 INFO: Epoch:  10 | train loss: 0.550895 | test loss: 0.591573 | auc: 0.574602 | avg of last 10 auc: 0.572291
2025-06-20 09:58:04 INFO: Epoch:  11 | train loss: 0.567611 | test loss: 0.583137 | auc: 0.604181 | avg of last 10 auc: 0.572523
2025-06-20 09:58:16 INFO: Epoch:  12 | train loss: 0.555940 | test loss: 0.596951 | auc: 0.600074 | avg of last 10 auc: 0.577239
2025-06-20 09:58:28 INFO: Epoch:  13 | train loss: 0.566724 | test loss: 0.588506 | auc: 0.593016 | avg of last 10 auc: 0.581081
2025-06-20 09:58:41 INFO: Epoch:  14 | train loss: 0.571663 | test loss: 0.584965 | auc: 0.619423 | avg of last 10 auc: 0.584745
2025-06-20 09:58:53 INFO: Epoch:  15 | train loss: 0.548155 | test loss: 0.596630 | auc: 0.604314 | avg of last 10 auc: 0.589302
2025-06-20 09:59:05 INFO: Epoch:  16 | train loss: 0.548792 | test loss: 0.609908 | auc: 0.586502 | avg of last 10 auc: 0.592780
2025-06-20 09:59:18 INFO: Epoch:  17 | train loss: 0.553190 | test loss: 0.584634 | auc: 0.631117 | avg of last 10 auc: 0.593124
2025-06-20 09:59:30 INFO: Epoch:  18 | train loss: 0.551849 | test loss: 0.588136 | auc: 0.632019 | avg of last 10 auc: 0.597933
2025-06-20 09:59:42 INFO: Epoch:  19 | train loss: 0.553297 | test loss: 0.599318 | auc: 0.608398 | avg of last 10 auc: 0.602434
2025-06-20 09:59:55 INFO: Epoch:  20 | train loss: 0.564349 | test loss: 0.579857 | auc: 0.650998 | avg of last 10 auc: 0.605365
2025-06-20 10:00:07 INFO: Epoch:  21 | train loss: 0.552287 | test loss: 0.580557 | auc: 0.651060 | avg of last 10 auc: 0.613004
2025-06-20 10:00:20 INFO: Epoch:  22 | train loss: 0.544129 | test loss: 0.596883 | auc: 0.562062 | avg of last 10 auc: 0.617692
2025-06-20 10:00:32 INFO: Epoch:  23 | train loss: 0.548527 | test loss: 0.603014 | auc: 0.636035 | avg of last 10 auc: 0.613891
2025-06-20 10:00:44 INFO: Epoch:  24 | train loss: 0.552821 | test loss: 0.584965 | auc: 0.643394 | avg of last 10 auc: 0.618193
2025-06-20 10:00:56 INFO: Epoch:  25 | train loss: 0.552448 | test loss: 0.607086 | auc: 0.634982 | avg of last 10 auc: 0.620590
2025-06-20 10:01:09 INFO: Epoch:  26 | train loss: 0.558037 | test loss: 0.592421 | auc: 0.669430 | avg of last 10 auc: 0.623657
2025-06-20 10:01:21 INFO: Epoch:  27 | train loss: 0.563823 | test loss: 0.597440 | auc: 0.643873 | avg of last 10 auc: 0.631949
2025-06-20 10:01:35 INFO: Epoch:  28 | train loss: 0.552969 | test loss: 0.575903 | auc: 0.659934 | avg of last 10 auc: 0.633225
2025-06-20 10:01:47 INFO: Epoch:  29 | train loss: 0.543191 | test loss: 0.569569 | auc: 0.669305 | avg of last 10 auc: 0.636017
2025-06-20 10:01:59 INFO: Epoch:  30 | train loss: 0.546953 | test loss: 0.596001 | auc: 0.646714 | avg of last 10 auc: 0.642107
2025-06-20 10:02:12 INFO: Epoch:  31 | train loss: 0.540500 | test loss: 0.577314 | auc: 0.666685 | avg of last 10 auc: 0.641679
2025-06-20 10:02:24 INFO: Epoch:  32 | train loss: 0.550188 | test loss: 0.573102 | auc: 0.667054 | avg of last 10 auc: 0.643241
2025-06-20 10:02:36 INFO: Epoch:  33 | train loss: 0.546030 | test loss: 0.589071 | auc: 0.593671 | avg of last 10 auc: 0.653741
2025-06-20 10:02:48 INFO: Epoch:  34 | train loss: 0.550177 | test loss: 0.600320 | auc: 0.623173 | avg of last 10 auc: 0.649504
2025-06-20 10:03:01 INFO: Epoch:  35 | train loss: 0.555894 | test loss: 0.571429 | auc: 0.657174 | avg of last 10 auc: 0.647482
2025-06-20 10:03:13 INFO: Epoch:  36 | train loss: 0.543589 | test loss: 0.592189 | auc: 0.636222 | avg of last 10 auc: 0.649701
2025-06-20 10:03:25 INFO: Epoch:  37 | train loss: 0.532935 | test loss: 0.596405 | auc: 0.636513 | avg of last 10 auc: 0.646380
2025-06-20 10:03:38 INFO: Epoch:  38 | train loss: 0.543002 | test loss: 0.585980 | auc: 0.665092 | avg of last 10 auc: 0.645644
2025-06-20 10:03:50 INFO: Epoch:  39 | train loss: 0.533865 | test loss: 0.589987 | auc: 0.602059 | avg of last 10 auc: 0.646160
2025-06-20 10:04:03 INFO: Epoch:  40 | train loss: 0.535481 | test loss: 0.578967 | auc: 0.650221 | avg of last 10 auc: 0.639436
2025-06-20 10:04:15 INFO: Epoch:  41 | train loss: 0.553282 | test loss: 0.604513 | auc: 0.641964 | avg of last 10 auc: 0.639786
2025-06-20 10:04:27 INFO: Epoch:  42 | train loss: 0.515103 | test loss: 0.572229 | auc: 0.643240 | avg of last 10 auc: 0.637314
2025-06-20 10:04:39 INFO: Epoch:  43 | train loss: 0.531873 | test loss: 0.596289 | auc: 0.656536 | avg of last 10 auc: 0.634933
2025-06-20 10:04:52 INFO: Epoch:  44 | train loss: 0.535470 | test loss: 0.575842 | auc: 0.652530 | avg of last 10 auc: 0.641219
2025-06-20 10:05:04 INFO: Epoch:  45 | train loss: 0.500973 | test loss: 0.651752 | auc: 0.619160 | avg of last 10 auc: 0.644155
2025-06-20 10:05:16 INFO: Epoch:  46 | train loss: 0.533607 | test loss: 0.589923 | auc: 0.614214 | avg of last 10 auc: 0.640354
2025-06-20 10:05:28 INFO: Epoch:  47 | train loss: 0.527371 | test loss: 0.645809 | auc: 0.602927 | avg of last 10 auc: 0.638153
2025-06-20 10:05:41 INFO: Epoch:  48 | train loss: 0.530465 | test loss: 0.622965 | auc: 0.605161 | avg of last 10 auc: 0.634794
2025-06-20 10:05:53 INFO: Epoch:  49 | train loss: 0.508268 | test loss: 0.560203 | auc: 0.682037 | avg of last 10 auc: 0.628801
2025-06-20 10:06:05 INFO: Epoch:  50 | train loss: 0.507983 | test loss: 0.590120 | auc: 0.643286 | avg of last 10 auc: 0.636799
2025-06-20 10:06:17 INFO: Epoch:  51 | train loss: 0.499839 | test loss: 0.588637 | auc: 0.647396 | avg of last 10 auc: 0.636105
2025-06-20 10:06:29 INFO: Epoch:  52 | train loss: 0.519523 | test loss: 0.624007 | auc: 0.619532 | avg of last 10 auc: 0.636649
2025-06-20 10:06:42 INFO: Epoch:  53 | train loss: 0.503990 | test loss: 0.662341 | auc: 0.653603 | avg of last 10 auc: 0.634278
2025-06-20 10:06:54 INFO: Epoch:  54 | train loss: 0.507689 | test loss: 0.577048 | auc: 0.651543 | avg of last 10 auc: 0.633985
2025-06-20 10:07:06 INFO: Epoch:  55 | train loss: 0.504338 | test loss: 0.574922 | auc: 0.657231 | avg of last 10 auc: 0.633886
2025-06-20 10:07:18 INFO: Epoch:  56 | train loss: 0.509945 | test loss: 0.599853 | auc: 0.636788 | avg of last 10 auc: 0.637693
2025-06-20 10:07:31 INFO: Epoch:  57 | train loss: 0.510585 | test loss: 0.591846 | auc: 0.631627 | avg of last 10 auc: 0.639950
2025-06-20 10:07:43 INFO: Epoch:  58 | train loss: 0.499493 | test loss: 0.587458 | auc: 0.669999 | avg of last 10 auc: 0.642820
2025-06-20 10:07:55 INFO: Epoch:  59 | train loss: 0.502241 | test loss: 0.610225 | auc: 0.666732 | avg of last 10 auc: 0.649304
2025-06-20 10:08:07 INFO: Epoch:  60 | train loss: 0.499276 | test loss: 0.689682 | auc: 0.660241 | avg of last 10 auc: 0.647774
2025-06-20 10:08:20 INFO: Epoch:  61 | train loss: 0.497534 | test loss: 0.568523 | auc: 0.679307 | avg of last 10 auc: 0.649469
2025-06-20 10:08:32 INFO: Epoch:  62 | train loss: 0.484865 | test loss: 0.588011 | auc: 0.688328 | avg of last 10 auc: 0.652660
2025-06-20 10:08:44 INFO: Epoch:  63 | train loss: 0.492986 | test loss: 0.568270 | auc: 0.675750 | avg of last 10 auc: 0.659540
2025-06-20 10:08:56 INFO: Epoch:  64 | train loss: 0.475926 | test loss: 0.579802 | auc: 0.662164 | avg of last 10 auc: 0.661754
2025-06-20 10:09:09 INFO: Epoch:  65 | train loss: 0.475319 | test loss: 0.557262 | auc: 0.691783 | avg of last 10 auc: 0.662817
2025-06-20 10:09:21 INFO: Epoch:  66 | train loss: 0.489447 | test loss: 0.582401 | auc: 0.670204 | avg of last 10 auc: 0.666272
2025-06-20 10:09:34 INFO: Epoch:  67 | train loss: 0.470617 | test loss: 0.783799 | auc: 0.671384 | avg of last 10 auc: 0.669613
2025-06-20 10:09:46 INFO: Epoch:  68 | train loss: 0.489536 | test loss: 0.606675 | auc: 0.663127 | avg of last 10 auc: 0.673589
2025-06-20 10:09:59 INFO: Epoch:  69 | train loss: 0.476261 | test loss: 0.561539 | auc: 0.694016 | avg of last 10 auc: 0.672902
2025-06-20 10:10:12 INFO: Epoch:  70 | train loss: 0.483237 | test loss: 0.600984 | auc: 0.645760 | avg of last 10 auc: 0.675630
2025-06-20 10:10:24 INFO: Epoch:  71 | train loss: 0.480994 | test loss: 0.777284 | auc: 0.670810 | avg of last 10 auc: 0.674182
2025-06-20 10:10:36 INFO: Epoch:  72 | train loss: 0.470636 | test loss: 0.556500 | auc: 0.708878 | avg of last 10 auc: 0.673333
2025-06-20 10:10:48 INFO: Epoch:  73 | train loss: 0.486920 | test loss: 0.605798 | auc: 0.662530 | avg of last 10 auc: 0.675388
2025-06-20 10:11:01 INFO: Epoch:  74 | train loss: 0.469684 | test loss: 0.576919 | auc: 0.665052 | avg of last 10 auc: 0.674066
2025-06-20 10:11:13 INFO: Epoch:  75 | train loss: 0.447413 | test loss: 0.567712 | auc: 0.710785 | avg of last 10 auc: 0.674355
2025-06-20 10:11:25 INFO: Epoch:  76 | train loss: 0.471718 | test loss: 0.573932 | auc: 0.682503 | avg of last 10 auc: 0.676255
2025-06-20 10:11:37 INFO: Epoch:  77 | train loss: 0.455747 | test loss: 0.561170 | auc: 0.704459 | avg of last 10 auc: 0.677485
2025-06-20 10:11:50 INFO: Epoch:  78 | train loss: 0.424408 | test loss: 0.633849 | auc: 0.658410 | avg of last 10 auc: 0.680792
2025-06-20 10:12:02 INFO: Epoch:  79 | train loss: 0.452649 | test loss: 0.592685 | auc: 0.710252 | avg of last 10 auc: 0.680320
2025-06-20 10:12:15 INFO: Epoch:  80 | train loss: 0.452170 | test loss: 0.610640 | auc: 0.710401 | avg of last 10 auc: 0.681944
