2025-06-20 16:03:08 INFO: Start finetuning:
2025-06-20 16:03:08 INFO: Arguments: Namespace(epoch=80, batch_size=16, lr=0.0005, model_path_in_folder='pretrain/80epoch.pth', folder_path='experiments/experiment_mask_ROI_32px', seed=None, patience=10, repeats=3, save_every=1)
2025-06-20 16:03:08 INFO: Using device: cuda:0
2025-06-20 16:04:54 INFO: Epoch:   1 | train loss: 0.601686 | test loss: 0.592769 | auc: 0.569063 | avg of last 10 auc: nan
2025-06-20 16:05:06 INFO: Epoch:   2 | train loss: 0.574716 | test loss: 0.593433 | auc: 0.578340 | avg of last 10 auc: 0.569063
2025-06-20 16:05:18 INFO: Epoch:   3 | train loss: 0.574960 | test loss: 0.601927 | auc: 0.559685 | avg of last 10 auc: 0.573701
2025-06-20 16:05:30 INFO: Epoch:   4 | train loss: 0.560166 | test loss: 0.592838 | auc: 0.578920 | avg of last 10 auc: 0.569029
2025-06-20 16:05:43 INFO: Epoch:   5 | train loss: 0.571516 | test loss: 0.597792 | auc: 0.579045 | avg of last 10 auc: 0.571502
2025-06-20 16:05:55 INFO: Epoch:   6 | train loss: 0.564901 | test loss: 0.594003 | auc: 0.583660 | avg of last 10 auc: 0.573010
2025-06-20 16:06:08 INFO: Epoch:   7 | train loss: 0.563979 | test loss: 0.605459 | auc: 0.583590 | avg of last 10 auc: 0.574785
2025-06-20 16:06:20 INFO: Epoch:   8 | train loss: 0.567911 | test loss: 0.591150 | auc: 0.597609 | avg of last 10 auc: 0.576043
2025-06-20 16:06:32 INFO: Epoch:   9 | train loss: 0.564607 | test loss: 0.595179 | auc: 0.604697 | avg of last 10 auc: 0.578739
2025-06-20 16:06:44 INFO: Epoch:  10 | train loss: 0.556236 | test loss: 0.594271 | auc: 0.607062 | avg of last 10 auc: 0.581623
2025-06-20 16:06:57 INFO: Epoch:  11 | train loss: 0.563858 | test loss: 0.583107 | auc: 0.610566 | avg of last 10 auc: 0.584167
2025-06-20 16:07:09 INFO: Epoch:  12 | train loss: 0.557175 | test loss: 0.594306 | auc: 0.601817 | avg of last 10 auc: 0.588317
2025-06-20 16:07:22 INFO: Epoch:  13 | train loss: 0.562062 | test loss: 0.578645 | auc: 0.634439 | avg of last 10 auc: 0.590665
2025-06-20 16:07:35 INFO: Epoch:  14 | train loss: 0.560939 | test loss: 0.586091 | auc: 0.628188 | avg of last 10 auc: 0.598140
2025-06-20 16:07:48 INFO: Epoch:  15 | train loss: 0.552883 | test loss: 0.587588 | auc: 0.623508 | avg of last 10 auc: 0.603067
2025-06-20 16:08:00 INFO: Epoch:  16 | train loss: 0.567567 | test loss: 0.582035 | auc: 0.645429 | avg of last 10 auc: 0.607513
2025-06-20 16:08:13 INFO: Epoch:  17 | train loss: 0.555192 | test loss: 0.583867 | auc: 0.644829 | avg of last 10 auc: 0.613690
2025-06-20 16:08:26 INFO: Epoch:  18 | train loss: 0.550963 | test loss: 0.582714 | auc: 0.649583 | avg of last 10 auc: 0.619814
2025-06-20 16:08:39 INFO: Epoch:  19 | train loss: 0.556932 | test loss: 0.580747 | auc: 0.630862 | avg of last 10 auc: 0.625012
2025-06-20 16:08:52 INFO: Epoch:  20 | train loss: 0.550455 | test loss: 0.586592 | auc: 0.626521 | avg of last 10 auc: 0.627628
2025-06-20 16:09:05 INFO: Epoch:  21 | train loss: 0.562498 | test loss: 0.589165 | auc: 0.631166 | avg of last 10 auc: 0.629574
2025-06-20 16:09:18 INFO: Epoch:  22 | train loss: 0.550200 | test loss: 0.574980 | auc: 0.663937 | avg of last 10 auc: 0.631634
2025-06-20 16:09:30 INFO: Epoch:  23 | train loss: 0.546816 | test loss: 0.640136 | auc: 0.639963 | avg of last 10 auc: 0.637846
2025-06-20 16:09:43 INFO: Epoch:  24 | train loss: 0.543992 | test loss: 0.585563 | auc: 0.652247 | avg of last 10 auc: 0.638399
2025-06-20 16:09:56 INFO: Epoch:  25 | train loss: 0.547912 | test loss: 0.580508 | auc: 0.674558 | avg of last 10 auc: 0.640805
2025-06-20 16:10:09 INFO: Epoch:  26 | train loss: 0.536172 | test loss: 0.590080 | auc: 0.634465 | avg of last 10 auc: 0.645909
2025-06-20 16:10:22 INFO: Epoch:  27 | train loss: 0.541289 | test loss: 0.587473 | auc: 0.645376 | avg of last 10 auc: 0.644813
2025-06-20 16:10:36 INFO: Epoch:  28 | train loss: 0.538886 | test loss: 0.589044 | auc: 0.627706 | avg of last 10 auc: 0.644868
2025-06-20 16:10:49 INFO: Epoch:  29 | train loss: 0.548888 | test loss: 0.577439 | auc: 0.638119 | avg of last 10 auc: 0.642680
2025-06-20 16:11:02 INFO: Epoch:  30 | train loss: 0.536718 | test loss: 0.567891 | auc: 0.659399 | avg of last 10 auc: 0.643406
2025-06-20 16:11:15 INFO: Epoch:  31 | train loss: 0.526564 | test loss: 0.592479 | auc: 0.642692 | avg of last 10 auc: 0.646694
2025-06-20 16:11:28 INFO: Epoch:  32 | train loss: 0.536687 | test loss: 0.560877 | auc: 0.677774 | avg of last 10 auc: 0.647846
2025-06-20 16:11:40 INFO: Epoch:  33 | train loss: 0.542554 | test loss: 0.557568 | auc: 0.686023 | avg of last 10 auc: 0.649230
2025-06-20 16:11:53 INFO: Epoch:  34 | train loss: 0.531336 | test loss: 0.594906 | auc: 0.622139 | avg of last 10 auc: 0.653836
2025-06-20 16:12:05 INFO: Epoch:  35 | train loss: 0.525028 | test loss: 0.556549 | auc: 0.690352 | avg of last 10 auc: 0.650825
2025-06-20 16:12:18 INFO: Epoch:  36 | train loss: 0.539203 | test loss: 0.602374 | auc: 0.630120 | avg of last 10 auc: 0.652404
2025-06-20 16:12:31 INFO: Epoch:  37 | train loss: 0.515495 | test loss: 0.568776 | auc: 0.653511 | avg of last 10 auc: 0.651970
2025-06-20 16:12:44 INFO: Epoch:  38 | train loss: 0.526716 | test loss: 0.571633 | auc: 0.669545 | avg of last 10 auc: 0.652783
2025-06-20 16:12:58 INFO: Epoch:  39 | train loss: 0.509876 | test loss: 0.871864 | auc: 0.612635 | avg of last 10 auc: 0.656967
2025-06-20 16:13:11 INFO: Epoch:  40 | train loss: 0.512949 | test loss: 0.563086 | auc: 0.670702 | avg of last 10 auc: 0.654419
2025-06-20 16:13:24 INFO: Epoch:  41 | train loss: 0.524101 | test loss: 0.563946 | auc: 0.680781 | avg of last 10 auc: 0.655549
2025-06-20 16:13:37 INFO: Epoch:  42 | train loss: 0.513810 | test loss: 0.597464 | auc: 0.657319 | avg of last 10 auc: 0.659358
2025-06-20 16:13:50 INFO: Epoch:  43 | train loss: 0.508770 | test loss: 0.555141 | auc: 0.684496 | avg of last 10 auc: 0.657313
2025-06-20 16:14:02 INFO: Epoch:  44 | train loss: 0.504704 | test loss: 0.593570 | auc: 0.676810 | avg of last 10 auc: 0.657160
2025-06-20 16:14:14 INFO: Epoch:  45 | train loss: 0.510842 | test loss: 0.598082 | auc: 0.686039 | avg of last 10 auc: 0.662627
2025-06-20 16:14:27 INFO: Epoch:  46 | train loss: 0.509472 | test loss: 0.633511 | auc: 0.678261 | avg of last 10 auc: 0.662196
2025-06-20 16:14:39 INFO: Epoch:  47 | train loss: 0.509078 | test loss: 0.575389 | auc: 0.657472 | avg of last 10 auc: 0.667010
2025-06-20 16:14:53 INFO: Epoch:  48 | train loss: 0.515065 | test loss: 0.602071 | auc: 0.684155 | avg of last 10 auc: 0.667406
2025-06-20 16:15:06 INFO: Epoch:  49 | train loss: 0.501616 | test loss: 0.574379 | auc: 0.658949 | avg of last 10 auc: 0.668867
2025-06-20 16:15:19 INFO: Epoch:  50 | train loss: 0.507669 | test loss: 0.583870 | auc: 0.652922 | avg of last 10 auc: 0.673498
2025-06-20 16:15:32 INFO: Epoch:  51 | train loss: 0.479033 | test loss: 0.570479 | auc: 0.696452 | avg of last 10 auc: 0.671720
2025-06-20 16:15:45 INFO: Epoch:  52 | train loss: 0.482924 | test loss: 0.585654 | auc: 0.654861 | avg of last 10 auc: 0.673287
2025-06-20 16:15:58 INFO: Epoch:  53 | train loss: 0.490215 | test loss: 0.633396 | auc: 0.680361 | avg of last 10 auc: 0.673042
2025-06-20 16:16:11 INFO: Epoch:  54 | train loss: 0.507138 | test loss: 0.673816 | auc: 0.696742 | avg of last 10 auc: 0.672628
2025-06-20 16:16:23 INFO: Epoch:  55 | train loss: 0.477790 | test loss: 0.694124 | auc: 0.701236 | avg of last 10 auc: 0.674621
2025-06-20 16:16:36 INFO: Epoch:  56 | train loss: 0.488502 | test loss: 0.636285 | auc: 0.714001 | avg of last 10 auc: 0.676141
2025-06-20 16:16:48 INFO: Epoch:  57 | train loss: 0.474320 | test loss: 0.634734 | auc: 0.675608 | avg of last 10 auc: 0.679715
2025-06-20 16:17:02 INFO: Epoch:  58 | train loss: 0.484467 | test loss: 0.632982 | auc: 0.606705 | avg of last 10 auc: 0.681529
2025-06-20 16:17:15 INFO: Epoch:  59 | train loss: 0.477928 | test loss: 0.637996 | auc: 0.692641 | avg of last 10 auc: 0.673784
2025-06-20 16:17:28 INFO: Epoch:  60 | train loss: 0.476372 | test loss: 0.640224 | auc: 0.635039 | avg of last 10 auc: 0.677153
2025-06-20 16:17:41 INFO: Epoch:  61 | train loss: 0.454988 | test loss: 0.613932 | auc: 0.679681 | avg of last 10 auc: 0.675365
2025-06-20 16:17:54 INFO: Epoch:  62 | train loss: 0.454855 | test loss: 0.651760 | auc: 0.623850 | avg of last 10 auc: 0.673687
2025-06-20 16:18:07 INFO: Epoch:  63 | train loss: 0.456306 | test loss: 0.722282 | auc: 0.711857 | avg of last 10 auc: 0.670586
2025-06-20 16:18:20 INFO: Epoch:  64 | train loss: 0.444089 | test loss: 0.629781 | auc: 0.680841 | avg of last 10 auc: 0.673736
2025-06-20 16:18:33 INFO: Epoch:  65 | train loss: 0.465638 | test loss: 0.716192 | auc: 0.665335 | avg of last 10 auc: 0.672146
2025-06-20 16:18:46 INFO: Epoch:  66 | train loss: 0.448502 | test loss: 0.642583 | auc: 0.700823 | avg of last 10 auc: 0.668556
2025-06-20 16:18:58 INFO: Epoch:  67 | train loss: 0.436506 | test loss: 0.596207 | auc: 0.692196 | avg of last 10 auc: 0.667238
2025-06-20 16:19:11 INFO: Epoch:  68 | train loss: 0.451894 | test loss: 0.610324 | auc: 0.660243 | avg of last 10 auc: 0.668897
2025-06-20 16:19:23 INFO: Epoch:  69 | train loss: 0.420784 | test loss: 0.657178 | auc: 0.673395 | avg of last 10 auc: 0.674251
2025-06-20 16:19:36 INFO: Epoch:  70 | train loss: 0.436050 | test loss: 0.630104 | auc: 0.702042 | avg of last 10 auc: 0.672326
2025-06-20 16:19:50 INFO: Epoch:  71 | train loss: 0.442063 | test loss: 0.598888 | auc: 0.711349 | avg of last 10 auc: 0.679026
2025-06-20 16:20:03 INFO: Epoch:  72 | train loss: 0.424122 | test loss: 0.718261 | auc: 0.703304 | avg of last 10 auc: 0.682193
2025-06-20 16:20:16 INFO: Epoch:  73 | train loss: 0.439639 | test loss: 0.597537 | auc: 0.675772 | avg of last 10 auc: 0.690139
2025-06-20 16:20:29 INFO: Epoch:  74 | train loss: 0.443067 | test loss: 0.636680 | auc: 0.673195 | avg of last 10 auc: 0.686530
2025-06-20 16:20:43 INFO: Epoch:  75 | train loss: 0.407304 | test loss: 0.621528 | auc: 0.664780 | avg of last 10 auc: 0.685765
2025-06-20 16:20:55 INFO: Epoch:  76 | train loss: 0.412419 | test loss: 0.629525 | auc: 0.679901 | avg of last 10 auc: 0.685710
2025-06-20 16:21:08 INFO: Epoch:  77 | train loss: 0.411512 | test loss: 0.596877 | auc: 0.690080 | avg of last 10 auc: 0.683618
2025-06-20 16:21:20 INFO: Epoch:  78 | train loss: 0.405434 | test loss: 0.635711 | auc: 0.688700 | avg of last 10 auc: 0.683406
2025-06-20 16:21:32 INFO: Epoch:  79 | train loss: 0.393113 | test loss: 0.635241 | auc: 0.684391 | avg of last 10 auc: 0.686252
2025-06-20 16:21:45 INFO: Epoch:  80 | train loss: 0.410716 | test loss: 0.801539 | auc: 0.682311 | avg of last 10 auc: 0.687351
