2025-06-04 13:17:09 INFO: Start finetuning:
2025-06-04 13:17:09 INFO: Arguments: Namespace(epoch=3, batch_size=256, lr=0.001, num_classes=10, model_path='ckpt/preatrain/3epoch.pth', save_every=10, seed=0)
2025-06-04 13:17:09 INFO: Using device: cuda:0
2025-06-04 13:17:49 INFO: Start finetuning:
2025-06-04 13:17:49 INFO: Arguments: Namespace(epoch=3, batch_size=256, lr=0.001, num_classes=10, model_path='ckpt/pretrain/3epoch.pth', save_every=10, seed=0)
2025-06-04 13:17:49 INFO: Using device: cuda:0
2025-06-04 13:29:06 INFO: Start finetuning:
2025-06-04 13:29:06 INFO: Arguments: Namespace(epoch=3, batch_size=256, lr=0.001, num_classes=10, model_path='ckpt/pretrain/3epoch.pth', save_every=10, seed=0)
2025-06-04 13:29:06 INFO: Using device: cuda:0
2025-06-04 13:29:22 INFO: Epoch:   1 | train loss: 2.127827 | test loss: 0.950424
2025-06-04 13:29:32 INFO: Epoch:   2 | train loss: 0.904188 | test loss: 0.831496
2025-06-04 13:29:42 INFO: Epoch:   3 | train loss: 0.820176 | test loss: 0.782203
2025-06-04 13:39:43 INFO: Start finetuning:
2025-06-04 13:39:43 INFO: Arguments: Namespace(epoch=3, batch_size=256, lr=0.001, num_classes=10, model_path='ckpt/pretrain/3epoch.pth', save_every=10, seed=0)
2025-06-04 13:39:43 INFO: Using device: cuda:0
2025-06-04 13:39:55 INFO: Epoch:   1 | train loss: 2.127827 | test loss: 0.950424
2025-06-04 13:40:08 INFO: Epoch:   2 | train loss: 0.904188 | test loss: 0.831496
2025-06-04 13:40:20 INFO: Epoch:   3 | train loss: 0.820176 | test loss: 0.782203
2025-06-04 17:25:54 INFO: Start finetuning:
2025-06-04 17:25:54 INFO: Arguments: Namespace(epoch=100, batch_size=256, lr=0.001, num_classes=10, model_path='ckpt/pretrain/100epoch.pth', save_every=10, seed=0)
2025-06-04 17:25:54 INFO: Using device: cuda:0
2025-06-04 17:26:06 INFO: Epoch:   1 | train loss: 0.991864 | test loss: 0.411960
2025-06-04 17:26:18 INFO: Epoch:   2 | train loss: 0.386371 | test loss: 0.324460
2025-06-04 17:26:31 INFO: Epoch:   3 | train loss: 0.338894 | test loss: 0.301235
2025-06-04 17:26:43 INFO: Epoch:   4 | train loss: 0.320393 | test loss: 0.291828
2025-06-04 17:26:55 INFO: Epoch:   5 | train loss: 0.312521 | test loss: 0.285742
2025-06-04 17:27:07 INFO: Epoch:   6 | train loss: 0.298979 | test loss: 0.277595
2025-06-04 17:27:19 INFO: Epoch:   7 | train loss: 0.290501 | test loss: 0.262407
2025-06-04 17:27:31 INFO: Epoch:   8 | train loss: 0.281792 | test loss: 0.258459
2025-06-04 17:27:43 INFO: Epoch:   9 | train loss: 0.275469 | test loss: 0.258693
2025-06-04 17:27:55 INFO: Epoch:  10 | train loss: 0.270590 | test loss: 0.248993
2025-06-04 17:28:07 INFO: Epoch:  11 | train loss: 0.265397 | test loss: 0.251244
2025-06-04 17:28:19 INFO: Epoch:  12 | train loss: 0.259596 | test loss: 0.248596
2025-06-04 17:28:31 INFO: Epoch:  13 | train loss: 0.255618 | test loss: 0.253823
2025-06-04 17:28:44 INFO: Epoch:  14 | train loss: 0.253469 | test loss: 0.248040
2025-06-04 17:28:56 INFO: Epoch:  15 | train loss: 0.249966 | test loss: 0.233964
2025-06-04 17:29:08 INFO: Epoch:  16 | train loss: 0.245781 | test loss: 0.254627
2025-06-04 17:29:20 INFO: Epoch:  17 | train loss: 0.244458 | test loss: 0.231296
2025-06-04 17:29:32 INFO: Epoch:  18 | train loss: 0.242238 | test loss: 0.247039
2025-06-04 17:29:44 INFO: Epoch:  19 | train loss: 0.239608 | test loss: 0.236466
2025-06-04 17:29:56 INFO: Epoch:  20 | train loss: 0.238482 | test loss: 0.233432
2025-06-04 17:30:08 INFO: Epoch:  21 | train loss: 0.236385 | test loss: 0.224289
2025-06-04 17:30:20 INFO: Epoch:  22 | train loss: 0.233834 | test loss: 0.225901
2025-06-04 17:30:32 INFO: Epoch:  23 | train loss: 0.231893 | test loss: 0.224952
2025-06-04 17:30:44 INFO: Epoch:  24 | train loss: 0.231955 | test loss: 0.226302
2025-06-04 17:30:57 INFO: Epoch:  25 | train loss: 0.230517 | test loss: 0.231108
2025-06-04 17:31:09 INFO: Epoch:  26 | train loss: 0.227432 | test loss: 0.225958
2025-06-04 17:31:21 INFO: Epoch:  27 | train loss: 0.224903 | test loss: 0.223946
2025-06-04 17:31:33 INFO: Epoch:  28 | train loss: 0.226222 | test loss: 0.215593
2025-06-04 17:31:44 INFO: Epoch:  29 | train loss: 0.223123 | test loss: 0.224054
2025-06-04 17:31:56 INFO: Epoch:  30 | train loss: 0.220156 | test loss: 0.222342
2025-06-04 17:32:08 INFO: Epoch:  31 | train loss: 0.221208 | test loss: 0.219962
2025-06-04 17:32:20 INFO: Epoch:  32 | train loss: 0.221740 | test loss: 0.217847
2025-06-04 17:32:32 INFO: Epoch:  33 | train loss: 0.216904 | test loss: 0.203758
2025-06-04 17:32:44 INFO: Epoch:  34 | train loss: 0.215560 | test loss: 0.223483
2025-06-04 17:32:56 INFO: Epoch:  35 | train loss: 0.215425 | test loss: 0.214907
2025-06-04 17:33:08 INFO: Epoch:  36 | train loss: 0.215281 | test loss: 0.207910
2025-06-04 17:33:19 INFO: Epoch:  37 | train loss: 0.214802 | test loss: 0.216836
2025-06-04 17:33:31 INFO: Epoch:  38 | train loss: 0.214965 | test loss: 0.202383
2025-06-04 17:33:43 INFO: Epoch:  39 | train loss: 0.212631 | test loss: 0.201173
2025-06-04 17:33:55 INFO: Epoch:  40 | train loss: 0.211683 | test loss: 0.200868
2025-06-04 17:34:07 INFO: Epoch:  41 | train loss: 0.210053 | test loss: 0.206637
2025-06-04 17:34:18 INFO: Epoch:  42 | train loss: 0.207663 | test loss: 0.199278
2025-06-04 17:34:31 INFO: Epoch:  43 | train loss: 0.208000 | test loss: 0.197955
2025-06-04 17:34:42 INFO: Epoch:  44 | train loss: 0.205190 | test loss: 0.201426
2025-06-04 17:34:54 INFO: Epoch:  45 | train loss: 0.203697 | test loss: 0.201650
2025-06-04 17:35:06 INFO: Epoch:  46 | train loss: 0.202374 | test loss: 0.197438
2025-06-04 17:35:18 INFO: Epoch:  47 | train loss: 0.201789 | test loss: 0.196587
2025-06-04 17:35:30 INFO: Epoch:  48 | train loss: 0.201278 | test loss: 0.192995
2025-06-04 17:35:41 INFO: Epoch:  49 | train loss: 0.201390 | test loss: 0.190698
2025-06-04 17:35:53 INFO: Epoch:  50 | train loss: 0.198894 | test loss: 0.215264
2025-06-04 17:36:05 INFO: Epoch:  51 | train loss: 0.199046 | test loss: 0.202714
2025-06-04 17:36:16 INFO: Epoch:  52 | train loss: 0.198024 | test loss: 0.189372
2025-06-04 17:36:28 INFO: Epoch:  53 | train loss: 0.196596 | test loss: 0.207105
2025-06-04 17:36:40 INFO: Epoch:  54 | train loss: 0.197599 | test loss: 0.193013
2025-06-04 17:36:52 INFO: Epoch:  55 | train loss: 0.194083 | test loss: 0.195893
2025-06-04 17:37:04 INFO: Epoch:  56 | train loss: 0.192975 | test loss: 0.202596
2025-06-04 17:37:15 INFO: Epoch:  57 | train loss: 0.192087 | test loss: 0.194907
2025-06-04 17:37:27 INFO: Epoch:  58 | train loss: 0.191743 | test loss: 0.203657
2025-06-04 17:37:39 INFO: Epoch:  59 | train loss: 0.190485 | test loss: 0.182322
2025-06-04 17:37:51 INFO: Epoch:  60 | train loss: 0.189824 | test loss: 0.196318
2025-06-04 17:38:02 INFO: Epoch:  61 | train loss: 0.191685 | test loss: 0.195285
2025-06-04 17:38:14 INFO: Epoch:  62 | train loss: 0.187719 | test loss: 0.205910
2025-06-04 17:38:26 INFO: Epoch:  63 | train loss: 0.189971 | test loss: 0.199511
2025-06-04 17:38:38 INFO: Epoch:  64 | train loss: 0.187753 | test loss: 0.192110
2025-06-04 17:38:49 INFO: Epoch:  65 | train loss: 0.184341 | test loss: 0.182690
2025-06-04 17:39:01 INFO: Epoch:  66 | train loss: 0.186641 | test loss: 0.178085
2025-06-04 17:39:13 INFO: Epoch:  67 | train loss: 0.185636 | test loss: 0.185227
2025-06-04 17:39:25 INFO: Epoch:  68 | train loss: 0.184642 | test loss: 0.197158
2025-06-04 17:39:36 INFO: Epoch:  69 | train loss: 0.183670 | test loss: 0.192518
2025-06-04 17:39:48 INFO: Epoch:  70 | train loss: 0.183505 | test loss: 0.195408
2025-06-04 17:40:00 INFO: Epoch:  71 | train loss: 0.181990 | test loss: 0.189463
2025-06-04 17:40:12 INFO: Epoch:  72 | train loss: 0.180773 | test loss: 0.189551
2025-06-04 17:40:23 INFO: Epoch:  73 | train loss: 0.181376 | test loss: 0.190662
2025-06-04 17:40:35 INFO: Epoch:  74 | train loss: 0.183948 | test loss: 0.182656
2025-06-04 17:40:48 INFO: Epoch:  75 | train loss: 0.179223 | test loss: 0.187713
2025-06-04 17:40:59 INFO: Epoch:  76 | train loss: 0.178430 | test loss: 0.182681
2025-06-04 17:41:11 INFO: Epoch:  77 | train loss: 0.179443 | test loss: 0.190734
2025-06-04 17:41:23 INFO: Epoch:  78 | train loss: 0.178677 | test loss: 0.179922
2025-06-04 17:41:34 INFO: Epoch:  79 | train loss: 0.180380 | test loss: 0.178307
2025-06-04 17:41:46 INFO: Epoch:  80 | train loss: 0.176997 | test loss: 0.175615
2025-06-04 17:41:58 INFO: Epoch:  81 | train loss: 0.180208 | test loss: 0.182660
2025-06-04 17:42:10 INFO: Epoch:  82 | train loss: 0.177190 | test loss: 0.176778
2025-06-04 17:42:22 INFO: Epoch:  83 | train loss: 0.176469 | test loss: 0.190863
2025-06-04 17:42:34 INFO: Epoch:  84 | train loss: 0.176072 | test loss: 0.177768
2025-06-04 17:42:45 INFO: Epoch:  85 | train loss: 0.177267 | test loss: 0.176906
2025-06-04 17:42:58 INFO: Epoch:  86 | train loss: 0.175983 | test loss: 0.179593
2025-06-04 17:43:10 INFO: Epoch:  87 | train loss: 0.175695 | test loss: 0.183168
2025-06-04 17:43:21 INFO: Epoch:  88 | train loss: 0.174310 | test loss: 0.189901
2025-06-04 17:43:33 INFO: Epoch:  89 | train loss: 0.174305 | test loss: 0.178818
2025-06-04 17:43:45 INFO: Epoch:  90 | train loss: 0.175567 | test loss: 0.173691
2025-06-04 17:43:57 INFO: Epoch:  91 | train loss: 0.172062 | test loss: 0.183332
2025-06-04 17:44:08 INFO: Epoch:  92 | train loss: 0.172515 | test loss: 0.176462
2025-06-04 17:44:20 INFO: Epoch:  93 | train loss: 0.172310 | test loss: 0.178947
2025-06-04 17:44:32 INFO: Epoch:  94 | train loss: 0.173545 | test loss: 0.182900
2025-06-04 17:44:44 INFO: Epoch:  95 | train loss: 0.172839 | test loss: 0.174597
2025-06-04 17:44:55 INFO: Epoch:  96 | train loss: 0.173523 | test loss: 0.177679
2025-06-04 17:45:07 INFO: Epoch:  97 | train loss: 0.170900 | test loss: 0.172302
2025-06-04 17:45:19 INFO: Epoch:  98 | train loss: 0.171438 | test loss: 0.178733
2025-06-04 17:45:31 INFO: Epoch:  99 | train loss: 0.171147 | test loss: 0.183416
2025-06-04 17:45:43 INFO: Epoch: 100 | train loss: 0.171736 | test loss: 0.178418
