2025-06-20 04:33:19 INFO: Start finetuning:
2025-06-20 04:33:19 INFO: Arguments: Namespace(epoch=80, batch_size=16, lr=0.0005, model_path_in_folder='pretrain/80epoch.pth', folder_path='experiments/experiment_mask_all_16px', seed=None, patience=10, repeats=3, save_every=1)
2025-06-20 04:33:19 INFO: Using device: cuda:0
2025-06-20 04:34:54 INFO: Epoch:   1 | train loss: 0.588936 | test loss: 0.590250 | auc: 0.593876 | avg of last 10 auc: nan
2025-06-20 04:35:06 INFO: Epoch:   2 | train loss: 0.563188 | test loss: 0.594075 | auc: 0.582692 | avg of last 10 auc: 0.593876
2025-06-20 04:35:18 INFO: Epoch:   3 | train loss: 0.579620 | test loss: 0.590237 | auc: 0.580755 | avg of last 10 auc: 0.588284
2025-06-20 04:35:31 INFO: Epoch:   4 | train loss: 0.570769 | test loss: 0.590241 | auc: 0.582963 | avg of last 10 auc: 0.585774
2025-06-20 04:35:43 INFO: Epoch:   5 | train loss: 0.561478 | test loss: 0.598181 | auc: 0.573016 | avg of last 10 auc: 0.585072
2025-06-20 04:35:56 INFO: Epoch:   6 | train loss: 0.557595 | test loss: 0.591436 | auc: 0.585457 | avg of last 10 auc: 0.582660
2025-06-20 04:36:08 INFO: Epoch:   7 | train loss: 0.565408 | test loss: 0.591613 | auc: 0.604061 | avg of last 10 auc: 0.583127
2025-06-20 04:36:20 INFO: Epoch:   8 | train loss: 0.565112 | test loss: 0.586448 | auc: 0.604808 | avg of last 10 auc: 0.586117
2025-06-20 04:36:33 INFO: Epoch:   9 | train loss: 0.562772 | test loss: 0.591240 | auc: 0.598499 | avg of last 10 auc: 0.588454
2025-06-20 04:36:45 INFO: Epoch:  10 | train loss: 0.544693 | test loss: 0.588396 | auc: 0.594688 | avg of last 10 auc: 0.589570
2025-06-20 04:36:58 INFO: Epoch:  11 | train loss: 0.565236 | test loss: 0.581409 | auc: 0.626203 | avg of last 10 auc: 0.590082
2025-06-20 04:37:10 INFO: Epoch:  12 | train loss: 0.551720 | test loss: 0.590019 | auc: 0.619282 | avg of last 10 auc: 0.593314
2025-06-20 04:37:24 INFO: Epoch:  13 | train loss: 0.558764 | test loss: 0.588351 | auc: 0.638563 | avg of last 10 auc: 0.596973
2025-06-20 04:37:36 INFO: Epoch:  14 | train loss: 0.568281 | test loss: 0.575521 | auc: 0.655079 | avg of last 10 auc: 0.602754
2025-06-20 04:37:48 INFO: Epoch:  15 | train loss: 0.550909 | test loss: 0.578894 | auc: 0.648303 | avg of last 10 auc: 0.609966
2025-06-20 04:38:00 INFO: Epoch:  16 | train loss: 0.545662 | test loss: 0.595247 | auc: 0.631399 | avg of last 10 auc: 0.617494
2025-06-20 04:38:12 INFO: Epoch:  17 | train loss: 0.543268 | test loss: 0.575739 | auc: 0.647565 | avg of last 10 auc: 0.622088
2025-06-20 04:38:25 INFO: Epoch:  18 | train loss: 0.546035 | test loss: 0.580345 | auc: 0.671225 | avg of last 10 auc: 0.626439
2025-06-20 04:38:37 INFO: Epoch:  19 | train loss: 0.548735 | test loss: 0.575580 | auc: 0.653430 | avg of last 10 auc: 0.633081
2025-06-20 04:38:49 INFO: Epoch:  20 | train loss: 0.560449 | test loss: 0.572784 | auc: 0.653173 | avg of last 10 auc: 0.638574
2025-06-20 04:39:01 INFO: Epoch:  21 | train loss: 0.535972 | test loss: 0.571210 | auc: 0.649505 | avg of last 10 auc: 0.644422
2025-06-20 04:39:14 INFO: Epoch:  22 | train loss: 0.531955 | test loss: 0.562554 | auc: 0.676548 | avg of last 10 auc: 0.646752
2025-06-20 04:39:26 INFO: Epoch:  23 | train loss: 0.523528 | test loss: 0.593938 | auc: 0.654882 | avg of last 10 auc: 0.652479
2025-06-20 04:39:38 INFO: Epoch:  24 | train loss: 0.533076 | test loss: 0.613193 | auc: 0.643196 | avg of last 10 auc: 0.654111
2025-06-20 04:39:51 INFO: Epoch:  25 | train loss: 0.534275 | test loss: 0.560809 | auc: 0.672850 | avg of last 10 auc: 0.652923
2025-06-20 04:40:03 INFO: Epoch:  26 | train loss: 0.522627 | test loss: 0.605323 | auc: 0.689958 | avg of last 10 auc: 0.655377
2025-06-20 04:40:15 INFO: Epoch:  27 | train loss: 0.525547 | test loss: 0.579036 | auc: 0.678658 | avg of last 10 auc: 0.661233
2025-06-20 04:40:28 INFO: Epoch:  28 | train loss: 0.528874 | test loss: 0.557100 | auc: 0.688234 | avg of last 10 auc: 0.664342
2025-06-20 04:40:40 INFO: Epoch:  29 | train loss: 0.515884 | test loss: 0.577206 | auc: 0.655593 | avg of last 10 auc: 0.666043
2025-06-20 04:40:53 INFO: Epoch:  30 | train loss: 0.507756 | test loss: 0.559532 | auc: 0.691694 | avg of last 10 auc: 0.666260
2025-06-20 04:41:05 INFO: Epoch:  31 | train loss: 0.520229 | test loss: 0.573744 | auc: 0.662625 | avg of last 10 auc: 0.670112
2025-06-20 04:41:17 INFO: Epoch:  32 | train loss: 0.510990 | test loss: 0.582306 | auc: 0.652160 | avg of last 10 auc: 0.671424
2025-06-20 04:41:29 INFO: Epoch:  33 | train loss: 0.515741 | test loss: 0.599048 | auc: 0.623984 | avg of last 10 auc: 0.668985
2025-06-20 04:41:41 INFO: Epoch:  34 | train loss: 0.515019 | test loss: 0.584686 | auc: 0.638620 | avg of last 10 auc: 0.665895
2025-06-20 04:41:54 INFO: Epoch:  35 | train loss: 0.519771 | test loss: 0.594045 | auc: 0.684548 | avg of last 10 auc: 0.665438
2025-06-20 04:42:06 INFO: Epoch:  36 | train loss: 0.503852 | test loss: 0.613141 | auc: 0.690969 | avg of last 10 auc: 0.666607
2025-06-20 04:42:18 INFO: Epoch:  37 | train loss: 0.483228 | test loss: 0.633980 | auc: 0.643991 | avg of last 10 auc: 0.666709
2025-06-20 04:42:30 INFO: Epoch:  38 | train loss: 0.499864 | test loss: 0.625654 | auc: 0.714237 | avg of last 10 auc: 0.663242
2025-06-20 04:42:42 INFO: Epoch:  39 | train loss: 0.487689 | test loss: 0.584913 | auc: 0.651711 | avg of last 10 auc: 0.665842
2025-06-20 04:42:55 INFO: Epoch:  40 | train loss: 0.491999 | test loss: 0.580782 | auc: 0.676834 | avg of last 10 auc: 0.665454
2025-06-20 04:43:07 INFO: Epoch:  41 | train loss: 0.490449 | test loss: 0.576405 | auc: 0.696723 | avg of last 10 auc: 0.663968
2025-06-20 04:43:19 INFO: Epoch:  42 | train loss: 0.447892 | test loss: 0.563464 | auc: 0.706648 | avg of last 10 auc: 0.667378
2025-06-20 04:43:32 INFO: Epoch:  43 | train loss: 0.453553 | test loss: 0.636693 | auc: 0.712790 | avg of last 10 auc: 0.672827
2025-06-20 04:43:44 INFO: Epoch:  44 | train loss: 0.483039 | test loss: 0.639086 | auc: 0.651032 | avg of last 10 auc: 0.681707
2025-06-20 04:43:56 INFO: Epoch:  45 | train loss: 0.454711 | test loss: 0.575275 | auc: 0.697089 | avg of last 10 auc: 0.682948
2025-06-20 04:44:08 INFO: Epoch:  46 | train loss: 0.455938 | test loss: 0.598594 | auc: 0.664464 | avg of last 10 auc: 0.684202
2025-06-20 04:44:21 INFO: Epoch:  47 | train loss: 0.448571 | test loss: 0.600133 | auc: 0.687440 | avg of last 10 auc: 0.681552
2025-06-20 04:44:33 INFO: Epoch:  48 | train loss: 0.464449 | test loss: 0.631733 | auc: 0.701740 | avg of last 10 auc: 0.685897
2025-06-20 04:44:45 INFO: Epoch:  49 | train loss: 0.463258 | test loss: 0.553561 | auc: 0.708618 | avg of last 10 auc: 0.684647
2025-06-20 04:44:57 INFO: Epoch:  50 | train loss: 0.442146 | test loss: 0.732351 | auc: 0.704053 | avg of last 10 auc: 0.690338
2025-06-20 04:45:09 INFO: Epoch:  51 | train loss: 0.418313 | test loss: 0.583693 | auc: 0.715184 | avg of last 10 auc: 0.693060
2025-06-20 04:45:22 INFO: Epoch:  52 | train loss: 0.449841 | test loss: 0.642248 | auc: 0.661319 | avg of last 10 auc: 0.694906
2025-06-20 04:45:34 INFO: Epoch:  53 | train loss: 0.432799 | test loss: 0.616290 | auc: 0.720822 | avg of last 10 auc: 0.690373
2025-06-20 04:45:46 INFO: Epoch:  54 | train loss: 0.448072 | test loss: 0.546024 | auc: 0.716030 | avg of last 10 auc: 0.691176
2025-06-20 04:45:59 INFO: Epoch:  55 | train loss: 0.424200 | test loss: 0.607173 | auc: 0.715678 | avg of last 10 auc: 0.697676
2025-06-20 04:46:11 INFO: Epoch:  56 | train loss: 0.428761 | test loss: 0.687801 | auc: 0.711480 | avg of last 10 auc: 0.699535
2025-06-20 04:46:23 INFO: Epoch:  57 | train loss: 0.419762 | test loss: 0.596536 | auc: 0.694392 | avg of last 10 auc: 0.704236
2025-06-20 04:46:35 INFO: Epoch:  58 | train loss: 0.411939 | test loss: 0.567305 | auc: 0.728275 | avg of last 10 auc: 0.704932
2025-06-20 04:46:48 INFO: Epoch:  59 | train loss: 0.407474 | test loss: 0.591522 | auc: 0.729977 | avg of last 10 auc: 0.707585
2025-06-20 04:47:00 INFO: Epoch:  60 | train loss: 0.417751 | test loss: 0.588567 | auc: 0.700237 | avg of last 10 auc: 0.709721
2025-06-20 04:47:12 INFO: Epoch:  61 | train loss: 0.404889 | test loss: 0.550523 | auc: 0.731452 | avg of last 10 auc: 0.709339
2025-06-20 04:47:25 INFO: Epoch:  62 | train loss: 0.409581 | test loss: 0.700074 | auc: 0.726069 | avg of last 10 auc: 0.710966
2025-06-20 04:47:37 INFO: Epoch:  63 | train loss: 0.394719 | test loss: 0.658637 | auc: 0.689012 | avg of last 10 auc: 0.717441
2025-06-20 04:47:50 INFO: Epoch:  64 | train loss: 0.361477 | test loss: 0.661207 | auc: 0.725636 | avg of last 10 auc: 0.714260
2025-06-20 04:48:02 INFO: Epoch:  65 | train loss: 0.363991 | test loss: 0.617064 | auc: 0.717494 | avg of last 10 auc: 0.715221
2025-06-20 04:48:14 INFO: Epoch:  66 | train loss: 0.379133 | test loss: 0.663105 | auc: 0.678691 | avg of last 10 auc: 0.715403
2025-06-20 04:48:26 INFO: Epoch:  67 | train loss: 0.335934 | test loss: 0.660065 | auc: 0.703354 | avg of last 10 auc: 0.712124
2025-06-20 04:48:39 INFO: Epoch:  68 | train loss: 0.350965 | test loss: 0.793267 | auc: 0.703493 | avg of last 10 auc: 0.713020
2025-06-20 04:48:51 INFO: Epoch:  69 | train loss: 0.348739 | test loss: 0.723571 | auc: 0.678657 | avg of last 10 auc: 0.710542
2025-06-20 04:49:03 INFO: Epoch:  70 | train loss: 0.351607 | test loss: 0.770160 | auc: 0.707077 | avg of last 10 auc: 0.705410
2025-06-20 04:49:15 INFO: Epoch:  71 | train loss: 0.356876 | test loss: 0.798008 | auc: 0.696393 | avg of last 10 auc: 0.706094
2025-06-20 04:49:28 INFO: Epoch:  72 | train loss: 0.346782 | test loss: 0.739661 | auc: 0.725082 | avg of last 10 auc: 0.702588
2025-06-20 04:49:40 INFO: Epoch:  73 | train loss: 0.355510 | test loss: 0.733819 | auc: 0.685687 | avg of last 10 auc: 0.702489
2025-06-20 04:49:52 INFO: Epoch:  74 | train loss: 0.315862 | test loss: 0.829878 | auc: 0.704516 | avg of last 10 auc: 0.702156
2025-06-20 04:50:04 INFO: Epoch:  75 | train loss: 0.341261 | test loss: 0.688996 | auc: 0.701441 | avg of last 10 auc: 0.700044
2025-06-20 04:50:16 INFO: Epoch:  76 | train loss: 0.348684 | test loss: 0.671989 | auc: 0.707762 | avg of last 10 auc: 0.698439
2025-06-20 04:50:29 INFO: Epoch:  77 | train loss: 0.293801 | test loss: 0.966857 | auc: 0.706053 | avg of last 10 auc: 0.701346
2025-06-20 04:50:41 INFO: Epoch:  78 | train loss: 0.248154 | test loss: 1.304378 | auc: 0.704056 | avg of last 10 auc: 0.701616
2025-06-20 04:50:53 INFO: Epoch:  79 | train loss: 0.283539 | test loss: 0.826533 | auc: 0.691015 | avg of last 10 auc: 0.701672
2025-06-20 04:51:06 INFO: Epoch:  80 | train loss: 0.325486 | test loss: 0.809720 | auc: 0.707628 | avg of last 10 auc: 0.702908
