2025-06-19 12:23:37 INFO: Start training:
2025-06-19 12:23:37 INFO: Arguments: Namespace(epoch=80, batch_size=16, lr=0.00025, show_per_epoch=2, show_img_count=2, patch_size=8, mask_rate=0.5, save_every=5, seed=0, mask_roi='true', mask_non_roi='true', output_folder='experiments/experiment_mask_all_8px')
2025-06-19 12:23:37 INFO: Using device: cuda:0
2025-06-19 12:28:46 INFO: Epoch:   1 | train loss: 0.122995 | test loss: 0.065407
2025-06-19 12:31:07 INFO: Epoch:   2 | train loss: 0.075998 | test loss: 0.066561
2025-06-19 12:33:26 INFO: Epoch:   3 | train loss: 0.067026 | test loss: 0.064739
2025-06-19 12:35:45 INFO: Epoch:   4 | train loss: 0.062809 | test loss: 0.049365
2025-06-19 12:38:05 INFO: Epoch:   5 | train loss: 0.061179 | test loss: 0.053126
2025-06-19 12:40:32 INFO: Epoch:   6 | train loss: 0.058595 | test loss: 0.047273
2025-06-19 12:42:59 INFO: Epoch:   7 | train loss: 0.057621 | test loss: 0.063780
2025-06-19 12:45:25 INFO: Epoch:   8 | train loss: 0.058356 | test loss: 0.044367
2025-06-19 12:48:15 INFO: Epoch:   9 | train loss: 0.054999 | test loss: 0.064228
2025-06-19 12:50:37 INFO: Epoch:  10 | train loss: 0.053620 | test loss: 0.060803
2025-06-19 12:52:59 INFO: Epoch:  11 | train loss: 0.055803 | test loss: 0.049274
2025-06-19 12:55:23 INFO: Epoch:  12 | train loss: 0.054194 | test loss: 0.044485
2025-06-19 12:57:48 INFO: Epoch:  13 | train loss: 0.050975 | test loss: 0.044864
2025-06-19 13:00:15 INFO: Epoch:  14 | train loss: 0.050192 | test loss: 0.040142
2025-06-19 13:02:38 INFO: Epoch:  15 | train loss: 0.046964 | test loss: 0.045055
2025-06-19 13:05:02 INFO: Epoch:  16 | train loss: 0.046872 | test loss: 0.044288
2025-06-19 13:07:26 INFO: Epoch:  17 | train loss: 0.045663 | test loss: 0.042308
2025-06-19 13:09:49 INFO: Epoch:  18 | train loss: 0.043574 | test loss: 0.038418
2025-06-19 13:12:14 INFO: Epoch:  19 | train loss: 0.042294 | test loss: 0.037936
2025-06-19 13:14:38 INFO: Epoch:  20 | train loss: 0.043067 | test loss: 0.037081
2025-06-19 13:17:03 INFO: Epoch:  21 | train loss: 0.041083 | test loss: 0.037450
2025-06-19 13:19:26 INFO: Epoch:  22 | train loss: 0.041973 | test loss: 0.044832
2025-06-19 13:21:51 INFO: Epoch:  23 | train loss: 0.041161 | test loss: 0.036103
2025-06-19 13:24:19 INFO: Epoch:  24 | train loss: 0.040237 | test loss: 0.037515
2025-06-19 13:26:42 INFO: Epoch:  25 | train loss: 0.040622 | test loss: 0.038809
2025-06-19 13:29:06 INFO: Epoch:  26 | train loss: 0.039449 | test loss: 0.038428
2025-06-19 13:31:29 INFO: Epoch:  27 | train loss: 0.038591 | test loss: 0.035419
2025-06-19 13:33:52 INFO: Epoch:  28 | train loss: 0.039531 | test loss: 0.038119
2025-06-19 13:36:16 INFO: Epoch:  29 | train loss: 0.038752 | test loss: 0.035927
2025-06-19 13:38:40 INFO: Epoch:  30 | train loss: 0.037586 | test loss: 0.039598
2025-06-19 13:41:04 INFO: Epoch:  31 | train loss: 0.038730 | test loss: 0.034885
2025-06-19 13:43:32 INFO: Epoch:  32 | train loss: 0.038407 | test loss: 0.037460
2025-06-19 13:45:58 INFO: Epoch:  33 | train loss: 0.038678 | test loss: 0.036122
2025-06-19 13:48:26 INFO: Epoch:  34 | train loss: 0.038863 | test loss: 0.038959
2025-06-19 13:50:49 INFO: Epoch:  35 | train loss: 0.038366 | test loss: 0.035145
2025-06-19 13:53:14 INFO: Epoch:  36 | train loss: 0.037198 | test loss: 0.043389
2025-06-19 13:55:38 INFO: Epoch:  37 | train loss: 0.041182 | test loss: 0.034880
2025-06-19 13:58:00 INFO: Epoch:  38 | train loss: 0.037221 | test loss: 0.035573
2025-06-19 14:00:23 INFO: Epoch:  39 | train loss: 0.038689 | test loss: 0.034077
2025-06-19 14:02:45 INFO: Epoch:  40 | train loss: 0.036645 | test loss: 0.036715
2025-06-19 14:05:09 INFO: Epoch:  41 | train loss: 0.036096 | test loss: 0.034588
2025-06-19 14:07:35 INFO: Epoch:  42 | train loss: 0.036438 | test loss: 0.037317
2025-06-19 14:09:58 INFO: Epoch:  43 | train loss: 0.035923 | test loss: 0.033733
2025-06-19 14:12:21 INFO: Epoch:  44 | train loss: 0.035746 | test loss: 0.034352
2025-06-19 14:14:47 INFO: Epoch:  45 | train loss: 0.036128 | test loss: 0.034412
2025-06-19 14:17:11 INFO: Epoch:  46 | train loss: 0.035496 | test loss: 0.034213
2025-06-19 14:19:37 INFO: Epoch:  47 | train loss: 0.036717 | test loss: 0.037371
2025-06-19 14:22:01 INFO: Epoch:  48 | train loss: 0.035475 | test loss: 0.037267
2025-06-19 14:24:29 INFO: Epoch:  49 | train loss: 0.035493 | test loss: 0.035184
2025-06-19 14:26:55 INFO: Epoch:  50 | train loss: 0.034987 | test loss: 0.034004
2025-06-19 14:29:19 INFO: Epoch:  51 | train loss: 0.035003 | test loss: 0.034391
2025-06-19 14:31:58 INFO: Epoch:  52 | train loss: 0.035067 | test loss: 0.033084
2025-06-19 14:34:21 INFO: Epoch:  53 | train loss: 0.034858 | test loss: 0.033303
2025-06-19 14:36:48 INFO: Epoch:  54 | train loss: 0.034766 | test loss: 0.036297
2025-06-19 14:39:13 INFO: Epoch:  55 | train loss: 0.034467 | test loss: 0.034947
2025-06-19 14:41:41 INFO: Epoch:  56 | train loss: 0.034546 | test loss: 0.032679
2025-06-19 14:44:07 INFO: Epoch:  57 | train loss: 0.034796 | test loss: 0.046422
2025-06-19 14:46:29 INFO: Epoch:  58 | train loss: 0.038434 | test loss: 0.033334
2025-06-19 14:48:52 INFO: Epoch:  59 | train loss: 0.035057 | test loss: 0.033536
2025-06-19 14:51:17 INFO: Epoch:  60 | train loss: 0.034166 | test loss: 0.033125
2025-06-19 14:53:40 INFO: Epoch:  61 | train loss: 0.034737 | test loss: 0.033191
2025-06-19 14:56:35 INFO: Epoch:  62 | train loss: 0.034097 | test loss: 0.036674
2025-06-19 14:59:52 INFO: Epoch:  63 | train loss: 0.034495 | test loss: 0.033710
2025-06-19 15:03:11 INFO: Epoch:  64 | train loss: 0.033872 | test loss: 0.032461
2025-06-19 15:06:29 INFO: Epoch:  65 | train loss: 0.033578 | test loss: 0.033615
2025-06-19 15:09:48 INFO: Epoch:  66 | train loss: 0.033653 | test loss: 0.034018
2025-06-19 15:13:06 INFO: Epoch:  67 | train loss: 0.033481 | test loss: 0.032385
2025-06-19 15:15:48 INFO: Epoch:  68 | train loss: 0.034589 | test loss: 0.032468
2025-06-19 15:18:11 INFO: Epoch:  69 | train loss: 0.033679 | test loss: 0.032788
2025-06-19 15:20:33 INFO: Epoch:  70 | train loss: 0.033432 | test loss: 0.035659
2025-06-19 15:23:52 INFO: Epoch:  71 | train loss: 0.034314 | test loss: 0.033099
2025-06-19 15:27:10 INFO: Epoch:  72 | train loss: 0.033673 | test loss: 0.032188
2025-06-19 15:29:33 INFO: Epoch:  73 | train loss: 0.033880 | test loss: 0.032398
2025-06-19 15:31:56 INFO: Epoch:  74 | train loss: 0.032874 | test loss: 0.032072
2025-06-19 15:35:00 INFO: Epoch:  75 | train loss: 0.033571 | test loss: 0.034047
2025-06-19 15:37:26 INFO: Epoch:  76 | train loss: 0.032922 | test loss: 0.032383
2025-06-19 15:39:52 INFO: Epoch:  77 | train loss: 0.032981 | test loss: 0.032252
2025-06-19 15:42:22 INFO: Epoch:  78 | train loss: 0.033155 | test loss: 0.034158
2025-06-19 15:44:57 INFO: Epoch:  79 | train loss: 0.033041 | test loss: 0.031886
2025-06-19 15:47:37 INFO: Epoch:  80 | train loss: 0.032955 | test loss: 0.040453
