2025-06-20 09:36:26 INFO: Start finetuning:
2025-06-20 09:36:26 INFO: Arguments: Namespace(epoch=80, batch_size=16, lr=0.0005, model_path_in_folder='pretrain/80epoch.pth', folder_path='experiments/experiment_mask_ROI_8px', seed=None, patience=10, repeats=3, save_every=1)
2025-06-20 09:36:26 INFO: Using device: cuda:0
2025-06-20 09:37:58 INFO: Epoch:   1 | train loss: 0.580785 | test loss: 0.614087 | auc: 0.558874 | avg of last 10 auc: nan
2025-06-20 09:38:11 INFO: Epoch:   2 | train loss: 0.565567 | test loss: 0.594621 | auc: 0.566519 | avg of last 10 auc: 0.558874
2025-06-20 09:38:23 INFO: Epoch:   3 | train loss: 0.569449 | test loss: 0.592755 | auc: 0.576576 | avg of last 10 auc: 0.562697
2025-06-20 09:38:35 INFO: Epoch:   4 | train loss: 0.574876 | test loss: 0.592215 | auc: 0.564060 | avg of last 10 auc: 0.567323
2025-06-20 09:38:48 INFO: Epoch:   5 | train loss: 0.559070 | test loss: 0.595585 | auc: 0.575216 | avg of last 10 auc: 0.566507
2025-06-20 09:39:00 INFO: Epoch:   6 | train loss: 0.567876 | test loss: 0.591833 | auc: 0.580166 | avg of last 10 auc: 0.568249
2025-06-20 09:39:13 INFO: Epoch:   7 | train loss: 0.566886 | test loss: 0.589772 | auc: 0.585319 | avg of last 10 auc: 0.570235
2025-06-20 09:39:25 INFO: Epoch:   8 | train loss: 0.564850 | test loss: 0.592239 | auc: 0.584719 | avg of last 10 auc: 0.572390
2025-06-20 09:39:37 INFO: Epoch:   9 | train loss: 0.553626 | test loss: 0.597493 | auc: 0.596270 | avg of last 10 auc: 0.573931
2025-06-20 09:39:49 INFO: Epoch:  10 | train loss: 0.555892 | test loss: 0.591610 | auc: 0.592089 | avg of last 10 auc: 0.576413
2025-06-20 09:40:01 INFO: Epoch:  11 | train loss: 0.569209 | test loss: 0.589014 | auc: 0.600669 | avg of last 10 auc: 0.577981
2025-06-20 09:40:13 INFO: Epoch:  12 | train loss: 0.558572 | test loss: 0.583692 | auc: 0.609586 | avg of last 10 auc: 0.582160
2025-06-20 09:40:26 INFO: Epoch:  13 | train loss: 0.555706 | test loss: 0.587229 | auc: 0.605659 | avg of last 10 auc: 0.586467
2025-06-20 09:40:38 INFO: Epoch:  14 | train loss: 0.559253 | test loss: 0.588969 | auc: 0.612893 | avg of last 10 auc: 0.589375
2025-06-20 09:40:50 INFO: Epoch:  15 | train loss: 0.559982 | test loss: 0.590124 | auc: 0.615181 | avg of last 10 auc: 0.594259
2025-06-20 09:41:03 INFO: Epoch:  16 | train loss: 0.564400 | test loss: 0.585559 | auc: 0.619486 | avg of last 10 auc: 0.598255
2025-06-20 09:41:15 INFO: Epoch:  17 | train loss: 0.561203 | test loss: 0.589540 | auc: 0.619600 | avg of last 10 auc: 0.602187
2025-06-20 09:41:28 INFO: Epoch:  18 | train loss: 0.543155 | test loss: 0.624385 | auc: 0.630161 | avg of last 10 auc: 0.605615
2025-06-20 09:41:40 INFO: Epoch:  19 | train loss: 0.567398 | test loss: 0.583928 | auc: 0.619851 | avg of last 10 auc: 0.610159
2025-06-20 09:41:52 INFO: Epoch:  20 | train loss: 0.555512 | test loss: 0.589997 | auc: 0.631633 | avg of last 10 auc: 0.612517
2025-06-20 09:42:04 INFO: Epoch:  21 | train loss: 0.544096 | test loss: 0.578672 | auc: 0.645678 | avg of last 10 auc: 0.616472
2025-06-20 09:42:24 INFO: Epoch:  22 | train loss: 0.560241 | test loss: 0.572930 | auc: 0.659918 | avg of last 10 auc: 0.620973
2025-06-20 09:42:36 INFO: Epoch:  23 | train loss: 0.551884 | test loss: 0.577990 | auc: 0.661738 | avg of last 10 auc: 0.626006
2025-06-20 09:42:48 INFO: Epoch:  24 | train loss: 0.563952 | test loss: 0.599071 | auc: 0.641870 | avg of last 10 auc: 0.631614
2025-06-20 09:43:01 INFO: Epoch:  25 | train loss: 0.556299 | test loss: 0.600512 | auc: 0.622173 | avg of last 10 auc: 0.634512
2025-06-20 09:43:13 INFO: Epoch:  26 | train loss: 0.558302 | test loss: 0.586837 | auc: 0.651846 | avg of last 10 auc: 0.635211
2025-06-20 09:43:25 INFO: Epoch:  27 | train loss: 0.538667 | test loss: 0.579463 | auc: 0.657011 | avg of last 10 auc: 0.638447
2025-06-20 09:43:38 INFO: Epoch:  28 | train loss: 0.551480 | test loss: 0.604451 | auc: 0.647511 | avg of last 10 auc: 0.642188
2025-06-20 09:43:50 INFO: Epoch:  29 | train loss: 0.550423 | test loss: 0.572970 | auc: 0.650604 | avg of last 10 auc: 0.643923
2025-06-20 09:44:02 INFO: Epoch:  30 | train loss: 0.543947 | test loss: 0.577624 | auc: 0.646422 | avg of last 10 auc: 0.646998
2025-06-20 09:44:14 INFO: Epoch:  31 | train loss: 0.542401 | test loss: 0.591381 | auc: 0.649297 | avg of last 10 auc: 0.648477
2025-06-20 09:44:27 INFO: Epoch:  32 | train loss: 0.534631 | test loss: 0.564868 | auc: 0.676456 | avg of last 10 auc: 0.648839
2025-06-20 09:44:39 INFO: Epoch:  33 | train loss: 0.543618 | test loss: 0.616098 | auc: 0.660882 | avg of last 10 auc: 0.650493
2025-06-20 09:44:51 INFO: Epoch:  34 | train loss: 0.538913 | test loss: 0.597960 | auc: 0.639691 | avg of last 10 auc: 0.650407
2025-06-20 09:45:03 INFO: Epoch:  35 | train loss: 0.546634 | test loss: 0.566761 | auc: 0.666074 | avg of last 10 auc: 0.650189
2025-06-20 09:45:15 INFO: Epoch:  36 | train loss: 0.542624 | test loss: 0.614521 | auc: 0.656304 | avg of last 10 auc: 0.654580
2025-06-20 09:45:28 INFO: Epoch:  37 | train loss: 0.546305 | test loss: 0.565682 | auc: 0.678782 | avg of last 10 auc: 0.655025
2025-06-20 09:45:40 INFO: Epoch:  38 | train loss: 0.533324 | test loss: 0.571150 | auc: 0.667612 | avg of last 10 auc: 0.657202
2025-06-20 09:45:52 INFO: Epoch:  39 | train loss: 0.529759 | test loss: 0.578470 | auc: 0.676079 | avg of last 10 auc: 0.659212
2025-06-20 09:46:05 INFO: Epoch:  40 | train loss: 0.534409 | test loss: 0.655871 | auc: 0.651914 | avg of last 10 auc: 0.661760
2025-06-20 09:46:17 INFO: Epoch:  41 | train loss: 0.524221 | test loss: 0.585664 | auc: 0.638374 | avg of last 10 auc: 0.662309
2025-06-20 09:46:29 INFO: Epoch:  42 | train loss: 0.528694 | test loss: 0.617012 | auc: 0.655394 | avg of last 10 auc: 0.661217
2025-06-20 09:46:42 INFO: Epoch:  43 | train loss: 0.535667 | test loss: 0.590387 | auc: 0.657534 | avg of last 10 auc: 0.659111
2025-06-20 09:46:54 INFO: Epoch:  44 | train loss: 0.515354 | test loss: 0.581150 | auc: 0.667367 | avg of last 10 auc: 0.658776
2025-06-20 09:47:06 INFO: Epoch:  45 | train loss: 0.516432 | test loss: 0.556731 | auc: 0.681920 | avg of last 10 auc: 0.661543
2025-06-20 09:47:19 INFO: Epoch:  46 | train loss: 0.521659 | test loss: 0.594968 | auc: 0.669928 | avg of last 10 auc: 0.663128
2025-06-20 09:47:31 INFO: Epoch:  47 | train loss: 0.518896 | test loss: 0.564755 | auc: 0.669863 | avg of last 10 auc: 0.664490
2025-06-20 09:47:43 INFO: Epoch:  48 | train loss: 0.511322 | test loss: 0.616463 | auc: 0.654324 | avg of last 10 auc: 0.663599
2025-06-20 09:47:56 INFO: Epoch:  49 | train loss: 0.518683 | test loss: 0.565570 | auc: 0.665009 | avg of last 10 auc: 0.662270
2025-06-20 09:48:08 INFO: Epoch:  50 | train loss: 0.521421 | test loss: 0.557449 | auc: 0.696125 | avg of last 10 auc: 0.661163
2025-06-20 09:48:21 INFO: Epoch:  51 | train loss: 0.523041 | test loss: 0.565375 | auc: 0.677619 | avg of last 10 auc: 0.665584
2025-06-20 09:48:33 INFO: Epoch:  52 | train loss: 0.519096 | test loss: 0.629156 | auc: 0.630651 | avg of last 10 auc: 0.669508
2025-06-20 09:48:45 INFO: Epoch:  53 | train loss: 0.521748 | test loss: 0.600702 | auc: 0.693275 | avg of last 10 auc: 0.667034
2025-06-20 09:48:57 INFO: Epoch:  54 | train loss: 0.516467 | test loss: 0.580116 | auc: 0.675177 | avg of last 10 auc: 0.670608
2025-06-20 09:49:09 INFO: Epoch:  55 | train loss: 0.524110 | test loss: 0.554726 | auc: 0.691290 | avg of last 10 auc: 0.671389
2025-06-20 09:49:22 INFO: Epoch:  56 | train loss: 0.509077 | test loss: 0.556134 | auc: 0.701264 | avg of last 10 auc: 0.672326
2025-06-20 09:49:34 INFO: Epoch:  57 | train loss: 0.499614 | test loss: 0.589273 | auc: 0.685746 | avg of last 10 auc: 0.675460
2025-06-20 09:49:46 INFO: Epoch:  58 | train loss: 0.501104 | test loss: 0.557899 | auc: 0.683847 | avg of last 10 auc: 0.677048
2025-06-20 09:49:59 INFO: Epoch:  59 | train loss: 0.509019 | test loss: 0.622838 | auc: 0.661187 | avg of last 10 auc: 0.680000
2025-06-20 09:50:11 INFO: Epoch:  60 | train loss: 0.484473 | test loss: 0.600753 | auc: 0.657409 | avg of last 10 auc: 0.679618
2025-06-20 09:50:23 INFO: Epoch:  61 | train loss: 0.474914 | test loss: 0.565011 | auc: 0.696623 | avg of last 10 auc: 0.675747
2025-06-20 09:50:35 INFO: Epoch:  62 | train loss: 0.481576 | test loss: 0.552783 | auc: 0.710591 | avg of last 10 auc: 0.677647
2025-06-20 09:50:48 INFO: Epoch:  63 | train loss: 0.472285 | test loss: 0.574587 | auc: 0.689352 | avg of last 10 auc: 0.685641
2025-06-20 09:51:00 INFO: Epoch:  64 | train loss: 0.494177 | test loss: 0.586217 | auc: 0.667588 | avg of last 10 auc: 0.685249
2025-06-20 09:51:13 INFO: Epoch:  65 | train loss: 0.476496 | test loss: 0.565586 | auc: 0.684717 | avg of last 10 auc: 0.684490
2025-06-20 09:51:25 INFO: Epoch:  66 | train loss: 0.472574 | test loss: 0.610304 | auc: 0.664702 | avg of last 10 auc: 0.683832
2025-06-20 09:51:37 INFO: Epoch:  67 | train loss: 0.456540 | test loss: 0.748730 | auc: 0.663365 | avg of last 10 auc: 0.680176
2025-06-20 09:51:50 INFO: Epoch:  68 | train loss: 0.483732 | test loss: 0.593435 | auc: 0.705418 | avg of last 10 auc: 0.677938
2025-06-20 09:52:02 INFO: Epoch:  69 | train loss: 0.487422 | test loss: 0.620541 | auc: 0.667049 | avg of last 10 auc: 0.680095
2025-06-20 09:52:14 INFO: Epoch:  70 | train loss: 0.472397 | test loss: 0.567573 | auc: 0.706288 | avg of last 10 auc: 0.680681
2025-06-20 09:52:26 INFO: Epoch:  71 | train loss: 0.466332 | test loss: 0.566968 | auc: 0.710538 | avg of last 10 auc: 0.685569
2025-06-20 09:52:39 INFO: Epoch:  72 | train loss: 0.462536 | test loss: 0.595907 | auc: 0.677820 | avg of last 10 auc: 0.686961
2025-06-20 09:52:51 INFO: Epoch:  73 | train loss: 0.469681 | test loss: 0.568327 | auc: 0.693082 | avg of last 10 auc: 0.683684
2025-06-20 09:53:04 INFO: Epoch:  74 | train loss: 0.463004 | test loss: 0.563960 | auc: 0.703346 | avg of last 10 auc: 0.684057
2025-06-20 09:53:16 INFO: Epoch:  75 | train loss: 0.460659 | test loss: 0.537551 | auc: 0.724284 | avg of last 10 auc: 0.687632
2025-06-20 09:53:28 INFO: Epoch:  76 | train loss: 0.463713 | test loss: 0.549094 | auc: 0.709732 | avg of last 10 auc: 0.691589
2025-06-20 09:53:41 INFO: Epoch:  77 | train loss: 0.448799 | test loss: 0.655230 | auc: 0.702780 | avg of last 10 auc: 0.696092
2025-06-20 09:53:53 INFO: Epoch:  78 | train loss: 0.446478 | test loss: 0.756329 | auc: 0.707110 | avg of last 10 auc: 0.700034
2025-06-20 09:54:06 INFO: Epoch:  79 | train loss: 0.435584 | test loss: 0.696881 | auc: 0.691153 | avg of last 10 auc: 0.700203
2025-06-20 09:54:18 INFO: Epoch:  80 | train loss: 0.436411 | test loss: 0.572138 | auc: 0.714108 | avg of last 10 auc: 0.702613
