2025-06-20 20:25:37 INFO: Start finetuning:
2025-06-20 20:25:37 INFO: Arguments: Namespace(epoch=80, batch_size=16, lr=0.0005, model_path_in_folder='pretrain/80epoch.pth', folder_path='experiments/experiment_mask_non_ROI_32px', seed=None, patience=10, repeats=3, save_every=1)
2025-06-20 20:25:37 INFO: Using device: cuda:0
2025-06-20 20:27:18 INFO: Epoch:   1 | train loss: 0.597422 | test loss: 0.591629 | auc: 0.567449 | avg of last 10 auc: nan
2025-06-20 20:27:30 INFO: Epoch:   2 | train loss: 0.573074 | test loss: 0.594826 | auc: 0.567693 | avg of last 10 auc: 0.567449
2025-06-20 20:27:43 INFO: Epoch:   3 | train loss: 0.573205 | test loss: 0.594792 | auc: 0.562767 | avg of last 10 auc: 0.567571
2025-06-20 20:27:56 INFO: Epoch:   4 | train loss: 0.556149 | test loss: 0.591347 | auc: 0.579947 | avg of last 10 auc: 0.565969
2025-06-20 20:28:11 INFO: Epoch:   5 | train loss: 0.571013 | test loss: 0.597443 | auc: 0.574405 | avg of last 10 auc: 0.569464
2025-06-20 20:28:23 INFO: Epoch:   6 | train loss: 0.567593 | test loss: 0.589931 | auc: 0.586437 | avg of last 10 auc: 0.570452
2025-06-20 20:28:36 INFO: Epoch:   7 | train loss: 0.563941 | test loss: 0.591215 | auc: 0.598184 | avg of last 10 auc: 0.573116
2025-06-20 20:28:48 INFO: Epoch:   8 | train loss: 0.566015 | test loss: 0.590126 | auc: 0.597196 | avg of last 10 auc: 0.576697
2025-06-20 20:29:01 INFO: Epoch:   9 | train loss: 0.564168 | test loss: 0.607162 | auc: 0.603892 | avg of last 10 auc: 0.579260
2025-06-20 20:29:14 INFO: Epoch:  10 | train loss: 0.553947 | test loss: 0.586176 | auc: 0.621531 | avg of last 10 auc: 0.581997
2025-06-20 20:29:28 INFO: Epoch:  11 | train loss: 0.560745 | test loss: 0.583012 | auc: 0.616712 | avg of last 10 auc: 0.585950
2025-06-20 20:29:41 INFO: Epoch:  12 | train loss: 0.553063 | test loss: 0.586391 | auc: 0.613406 | avg of last 10 auc: 0.590876
2025-06-20 20:29:54 INFO: Epoch:  13 | train loss: 0.556061 | test loss: 0.578532 | auc: 0.640013 | avg of last 10 auc: 0.595448
2025-06-20 20:30:08 INFO: Epoch:  14 | train loss: 0.548790 | test loss: 0.574066 | auc: 0.667025 | avg of last 10 auc: 0.603172
2025-06-20 20:30:20 INFO: Epoch:  15 | train loss: 0.548716 | test loss: 0.577744 | auc: 0.637323 | avg of last 10 auc: 0.611880
2025-06-20 20:30:33 INFO: Epoch:  16 | train loss: 0.556664 | test loss: 0.581819 | auc: 0.641182 | avg of last 10 auc: 0.618172
2025-06-20 20:30:46 INFO: Epoch:  17 | train loss: 0.546147 | test loss: 0.569327 | auc: 0.650684 | avg of last 10 auc: 0.623646
2025-06-20 20:30:59 INFO: Epoch:  18 | train loss: 0.541905 | test loss: 0.593598 | auc: 0.611980 | avg of last 10 auc: 0.628896
2025-06-20 20:31:13 INFO: Epoch:  19 | train loss: 0.544485 | test loss: 0.593218 | auc: 0.624934 | avg of last 10 auc: 0.630375
2025-06-20 20:31:26 INFO: Epoch:  20 | train loss: 0.530759 | test loss: 0.570074 | auc: 0.681667 | avg of last 10 auc: 0.632479
2025-06-20 20:31:39 INFO: Epoch:  21 | train loss: 0.540561 | test loss: 0.562519 | auc: 0.683881 | avg of last 10 auc: 0.638493
2025-06-20 20:31:52 INFO: Epoch:  22 | train loss: 0.534280 | test loss: 0.573218 | auc: 0.676207 | avg of last 10 auc: 0.645210
2025-06-20 20:32:04 INFO: Epoch:  23 | train loss: 0.517525 | test loss: 0.574422 | auc: 0.687911 | avg of last 10 auc: 0.651490
2025-06-20 20:32:17 INFO: Epoch:  24 | train loss: 0.521749 | test loss: 0.583275 | auc: 0.680754 | avg of last 10 auc: 0.656279
2025-06-20 20:32:30 INFO: Epoch:  25 | train loss: 0.524699 | test loss: 0.637999 | auc: 0.683559 | avg of last 10 auc: 0.657652
2025-06-20 20:32:43 INFO: Epoch:  26 | train loss: 0.506414 | test loss: 0.557653 | auc: 0.686401 | avg of last 10 auc: 0.662276
2025-06-20 20:32:57 INFO: Epoch:  27 | train loss: 0.511267 | test loss: 0.580107 | auc: 0.658137 | avg of last 10 auc: 0.666798
2025-06-20 20:33:10 INFO: Epoch:  28 | train loss: 0.500954 | test loss: 0.550169 | auc: 0.705203 | avg of last 10 auc: 0.667543
2025-06-20 20:33:23 INFO: Epoch:  29 | train loss: 0.520601 | test loss: 0.575336 | auc: 0.653946 | avg of last 10 auc: 0.676865
2025-06-20 20:33:37 INFO: Epoch:  30 | train loss: 0.500856 | test loss: 0.547675 | auc: 0.697135 | avg of last 10 auc: 0.679767
2025-06-20 20:33:50 INFO: Epoch:  31 | train loss: 0.487154 | test loss: 0.582102 | auc: 0.652556 | avg of last 10 auc: 0.681313
2025-06-20 20:34:02 INFO: Epoch:  32 | train loss: 0.503702 | test loss: 0.552117 | auc: 0.698569 | avg of last 10 auc: 0.678181
2025-06-20 20:34:15 INFO: Epoch:  33 | train loss: 0.503829 | test loss: 0.545007 | auc: 0.717466 | avg of last 10 auc: 0.680417
2025-06-20 20:34:28 INFO: Epoch:  34 | train loss: 0.491410 | test loss: 0.640152 | auc: 0.704234 | avg of last 10 auc: 0.683373
2025-06-20 20:34:42 INFO: Epoch:  35 | train loss: 0.479351 | test loss: 0.572027 | auc: 0.709673 | avg of last 10 auc: 0.685721
2025-06-20 20:34:55 INFO: Epoch:  36 | train loss: 0.472290 | test loss: 0.678078 | auc: 0.702109 | avg of last 10 auc: 0.688332
2025-06-20 20:35:08 INFO: Epoch:  37 | train loss: 0.468348 | test loss: 0.610196 | auc: 0.662760 | avg of last 10 auc: 0.689903
2025-06-20 20:35:21 INFO: Epoch:  38 | train loss: 0.474065 | test loss: 0.620498 | auc: 0.696817 | avg of last 10 auc: 0.690365
2025-06-20 20:35:35 INFO: Epoch:  39 | train loss: 0.459418 | test loss: 0.638153 | auc: 0.699626 | avg of last 10 auc: 0.689526
2025-06-20 20:35:47 INFO: Epoch:  40 | train loss: 0.441593 | test loss: 0.792051 | auc: 0.673612 | avg of last 10 auc: 0.694095
2025-06-20 20:36:00 INFO: Epoch:  41 | train loss: 0.472771 | test loss: 0.548984 | auc: 0.708666 | avg of last 10 auc: 0.691742
2025-06-20 20:36:12 INFO: Epoch:  42 | train loss: 0.453180 | test loss: 0.623894 | auc: 0.646656 | avg of last 10 auc: 0.697353
2025-06-20 20:36:26 INFO: Epoch:  43 | train loss: 0.437332 | test loss: 0.599383 | auc: 0.672326 | avg of last 10 auc: 0.692162
2025-06-20 20:36:39 INFO: Epoch:  44 | train loss: 0.422783 | test loss: 0.627716 | auc: 0.694813 | avg of last 10 auc: 0.687648
2025-06-20 20:36:52 INFO: Epoch:  45 | train loss: 0.432411 | test loss: 0.620835 | auc: 0.686387 | avg of last 10 auc: 0.686706
2025-06-20 20:37:05 INFO: Epoch:  46 | train loss: 0.433438 | test loss: 0.772130 | auc: 0.689199 | avg of last 10 auc: 0.684377
2025-06-20 20:37:18 INFO: Epoch:  47 | train loss: 0.436096 | test loss: 0.783634 | auc: 0.710411 | avg of last 10 auc: 0.683086
2025-06-20 20:37:31 INFO: Epoch:  48 | train loss: 0.438895 | test loss: 0.666860 | auc: 0.697596 | avg of last 10 auc: 0.687851
2025-06-20 20:37:45 INFO: Epoch:  49 | train loss: 0.430779 | test loss: 0.613932 | auc: 0.680497 | avg of last 10 auc: 0.687929
2025-06-20 20:37:57 INFO: Epoch:  50 | train loss: 0.436284 | test loss: 0.628157 | auc: 0.694366 | avg of last 10 auc: 0.686016
2025-06-20 20:38:09 INFO: Epoch:  51 | train loss: 0.385343 | test loss: 0.611686 | auc: 0.721058 | avg of last 10 auc: 0.688092
2025-06-20 20:38:22 INFO: Epoch:  52 | train loss: 0.409359 | test loss: 0.698684 | auc: 0.690595 | avg of last 10 auc: 0.689331
2025-06-20 20:38:36 INFO: Epoch:  53 | train loss: 0.388341 | test loss: 0.679642 | auc: 0.715149 | avg of last 10 auc: 0.693725
2025-06-20 20:38:49 INFO: Epoch:  54 | train loss: 0.397761 | test loss: 0.940838 | auc: 0.713038 | avg of last 10 auc: 0.698007
2025-06-20 20:39:02 INFO: Epoch:  55 | train loss: 0.380278 | test loss: 0.613119 | auc: 0.710570 | avg of last 10 auc: 0.699830
2025-06-20 20:39:15 INFO: Epoch:  56 | train loss: 0.399089 | test loss: 0.603973 | auc: 0.707860 | avg of last 10 auc: 0.702248
2025-06-20 20:39:29 INFO: Epoch:  57 | train loss: 0.368433 | test loss: 0.651930 | auc: 0.713356 | avg of last 10 auc: 0.704114
2025-06-20 20:39:42 INFO: Epoch:  58 | train loss: 0.373629 | test loss: 1.078907 | auc: 0.672869 | avg of last 10 auc: 0.704409
2025-06-20 20:39:55 INFO: Epoch:  59 | train loss: 0.380844 | test loss: 0.658990 | auc: 0.695769 | avg of last 10 auc: 0.701936
2025-06-20 20:40:08 INFO: Epoch:  60 | train loss: 0.362690 | test loss: 0.661763 | auc: 0.692580 | avg of last 10 auc: 0.703463
2025-06-20 20:40:21 INFO: Epoch:  61 | train loss: 0.352756 | test loss: 1.474647 | auc: 0.725744 | avg of last 10 auc: 0.703284
2025-06-20 20:40:34 INFO: Epoch:  62 | train loss: 0.354928 | test loss: 0.666743 | auc: 0.668894 | avg of last 10 auc: 0.703753
2025-06-20 20:40:47 INFO: Epoch:  63 | train loss: 0.320862 | test loss: 1.126976 | auc: 0.721319 | avg of last 10 auc: 0.701583
2025-06-20 20:41:00 INFO: Epoch:  64 | train loss: 0.328670 | test loss: 0.881471 | auc: 0.667798 | avg of last 10 auc: 0.702200
2025-06-20 20:41:13 INFO: Epoch:  65 | train loss: 0.326621 | test loss: 0.888679 | auc: 0.678579 | avg of last 10 auc: 0.697676
2025-06-20 20:41:27 INFO: Epoch:  66 | train loss: 0.315700 | test loss: 0.765088 | auc: 0.711611 | avg of last 10 auc: 0.694477
2025-06-20 20:41:40 INFO: Epoch:  67 | train loss: 0.311278 | test loss: 0.833051 | auc: 0.695599 | avg of last 10 auc: 0.694852
2025-06-20 20:41:53 INFO: Epoch:  68 | train loss: 0.349950 | test loss: 1.272052 | auc: 0.611630 | avg of last 10 auc: 0.693076
2025-06-20 20:42:06 INFO: Epoch:  69 | train loss: 0.299972 | test loss: 0.768553 | auc: 0.686859 | avg of last 10 auc: 0.686952
2025-06-20 20:42:19 INFO: Epoch:  70 | train loss: 0.311160 | test loss: 0.720913 | auc: 0.697539 | avg of last 10 auc: 0.686061
2025-06-20 20:42:32 INFO: Epoch:  71 | train loss: 0.305490 | test loss: 0.839276 | auc: 0.682066 | avg of last 10 auc: 0.686557
2025-06-20 20:42:44 INFO: Epoch:  72 | train loss: 0.261613 | test loss: 0.986630 | auc: 0.712681 | avg of last 10 auc: 0.682189
2025-06-20 20:42:58 INFO: Epoch:  73 | train loss: 0.296754 | test loss: 0.921301 | auc: 0.640010 | avg of last 10 auc: 0.686568
2025-06-20 20:43:11 INFO: Epoch:  74 | train loss: 0.287789 | test loss: 0.838029 | auc: 0.693234 | avg of last 10 auc: 0.678437
2025-06-20 20:43:24 INFO: Epoch:  75 | train loss: 0.287811 | test loss: 0.827384 | auc: 0.680488 | avg of last 10 auc: 0.680981
2025-06-20 20:43:37 INFO: Epoch:  76 | train loss: 0.282347 | test loss: 0.812624 | auc: 0.699985 | avg of last 10 auc: 0.681172
2025-06-20 20:43:51 INFO: Epoch:  77 | train loss: 0.275056 | test loss: 0.784185 | auc: 0.702226 | avg of last 10 auc: 0.680009
2025-06-20 20:44:04 INFO: Epoch:  78 | train loss: 0.238279 | test loss: 1.157364 | auc: 0.679211 | avg of last 10 auc: 0.680672
2025-06-20 20:44:18 INFO: Epoch:  79 | train loss: 0.255312 | test loss: 0.818914 | auc: 0.675342 | avg of last 10 auc: 0.687430
2025-06-20 20:44:32 INFO: Epoch:  80 | train loss: 0.264839 | test loss: 1.084142 | auc: 0.701116 | avg of last 10 auc: 0.686278
