2025-06-21 01:36:10 INFO: Start finetuning:
2025-06-21 01:36:10 INFO: Arguments: Namespace(epoch=80, batch_size=16, lr=0.0005, model_path_in_folder='pretrain/80epoch.pth', folder_path='experiments/experiment_mask_all_8px', seed=None, patience=10, repeats=2, add_to_run_num=3, save_every=1)
2025-06-21 01:36:10 INFO: Using device: cuda:0
2025-06-21 01:37:55 INFO: Epoch:   1 | train loss: 0.589343 | test loss: 0.592291 | auc: 0.560165 | avg of last 10 auc: nan
2025-06-21 01:38:08 INFO: Epoch:   2 | train loss: 0.566462 | test loss: 0.591991 | auc: 0.560224 | avg of last 10 auc: 0.560165
2025-06-21 01:38:21 INFO: Epoch:   3 | train loss: 0.565067 | test loss: 0.591299 | auc: 0.558997 | avg of last 10 auc: 0.560194
2025-06-21 01:38:33 INFO: Epoch:   4 | train loss: 0.574714 | test loss: 0.591347 | auc: 0.568044 | avg of last 10 auc: 0.559795
2025-06-21 01:38:46 INFO: Epoch:   5 | train loss: 0.565835 | test loss: 0.592893 | auc: 0.561324 | avg of last 10 auc: 0.561857
2025-06-21 01:38:59 INFO: Epoch:   6 | train loss: 0.571499 | test loss: 0.590608 | auc: 0.577696 | avg of last 10 auc: 0.561751
2025-06-21 01:39:11 INFO: Epoch:   7 | train loss: 0.564061 | test loss: 0.586509 | auc: 0.593857 | avg of last 10 auc: 0.564408
2025-06-21 01:39:23 INFO: Epoch:   8 | train loss: 0.567731 | test loss: 0.589440 | auc: 0.587573 | avg of last 10 auc: 0.568615
2025-06-21 01:39:36 INFO: Epoch:   9 | train loss: 0.566071 | test loss: 0.591214 | auc: 0.597678 | avg of last 10 auc: 0.570985
2025-06-21 01:39:50 INFO: Epoch:  10 | train loss: 0.568025 | test loss: 0.586553 | auc: 0.601467 | avg of last 10 auc: 0.573951
2025-06-21 01:40:02 INFO: Epoch:  11 | train loss: 0.570707 | test loss: 0.599709 | auc: 0.593118 | avg of last 10 auc: 0.576702
2025-06-21 01:40:14 INFO: Epoch:  12 | train loss: 0.573519 | test loss: 0.588669 | auc: 0.593995 | avg of last 10 auc: 0.579998
2025-06-21 01:40:27 INFO: Epoch:  13 | train loss: 0.558234 | test loss: 0.594314 | auc: 0.592261 | avg of last 10 auc: 0.583375
2025-06-21 01:40:39 INFO: Epoch:  14 | train loss: 0.568544 | test loss: 0.586896 | auc: 0.612690 | avg of last 10 auc: 0.586701
2025-06-21 01:40:52 INFO: Epoch:  15 | train loss: 0.563936 | test loss: 0.604499 | auc: 0.586494 | avg of last 10 auc: 0.591166
2025-06-21 01:41:04 INFO: Epoch:  16 | train loss: 0.565318 | test loss: 0.583859 | auc: 0.615068 | avg of last 10 auc: 0.593683
2025-06-21 01:41:17 INFO: Epoch:  17 | train loss: 0.568375 | test loss: 0.581895 | auc: 0.626949 | avg of last 10 auc: 0.597420
2025-06-21 01:41:30 INFO: Epoch:  18 | train loss: 0.563243 | test loss: 0.586699 | auc: 0.619980 | avg of last 10 auc: 0.600729
2025-06-21 01:41:43 INFO: Epoch:  19 | train loss: 0.555046 | test loss: 0.584776 | auc: 0.613518 | avg of last 10 auc: 0.603970
2025-06-21 01:41:55 INFO: Epoch:  20 | train loss: 0.546191 | test loss: 0.620735 | auc: 0.612081 | avg of last 10 auc: 0.605554
2025-06-21 01:42:07 INFO: Epoch:  21 | train loss: 0.567266 | test loss: 0.586532 | auc: 0.608583 | avg of last 10 auc: 0.606615
2025-06-21 01:42:20 INFO: Epoch:  22 | train loss: 0.563967 | test loss: 0.596172 | auc: 0.619328 | avg of last 10 auc: 0.608162
2025-06-21 01:42:32 INFO: Epoch:  23 | train loss: 0.557200 | test loss: 0.587146 | auc: 0.648356 | avg of last 10 auc: 0.610695
2025-06-21 01:42:47 INFO: Epoch:  24 | train loss: 0.558454 | test loss: 0.589425 | auc: 0.645253 | avg of last 10 auc: 0.616305
2025-06-21 01:43:00 INFO: Epoch:  25 | train loss: 0.558553 | test loss: 0.581394 | auc: 0.610440 | avg of last 10 auc: 0.619561
2025-06-21 01:43:13 INFO: Epoch:  26 | train loss: 0.557511 | test loss: 0.587039 | auc: 0.638428 | avg of last 10 auc: 0.621956
2025-06-21 01:43:25 INFO: Epoch:  27 | train loss: 0.563274 | test loss: 0.587950 | auc: 0.635261 | avg of last 10 auc: 0.624291
2025-06-21 01:43:37 INFO: Epoch:  28 | train loss: 0.559048 | test loss: 0.574809 | auc: 0.657332 | avg of last 10 auc: 0.625123
2025-06-21 01:43:50 INFO: Epoch:  29 | train loss: 0.553662 | test loss: 0.593020 | auc: 0.641800 | avg of last 10 auc: 0.628858
2025-06-21 01:44:02 INFO: Epoch:  30 | train loss: 0.548493 | test loss: 0.584784 | auc: 0.656995 | avg of last 10 auc: 0.631686
2025-06-21 01:44:14 INFO: Epoch:  31 | train loss: 0.548740 | test loss: 0.579044 | auc: 0.671566 | avg of last 10 auc: 0.636178
2025-06-21 01:44:26 INFO: Epoch:  32 | train loss: 0.565262 | test loss: 0.575805 | auc: 0.664209 | avg of last 10 auc: 0.642476
2025-06-21 01:44:39 INFO: Epoch:  33 | train loss: 0.555516 | test loss: 0.575653 | auc: 0.652524 | avg of last 10 auc: 0.646964
2025-06-21 01:44:51 INFO: Epoch:  34 | train loss: 0.564458 | test loss: 0.598877 | auc: 0.649031 | avg of last 10 auc: 0.647381
2025-06-21 01:45:03 INFO: Epoch:  35 | train loss: 0.557859 | test loss: 0.600025 | auc: 0.651198 | avg of last 10 auc: 0.647759
2025-06-21 01:45:15 INFO: Epoch:  36 | train loss: 0.547560 | test loss: 0.585937 | auc: 0.657097 | avg of last 10 auc: 0.651834
2025-06-21 01:45:28 INFO: Epoch:  37 | train loss: 0.556337 | test loss: 0.573350 | auc: 0.657435 | avg of last 10 auc: 0.653701
2025-06-21 01:45:40 INFO: Epoch:  38 | train loss: 0.539920 | test loss: 0.566460 | auc: 0.686999 | avg of last 10 auc: 0.655919
2025-06-21 01:45:52 INFO: Epoch:  39 | train loss: 0.542894 | test loss: 0.588655 | auc: 0.652636 | avg of last 10 auc: 0.658886
2025-06-21 01:46:04 INFO: Epoch:  40 | train loss: 0.543715 | test loss: 0.571369 | auc: 0.658036 | avg of last 10 auc: 0.659969
2025-06-21 01:46:17 INFO: Epoch:  41 | train loss: 0.537637 | test loss: 0.600776 | auc: 0.675261 | avg of last 10 auc: 0.660073
2025-06-21 01:46:29 INFO: Epoch:  42 | train loss: 0.535461 | test loss: 0.658869 | auc: 0.664064 | avg of last 10 auc: 0.660443
2025-06-21 01:46:41 INFO: Epoch:  43 | train loss: 0.538862 | test loss: 0.589051 | auc: 0.688572 | avg of last 10 auc: 0.660428
2025-06-21 01:46:54 INFO: Epoch:  44 | train loss: 0.535134 | test loss: 0.594820 | auc: 0.653672 | avg of last 10 auc: 0.664033
2025-06-21 01:47:06 INFO: Epoch:  45 | train loss: 0.530151 | test loss: 0.580658 | auc: 0.636961 | avg of last 10 auc: 0.664497
2025-06-21 01:47:18 INFO: Epoch:  46 | train loss: 0.537454 | test loss: 0.553524 | auc: 0.688615 | avg of last 10 auc: 0.663073
2025-06-21 01:47:31 INFO: Epoch:  47 | train loss: 0.516926 | test loss: 0.716028 | auc: 0.684080 | avg of last 10 auc: 0.666225
2025-06-21 01:47:43 INFO: Epoch:  48 | train loss: 0.534907 | test loss: 0.578460 | auc: 0.657411 | avg of last 10 auc: 0.668890
2025-06-21 01:47:55 INFO: Epoch:  49 | train loss: 0.541458 | test loss: 0.600651 | auc: 0.701057 | avg of last 10 auc: 0.665931
2025-06-21 01:48:08 INFO: Epoch:  50 | train loss: 0.521431 | test loss: 0.556173 | auc: 0.691782 | avg of last 10 auc: 0.670773
2025-06-21 01:48:21 INFO: Epoch:  51 | train loss: 0.522247 | test loss: 0.576505 | auc: 0.658769 | avg of last 10 auc: 0.674148
2025-06-21 01:48:34 INFO: Epoch:  52 | train loss: 0.514009 | test loss: 0.642049 | auc: 0.692210 | avg of last 10 auc: 0.672498
2025-06-21 01:48:46 INFO: Epoch:  53 | train loss: 0.526722 | test loss: 0.582496 | auc: 0.697756 | avg of last 10 auc: 0.675313
2025-06-21 01:49:00 INFO: Epoch:  54 | train loss: 0.516402 | test loss: 0.592512 | auc: 0.660132 | avg of last 10 auc: 0.676231
2025-06-21 01:49:13 INFO: Epoch:  55 | train loss: 0.517518 | test loss: 0.551810 | auc: 0.690045 | avg of last 10 auc: 0.676877
2025-06-21 01:49:26 INFO: Epoch:  56 | train loss: 0.503172 | test loss: 0.659623 | auc: 0.685604 | avg of last 10 auc: 0.682186
2025-06-21 01:49:39 INFO: Epoch:  57 | train loss: 0.506050 | test loss: 0.549923 | auc: 0.700953 | avg of last 10 auc: 0.681885
2025-06-21 01:49:51 INFO: Epoch:  58 | train loss: 0.508622 | test loss: 0.546978 | auc: 0.700230 | avg of last 10 auc: 0.683572
2025-06-21 01:50:04 INFO: Epoch:  59 | train loss: 0.513776 | test loss: 0.539141 | auc: 0.716303 | avg of last 10 auc: 0.687854
2025-06-21 01:50:16 INFO: Epoch:  60 | train loss: 0.515520 | test loss: 0.702365 | auc: 0.688493 | avg of last 10 auc: 0.689378
2025-06-21 01:50:28 INFO: Epoch:  61 | train loss: 0.518303 | test loss: 0.566420 | auc: 0.679589 | avg of last 10 auc: 0.689050
2025-06-21 01:50:41 INFO: Epoch:  62 | train loss: 0.506679 | test loss: 0.575849 | auc: 0.683057 | avg of last 10 auc: 0.691132
2025-06-21 01:50:53 INFO: Epoch:  63 | train loss: 0.472305 | test loss: 0.580399 | auc: 0.668512 | avg of last 10 auc: 0.690216
2025-06-21 01:51:06 INFO: Epoch:  64 | train loss: 0.507150 | test loss: 0.566532 | auc: 0.714430 | avg of last 10 auc: 0.687292
2025-06-21 01:51:19 INFO: Epoch:  65 | train loss: 0.482732 | test loss: 0.609608 | auc: 0.672883 | avg of last 10 auc: 0.692722
2025-06-21 01:51:32 INFO: Epoch:  66 | train loss: 0.491017 | test loss: 0.560105 | auc: 0.695217 | avg of last 10 auc: 0.691005
2025-06-21 01:51:45 INFO: Epoch:  67 | train loss: 0.484904 | test loss: 0.605443 | auc: 0.669599 | avg of last 10 auc: 0.691967
2025-06-21 01:51:58 INFO: Epoch:  68 | train loss: 0.490139 | test loss: 0.588691 | auc: 0.674284 | avg of last 10 auc: 0.688831
2025-06-21 01:52:10 INFO: Epoch:  69 | train loss: 0.482609 | test loss: 0.636079 | auc: 0.691561 | avg of last 10 auc: 0.686237
2025-06-21 01:52:23 INFO: Epoch:  70 | train loss: 0.471527 | test loss: 0.641693 | auc: 0.683769 | avg of last 10 auc: 0.683762
2025-06-21 01:52:35 INFO: Epoch:  71 | train loss: 0.476859 | test loss: 0.554416 | auc: 0.725065 | avg of last 10 auc: 0.683290
2025-06-21 01:52:48 INFO: Epoch:  72 | train loss: 0.472109 | test loss: 0.559775 | auc: 0.735834 | avg of last 10 auc: 0.687838
2025-06-21 01:53:00 INFO: Epoch:  73 | train loss: 0.469970 | test loss: 0.569214 | auc: 0.682152 | avg of last 10 auc: 0.693115
2025-06-21 01:53:12 INFO: Epoch:  74 | train loss: 0.461655 | test loss: 0.750892 | auc: 0.683669 | avg of last 10 auc: 0.694479
2025-06-21 01:53:25 INFO: Epoch:  75 | train loss: 0.452178 | test loss: 0.616188 | auc: 0.733565 | avg of last 10 auc: 0.691403
2025-06-21 01:53:39 INFO: Epoch:  76 | train loss: 0.430674 | test loss: 0.665897 | auc: 0.675204 | avg of last 10 auc: 0.697471
2025-06-21 01:53:52 INFO: Epoch:  77 | train loss: 0.423663 | test loss: 0.570812 | auc: 0.716780 | avg of last 10 auc: 0.695470
2025-06-21 01:54:05 INFO: Epoch:  78 | train loss: 0.453345 | test loss: 0.608051 | auc: 0.700634 | avg of last 10 auc: 0.700188
2025-06-21 01:54:17 INFO: Epoch:  79 | train loss: 0.432178 | test loss: 0.593450 | auc: 0.693983 | avg of last 10 auc: 0.702823
2025-06-21 01:54:30 INFO: Epoch:  80 | train loss: 0.465339 | test loss: 0.671293 | auc: 0.721176 | avg of last 10 auc: 0.703065
