2025-06-20 07:49:30 INFO: Start finetuning:
2025-06-20 07:49:30 INFO: Arguments: Namespace(epoch=80, batch_size=16, lr=0.0005, model_path_in_folder='pretrain/80epoch.pth', folder_path='experiments/experiment_no_mask_16px', seed=None, patience=10, repeats=3, save_every=1)
2025-06-20 07:49:30 INFO: Using device: cuda:0
2025-06-20 07:51:01 INFO: Epoch:   1 | train loss: 0.593886 | test loss: 0.593596 | auc: 0.563086 | avg of last 10 auc: nan
2025-06-20 07:51:14 INFO: Epoch:   2 | train loss: 0.565305 | test loss: 0.593344 | auc: 0.564307 | avg of last 10 auc: 0.563086
2025-06-20 07:51:26 INFO: Epoch:   3 | train loss: 0.575716 | test loss: 0.594596 | auc: 0.575376 | avg of last 10 auc: 0.563697
2025-06-20 07:51:38 INFO: Epoch:   4 | train loss: 0.571662 | test loss: 0.592299 | auc: 0.558757 | avg of last 10 auc: 0.567590
2025-06-20 07:51:50 INFO: Epoch:   5 | train loss: 0.561689 | test loss: 0.592862 | auc: 0.565627 | avg of last 10 auc: 0.565382
2025-06-20 07:52:02 INFO: Epoch:   6 | train loss: 0.565998 | test loss: 0.591320 | auc: 0.569214 | avg of last 10 auc: 0.565431
2025-06-20 07:52:14 INFO: Epoch:   7 | train loss: 0.568742 | test loss: 0.594280 | auc: 0.557311 | avg of last 10 auc: 0.566061
2025-06-20 07:52:26 INFO: Epoch:   8 | train loss: 0.565972 | test loss: 0.599318 | auc: 0.537443 | avg of last 10 auc: 0.564811
2025-06-20 07:52:38 INFO: Epoch:   9 | train loss: 0.555750 | test loss: 0.592211 | auc: 0.562207 | avg of last 10 auc: 0.561390
2025-06-20 07:52:51 INFO: Epoch:  10 | train loss: 0.558737 | test loss: 0.594209 | auc: 0.556155 | avg of last 10 auc: 0.561481
2025-06-20 07:53:03 INFO: Epoch:  11 | train loss: 0.576412 | test loss: 0.594247 | auc: 0.559584 | avg of last 10 auc: 0.560948
2025-06-20 07:53:15 INFO: Epoch:  12 | train loss: 0.566702 | test loss: 0.591654 | auc: 0.568021 | avg of last 10 auc: 0.560598
2025-06-20 07:53:28 INFO: Epoch:  13 | train loss: 0.556578 | test loss: 0.636148 | auc: 0.547396 | avg of last 10 auc: 0.560970
2025-06-20 07:53:40 INFO: Epoch:  14 | train loss: 0.556917 | test loss: 0.603048 | auc: 0.568783 | avg of last 10 auc: 0.558172
2025-06-20 07:53:52 INFO: Epoch:  15 | train loss: 0.560298 | test loss: 0.625569 | auc: 0.549399 | avg of last 10 auc: 0.559174
2025-06-20 07:54:05 INFO: Epoch:  16 | train loss: 0.568299 | test loss: 0.721401 | auc: 0.539833 | avg of last 10 auc: 0.557551
2025-06-20 07:54:17 INFO: Epoch:  17 | train loss: 0.568305 | test loss: 0.590930 | auc: 0.591088 | avg of last 10 auc: 0.554613
2025-06-20 07:54:30 INFO: Epoch:  18 | train loss: 0.555003 | test loss: 0.599129 | auc: 0.589730 | avg of last 10 auc: 0.557991
2025-06-20 07:54:42 INFO: Epoch:  19 | train loss: 0.577676 | test loss: 0.590124 | auc: 0.590766 | avg of last 10 auc: 0.563220
2025-06-20 07:54:54 INFO: Epoch:  20 | train loss: 0.559930 | test loss: 0.587327 | auc: 0.595420 | avg of last 10 auc: 0.566076
2025-06-20 07:55:07 INFO: Epoch:  21 | train loss: 0.553718 | test loss: 0.586517 | auc: 0.599985 | avg of last 10 auc: 0.570002
2025-06-20 07:55:19 INFO: Epoch:  22 | train loss: 0.568026 | test loss: 0.589448 | auc: 0.605431 | avg of last 10 auc: 0.574042
2025-06-20 07:55:31 INFO: Epoch:  23 | train loss: 0.566597 | test loss: 0.588162 | auc: 0.603226 | avg of last 10 auc: 0.577783
2025-06-20 07:55:43 INFO: Epoch:  24 | train loss: 0.576214 | test loss: 0.589367 | auc: 0.610508 | avg of last 10 auc: 0.583366
2025-06-20 07:55:56 INFO: Epoch:  25 | train loss: 0.562094 | test loss: 0.604253 | auc: 0.615269 | avg of last 10 auc: 0.587539
2025-06-20 07:56:08 INFO: Epoch:  26 | train loss: 0.561617 | test loss: 0.587221 | auc: 0.626085 | avg of last 10 auc: 0.594125
2025-06-20 07:56:20 INFO: Epoch:  27 | train loss: 0.550331 | test loss: 0.583411 | auc: 0.628965 | avg of last 10 auc: 0.602751
2025-06-20 07:56:33 INFO: Epoch:  28 | train loss: 0.557503 | test loss: 0.602378 | auc: 0.618392 | avg of last 10 auc: 0.606538
2025-06-20 07:56:45 INFO: Epoch:  29 | train loss: 0.553576 | test loss: 0.585662 | auc: 0.623919 | avg of last 10 auc: 0.609405
2025-06-20 07:56:58 INFO: Epoch:  30 | train loss: 0.552168 | test loss: 0.585141 | auc: 0.615978 | avg of last 10 auc: 0.612720
2025-06-20 07:57:10 INFO: Epoch:  31 | train loss: 0.554805 | test loss: 0.588940 | auc: 0.612506 | avg of last 10 auc: 0.614776
2025-06-20 07:57:23 INFO: Epoch:  32 | train loss: 0.551078 | test loss: 0.583046 | auc: 0.635753 | avg of last 10 auc: 0.616028
2025-06-20 07:57:35 INFO: Epoch:  33 | train loss: 0.554372 | test loss: 0.612560 | auc: 0.621464 | avg of last 10 auc: 0.619060
2025-06-20 07:57:47 INFO: Epoch:  34 | train loss: 0.548586 | test loss: 0.602105 | auc: 0.624774 | avg of last 10 auc: 0.620884
2025-06-20 07:57:59 INFO: Epoch:  35 | train loss: 0.562512 | test loss: 0.584585 | auc: 0.623551 | avg of last 10 auc: 0.622310
2025-06-20 07:58:12 INFO: Epoch:  36 | train loss: 0.556564 | test loss: 0.584396 | auc: 0.629490 | avg of last 10 auc: 0.623139
2025-06-20 07:58:24 INFO: Epoch:  37 | train loss: 0.562304 | test loss: 0.588129 | auc: 0.622177 | avg of last 10 auc: 0.623479
2025-06-20 07:58:36 INFO: Epoch:  38 | train loss: 0.550849 | test loss: 0.599476 | auc: 0.637439 | avg of last 10 auc: 0.622800
2025-06-20 07:58:48 INFO: Epoch:  39 | train loss: 0.551851 | test loss: 0.606306 | auc: 0.636107 | avg of last 10 auc: 0.624705
2025-06-20 07:59:00 INFO: Epoch:  40 | train loss: 0.557513 | test loss: 0.606406 | auc: 0.634190 | avg of last 10 auc: 0.625924
2025-06-20 07:59:13 INFO: Epoch:  41 | train loss: 0.552198 | test loss: 0.586990 | auc: 0.648003 | avg of last 10 auc: 0.627745
2025-06-20 07:59:25 INFO: Epoch:  42 | train loss: 0.558001 | test loss: 0.598972 | auc: 0.634578 | avg of last 10 auc: 0.631295
2025-06-20 07:59:37 INFO: Epoch:  43 | train loss: 0.553837 | test loss: 0.598596 | auc: 0.635429 | avg of last 10 auc: 0.631177
2025-06-20 07:59:50 INFO: Epoch:  44 | train loss: 0.540096 | test loss: 0.606786 | auc: 0.638483 | avg of last 10 auc: 0.632574
2025-06-20 08:00:02 INFO: Epoch:  45 | train loss: 0.545215 | test loss: 0.584338 | auc: 0.638395 | avg of last 10 auc: 0.633945
2025-06-20 08:00:14 INFO: Epoch:  46 | train loss: 0.549919 | test loss: 0.578886 | auc: 0.645188 | avg of last 10 auc: 0.635429
2025-06-20 08:00:27 INFO: Epoch:  47 | train loss: 0.545426 | test loss: 0.591250 | auc: 0.640406 | avg of last 10 auc: 0.636999
2025-06-20 08:00:39 INFO: Epoch:  48 | train loss: 0.550943 | test loss: 0.598314 | auc: 0.626300 | avg of last 10 auc: 0.638822
2025-06-20 08:00:52 INFO: Epoch:  49 | train loss: 0.551741 | test loss: 0.575148 | auc: 0.666882 | avg of last 10 auc: 0.637708
2025-06-20 08:01:04 INFO: Epoch:  50 | train loss: 0.556534 | test loss: 0.572209 | auc: 0.670444 | avg of last 10 auc: 0.640785
2025-06-20 08:01:16 INFO: Epoch:  51 | train loss: 0.560523 | test loss: 0.577076 | auc: 0.667626 | avg of last 10 auc: 0.644411
2025-06-20 08:01:28 INFO: Epoch:  52 | train loss: 0.548108 | test loss: 0.578707 | auc: 0.636419 | avg of last 10 auc: 0.646373
2025-06-20 08:01:40 INFO: Epoch:  53 | train loss: 0.546921 | test loss: 0.590125 | auc: 0.656361 | avg of last 10 auc: 0.646557
2025-06-20 08:01:53 INFO: Epoch:  54 | train loss: 0.538329 | test loss: 0.596431 | auc: 0.631481 | avg of last 10 auc: 0.648650
2025-06-20 08:02:05 INFO: Epoch:  55 | train loss: 0.547783 | test loss: 0.584890 | auc: 0.648807 | avg of last 10 auc: 0.647950
2025-06-20 08:02:17 INFO: Epoch:  56 | train loss: 0.544152 | test loss: 0.579590 | auc: 0.649463 | avg of last 10 auc: 0.648991
2025-06-20 08:02:30 INFO: Epoch:  57 | train loss: 0.541156 | test loss: 0.587724 | auc: 0.664193 | avg of last 10 auc: 0.649419
2025-06-20 08:02:42 INFO: Epoch:  58 | train loss: 0.550010 | test loss: 0.573029 | auc: 0.641430 | avg of last 10 auc: 0.651798
2025-06-20 08:02:55 INFO: Epoch:  59 | train loss: 0.543843 | test loss: 0.618109 | auc: 0.642484 | avg of last 10 auc: 0.653311
2025-06-20 08:03:07 INFO: Epoch:  60 | train loss: 0.537031 | test loss: 0.582953 | auc: 0.640184 | avg of last 10 auc: 0.650871
2025-06-20 08:03:19 INFO: Epoch:  61 | train loss: 0.531528 | test loss: 0.592878 | auc: 0.667101 | avg of last 10 auc: 0.647845
2025-06-20 08:03:32 INFO: Epoch:  62 | train loss: 0.528940 | test loss: 0.606083 | auc: 0.647502 | avg of last 10 auc: 0.647792
2025-06-20 08:03:44 INFO: Epoch:  63 | train loss: 0.527351 | test loss: 0.600423 | auc: 0.665498 | avg of last 10 auc: 0.648901
2025-06-20 08:03:56 INFO: Epoch:  64 | train loss: 0.551640 | test loss: 0.570485 | auc: 0.663465 | avg of last 10 auc: 0.649814
2025-06-20 08:04:09 INFO: Epoch:  65 | train loss: 0.521454 | test loss: 0.636154 | auc: 0.641027 | avg of last 10 auc: 0.653013
2025-06-20 08:04:21 INFO: Epoch:  66 | train loss: 0.517899 | test loss: 0.623824 | auc: 0.629236 | avg of last 10 auc: 0.652235
2025-06-20 08:04:33 INFO: Epoch:  67 | train loss: 0.513389 | test loss: 0.579235 | auc: 0.653440 | avg of last 10 auc: 0.650212
2025-06-20 08:04:45 INFO: Epoch:  68 | train loss: 0.532083 | test loss: 0.620607 | auc: 0.648192 | avg of last 10 auc: 0.649137
2025-06-20 08:04:58 INFO: Epoch:  69 | train loss: 0.539570 | test loss: 0.566541 | auc: 0.662486 | avg of last 10 auc: 0.649813
2025-06-20 08:05:10 INFO: Epoch:  70 | train loss: 0.530567 | test loss: 0.579642 | auc: 0.671638 | avg of last 10 auc: 0.651813
2025-06-20 08:05:22 INFO: Epoch:  71 | train loss: 0.521556 | test loss: 0.565910 | auc: 0.669762 | avg of last 10 auc: 0.654959
2025-06-20 08:05:35 INFO: Epoch:  72 | train loss: 0.520907 | test loss: 0.560260 | auc: 0.689692 | avg of last 10 auc: 0.655225
2025-06-20 08:05:47 INFO: Epoch:  73 | train loss: 0.533421 | test loss: 0.598678 | auc: 0.656380 | avg of last 10 auc: 0.659444
2025-06-20 08:05:59 INFO: Epoch:  74 | train loss: 0.519266 | test loss: 0.569144 | auc: 0.683824 | avg of last 10 auc: 0.658532
2025-06-20 08:06:11 INFO: Epoch:  75 | train loss: 0.515488 | test loss: 0.580964 | auc: 0.651733 | avg of last 10 auc: 0.660568
2025-06-20 08:06:24 INFO: Epoch:  76 | train loss: 0.518170 | test loss: 0.574354 | auc: 0.683360 | avg of last 10 auc: 0.661638
2025-06-20 08:06:36 INFO: Epoch:  77 | train loss: 0.516697 | test loss: 0.581862 | auc: 0.693937 | avg of last 10 auc: 0.667051
2025-06-20 08:06:48 INFO: Epoch:  78 | train loss: 0.512409 | test loss: 0.606030 | auc: 0.664695 | avg of last 10 auc: 0.671100
2025-06-20 08:07:01 INFO: Epoch:  79 | train loss: 0.508108 | test loss: 0.607014 | auc: 0.667238 | avg of last 10 auc: 0.672751
2025-06-20 08:07:13 INFO: Epoch:  80 | train loss: 0.506574 | test loss: 0.587388 | auc: 0.687509 | avg of last 10 auc: 0.673226
