2025-06-20 08:42:57 INFO: Start finetuning:
2025-06-20 08:42:57 INFO: Arguments: Namespace(epoch=80, batch_size=16, lr=0.0005, model_path_in_folder='pretrain/80epoch.pth', folder_path='experiments/experiment_mask_all_8px', seed=None, patience=10, repeats=3, save_every=1)
2025-06-20 08:42:57 INFO: Using device: cuda:0
2025-06-20 08:44:28 INFO: Epoch:   1 | train loss: 0.589871 | test loss: 0.591405 | auc: 0.577893 | avg of last 10 auc: nan
2025-06-20 08:44:41 INFO: Epoch:   2 | train loss: 0.569269 | test loss: 0.591252 | auc: 0.563065 | avg of last 10 auc: 0.577893
2025-06-20 08:44:53 INFO: Epoch:   3 | train loss: 0.563615 | test loss: 0.591783 | auc: 0.567611 | avg of last 10 auc: 0.570479
2025-06-20 08:45:05 INFO: Epoch:   4 | train loss: 0.573586 | test loss: 0.590105 | auc: 0.571295 | avg of last 10 auc: 0.569523
2025-06-20 08:45:17 INFO: Epoch:   5 | train loss: 0.558623 | test loss: 0.586158 | auc: 0.600395 | avg of last 10 auc: 0.569966
2025-06-20 08:45:30 INFO: Epoch:   6 | train loss: 0.568996 | test loss: 0.587049 | auc: 0.595155 | avg of last 10 auc: 0.576052
2025-06-20 08:45:42 INFO: Epoch:   7 | train loss: 0.562568 | test loss: 0.587004 | auc: 0.603527 | avg of last 10 auc: 0.579236
2025-06-20 08:45:54 INFO: Epoch:   8 | train loss: 0.560693 | test loss: 0.586613 | auc: 0.614497 | avg of last 10 auc: 0.582706
2025-06-20 08:46:06 INFO: Epoch:   9 | train loss: 0.554865 | test loss: 0.587696 | auc: 0.607925 | avg of last 10 auc: 0.586680
2025-06-20 08:46:19 INFO: Epoch:  10 | train loss: 0.556584 | test loss: 0.584297 | auc: 0.611497 | avg of last 10 auc: 0.589040
2025-06-20 08:46:31 INFO: Epoch:  11 | train loss: 0.572005 | test loss: 0.584036 | auc: 0.621653 | avg of last 10 auc: 0.591286
2025-06-20 08:46:43 INFO: Epoch:  12 | train loss: 0.561402 | test loss: 0.583254 | auc: 0.616965 | avg of last 10 auc: 0.595662
2025-06-20 08:46:55 INFO: Epoch:  13 | train loss: 0.557262 | test loss: 0.598344 | auc: 0.608725 | avg of last 10 auc: 0.601052
2025-06-20 08:47:08 INFO: Epoch:  14 | train loss: 0.550591 | test loss: 0.600150 | auc: 0.597474 | avg of last 10 auc: 0.605164
2025-06-20 08:47:20 INFO: Epoch:  15 | train loss: 0.553594 | test loss: 0.583757 | auc: 0.624380 | avg of last 10 auc: 0.607781
2025-06-20 08:47:33 INFO: Epoch:  16 | train loss: 0.561330 | test loss: 0.580426 | auc: 0.631236 | avg of last 10 auc: 0.610180
2025-06-20 08:47:45 INFO: Epoch:  17 | train loss: 0.564656 | test loss: 0.591837 | auc: 0.598489 | avg of last 10 auc: 0.613788
2025-06-20 08:47:58 INFO: Epoch:  18 | train loss: 0.544392 | test loss: 0.590631 | auc: 0.620321 | avg of last 10 auc: 0.613284
2025-06-20 08:48:10 INFO: Epoch:  19 | train loss: 0.571332 | test loss: 0.589691 | auc: 0.619751 | avg of last 10 auc: 0.613866
2025-06-20 08:48:22 INFO: Epoch:  20 | train loss: 0.552042 | test loss: 0.590386 | auc: 0.618984 | avg of last 10 auc: 0.615049
2025-06-20 08:48:35 INFO: Epoch:  21 | train loss: 0.546182 | test loss: 0.576069 | auc: 0.656274 | avg of last 10 auc: 0.615798
2025-06-20 08:48:47 INFO: Epoch:  22 | train loss: 0.554566 | test loss: 0.583391 | auc: 0.637939 | avg of last 10 auc: 0.619260
2025-06-20 08:48:59 INFO: Epoch:  23 | train loss: 0.550201 | test loss: 0.582258 | auc: 0.646931 | avg of last 10 auc: 0.621357
2025-06-20 08:49:11 INFO: Epoch:  24 | train loss: 0.568233 | test loss: 0.574759 | auc: 0.667928 | avg of last 10 auc: 0.625178
2025-06-20 08:49:24 INFO: Epoch:  25 | train loss: 0.556124 | test loss: 0.596506 | auc: 0.628808 | avg of last 10 auc: 0.632223
2025-06-20 08:49:36 INFO: Epoch:  26 | train loss: 0.559476 | test loss: 0.579907 | auc: 0.661458 | avg of last 10 auc: 0.632666
2025-06-20 08:49:48 INFO: Epoch:  27 | train loss: 0.541387 | test loss: 0.566597 | auc: 0.666928 | avg of last 10 auc: 0.635688
2025-06-20 08:50:01 INFO: Epoch:  28 | train loss: 0.546598 | test loss: 0.612865 | auc: 0.658939 | avg of last 10 auc: 0.642532
2025-06-20 08:50:13 INFO: Epoch:  29 | train loss: 0.544154 | test loss: 0.582980 | auc: 0.617985 | avg of last 10 auc: 0.646394
2025-06-20 08:50:25 INFO: Epoch:  30 | train loss: 0.539160 | test loss: 0.598575 | auc: 0.635164 | avg of last 10 auc: 0.646217
2025-06-20 08:50:37 INFO: Epoch:  31 | train loss: 0.532669 | test loss: 0.579356 | auc: 0.658722 | avg of last 10 auc: 0.647835
2025-06-20 08:50:50 INFO: Epoch:  32 | train loss: 0.529909 | test loss: 0.563296 | auc: 0.671107 | avg of last 10 auc: 0.648080
2025-06-20 08:51:02 INFO: Epoch:  33 | train loss: 0.537812 | test loss: 0.570755 | auc: 0.687642 | avg of last 10 auc: 0.651397
2025-06-20 08:51:15 INFO: Epoch:  34 | train loss: 0.530149 | test loss: 0.593917 | auc: 0.632166 | avg of last 10 auc: 0.655468
2025-06-20 08:51:27 INFO: Epoch:  35 | train loss: 0.543929 | test loss: 0.563547 | auc: 0.665259 | avg of last 10 auc: 0.651892
2025-06-20 08:51:39 INFO: Epoch:  36 | train loss: 0.536544 | test loss: 0.616838 | auc: 0.651621 | avg of last 10 auc: 0.655537
2025-06-20 08:51:51 INFO: Epoch:  37 | train loss: 0.551776 | test loss: 0.573945 | auc: 0.649544 | avg of last 10 auc: 0.654553
2025-06-20 08:52:04 INFO: Epoch:  38 | train loss: 0.530590 | test loss: 0.578157 | auc: 0.642288 | avg of last 10 auc: 0.652815
2025-06-20 08:52:16 INFO: Epoch:  39 | train loss: 0.519257 | test loss: 0.575171 | auc: 0.665386 | avg of last 10 auc: 0.651150
2025-06-20 08:52:29 INFO: Epoch:  40 | train loss: 0.517072 | test loss: 0.661412 | auc: 0.647643 | avg of last 10 auc: 0.655890
2025-06-20 08:52:41 INFO: Epoch:  41 | train loss: 0.518169 | test loss: 0.585847 | auc: 0.634619 | avg of last 10 auc: 0.657138
2025-06-20 08:52:53 INFO: Epoch:  42 | train loss: 0.521535 | test loss: 0.579430 | auc: 0.646125 | avg of last 10 auc: 0.654727
2025-06-20 08:53:06 INFO: Epoch:  43 | train loss: 0.527014 | test loss: 0.671066 | auc: 0.657076 | avg of last 10 auc: 0.652229
2025-06-20 08:53:18 INFO: Epoch:  44 | train loss: 0.510662 | test loss: 0.561122 | auc: 0.676259 | avg of last 10 auc: 0.649173
2025-06-20 08:53:30 INFO: Epoch:  45 | train loss: 0.506213 | test loss: 0.581305 | auc: 0.661657 | avg of last 10 auc: 0.653582
2025-06-20 08:53:43 INFO: Epoch:  46 | train loss: 0.508860 | test loss: 0.569631 | auc: 0.665586 | avg of last 10 auc: 0.653222
2025-06-20 08:53:55 INFO: Epoch:  47 | train loss: 0.507021 | test loss: 0.565981 | auc: 0.669184 | avg of last 10 auc: 0.654618
2025-06-20 08:54:07 INFO: Epoch:  48 | train loss: 0.508288 | test loss: 0.553224 | auc: 0.692012 | avg of last 10 auc: 0.656582
2025-06-20 08:54:19 INFO: Epoch:  49 | train loss: 0.516669 | test loss: 0.548869 | auc: 0.703043 | avg of last 10 auc: 0.661555
2025-06-20 08:54:32 INFO: Epoch:  50 | train loss: 0.513675 | test loss: 0.568389 | auc: 0.679295 | avg of last 10 auc: 0.665320
2025-06-20 08:54:44 INFO: Epoch:  51 | train loss: 0.522898 | test loss: 0.594083 | auc: 0.677526 | avg of last 10 auc: 0.668486
2025-06-20 08:54:56 INFO: Epoch:  52 | train loss: 0.503020 | test loss: 0.603494 | auc: 0.666212 | avg of last 10 auc: 0.672776
2025-06-20 08:55:08 INFO: Epoch:  53 | train loss: 0.512830 | test loss: 0.619035 | auc: 0.709674 | avg of last 10 auc: 0.674785
2025-06-20 08:55:21 INFO: Epoch:  54 | train loss: 0.493408 | test loss: 0.621578 | auc: 0.670826 | avg of last 10 auc: 0.680045
2025-06-20 08:55:33 INFO: Epoch:  55 | train loss: 0.490452 | test loss: 0.574120 | auc: 0.663618 | avg of last 10 auc: 0.679502
2025-06-20 08:55:45 INFO: Epoch:  56 | train loss: 0.493226 | test loss: 0.566127 | auc: 0.691307 | avg of last 10 auc: 0.679698
2025-06-20 08:55:57 INFO: Epoch:  57 | train loss: 0.496478 | test loss: 0.555584 | auc: 0.712971 | avg of last 10 auc: 0.682270
2025-06-20 08:56:09 INFO: Epoch:  58 | train loss: 0.481757 | test loss: 0.579187 | auc: 0.712944 | avg of last 10 auc: 0.686648
2025-06-20 08:56:23 INFO: Epoch:  59 | train loss: 0.487837 | test loss: 0.609072 | auc: 0.649715 | avg of last 10 auc: 0.688742
2025-06-20 08:56:35 INFO: Epoch:  60 | train loss: 0.466026 | test loss: 0.730223 | auc: 0.674945 | avg of last 10 auc: 0.683409
2025-06-20 08:56:48 INFO: Epoch:  61 | train loss: 0.465758 | test loss: 0.566426 | auc: 0.704768 | avg of last 10 auc: 0.682974
2025-06-20 08:57:00 INFO: Epoch:  62 | train loss: 0.465448 | test loss: 0.713376 | auc: 0.683267 | avg of last 10 auc: 0.685698
2025-06-20 08:57:12 INFO: Epoch:  63 | train loss: 0.467089 | test loss: 0.591519 | auc: 0.716189 | avg of last 10 auc: 0.687403
2025-06-20 08:57:24 INFO: Epoch:  64 | train loss: 0.484199 | test loss: 0.584835 | auc: 0.658764 | avg of last 10 auc: 0.688055
2025-06-20 08:57:37 INFO: Epoch:  65 | train loss: 0.463441 | test loss: 0.602465 | auc: 0.690349 | avg of last 10 auc: 0.686849
2025-06-20 08:57:49 INFO: Epoch:  66 | train loss: 0.441827 | test loss: 0.595521 | auc: 0.699065 | avg of last 10 auc: 0.689522
2025-06-20 08:58:01 INFO: Epoch:  67 | train loss: 0.437184 | test loss: 0.733109 | auc: 0.686728 | avg of last 10 auc: 0.690298
2025-06-20 08:58:14 INFO: Epoch:  68 | train loss: 0.451674 | test loss: 0.591201 | auc: 0.715287 | avg of last 10 auc: 0.687673
2025-06-20 08:58:26 INFO: Epoch:  69 | train loss: 0.459548 | test loss: 0.588711 | auc: 0.683988 | avg of last 10 auc: 0.687908
2025-06-20 08:58:38 INFO: Epoch:  70 | train loss: 0.447840 | test loss: 0.647845 | auc: 0.713675 | avg of last 10 auc: 0.691335
2025-06-20 08:58:51 INFO: Epoch:  71 | train loss: 0.434475 | test loss: 0.628507 | auc: 0.702489 | avg of last 10 auc: 0.695208
2025-06-20 08:59:03 INFO: Epoch:  72 | train loss: 0.443136 | test loss: 0.588691 | auc: 0.734596 | avg of last 10 auc: 0.694980
2025-06-20 08:59:15 INFO: Epoch:  73 | train loss: 0.432879 | test loss: 0.564662 | auc: 0.721132 | avg of last 10 auc: 0.700113
2025-06-20 08:59:28 INFO: Epoch:  74 | train loss: 0.427468 | test loss: 0.622213 | auc: 0.717407 | avg of last 10 auc: 0.700607
2025-06-20 08:59:40 INFO: Epoch:  75 | train loss: 0.424246 | test loss: 0.583210 | auc: 0.711962 | avg of last 10 auc: 0.706472
2025-06-20 08:59:52 INFO: Epoch:  76 | train loss: 0.413718 | test loss: 0.583683 | auc: 0.716411 | avg of last 10 auc: 0.708633
2025-06-20 09:00:05 INFO: Epoch:  77 | train loss: 0.410643 | test loss: 0.721614 | auc: 0.679174 | avg of last 10 auc: 0.710368
2025-06-20 09:00:17 INFO: Epoch:  78 | train loss: 0.425282 | test loss: 0.827410 | auc: 0.718461 | avg of last 10 auc: 0.709612
2025-06-20 09:00:31 INFO: Epoch:  79 | train loss: 0.391221 | test loss: 0.791582 | auc: 0.714734 | avg of last 10 auc: 0.709930
2025-06-20 09:00:44 INFO: Epoch:  80 | train loss: 0.396346 | test loss: 0.636267 | auc: 0.726700 | avg of last 10 auc: 0.713004
