2025-06-21 03:32:52 INFO: Start finetuning:
2025-06-21 03:32:52 INFO: Arguments: Namespace(epoch=80, batch_size=16, lr=0.0005, model_path_in_folder='pretrain/80epoch.pth', folder_path='experiments/experiment_mask_all_32px', seed=None, patience=10, repeats=2, add_to_run_num=3, save_every=1)
2025-06-21 03:32:52 INFO: Using device: cuda:0
2025-06-21 03:34:38 INFO: Epoch:   1 | train loss: 0.581228 | test loss: 0.602876 | auc: 0.527740 | avg of last 10 auc: nan
2025-06-21 03:34:55 INFO: Epoch:   2 | train loss: 0.560951 | test loss: 0.597158 | auc: 0.527747 | avg of last 10 auc: 0.527740
2025-06-21 03:35:08 INFO: Epoch:   3 | train loss: 0.564751 | test loss: 0.599137 | auc: 0.527202 | avg of last 10 auc: 0.527744
2025-06-21 03:35:21 INFO: Epoch:   4 | train loss: 0.563918 | test loss: 0.780030 | auc: 0.471232 | avg of last 10 auc: 0.527563
2025-06-21 03:35:33 INFO: Epoch:   5 | train loss: 0.558623 | test loss: 0.667736 | auc: 0.498739 | avg of last 10 auc: 0.513480
2025-06-21 03:35:45 INFO: Epoch:   6 | train loss: 0.572125 | test loss: 0.627112 | auc: 0.518571 | avg of last 10 auc: 0.510532
2025-06-21 03:35:57 INFO: Epoch:   7 | train loss: 0.562189 | test loss: 0.590467 | auc: 0.573627 | avg of last 10 auc: 0.511872
2025-06-21 03:36:10 INFO: Epoch:   8 | train loss: 0.561309 | test loss: 0.591431 | auc: 0.564369 | avg of last 10 auc: 0.520694
2025-06-21 03:36:22 INFO: Epoch:   9 | train loss: 0.567898 | test loss: 0.595208 | auc: 0.545870 | avg of last 10 auc: 0.526153
2025-06-21 03:36:34 INFO: Epoch:  10 | train loss: 0.563958 | test loss: 0.608055 | auc: 0.519630 | avg of last 10 auc: 0.528344
2025-06-21 03:36:48 INFO: Epoch:  11 | train loss: 0.562735 | test loss: 0.624103 | auc: 0.556670 | avg of last 10 auc: 0.527473
2025-06-21 03:37:00 INFO: Epoch:  12 | train loss: 0.571767 | test loss: 0.593405 | auc: 0.582722 | avg of last 10 auc: 0.530366
2025-06-21 03:37:13 INFO: Epoch:  13 | train loss: 0.548776 | test loss: 0.613282 | auc: 0.569049 | avg of last 10 auc: 0.535863
2025-06-21 03:37:25 INFO: Epoch:  14 | train loss: 0.558554 | test loss: 0.615681 | auc: 0.530896 | avg of last 10 auc: 0.540048
2025-06-21 03:37:38 INFO: Epoch:  15 | train loss: 0.554044 | test loss: 0.584819 | auc: 0.627723 | avg of last 10 auc: 0.546014
2025-06-21 03:37:50 INFO: Epoch:  16 | train loss: 0.558685 | test loss: 0.574651 | auc: 0.643978 | avg of last 10 auc: 0.558913
2025-06-21 03:38:02 INFO: Epoch:  17 | train loss: 0.550177 | test loss: 0.575518 | auc: 0.654030 | avg of last 10 auc: 0.571454
2025-06-21 03:38:15 INFO: Epoch:  18 | train loss: 0.551253 | test loss: 0.577700 | auc: 0.641402 | avg of last 10 auc: 0.579494
2025-06-21 03:38:28 INFO: Epoch:  19 | train loss: 0.540047 | test loss: 0.643521 | auc: 0.555600 | avg of last 10 auc: 0.587197
2025-06-21 03:38:40 INFO: Epoch:  20 | train loss: 0.525841 | test loss: 0.600861 | auc: 0.638365 | avg of last 10 auc: 0.588170
2025-06-21 03:38:53 INFO: Epoch:  21 | train loss: 0.552505 | test loss: 0.583155 | auc: 0.628695 | avg of last 10 auc: 0.600044
2025-06-21 03:39:07 INFO: Epoch:  22 | train loss: 0.555553 | test loss: 0.583760 | auc: 0.661874 | avg of last 10 auc: 0.607246
2025-06-21 03:39:21 INFO: Epoch:  23 | train loss: 0.544287 | test loss: 0.575105 | auc: 0.665281 | avg of last 10 auc: 0.615161
2025-06-21 03:39:35 INFO: Epoch:  24 | train loss: 0.541049 | test loss: 0.567253 | auc: 0.664516 | avg of last 10 auc: 0.624785
2025-06-21 03:39:48 INFO: Epoch:  25 | train loss: 0.538117 | test loss: 0.591469 | auc: 0.623588 | avg of last 10 auc: 0.638146
2025-06-21 03:40:02 INFO: Epoch:  26 | train loss: 0.531875 | test loss: 0.601966 | auc: 0.609143 | avg of last 10 auc: 0.637733
2025-06-21 03:40:16 INFO: Epoch:  27 | train loss: 0.538399 | test loss: 0.583529 | auc: 0.649938 | avg of last 10 auc: 0.634249
2025-06-21 03:40:30 INFO: Epoch:  28 | train loss: 0.531025 | test loss: 0.583545 | auc: 0.643646 | avg of last 10 auc: 0.633840
2025-06-21 03:40:43 INFO: Epoch:  29 | train loss: 0.529413 | test loss: 0.600799 | auc: 0.620813 | avg of last 10 auc: 0.634065
2025-06-21 03:40:56 INFO: Epoch:  30 | train loss: 0.523435 | test loss: 0.569712 | auc: 0.682293 | avg of last 10 auc: 0.640586
2025-06-21 03:41:09 INFO: Epoch:  31 | train loss: 0.513346 | test loss: 0.579474 | auc: 0.705968 | avg of last 10 auc: 0.644979
2025-06-21 03:41:24 INFO: Epoch:  32 | train loss: 0.529505 | test loss: 0.629687 | auc: 0.635705 | avg of last 10 auc: 0.652706
2025-06-21 03:41:38 INFO: Epoch:  33 | train loss: 0.526878 | test loss: 0.554432 | auc: 0.684586 | avg of last 10 auc: 0.650089
2025-06-21 03:41:51 INFO: Epoch:  34 | train loss: 0.525144 | test loss: 0.563971 | auc: 0.669707 | avg of last 10 auc: 0.652020
2025-06-21 03:42:03 INFO: Epoch:  35 | train loss: 0.520941 | test loss: 0.558459 | auc: 0.692673 | avg of last 10 auc: 0.652539
2025-06-21 03:42:16 INFO: Epoch:  36 | train loss: 0.492866 | test loss: 0.543314 | auc: 0.708269 | avg of last 10 auc: 0.659447
2025-06-21 03:42:29 INFO: Epoch:  37 | train loss: 0.502987 | test loss: 0.570174 | auc: 0.659154 | avg of last 10 auc: 0.669360
2025-06-21 03:42:42 INFO: Epoch:  38 | train loss: 0.490180 | test loss: 0.550777 | auc: 0.692290 | avg of last 10 auc: 0.670281
2025-06-21 03:42:56 INFO: Epoch:  39 | train loss: 0.490953 | test loss: 0.604634 | auc: 0.658773 | avg of last 10 auc: 0.675146
2025-06-21 03:43:08 INFO: Epoch:  40 | train loss: 0.481455 | test loss: 0.586644 | auc: 0.687697 | avg of last 10 auc: 0.678942
2025-06-21 03:43:22 INFO: Epoch:  41 | train loss: 0.468366 | test loss: 0.607905 | auc: 0.674536 | avg of last 10 auc: 0.679482
2025-06-21 03:43:35 INFO: Epoch:  42 | train loss: 0.461942 | test loss: 0.685645 | auc: 0.663526 | avg of last 10 auc: 0.676339
2025-06-21 03:43:49 INFO: Epoch:  43 | train loss: 0.480841 | test loss: 0.619774 | auc: 0.698082 | avg of last 10 auc: 0.679121
2025-06-21 03:44:02 INFO: Epoch:  44 | train loss: 0.449476 | test loss: 0.690076 | auc: 0.694962 | avg of last 10 auc: 0.680471
2025-06-21 03:44:20 INFO: Epoch:  45 | train loss: 0.468304 | test loss: 0.602559 | auc: 0.685915 | avg of last 10 auc: 0.682996
2025-06-21 03:44:35 INFO: Epoch:  46 | train loss: 0.476461 | test loss: 0.593669 | auc: 0.661271 | avg of last 10 auc: 0.682320
2025-06-21 03:44:49 INFO: Epoch:  47 | train loss: 0.447517 | test loss: 0.740483 | auc: 0.700357 | avg of last 10 auc: 0.677621
2025-06-21 03:45:04 INFO: Epoch:  48 | train loss: 0.466197 | test loss: 0.641624 | auc: 0.672988 | avg of last 10 auc: 0.681741
2025-06-21 03:45:17 INFO: Epoch:  49 | train loss: 0.464245 | test loss: 0.683183 | auc: 0.711005 | avg of last 10 auc: 0.679811
2025-06-21 03:45:30 INFO: Epoch:  50 | train loss: 0.454851 | test loss: 0.582226 | auc: 0.714752 | avg of last 10 auc: 0.685034
2025-06-21 03:45:42 INFO: Epoch:  51 | train loss: 0.443584 | test loss: 0.702281 | auc: 0.675901 | avg of last 10 auc: 0.687739
2025-06-21 03:45:54 INFO: Epoch:  52 | train loss: 0.430293 | test loss: 0.570726 | auc: 0.711638 | avg of last 10 auc: 0.687876
2025-06-21 03:46:07 INFO: Epoch:  53 | train loss: 0.441995 | test loss: 0.627306 | auc: 0.694449 | avg of last 10 auc: 0.692687
2025-06-21 03:46:20 INFO: Epoch:  54 | train loss: 0.439619 | test loss: 0.650656 | auc: 0.678805 | avg of last 10 auc: 0.692324
2025-06-21 03:46:33 INFO: Epoch:  55 | train loss: 0.459553 | test loss: 0.578119 | auc: 0.678296 | avg of last 10 auc: 0.690708
2025-06-21 03:46:46 INFO: Epoch:  56 | train loss: 0.431837 | test loss: 0.577885 | auc: 0.709310 | avg of last 10 auc: 0.689946
2025-06-21 03:46:59 INFO: Epoch:  57 | train loss: 0.426440 | test loss: 0.598716 | auc: 0.687184 | avg of last 10 auc: 0.694750
2025-06-21 03:47:12 INFO: Epoch:  58 | train loss: 0.418595 | test loss: 0.619610 | auc: 0.707779 | avg of last 10 auc: 0.693433
2025-06-21 03:47:24 INFO: Epoch:  59 | train loss: 0.437747 | test loss: 0.582726 | auc: 0.698392 | avg of last 10 auc: 0.696912
2025-06-21 03:47:36 INFO: Epoch:  60 | train loss: 0.409475 | test loss: 0.854071 | auc: 0.655827 | avg of last 10 auc: 0.695651
2025-06-21 03:47:49 INFO: Epoch:  61 | train loss: 0.408093 | test loss: 0.730231 | auc: 0.698887 | avg of last 10 auc: 0.689758
2025-06-21 03:48:01 INFO: Epoch:  62 | train loss: 0.428665 | test loss: 0.613707 | auc: 0.667482 | avg of last 10 auc: 0.692057
2025-06-21 03:48:14 INFO: Epoch:  63 | train loss: 0.374240 | test loss: 0.646237 | auc: 0.661794 | avg of last 10 auc: 0.687641
2025-06-21 03:48:28 INFO: Epoch:  64 | train loss: 0.416657 | test loss: 0.591687 | auc: 0.727289 | avg of last 10 auc: 0.684376
2025-06-21 03:48:42 INFO: Epoch:  65 | train loss: 0.398817 | test loss: 0.723429 | auc: 0.679611 | avg of last 10 auc: 0.689224
2025-06-21 03:48:55 INFO: Epoch:  66 | train loss: 0.390622 | test loss: 0.607138 | auc: 0.711590 | avg of last 10 auc: 0.689356
2025-06-21 03:49:08 INFO: Epoch:  67 | train loss: 0.384843 | test loss: 0.818558 | auc: 0.676419 | avg of last 10 auc: 0.689584
2025-06-21 03:49:21 INFO: Epoch:  68 | train loss: 0.405737 | test loss: 0.806761 | auc: 0.686057 | avg of last 10 auc: 0.688507
2025-06-21 03:49:33 INFO: Epoch:  69 | train loss: 0.378252 | test loss: 0.702277 | auc: 0.679574 | avg of last 10 auc: 0.686335
2025-06-21 03:49:45 INFO: Epoch:  70 | train loss: 0.328517 | test loss: 0.741766 | auc: 0.685943 | avg of last 10 auc: 0.684453
2025-06-21 03:49:58 INFO: Epoch:  71 | train loss: 0.372548 | test loss: 0.696961 | auc: 0.690909 | avg of last 10 auc: 0.687465
2025-06-21 03:50:10 INFO: Epoch:  72 | train loss: 0.357797 | test loss: 0.844586 | auc: 0.709507 | avg of last 10 auc: 0.686667
2025-06-21 03:50:23 INFO: Epoch:  73 | train loss: 0.370662 | test loss: 0.661989 | auc: 0.687655 | avg of last 10 auc: 0.690869
2025-06-21 03:50:36 INFO: Epoch:  74 | train loss: 0.349233 | test loss: 0.914551 | auc: 0.680821 | avg of last 10 auc: 0.693455
2025-06-21 03:50:49 INFO: Epoch:  75 | train loss: 0.325422 | test loss: 0.762956 | auc: 0.672850 | avg of last 10 auc: 0.688808
2025-06-21 03:51:02 INFO: Epoch:  76 | train loss: 0.329307 | test loss: 0.798328 | auc: 0.672155 | avg of last 10 auc: 0.688132
2025-06-21 03:51:15 INFO: Epoch:  77 | train loss: 0.321317 | test loss: 0.798846 | auc: 0.680099 | avg of last 10 auc: 0.684189
2025-06-21 03:51:28 INFO: Epoch:  78 | train loss: 0.352467 | test loss: 0.744288 | auc: 0.679041 | avg of last 10 auc: 0.684557
2025-06-21 03:51:40 INFO: Epoch:  79 | train loss: 0.327024 | test loss: 0.782302 | auc: 0.673961 | avg of last 10 auc: 0.683855
2025-06-21 03:51:52 INFO: Epoch:  80 | train loss: 0.341793 | test loss: 0.809939 | auc: 0.689642 | avg of last 10 auc: 0.683294
