2025-06-20 09:18:41 INFO: Start finetuning:
2025-06-20 09:18:41 INFO: Arguments: Namespace(epoch=80, batch_size=16, lr=0.0005, model_path_in_folder='pretrain/80epoch.pth', folder_path='experiments/experiment_mask_ROI_8px', seed=None, patience=10, repeats=3, save_every=1)
2025-06-20 09:18:41 INFO: Using device: cuda:0
2025-06-20 09:20:13 INFO: Epoch:   1 | train loss: 0.599132 | test loss: 0.600506 | auc: 0.563833 | avg of last 10 auc: nan
2025-06-20 09:20:25 INFO: Epoch:   2 | train loss: 0.580012 | test loss: 0.592907 | auc: 0.568392 | avg of last 10 auc: 0.563833
2025-06-20 09:20:38 INFO: Epoch:   3 | train loss: 0.577523 | test loss: 0.597693 | auc: 0.558868 | avg of last 10 auc: 0.566112
2025-06-20 09:20:50 INFO: Epoch:   4 | train loss: 0.555151 | test loss: 0.596825 | auc: 0.562448 | avg of last 10 auc: 0.563698
2025-06-20 09:21:02 INFO: Epoch:   5 | train loss: 0.572355 | test loss: 0.603243 | auc: 0.568772 | avg of last 10 auc: 0.563385
2025-06-20 09:21:14 INFO: Epoch:   6 | train loss: 0.563511 | test loss: 0.592226 | auc: 0.569853 | avg of last 10 auc: 0.564463
2025-06-20 09:21:27 INFO: Epoch:   7 | train loss: 0.569527 | test loss: 0.593302 | auc: 0.580594 | avg of last 10 auc: 0.565361
2025-06-20 09:21:39 INFO: Epoch:   8 | train loss: 0.568355 | test loss: 0.588366 | auc: 0.593811 | avg of last 10 auc: 0.567537
2025-06-20 09:21:51 INFO: Epoch:   9 | train loss: 0.567030 | test loss: 0.591852 | auc: 0.589685 | avg of last 10 auc: 0.570821
2025-06-20 09:22:03 INFO: Epoch:  10 | train loss: 0.557651 | test loss: 0.595449 | auc: 0.604159 | avg of last 10 auc: 0.572917
2025-06-20 09:22:16 INFO: Epoch:  11 | train loss: 0.565711 | test loss: 0.588512 | auc: 0.587968 | avg of last 10 auc: 0.576042
2025-06-20 09:22:28 INFO: Epoch:  12 | train loss: 0.560691 | test loss: 0.600035 | auc: 0.583763 | avg of last 10 auc: 0.578455
2025-06-20 09:22:41 INFO: Epoch:  13 | train loss: 0.562694 | test loss: 0.583832 | auc: 0.600478 | avg of last 10 auc: 0.579992
2025-06-20 09:22:53 INFO: Epoch:  14 | train loss: 0.561508 | test loss: 0.607877 | auc: 0.608888 | avg of last 10 auc: 0.584153
2025-06-20 09:23:05 INFO: Epoch:  15 | train loss: 0.554381 | test loss: 0.596482 | auc: 0.610250 | avg of last 10 auc: 0.588797
2025-06-20 09:23:18 INFO: Epoch:  16 | train loss: 0.570071 | test loss: 0.584436 | auc: 0.625936 | avg of last 10 auc: 0.592945
2025-06-20 09:23:30 INFO: Epoch:  17 | train loss: 0.559712 | test loss: 0.589756 | auc: 0.633456 | avg of last 10 auc: 0.598553
2025-06-20 09:23:42 INFO: Epoch:  18 | train loss: 0.555435 | test loss: 0.587937 | auc: 0.635717 | avg of last 10 auc: 0.603840
2025-06-20 09:23:55 INFO: Epoch:  19 | train loss: 0.559460 | test loss: 0.583765 | auc: 0.628072 | avg of last 10 auc: 0.608030
2025-06-20 09:24:07 INFO: Epoch:  20 | train loss: 0.550873 | test loss: 0.597983 | auc: 0.626426 | avg of last 10 auc: 0.611869
2025-06-20 09:24:19 INFO: Epoch:  21 | train loss: 0.566786 | test loss: 0.598477 | auc: 0.605172 | avg of last 10 auc: 0.614095
2025-06-20 09:24:31 INFO: Epoch:  22 | train loss: 0.554119 | test loss: 0.582081 | auc: 0.633933 | avg of last 10 auc: 0.615816
2025-06-20 09:24:44 INFO: Epoch:  23 | train loss: 0.558277 | test loss: 0.592031 | auc: 0.649629 | avg of last 10 auc: 0.620833
2025-06-20 09:24:56 INFO: Epoch:  24 | train loss: 0.552701 | test loss: 0.580845 | auc: 0.669086 | avg of last 10 auc: 0.625748
2025-06-20 09:25:08 INFO: Epoch:  25 | train loss: 0.551985 | test loss: 0.587531 | auc: 0.664516 | avg of last 10 auc: 0.631768
2025-06-20 09:25:21 INFO: Epoch:  26 | train loss: 0.544962 | test loss: 0.593843 | auc: 0.631992 | avg of last 10 auc: 0.637194
2025-06-20 09:25:33 INFO: Epoch:  27 | train loss: 0.550382 | test loss: 0.585608 | auc: 0.654753 | avg of last 10 auc: 0.637800
2025-06-20 09:25:45 INFO: Epoch:  28 | train loss: 0.547258 | test loss: 0.584295 | auc: 0.624357 | avg of last 10 auc: 0.639930
2025-06-20 09:25:58 INFO: Epoch:  29 | train loss: 0.553318 | test loss: 0.591640 | auc: 0.652912 | avg of last 10 auc: 0.638794
2025-06-20 09:26:10 INFO: Epoch:  30 | train loss: 0.544710 | test loss: 0.581942 | auc: 0.623436 | avg of last 10 auc: 0.641278
2025-06-20 09:26:22 INFO: Epoch:  31 | train loss: 0.537795 | test loss: 0.583470 | auc: 0.663893 | avg of last 10 auc: 0.640979
2025-06-20 09:26:35 INFO: Epoch:  32 | train loss: 0.548265 | test loss: 0.574267 | auc: 0.668606 | avg of last 10 auc: 0.646851
2025-06-20 09:26:47 INFO: Epoch:  33 | train loss: 0.553772 | test loss: 0.579243 | auc: 0.664870 | avg of last 10 auc: 0.650318
2025-06-20 09:26:59 INFO: Epoch:  34 | train loss: 0.559082 | test loss: 0.584218 | auc: 0.646850 | avg of last 10 auc: 0.651842
2025-06-20 09:27:11 INFO: Epoch:  35 | train loss: 0.534812 | test loss: 0.574788 | auc: 0.652438 | avg of last 10 auc: 0.649619
2025-06-20 09:27:23 INFO: Epoch:  36 | train loss: 0.556317 | test loss: 0.579803 | auc: 0.657140 | avg of last 10 auc: 0.648411
2025-06-20 09:27:36 INFO: Epoch:  37 | train loss: 0.536682 | test loss: 0.574624 | auc: 0.638376 | avg of last 10 auc: 0.650926
2025-06-20 09:27:48 INFO: Epoch:  38 | train loss: 0.541147 | test loss: 0.582775 | auc: 0.662355 | avg of last 10 auc: 0.649288
2025-06-20 09:28:00 INFO: Epoch:  39 | train loss: 0.528203 | test loss: 0.626687 | auc: 0.636780 | avg of last 10 auc: 0.653088
2025-06-20 09:28:12 INFO: Epoch:  40 | train loss: 0.531020 | test loss: 0.580407 | auc: 0.669093 | avg of last 10 auc: 0.651474
2025-06-20 09:28:25 INFO: Epoch:  41 | train loss: 0.540033 | test loss: 0.565250 | auc: 0.662060 | avg of last 10 auc: 0.656040
2025-06-20 09:28:37 INFO: Epoch:  42 | train loss: 0.539067 | test loss: 0.578934 | auc: 0.642372 | avg of last 10 auc: 0.655857
2025-06-20 09:28:49 INFO: Epoch:  43 | train loss: 0.526047 | test loss: 0.581883 | auc: 0.645005 | avg of last 10 auc: 0.653233
2025-06-20 09:29:01 INFO: Epoch:  44 | train loss: 0.525604 | test loss: 0.598315 | auc: 0.635707 | avg of last 10 auc: 0.651247
2025-06-20 09:29:13 INFO: Epoch:  45 | train loss: 0.530536 | test loss: 0.593378 | auc: 0.634746 | avg of last 10 auc: 0.650133
2025-06-20 09:29:26 INFO: Epoch:  46 | train loss: 0.532325 | test loss: 0.582718 | auc: 0.654167 | avg of last 10 auc: 0.648363
2025-06-20 09:29:38 INFO: Epoch:  47 | train loss: 0.531465 | test loss: 0.591988 | auc: 0.647538 | avg of last 10 auc: 0.648066
2025-06-20 09:29:50 INFO: Epoch:  48 | train loss: 0.525456 | test loss: 0.561852 | auc: 0.664134 | avg of last 10 auc: 0.648982
2025-06-20 09:30:03 INFO: Epoch:  49 | train loss: 0.528873 | test loss: 0.573862 | auc: 0.638644 | avg of last 10 auc: 0.649160
2025-06-20 09:30:15 INFO: Epoch:  50 | train loss: 0.525714 | test loss: 0.597424 | auc: 0.657741 | avg of last 10 auc: 0.649347
2025-06-20 09:30:27 INFO: Epoch:  51 | train loss: 0.504037 | test loss: 0.606916 | auc: 0.671220 | avg of last 10 auc: 0.648211
2025-06-20 09:30:39 INFO: Epoch:  52 | train loss: 0.510521 | test loss: 0.613001 | auc: 0.623709 | avg of last 10 auc: 0.649127
2025-06-20 09:30:52 INFO: Epoch:  53 | train loss: 0.510965 | test loss: 0.580836 | auc: 0.646314 | avg of last 10 auc: 0.647261
2025-06-20 09:31:04 INFO: Epoch:  54 | train loss: 0.521356 | test loss: 0.646196 | auc: 0.644662 | avg of last 10 auc: 0.647392
2025-06-20 09:31:17 INFO: Epoch:  55 | train loss: 0.503186 | test loss: 0.581279 | auc: 0.678139 | avg of last 10 auc: 0.648287
2025-06-20 09:31:29 INFO: Epoch:  56 | train loss: 0.504952 | test loss: 0.604748 | auc: 0.666723 | avg of last 10 auc: 0.652627
2025-06-20 09:31:42 INFO: Epoch:  57 | train loss: 0.496141 | test loss: 0.623903 | auc: 0.674273 | avg of last 10 auc: 0.653882
2025-06-20 09:31:54 INFO: Epoch:  58 | train loss: 0.511574 | test loss: 0.602649 | auc: 0.647003 | avg of last 10 auc: 0.656556
2025-06-20 09:32:06 INFO: Epoch:  59 | train loss: 0.492460 | test loss: 0.603023 | auc: 0.678773 | avg of last 10 auc: 0.654843
2025-06-20 09:32:18 INFO: Epoch:  60 | train loss: 0.506176 | test loss: 0.621662 | auc: 0.650306 | avg of last 10 auc: 0.658856
2025-06-20 09:32:31 INFO: Epoch:  61 | train loss: 0.498033 | test loss: 0.579113 | auc: 0.684143 | avg of last 10 auc: 0.658112
2025-06-20 09:32:43 INFO: Epoch:  62 | train loss: 0.478818 | test loss: 0.589979 | auc: 0.642913 | avg of last 10 auc: 0.659405
2025-06-20 09:32:56 INFO: Epoch:  63 | train loss: 0.479807 | test loss: 0.808672 | auc: 0.663324 | avg of last 10 auc: 0.661325
2025-06-20 09:33:08 INFO: Epoch:  64 | train loss: 0.477280 | test loss: 0.611949 | auc: 0.651047 | avg of last 10 auc: 0.663026
2025-06-20 09:33:20 INFO: Epoch:  65 | train loss: 0.487922 | test loss: 0.640422 | auc: 0.614798 | avg of last 10 auc: 0.663664
2025-06-20 09:33:32 INFO: Epoch:  66 | train loss: 0.464923 | test loss: 0.583809 | auc: 0.689856 | avg of last 10 auc: 0.657330
2025-06-20 09:33:45 INFO: Epoch:  67 | train loss: 0.469411 | test loss: 0.652261 | auc: 0.665372 | avg of last 10 auc: 0.659644
2025-06-20 09:33:57 INFO: Epoch:  68 | train loss: 0.505920 | test loss: 0.586345 | auc: 0.684326 | avg of last 10 auc: 0.658753
2025-06-20 09:34:09 INFO: Epoch:  69 | train loss: 0.464292 | test loss: 0.583605 | auc: 0.674810 | avg of last 10 auc: 0.662486
2025-06-20 09:34:21 INFO: Epoch:  70 | train loss: 0.457235 | test loss: 0.572677 | auc: 0.673184 | avg of last 10 auc: 0.662089
2025-06-20 09:34:34 INFO: Epoch:  71 | train loss: 0.477340 | test loss: 0.575122 | auc: 0.674607 | avg of last 10 auc: 0.664377
2025-06-20 09:34:46 INFO: Epoch:  72 | train loss: 0.459223 | test loss: 0.617540 | auc: 0.695756 | avg of last 10 auc: 0.663424
2025-06-20 09:34:59 INFO: Epoch:  73 | train loss: 0.461800 | test loss: 0.570301 | auc: 0.694957 | avg of last 10 auc: 0.668708
2025-06-20 09:35:11 INFO: Epoch:  74 | train loss: 0.462420 | test loss: 0.620257 | auc: 0.672134 | avg of last 10 auc: 0.671871
2025-06-20 09:35:24 INFO: Epoch:  75 | train loss: 0.457129 | test loss: 0.656062 | auc: 0.688558 | avg of last 10 auc: 0.673980
2025-06-20 09:35:36 INFO: Epoch:  76 | train loss: 0.470696 | test loss: 0.665428 | auc: 0.699419 | avg of last 10 auc: 0.681356
2025-06-20 09:35:48 INFO: Epoch:  77 | train loss: 0.438317 | test loss: 0.620113 | auc: 0.688869 | avg of last 10 auc: 0.682312
2025-06-20 09:36:01 INFO: Epoch:  78 | train loss: 0.465803 | test loss: 0.574524 | auc: 0.684718 | avg of last 10 auc: 0.684662
2025-06-20 09:36:13 INFO: Epoch:  79 | train loss: 0.433414 | test loss: 0.631276 | auc: 0.711256 | avg of last 10 auc: 0.684701
2025-06-20 09:36:26 INFO: Epoch:  80 | train loss: 0.449433 | test loss: 0.679107 | auc: 0.717211 | avg of last 10 auc: 0.688346
