2025-06-20 04:51:07 INFO: Start finetuning:
2025-06-20 04:51:07 INFO: Arguments: Namespace(epoch=80, batch_size=16, lr=0.0005, model_path_in_folder='pretrain/80epoch.pth', folder_path='experiments/experiment_mask_all_16px', seed=None, patience=10, repeats=3, save_every=1)
2025-06-20 04:51:07 INFO: Using device: cuda:0
2025-06-20 04:52:39 INFO: Epoch:   1 | train loss: 0.604447 | test loss: 0.590385 | auc: 0.576943 | avg of last 10 auc: nan
2025-06-20 04:52:52 INFO: Epoch:   2 | train loss: 0.576551 | test loss: 0.592060 | auc: 0.590715 | avg of last 10 auc: 0.576943
2025-06-20 04:53:04 INFO: Epoch:   3 | train loss: 0.572894 | test loss: 0.592147 | auc: 0.576049 | avg of last 10 auc: 0.583829
2025-06-20 04:53:16 INFO: Epoch:   4 | train loss: 0.552095 | test loss: 0.592169 | auc: 0.584378 | avg of last 10 auc: 0.581236
2025-06-20 04:53:28 INFO: Epoch:   5 | train loss: 0.568138 | test loss: 0.597086 | auc: 0.583472 | avg of last 10 auc: 0.582022
2025-06-20 04:53:41 INFO: Epoch:   6 | train loss: 0.568330 | test loss: 0.589886 | auc: 0.629730 | avg of last 10 auc: 0.582312
2025-06-20 04:53:53 INFO: Epoch:   7 | train loss: 0.563117 | test loss: 0.609013 | auc: 0.604443 | avg of last 10 auc: 0.590215
2025-06-20 04:54:05 INFO: Epoch:   8 | train loss: 0.563044 | test loss: 0.584006 | auc: 0.625981 | avg of last 10 auc: 0.592247
2025-06-20 04:54:17 INFO: Epoch:   9 | train loss: 0.564494 | test loss: 0.596292 | auc: 0.623067 | avg of last 10 auc: 0.596464
2025-06-20 04:54:30 INFO: Epoch:  10 | train loss: 0.552219 | test loss: 0.592975 | auc: 0.639265 | avg of last 10 auc: 0.599420
2025-06-20 04:54:42 INFO: Epoch:  11 | train loss: 0.559589 | test loss: 0.580159 | auc: 0.635284 | avg of last 10 auc: 0.603404
2025-06-20 04:54:54 INFO: Epoch:  12 | train loss: 0.554430 | test loss: 0.587187 | auc: 0.618722 | avg of last 10 auc: 0.609239
2025-06-20 04:55:07 INFO: Epoch:  13 | train loss: 0.557894 | test loss: 0.575530 | auc: 0.643678 | avg of last 10 auc: 0.612039
2025-06-20 04:55:19 INFO: Epoch:  14 | train loss: 0.557573 | test loss: 0.573935 | auc: 0.672068 | avg of last 10 auc: 0.618802
2025-06-20 04:55:31 INFO: Epoch:  15 | train loss: 0.554475 | test loss: 0.576419 | auc: 0.630267 | avg of last 10 auc: 0.627571
2025-06-20 04:55:43 INFO: Epoch:  16 | train loss: 0.562928 | test loss: 0.575901 | auc: 0.663133 | avg of last 10 auc: 0.632251
2025-06-20 04:55:56 INFO: Epoch:  17 | train loss: 0.544325 | test loss: 0.571362 | auc: 0.650018 | avg of last 10 auc: 0.635591
2025-06-20 04:56:08 INFO: Epoch:  18 | train loss: 0.547785 | test loss: 0.575177 | auc: 0.639680 | avg of last 10 auc: 0.640148
2025-06-20 04:56:21 INFO: Epoch:  19 | train loss: 0.547220 | test loss: 0.599241 | auc: 0.613972 | avg of last 10 auc: 0.641518
2025-06-20 04:56:33 INFO: Epoch:  20 | train loss: 0.540691 | test loss: 0.592264 | auc: 0.669614 | avg of last 10 auc: 0.640609
2025-06-20 04:56:45 INFO: Epoch:  21 | train loss: 0.542441 | test loss: 0.568289 | auc: 0.676121 | avg of last 10 auc: 0.643644
2025-06-20 04:56:57 INFO: Epoch:  22 | train loss: 0.537405 | test loss: 0.566793 | auc: 0.686405 | avg of last 10 auc: 0.647727
2025-06-20 04:57:09 INFO: Epoch:  23 | train loss: 0.524152 | test loss: 0.609674 | auc: 0.675689 | avg of last 10 auc: 0.654496
2025-06-20 04:57:22 INFO: Epoch:  24 | train loss: 0.535525 | test loss: 0.582023 | auc: 0.664547 | avg of last 10 auc: 0.657697
2025-06-20 04:57:34 INFO: Epoch:  25 | train loss: 0.527211 | test loss: 0.633744 | auc: 0.645221 | avg of last 10 auc: 0.656945
2025-06-20 04:57:46 INFO: Epoch:  26 | train loss: 0.516698 | test loss: 0.562891 | auc: 0.666696 | avg of last 10 auc: 0.658440
2025-06-20 04:57:59 INFO: Epoch:  27 | train loss: 0.527911 | test loss: 0.576293 | auc: 0.658087 | avg of last 10 auc: 0.658796
2025-06-20 04:58:11 INFO: Epoch:  28 | train loss: 0.521196 | test loss: 0.566344 | auc: 0.673716 | avg of last 10 auc: 0.659603
2025-06-20 04:58:23 INFO: Epoch:  29 | train loss: 0.532886 | test loss: 0.576348 | auc: 0.648213 | avg of last 10 auc: 0.663007
2025-06-20 04:58:36 INFO: Epoch:  30 | train loss: 0.507315 | test loss: 0.562367 | auc: 0.665638 | avg of last 10 auc: 0.666431
2025-06-20 04:58:48 INFO: Epoch:  31 | train loss: 0.507180 | test loss: 0.574466 | auc: 0.656537 | avg of last 10 auc: 0.666033
2025-06-20 04:59:00 INFO: Epoch:  32 | train loss: 0.511149 | test loss: 0.576516 | auc: 0.642535 | avg of last 10 auc: 0.664075
2025-06-20 04:59:13 INFO: Epoch:  33 | train loss: 0.526165 | test loss: 0.570725 | auc: 0.687238 | avg of last 10 auc: 0.659688
2025-06-20 04:59:25 INFO: Epoch:  34 | train loss: 0.514789 | test loss: 0.606528 | auc: 0.668982 | avg of last 10 auc: 0.660843
2025-06-20 04:59:37 INFO: Epoch:  35 | train loss: 0.507798 | test loss: 0.575235 | auc: 0.691659 | avg of last 10 auc: 0.661286
2025-06-20 04:59:50 INFO: Epoch:  36 | train loss: 0.507447 | test loss: 0.584854 | auc: 0.685236 | avg of last 10 auc: 0.665930
2025-06-20 05:00:02 INFO: Epoch:  37 | train loss: 0.482726 | test loss: 0.589854 | auc: 0.657609 | avg of last 10 auc: 0.667784
2025-06-20 05:00:15 INFO: Epoch:  38 | train loss: 0.511632 | test loss: 0.572005 | auc: 0.670083 | avg of last 10 auc: 0.667736
2025-06-20 05:00:27 INFO: Epoch:  39 | train loss: 0.476396 | test loss: 0.654592 | auc: 0.670429 | avg of last 10 auc: 0.667373
2025-06-20 05:00:39 INFO: Epoch:  40 | train loss: 0.482960 | test loss: 0.618095 | auc: 0.668452 | avg of last 10 auc: 0.669595
2025-06-20 05:00:51 INFO: Epoch:  41 | train loss: 0.504238 | test loss: 0.555619 | auc: 0.698814 | avg of last 10 auc: 0.669876
2025-06-20 05:01:04 INFO: Epoch:  42 | train loss: 0.482428 | test loss: 0.616382 | auc: 0.651055 | avg of last 10 auc: 0.674104
2025-06-20 05:01:16 INFO: Epoch:  43 | train loss: 0.473178 | test loss: 0.560036 | auc: 0.693513 | avg of last 10 auc: 0.674956
2025-06-20 05:01:28 INFO: Epoch:  44 | train loss: 0.467888 | test loss: 0.604480 | auc: 0.637862 | avg of last 10 auc: 0.675583
2025-06-20 05:01:40 INFO: Epoch:  45 | train loss: 0.480564 | test loss: 0.591513 | auc: 0.658520 | avg of last 10 auc: 0.672471
2025-06-20 05:01:53 INFO: Epoch:  46 | train loss: 0.471202 | test loss: 0.658211 | auc: 0.687278 | avg of last 10 auc: 0.669157
2025-06-20 05:02:05 INFO: Epoch:  47 | train loss: 0.471943 | test loss: 0.643766 | auc: 0.694950 | avg of last 10 auc: 0.669361
2025-06-20 05:02:17 INFO: Epoch:  48 | train loss: 0.467553 | test loss: 0.611625 | auc: 0.666446 | avg of last 10 auc: 0.673095
2025-06-20 05:02:30 INFO: Epoch:  49 | train loss: 0.480048 | test loss: 0.579054 | auc: 0.658876 | avg of last 10 auc: 0.672732
2025-06-20 05:02:42 INFO: Epoch:  50 | train loss: 0.455197 | test loss: 0.588525 | auc: 0.681938 | avg of last 10 auc: 0.671576
2025-06-20 05:02:54 INFO: Epoch:  51 | train loss: 0.430212 | test loss: 0.572802 | auc: 0.710258 | avg of last 10 auc: 0.672925
2025-06-20 05:03:07 INFO: Epoch:  52 | train loss: 0.457085 | test loss: 0.638511 | auc: 0.691632 | avg of last 10 auc: 0.674070
2025-06-20 05:03:19 INFO: Epoch:  53 | train loss: 0.439477 | test loss: 0.568057 | auc: 0.700874 | avg of last 10 auc: 0.678127
2025-06-20 05:03:31 INFO: Epoch:  54 | train loss: 0.451070 | test loss: 0.688988 | auc: 0.714823 | avg of last 10 auc: 0.678863
2025-06-20 05:03:43 INFO: Epoch:  55 | train loss: 0.426307 | test loss: 0.584611 | auc: 0.702323 | avg of last 10 auc: 0.686560
2025-06-20 05:03:56 INFO: Epoch:  56 | train loss: 0.420756 | test loss: 0.694271 | auc: 0.697571 | avg of last 10 auc: 0.690940
2025-06-20 05:04:08 INFO: Epoch:  57 | train loss: 0.421930 | test loss: 0.668650 | auc: 0.709679 | avg of last 10 auc: 0.691969
2025-06-20 05:04:20 INFO: Epoch:  58 | train loss: 0.437195 | test loss: 0.697494 | auc: 0.617687 | avg of last 10 auc: 0.693442
2025-06-20 05:04:33 INFO: Epoch:  59 | train loss: 0.435224 | test loss: 0.575821 | auc: 0.699250 | avg of last 10 auc: 0.688566
2025-06-20 05:04:45 INFO: Epoch:  60 | train loss: 0.427536 | test loss: 0.630089 | auc: 0.668163 | avg of last 10 auc: 0.692604
2025-06-20 05:04:57 INFO: Epoch:  61 | train loss: 0.424679 | test loss: 0.698248 | auc: 0.729748 | avg of last 10 auc: 0.691226
2025-06-20 05:05:10 INFO: Epoch:  62 | train loss: 0.401991 | test loss: 0.680531 | auc: 0.676011 | avg of last 10 auc: 0.693175
2025-06-20 05:05:22 INFO: Epoch:  63 | train loss: 0.402966 | test loss: 0.895002 | auc: 0.706891 | avg of last 10 auc: 0.691613
2025-06-20 05:05:34 INFO: Epoch:  64 | train loss: 0.385935 | test loss: 0.816021 | auc: 0.689255 | avg of last 10 auc: 0.692215
2025-06-20 05:05:46 INFO: Epoch:  65 | train loss: 0.384457 | test loss: 0.638364 | auc: 0.669104 | avg of last 10 auc: 0.689658
2025-06-20 05:05:58 INFO: Epoch:  66 | train loss: 0.374662 | test loss: 0.642216 | auc: 0.702592 | avg of last 10 auc: 0.686336
2025-06-20 05:06:11 INFO: Epoch:  67 | train loss: 0.364980 | test loss: 0.657285 | auc: 0.690566 | avg of last 10 auc: 0.686838
2025-06-20 05:06:23 INFO: Epoch:  68 | train loss: 0.414378 | test loss: 0.639326 | auc: 0.679885 | avg of last 10 auc: 0.684927
2025-06-20 05:06:35 INFO: Epoch:  69 | train loss: 0.362331 | test loss: 0.631513 | auc: 0.692656 | avg of last 10 auc: 0.691147
2025-06-20 05:06:47 INFO: Epoch:  70 | train loss: 0.389846 | test loss: 0.674922 | auc: 0.717543 | avg of last 10 auc: 0.690487
2025-06-20 05:07:00 INFO: Epoch:  71 | train loss: 0.365894 | test loss: 0.829791 | auc: 0.692287 | avg of last 10 auc: 0.695425
2025-06-20 05:07:12 INFO: Epoch:  72 | train loss: 0.343627 | test loss: 0.645002 | auc: 0.694182 | avg of last 10 auc: 0.691679
2025-06-20 05:07:24 INFO: Epoch:  73 | train loss: 0.349733 | test loss: 0.729915 | auc: 0.662482 | avg of last 10 auc: 0.693496
2025-06-20 05:07:36 INFO: Epoch:  74 | train loss: 0.371044 | test loss: 0.848750 | auc: 0.699424 | avg of last 10 auc: 0.689055
2025-06-20 05:07:48 INFO: Epoch:  75 | train loss: 0.366029 | test loss: 0.676794 | auc: 0.681324 | avg of last 10 auc: 0.690072
2025-06-20 05:08:00 INFO: Epoch:  76 | train loss: 0.361007 | test loss: 0.656453 | auc: 0.690607 | avg of last 10 auc: 0.691294
2025-06-20 05:08:13 INFO: Epoch:  77 | train loss: 0.346023 | test loss: 0.665090 | auc: 0.690958 | avg of last 10 auc: 0.690096
2025-06-20 05:08:25 INFO: Epoch:  78 | train loss: 0.330108 | test loss: 0.846302 | auc: 0.693371 | avg of last 10 auc: 0.690135
2025-06-20 05:08:37 INFO: Epoch:  79 | train loss: 0.334819 | test loss: 0.686783 | auc: 0.693390 | avg of last 10 auc: 0.691483
2025-06-20 05:08:50 INFO: Epoch:  80 | train loss: 0.334091 | test loss: 0.862991 | auc: 0.682127 | avg of last 10 auc: 0.691557
