2025-06-20 15:05:35 INFO: Start finetuning:
2025-06-20 15:05:35 INFO: Arguments: Namespace(epoch=80, batch_size=16, lr=0.0005, model_path_in_folder='pretrain/80epoch.pth', folder_path='experiments/experiment_mask_all_32px', seed=None, patience=10, repeats=3, save_every=1)
2025-06-20 15:05:35 INFO: Using device: cuda:0
2025-06-20 15:07:50 INFO: Epoch:   1 | train loss: 0.596396 | test loss: 0.637281 | auc: 0.465070 | avg of last 10 auc: nan
2025-06-20 15:08:03 INFO: Epoch:   2 | train loss: 0.571564 | test loss: 0.597359 | auc: 0.551617 | avg of last 10 auc: 0.465070
2025-06-20 15:08:15 INFO: Epoch:   3 | train loss: 0.569610 | test loss: 0.602878 | auc: 0.542947 | avg of last 10 auc: 0.508343
2025-06-20 15:08:27 INFO: Epoch:   4 | train loss: 0.551582 | test loss: 0.601313 | auc: 0.532752 | avg of last 10 auc: 0.519878
2025-06-20 15:08:40 INFO: Epoch:   5 | train loss: 0.562609 | test loss: 0.625965 | auc: 0.505149 | avg of last 10 auc: 0.523096
2025-06-20 15:08:53 INFO: Epoch:   6 | train loss: 0.566648 | test loss: 0.595735 | auc: 0.549531 | avg of last 10 auc: 0.519507
2025-06-20 15:09:05 INFO: Epoch:   7 | train loss: 0.563433 | test loss: 0.601859 | auc: 0.552126 | avg of last 10 auc: 0.524511
2025-06-20 15:09:17 INFO: Epoch:   8 | train loss: 0.563639 | test loss: 0.590501 | auc: 0.573313 | avg of last 10 auc: 0.528456
2025-06-20 15:09:30 INFO: Epoch:   9 | train loss: 0.563456 | test loss: 0.595235 | auc: 0.586755 | avg of last 10 auc: 0.534063
2025-06-20 15:09:42 INFO: Epoch:  10 | train loss: 0.551741 | test loss: 0.601397 | auc: 0.592179 | avg of last 10 auc: 0.539918
2025-06-20 15:09:55 INFO: Epoch:  11 | train loss: 0.553384 | test loss: 0.591076 | auc: 0.582349 | avg of last 10 auc: 0.545144
2025-06-20 15:10:08 INFO: Epoch:  12 | train loss: 0.548470 | test loss: 0.601256 | auc: 0.577972 | avg of last 10 auc: 0.556872
2025-06-20 15:10:24 INFO: Epoch:  13 | train loss: 0.555740 | test loss: 0.640826 | auc: 0.565443 | avg of last 10 auc: 0.559507
2025-06-20 15:10:36 INFO: Epoch:  14 | train loss: 0.554413 | test loss: 0.611433 | auc: 0.548115 | avg of last 10 auc: 0.561757
2025-06-20 15:10:48 INFO: Epoch:  15 | train loss: 0.542818 | test loss: 0.570735 | auc: 0.655154 | avg of last 10 auc: 0.563293
2025-06-20 15:11:01 INFO: Epoch:  16 | train loss: 0.556049 | test loss: 0.645980 | auc: 0.535721 | avg of last 10 auc: 0.578294
2025-06-20 15:11:13 INFO: Epoch:  17 | train loss: 0.550966 | test loss: 0.584774 | auc: 0.604847 | avg of last 10 auc: 0.576913
2025-06-20 15:11:26 INFO: Epoch:  18 | train loss: 0.548161 | test loss: 0.608675 | auc: 0.568349 | avg of last 10 auc: 0.582185
2025-06-20 15:11:39 INFO: Epoch:  19 | train loss: 0.544458 | test loss: 0.592715 | auc: 0.610495 | avg of last 10 auc: 0.581688
2025-06-20 15:11:52 INFO: Epoch:  20 | train loss: 0.537570 | test loss: 0.585139 | auc: 0.641184 | avg of last 10 auc: 0.584062
2025-06-20 15:12:06 INFO: Epoch:  21 | train loss: 0.544388 | test loss: 0.589305 | auc: 0.644538 | avg of last 10 auc: 0.588963
2025-06-20 15:12:19 INFO: Epoch:  22 | train loss: 0.540817 | test loss: 0.574885 | auc: 0.635002 | avg of last 10 auc: 0.595182
2025-06-20 15:12:31 INFO: Epoch:  23 | train loss: 0.526336 | test loss: 0.640025 | auc: 0.633456 | avg of last 10 auc: 0.600885
2025-06-20 15:12:44 INFO: Epoch:  24 | train loss: 0.535836 | test loss: 0.580553 | auc: 0.623360 | avg of last 10 auc: 0.607686
2025-06-20 15:12:56 INFO: Epoch:  25 | train loss: 0.527574 | test loss: 0.597392 | auc: 0.632404 | avg of last 10 auc: 0.615211
2025-06-20 15:13:09 INFO: Epoch:  26 | train loss: 0.513012 | test loss: 0.559335 | auc: 0.677052 | avg of last 10 auc: 0.612936
2025-06-20 15:13:21 INFO: Epoch:  27 | train loss: 0.517651 | test loss: 0.679551 | auc: 0.608294 | avg of last 10 auc: 0.627069
2025-06-20 15:13:35 INFO: Epoch:  28 | train loss: 0.518097 | test loss: 0.583293 | auc: 0.626362 | avg of last 10 auc: 0.627413
2025-06-20 15:13:48 INFO: Epoch:  29 | train loss: 0.532221 | test loss: 0.583693 | auc: 0.631029 | avg of last 10 auc: 0.633215
2025-06-20 15:14:01 INFO: Epoch:  30 | train loss: 0.509144 | test loss: 0.613619 | auc: 0.606959 | avg of last 10 auc: 0.635268
2025-06-20 15:14:13 INFO: Epoch:  31 | train loss: 0.501224 | test loss: 0.578402 | auc: 0.635828 | avg of last 10 auc: 0.631846
2025-06-20 15:14:27 INFO: Epoch:  32 | train loss: 0.515281 | test loss: 0.584415 | auc: 0.633800 | avg of last 10 auc: 0.630975
2025-06-20 15:14:39 INFO: Epoch:  33 | train loss: 0.519885 | test loss: 0.559004 | auc: 0.683845 | avg of last 10 auc: 0.630855
2025-06-20 15:14:52 INFO: Epoch:  34 | train loss: 0.504501 | test loss: 0.651516 | auc: 0.652443 | avg of last 10 auc: 0.635893
2025-06-20 15:15:04 INFO: Epoch:  35 | train loss: 0.494232 | test loss: 0.583278 | auc: 0.680081 | avg of last 10 auc: 0.638802
2025-06-20 15:15:17 INFO: Epoch:  36 | train loss: 0.493338 | test loss: 0.705265 | auc: 0.651209 | avg of last 10 auc: 0.643570
2025-06-20 15:15:30 INFO: Epoch:  37 | train loss: 0.487734 | test loss: 0.583497 | auc: 0.691519 | avg of last 10 auc: 0.640985
2025-06-20 15:15:43 INFO: Epoch:  38 | train loss: 0.497334 | test loss: 0.595800 | auc: 0.665192 | avg of last 10 auc: 0.649308
2025-06-20 15:15:56 INFO: Epoch:  39 | train loss: 0.480760 | test loss: 0.674742 | auc: 0.672107 | avg of last 10 auc: 0.653191
2025-06-20 15:16:09 INFO: Epoch:  40 | train loss: 0.475019 | test loss: 0.658831 | auc: 0.658800 | avg of last 10 auc: 0.657298
2025-06-20 15:16:22 INFO: Epoch:  41 | train loss: 0.494694 | test loss: 0.556668 | auc: 0.700930 | avg of last 10 auc: 0.662482
2025-06-20 15:16:35 INFO: Epoch:  42 | train loss: 0.474191 | test loss: 0.690660 | auc: 0.664286 | avg of last 10 auc: 0.668993
2025-06-20 15:16:48 INFO: Epoch:  43 | train loss: 0.470523 | test loss: 0.596583 | auc: 0.664344 | avg of last 10 auc: 0.672041
2025-06-20 15:17:01 INFO: Epoch:  44 | train loss: 0.455200 | test loss: 0.595238 | auc: 0.688673 | avg of last 10 auc: 0.670091
2025-06-20 15:17:14 INFO: Epoch:  45 | train loss: 0.469887 | test loss: 0.654094 | auc: 0.646482 | avg of last 10 auc: 0.673714
2025-06-20 15:17:26 INFO: Epoch:  46 | train loss: 0.465523 | test loss: 0.749162 | auc: 0.712662 | avg of last 10 auc: 0.670354
2025-06-20 15:17:38 INFO: Epoch:  47 | train loss: 0.466677 | test loss: 0.868292 | auc: 0.702982 | avg of last 10 auc: 0.676499
2025-06-20 15:17:51 INFO: Epoch:  48 | train loss: 0.474318 | test loss: 0.593279 | auc: 0.656518 | avg of last 10 auc: 0.677646
2025-06-20 15:18:04 INFO: Epoch:  49 | train loss: 0.470339 | test loss: 0.577350 | auc: 0.682039 | avg of last 10 auc: 0.676778
2025-06-20 15:18:17 INFO: Epoch:  50 | train loss: 0.461267 | test loss: 0.577156 | auc: 0.688319 | avg of last 10 auc: 0.677772
2025-06-20 15:18:30 INFO: Epoch:  51 | train loss: 0.413349 | test loss: 0.576227 | auc: 0.713860 | avg of last 10 auc: 0.680723
2025-06-20 15:18:44 INFO: Epoch:  52 | train loss: 0.432937 | test loss: 0.642747 | auc: 0.695371 | avg of last 10 auc: 0.682016
2025-06-20 15:18:57 INFO: Epoch:  53 | train loss: 0.443657 | test loss: 0.653489 | auc: 0.703255 | avg of last 10 auc: 0.685125
2025-06-20 15:19:10 INFO: Epoch:  54 | train loss: 0.447285 | test loss: 0.940930 | auc: 0.695500 | avg of last 10 auc: 0.689016
2025-06-20 15:19:22 INFO: Epoch:  55 | train loss: 0.397016 | test loss: 0.627380 | auc: 0.702099 | avg of last 10 auc: 0.689699
2025-06-20 15:19:34 INFO: Epoch:  56 | train loss: 0.429842 | test loss: 0.612650 | auc: 0.702900 | avg of last 10 auc: 0.695261
2025-06-20 15:19:47 INFO: Epoch:  57 | train loss: 0.398441 | test loss: 0.593219 | auc: 0.716783 | avg of last 10 auc: 0.694284
2025-06-20 15:19:59 INFO: Epoch:  58 | train loss: 0.414821 | test loss: 0.965920 | auc: 0.659095 | avg of last 10 auc: 0.695665
2025-06-20 15:20:12 INFO: Epoch:  59 | train loss: 0.417337 | test loss: 0.611747 | auc: 0.691437 | avg of last 10 auc: 0.695922
2025-06-20 15:20:26 INFO: Epoch:  60 | train loss: 0.398298 | test loss: 0.628710 | auc: 0.691657 | avg of last 10 auc: 0.696862
2025-06-20 15:20:39 INFO: Epoch:  61 | train loss: 0.407086 | test loss: 1.162814 | auc: 0.688297 | avg of last 10 auc: 0.697196
2025-06-20 15:20:52 INFO: Epoch:  62 | train loss: 0.377651 | test loss: 0.736169 | auc: 0.667382 | avg of last 10 auc: 0.694639
2025-06-20 15:21:05 INFO: Epoch:  63 | train loss: 0.384906 | test loss: 1.105452 | auc: 0.696962 | avg of last 10 auc: 0.691841
2025-06-20 15:21:18 INFO: Epoch:  64 | train loss: 0.387758 | test loss: 0.959520 | auc: 0.706235 | avg of last 10 auc: 0.691211
2025-06-20 15:21:30 INFO: Epoch:  65 | train loss: 0.406824 | test loss: 0.665113 | auc: 0.678401 | avg of last 10 auc: 0.692285
2025-06-20 15:21:43 INFO: Epoch:  66 | train loss: 0.361203 | test loss: 0.695935 | auc: 0.680265 | avg of last 10 auc: 0.689915
2025-06-20 15:21:55 INFO: Epoch:  67 | train loss: 0.379740 | test loss: 0.973598 | auc: 0.664694 | avg of last 10 auc: 0.687651
2025-06-20 15:22:08 INFO: Epoch:  68 | train loss: 0.410879 | test loss: 0.704612 | auc: 0.648045 | avg of last 10 auc: 0.682442
2025-06-20 15:22:21 INFO: Epoch:  69 | train loss: 0.363704 | test loss: 0.737197 | auc: 0.641776 | avg of last 10 auc: 0.681338
2025-06-20 15:22:34 INFO: Epoch:  70 | train loss: 0.356735 | test loss: 0.738572 | auc: 0.701131 | avg of last 10 auc: 0.676371
2025-06-20 15:22:47 INFO: Epoch:  71 | train loss: 0.349730 | test loss: 0.805141 | auc: 0.688811 | avg of last 10 auc: 0.677319
2025-06-20 15:23:01 INFO: Epoch:  72 | train loss: 0.335306 | test loss: 0.859273 | auc: 0.698594 | avg of last 10 auc: 0.677370
2025-06-20 15:23:13 INFO: Epoch:  73 | train loss: 0.355829 | test loss: 0.767799 | auc: 0.641793 | avg of last 10 auc: 0.680491
2025-06-20 15:23:26 INFO: Epoch:  74 | train loss: 0.348459 | test loss: 0.698399 | auc: 0.694183 | avg of last 10 auc: 0.674974
2025-06-20 15:23:38 INFO: Epoch:  75 | train loss: 0.331252 | test loss: 0.751803 | auc: 0.684115 | avg of last 10 auc: 0.673769
2025-06-20 15:23:50 INFO: Epoch:  76 | train loss: 0.364590 | test loss: 0.704221 | auc: 0.704597 | avg of last 10 auc: 0.674341
2025-06-20 15:24:03 INFO: Epoch:  77 | train loss: 0.330393 | test loss: 0.753883 | auc: 0.706594 | avg of last 10 auc: 0.676774
2025-06-20 15:24:16 INFO: Epoch:  78 | train loss: 0.327743 | test loss: 1.244572 | auc: 0.695986 | avg of last 10 auc: 0.680964
2025-06-20 15:24:30 INFO: Epoch:  79 | train loss: 0.327645 | test loss: 0.715332 | auc: 0.697272 | avg of last 10 auc: 0.685758
2025-06-20 15:24:43 INFO: Epoch:  80 | train loss: 0.326150 | test loss: 0.915290 | auc: 0.692468 | avg of last 10 auc: 0.691308
