2025-06-20 14:44:44 INFO: Start finetuning:
2025-06-20 14:44:44 INFO: Arguments: Namespace(epoch=80, batch_size=16, lr=0.0005, model_path_in_folder='pretrain/80epoch.pth', folder_path='experiments/experiment_mask_all_32px', seed=None, patience=10, repeats=3, save_every=1)
2025-06-20 14:44:44 INFO: Using device: cuda:0
2025-06-20 14:48:05 INFO: Epoch:   1 | train loss: 0.583391 | test loss: 0.599027 | auc: 0.532396 | avg of last 10 auc: nan
2025-06-20 14:48:47 INFO: Epoch:   2 | train loss: 0.552348 | test loss: 0.636784 | auc: 0.500978 | avg of last 10 auc: 0.532396
2025-06-20 14:49:08 INFO: Epoch:   3 | train loss: 0.575494 | test loss: 0.594479 | auc: 0.541422 | avg of last 10 auc: 0.516687
2025-06-20 14:49:28 INFO: Epoch:   4 | train loss: 0.563497 | test loss: 0.620881 | auc: 0.525815 | avg of last 10 auc: 0.524932
2025-06-20 14:49:42 INFO: Epoch:   5 | train loss: 0.560802 | test loss: 0.605778 | auc: 0.562149 | avg of last 10 auc: 0.525153
2025-06-20 14:49:58 INFO: Epoch:   6 | train loss: 0.562368 | test loss: 0.588806 | auc: 0.589836 | avg of last 10 auc: 0.532552
2025-06-20 14:50:11 INFO: Epoch:   7 | train loss: 0.564440 | test loss: 0.915281 | auc: 0.494606 | avg of last 10 auc: 0.542099
2025-06-20 14:50:23 INFO: Epoch:   8 | train loss: 0.567772 | test loss: 0.663977 | auc: 0.501871 | avg of last 10 auc: 0.535314
2025-06-20 14:50:35 INFO: Epoch:   9 | train loss: 0.560746 | test loss: 0.594730 | auc: 0.573576 | avg of last 10 auc: 0.531134
2025-06-20 14:50:47 INFO: Epoch:  10 | train loss: 0.545455 | test loss: 0.599488 | auc: 0.565195 | avg of last 10 auc: 0.535850
2025-06-20 14:50:59 INFO: Epoch:  11 | train loss: 0.563256 | test loss: 0.583915 | auc: 0.616967 | avg of last 10 auc: 0.538784
2025-06-20 14:51:12 INFO: Epoch:  12 | train loss: 0.548025 | test loss: 0.611930 | auc: 0.567787 | avg of last 10 auc: 0.547241
2025-06-20 14:51:26 INFO: Epoch:  13 | train loss: 0.561593 | test loss: 0.591693 | auc: 0.585524 | avg of last 10 auc: 0.553922
2025-06-20 14:51:38 INFO: Epoch:  14 | train loss: 0.561777 | test loss: 0.580797 | auc: 0.626994 | avg of last 10 auc: 0.558333
2025-06-20 14:51:50 INFO: Epoch:  15 | train loss: 0.544610 | test loss: 0.573825 | auc: 0.677006 | avg of last 10 auc: 0.568450
2025-06-20 14:52:03 INFO: Epoch:  16 | train loss: 0.542175 | test loss: 0.594806 | auc: 0.632797 | avg of last 10 auc: 0.579936
2025-06-20 14:52:16 INFO: Epoch:  17 | train loss: 0.535802 | test loss: 0.684725 | auc: 0.532935 | avg of last 10 auc: 0.584232
2025-06-20 14:52:28 INFO: Epoch:  18 | train loss: 0.542132 | test loss: 0.625367 | auc: 0.597176 | avg of last 10 auc: 0.588065
2025-06-20 14:52:41 INFO: Epoch:  19 | train loss: 0.541373 | test loss: 0.580810 | auc: 0.653238 | avg of last 10 auc: 0.597596
2025-06-20 14:52:53 INFO: Epoch:  20 | train loss: 0.553731 | test loss: 0.575324 | auc: 0.641414 | avg of last 10 auc: 0.605562
2025-06-20 14:53:06 INFO: Epoch:  21 | train loss: 0.530698 | test loss: 0.569456 | auc: 0.653817 | avg of last 10 auc: 0.613184
2025-06-20 14:53:18 INFO: Epoch:  22 | train loss: 0.535231 | test loss: 0.640434 | auc: 0.554809 | avg of last 10 auc: 0.616869
2025-06-20 14:53:30 INFO: Epoch:  23 | train loss: 0.527948 | test loss: 0.614193 | auc: 0.622730 | avg of last 10 auc: 0.615571
2025-06-20 14:53:43 INFO: Epoch:  24 | train loss: 0.538079 | test loss: 0.625133 | auc: 0.611421 | avg of last 10 auc: 0.619292
2025-06-20 14:53:55 INFO: Epoch:  25 | train loss: 0.523803 | test loss: 0.591858 | auc: 0.656019 | avg of last 10 auc: 0.617734
2025-06-20 14:54:08 INFO: Epoch:  26 | train loss: 0.520187 | test loss: 0.642425 | auc: 0.647608 | avg of last 10 auc: 0.615636
2025-06-20 14:54:20 INFO: Epoch:  27 | train loss: 0.529991 | test loss: 0.584844 | auc: 0.665994 | avg of last 10 auc: 0.617117
2025-06-20 14:54:32 INFO: Epoch:  28 | train loss: 0.528722 | test loss: 0.576224 | auc: 0.670764 | avg of last 10 auc: 0.630423
2025-06-20 14:54:45 INFO: Epoch:  29 | train loss: 0.521243 | test loss: 0.600920 | auc: 0.610705 | avg of last 10 auc: 0.637781
2025-06-20 14:54:57 INFO: Epoch:  30 | train loss: 0.515168 | test loss: 0.586225 | auc: 0.679238 | avg of last 10 auc: 0.633528
2025-06-20 14:55:11 INFO: Epoch:  31 | train loss: 0.524999 | test loss: 0.569804 | auc: 0.669459 | avg of last 10 auc: 0.637310
2025-06-20 14:55:23 INFO: Epoch:  32 | train loss: 0.515861 | test loss: 0.605987 | auc: 0.622392 | avg of last 10 auc: 0.638875
2025-06-20 14:55:37 INFO: Epoch:  33 | train loss: 0.515878 | test loss: 0.722447 | auc: 0.571720 | avg of last 10 auc: 0.645633
2025-06-20 14:55:49 INFO: Epoch:  34 | train loss: 0.525203 | test loss: 0.584251 | auc: 0.647614 | avg of last 10 auc: 0.640532
2025-06-20 14:56:01 INFO: Epoch:  35 | train loss: 0.527312 | test loss: 0.555600 | auc: 0.684596 | avg of last 10 auc: 0.644151
2025-06-20 14:56:14 INFO: Epoch:  36 | train loss: 0.510264 | test loss: 0.600708 | auc: 0.656619 | avg of last 10 auc: 0.647009
2025-06-20 14:56:27 INFO: Epoch:  37 | train loss: 0.486811 | test loss: 0.769225 | auc: 0.624014 | avg of last 10 auc: 0.647910
2025-06-20 14:56:39 INFO: Epoch:  38 | train loss: 0.498595 | test loss: 0.614820 | auc: 0.684322 | avg of last 10 auc: 0.643712
2025-06-20 14:56:52 INFO: Epoch:  39 | train loss: 0.487410 | test loss: 0.597930 | auc: 0.627624 | avg of last 10 auc: 0.645068
2025-06-20 14:57:05 INFO: Epoch:  40 | train loss: 0.504847 | test loss: 0.618166 | auc: 0.673155 | avg of last 10 auc: 0.646760
2025-06-20 14:57:18 INFO: Epoch:  41 | train loss: 0.492906 | test loss: 0.675058 | auc: 0.624540 | avg of last 10 auc: 0.646151
2025-06-20 14:57:30 INFO: Epoch:  42 | train loss: 0.468808 | test loss: 0.550390 | auc: 0.703309 | avg of last 10 auc: 0.641660
2025-06-20 14:57:42 INFO: Epoch:  43 | train loss: 0.482849 | test loss: 0.724519 | auc: 0.689823 | avg of last 10 auc: 0.649751
2025-06-20 14:57:55 INFO: Epoch:  44 | train loss: 0.478654 | test loss: 0.647030 | auc: 0.642353 | avg of last 10 auc: 0.661562
2025-06-20 14:58:07 INFO: Epoch:  45 | train loss: 0.464004 | test loss: 0.592807 | auc: 0.686548 | avg of last 10 auc: 0.661036
2025-06-20 14:58:19 INFO: Epoch:  46 | train loss: 0.476495 | test loss: 0.594497 | auc: 0.658263 | avg of last 10 auc: 0.661231
2025-06-20 14:58:32 INFO: Epoch:  47 | train loss: 0.462670 | test loss: 0.786626 | auc: 0.659576 | avg of last 10 auc: 0.661395
2025-06-20 14:58:45 INFO: Epoch:  48 | train loss: 0.481536 | test loss: 0.597261 | auc: 0.685632 | avg of last 10 auc: 0.664951
2025-06-20 14:58:57 INFO: Epoch:  49 | train loss: 0.471351 | test loss: 0.561669 | auc: 0.695604 | avg of last 10 auc: 0.665082
2025-06-20 14:59:10 INFO: Epoch:  50 | train loss: 0.452054 | test loss: 0.742835 | auc: 0.695956 | avg of last 10 auc: 0.671880
2025-06-20 14:59:23 INFO: Epoch:  51 | train loss: 0.429744 | test loss: 0.611194 | auc: 0.702903 | avg of last 10 auc: 0.674161
2025-06-20 14:59:37 INFO: Epoch:  52 | train loss: 0.459993 | test loss: 0.689182 | auc: 0.632244 | avg of last 10 auc: 0.681997
2025-06-20 14:59:49 INFO: Epoch:  53 | train loss: 0.450344 | test loss: 0.640142 | auc: 0.680593 | avg of last 10 auc: 0.674890
2025-06-20 15:00:01 INFO: Epoch:  54 | train loss: 0.456957 | test loss: 0.544622 | auc: 0.716494 | avg of last 10 auc: 0.673967
2025-06-20 15:00:13 INFO: Epoch:  55 | train loss: 0.443296 | test loss: 0.700482 | auc: 0.702370 | avg of last 10 auc: 0.681381
2025-06-20 15:00:26 INFO: Epoch:  56 | train loss: 0.431929 | test loss: 0.643099 | auc: 0.696886 | avg of last 10 auc: 0.682964
2025-06-20 15:00:40 INFO: Epoch:  57 | train loss: 0.442742 | test loss: 0.624612 | auc: 0.667113 | avg of last 10 auc: 0.686826
2025-06-20 15:00:53 INFO: Epoch:  58 | train loss: 0.417529 | test loss: 0.683901 | auc: 0.718645 | avg of last 10 auc: 0.687580
2025-06-20 15:01:06 INFO: Epoch:  59 | train loss: 0.438858 | test loss: 0.629626 | auc: 0.696076 | avg of last 10 auc: 0.690881
2025-06-20 15:01:19 INFO: Epoch:  60 | train loss: 0.439708 | test loss: 0.723051 | auc: 0.681655 | avg of last 10 auc: 0.690928
2025-06-20 15:01:31 INFO: Epoch:  61 | train loss: 0.435256 | test loss: 0.679684 | auc: 0.718077 | avg of last 10 auc: 0.689498
2025-06-20 15:01:43 INFO: Epoch:  62 | train loss: 0.427298 | test loss: 0.639084 | auc: 0.718622 | avg of last 10 auc: 0.691015
2025-06-20 15:01:55 INFO: Epoch:  63 | train loss: 0.425459 | test loss: 0.585830 | auc: 0.704712 | avg of last 10 auc: 0.699653
2025-06-20 15:02:08 INFO: Epoch:  64 | train loss: 0.394055 | test loss: 0.609749 | auc: 0.709246 | avg of last 10 auc: 0.702065
2025-06-20 15:02:21 INFO: Epoch:  65 | train loss: 0.394518 | test loss: 0.621731 | auc: 0.709277 | avg of last 10 auc: 0.701340
2025-06-20 15:02:34 INFO: Epoch:  66 | train loss: 0.389144 | test loss: 0.688903 | auc: 0.664877 | avg of last 10 auc: 0.702031
2025-06-20 15:02:48 INFO: Epoch:  67 | train loss: 0.401900 | test loss: 0.647649 | auc: 0.676784 | avg of last 10 auc: 0.698830
2025-06-20 15:03:01 INFO: Epoch:  68 | train loss: 0.393108 | test loss: 0.730576 | auc: 0.702801 | avg of last 10 auc: 0.699797
2025-06-20 15:03:14 INFO: Epoch:  69 | train loss: 0.397881 | test loss: 0.628597 | auc: 0.671736 | avg of last 10 auc: 0.698213
2025-06-20 15:03:27 INFO: Epoch:  70 | train loss: 0.382951 | test loss: 0.690342 | auc: 0.684229 | avg of last 10 auc: 0.695779
2025-06-20 15:03:39 INFO: Epoch:  71 | train loss: 0.387953 | test loss: 0.944402 | auc: 0.689147 | avg of last 10 auc: 0.696036
2025-06-20 15:03:51 INFO: Epoch:  72 | train loss: 0.409113 | test loss: 0.729725 | auc: 0.699711 | avg of last 10 auc: 0.693143
2025-06-20 15:04:03 INFO: Epoch:  73 | train loss: 0.391692 | test loss: 0.675799 | auc: 0.677860 | avg of last 10 auc: 0.691252
2025-06-20 15:04:16 INFO: Epoch:  74 | train loss: 0.359688 | test loss: 0.672008 | auc: 0.679748 | avg of last 10 auc: 0.688567
2025-06-20 15:04:29 INFO: Epoch:  75 | train loss: 0.364358 | test loss: 0.677794 | auc: 0.687573 | avg of last 10 auc: 0.685617
2025-06-20 15:04:42 INFO: Epoch:  76 | train loss: 0.375512 | test loss: 0.748088 | auc: 0.665121 | avg of last 10 auc: 0.683446
2025-06-20 15:04:55 INFO: Epoch:  77 | train loss: 0.349113 | test loss: 0.707438 | auc: 0.699269 | avg of last 10 auc: 0.683471
2025-06-20 15:05:07 INFO: Epoch:  78 | train loss: 0.310768 | test loss: 0.836222 | auc: 0.669672 | avg of last 10 auc: 0.685719
2025-06-20 15:05:20 INFO: Epoch:  79 | train loss: 0.332081 | test loss: 0.693682 | auc: 0.678464 | avg of last 10 auc: 0.682406
2025-06-20 15:05:33 INFO: Epoch:  80 | train loss: 0.342064 | test loss: 0.792623 | auc: 0.691848 | avg of last 10 auc: 0.683079
