2025-06-20 07:31:31 INFO: Start finetuning:
2025-06-20 07:31:31 INFO: Arguments: Namespace(epoch=80, batch_size=16, lr=0.0005, model_path_in_folder='pretrain/80epoch.pth', folder_path='experiments/experiment_no_mask_16px', seed=None, patience=10, repeats=3, save_every=1)
2025-06-20 07:31:31 INFO: Using device: cuda:0
2025-06-20 07:33:02 INFO: Epoch:   1 | train loss: 0.606314 | test loss: 0.596955 | auc: 0.556415 | avg of last 10 auc: nan
2025-06-20 07:33:15 INFO: Epoch:   2 | train loss: 0.579225 | test loss: 0.593325 | auc: 0.569343 | avg of last 10 auc: 0.556415
2025-06-20 07:33:27 INFO: Epoch:   3 | train loss: 0.575961 | test loss: 0.594133 | auc: 0.561811 | avg of last 10 auc: 0.562879
2025-06-20 07:33:39 INFO: Epoch:   4 | train loss: 0.562847 | test loss: 0.593089 | auc: 0.557185 | avg of last 10 auc: 0.562523
2025-06-20 07:33:52 INFO: Epoch:   5 | train loss: 0.573433 | test loss: 0.596379 | auc: 0.564164 | avg of last 10 auc: 0.561188
2025-06-20 07:34:04 INFO: Epoch:   6 | train loss: 0.564322 | test loss: 0.592331 | auc: 0.562863 | avg of last 10 auc: 0.561784
2025-06-20 07:34:18 INFO: Epoch:   7 | train loss: 0.569775 | test loss: 0.593446 | auc: 0.558771 | avg of last 10 auc: 0.561963
2025-06-20 07:34:30 INFO: Epoch:   8 | train loss: 0.573774 | test loss: 0.591547 | auc: 0.564559 | avg of last 10 auc: 0.561507
2025-06-20 07:34:42 INFO: Epoch:   9 | train loss: 0.571630 | test loss: 0.595155 | auc: 0.561877 | avg of last 10 auc: 0.561889
2025-06-20 07:34:54 INFO: Epoch:  10 | train loss: 0.560171 | test loss: 0.598959 | auc: 0.563091 | avg of last 10 auc: 0.561888
2025-06-20 07:35:07 INFO: Epoch:  11 | train loss: 0.565259 | test loss: 0.589517 | auc: 0.578696 | avg of last 10 auc: 0.562008
2025-06-20 07:35:19 INFO: Epoch:  12 | train loss: 0.559388 | test loss: 0.601845 | auc: 0.564302 | avg of last 10 auc: 0.564236
2025-06-20 07:35:31 INFO: Epoch:  13 | train loss: 0.566476 | test loss: 0.587248 | auc: 0.593514 | avg of last 10 auc: 0.563732
2025-06-20 07:35:44 INFO: Epoch:  14 | train loss: 0.567118 | test loss: 0.592100 | auc: 0.580929 | avg of last 10 auc: 0.566902
2025-06-20 07:35:56 INFO: Epoch:  15 | train loss: 0.555815 | test loss: 0.593649 | auc: 0.578235 | avg of last 10 auc: 0.569277
2025-06-20 07:36:08 INFO: Epoch:  16 | train loss: 0.568678 | test loss: 0.590897 | auc: 0.600841 | avg of last 10 auc: 0.570684
2025-06-20 07:36:21 INFO: Epoch:  17 | train loss: 0.562404 | test loss: 0.588319 | auc: 0.593713 | avg of last 10 auc: 0.574482
2025-06-20 07:36:33 INFO: Epoch:  18 | train loss: 0.560526 | test loss: 0.590561 | auc: 0.589692 | avg of last 10 auc: 0.577976
2025-06-20 07:36:46 INFO: Epoch:  19 | train loss: 0.557893 | test loss: 0.589572 | auc: 0.584941 | avg of last 10 auc: 0.580489
2025-06-20 07:36:58 INFO: Epoch:  20 | train loss: 0.560266 | test loss: 0.587150 | auc: 0.604186 | avg of last 10 auc: 0.582795
2025-06-20 07:37:10 INFO: Epoch:  21 | train loss: 0.566831 | test loss: 0.591397 | auc: 0.592470 | avg of last 10 auc: 0.586905
2025-06-20 07:37:22 INFO: Epoch:  22 | train loss: 0.565809 | test loss: 0.585296 | auc: 0.609817 | avg of last 10 auc: 0.588282
2025-06-20 07:37:35 INFO: Epoch:  23 | train loss: 0.561527 | test loss: 0.590799 | auc: 0.614227 | avg of last 10 auc: 0.592834
2025-06-20 07:37:47 INFO: Epoch:  24 | train loss: 0.563076 | test loss: 0.584354 | auc: 0.630161 | avg of last 10 auc: 0.594905
2025-06-20 07:37:59 INFO: Epoch:  25 | train loss: 0.562697 | test loss: 0.589130 | auc: 0.605863 | avg of last 10 auc: 0.599828
2025-06-20 07:38:12 INFO: Epoch:  26 | train loss: 0.558681 | test loss: 0.591989 | auc: 0.606392 | avg of last 10 auc: 0.602591
2025-06-20 07:38:24 INFO: Epoch:  27 | train loss: 0.557133 | test loss: 0.587805 | auc: 0.620693 | avg of last 10 auc: 0.603146
2025-06-20 07:38:36 INFO: Epoch:  28 | train loss: 0.558909 | test loss: 0.584850 | auc: 0.599659 | avg of last 10 auc: 0.605844
2025-06-20 07:38:49 INFO: Epoch:  29 | train loss: 0.561391 | test loss: 0.594130 | auc: 0.622991 | avg of last 10 auc: 0.606841
2025-06-20 07:39:01 INFO: Epoch:  30 | train loss: 0.554134 | test loss: 0.583102 | auc: 0.613102 | avg of last 10 auc: 0.610646
2025-06-20 07:39:13 INFO: Epoch:  31 | train loss: 0.547091 | test loss: 0.583543 | auc: 0.637021 | avg of last 10 auc: 0.611537
2025-06-20 07:39:26 INFO: Epoch:  32 | train loss: 0.553298 | test loss: 0.583222 | auc: 0.624733 | avg of last 10 auc: 0.615993
2025-06-20 07:39:38 INFO: Epoch:  33 | train loss: 0.564570 | test loss: 0.589449 | auc: 0.641213 | avg of last 10 auc: 0.617484
2025-06-20 07:39:50 INFO: Epoch:  34 | train loss: 0.567268 | test loss: 0.582849 | auc: 0.652616 | avg of last 10 auc: 0.620183
2025-06-20 07:40:03 INFO: Epoch:  35 | train loss: 0.553549 | test loss: 0.582906 | auc: 0.637351 | avg of last 10 auc: 0.622428
2025-06-20 07:40:15 INFO: Epoch:  36 | train loss: 0.562603 | test loss: 0.581163 | auc: 0.655666 | avg of last 10 auc: 0.625577
2025-06-20 07:40:28 INFO: Epoch:  37 | train loss: 0.546733 | test loss: 0.586988 | auc: 0.637624 | avg of last 10 auc: 0.630505
2025-06-20 07:40:40 INFO: Epoch:  38 | train loss: 0.552316 | test loss: 0.590896 | auc: 0.648560 | avg of last 10 auc: 0.632198
2025-06-20 07:40:52 INFO: Epoch:  39 | train loss: 0.540908 | test loss: 0.585027 | auc: 0.655283 | avg of last 10 auc: 0.637088
2025-06-20 07:41:05 INFO: Epoch:  40 | train loss: 0.544401 | test loss: 0.610923 | auc: 0.629706 | avg of last 10 auc: 0.640317
2025-06-20 07:41:17 INFO: Epoch:  41 | train loss: 0.554228 | test loss: 0.572005 | auc: 0.666317 | avg of last 10 auc: 0.641977
2025-06-20 07:41:31 INFO: Epoch:  42 | train loss: 0.559151 | test loss: 0.577930 | auc: 0.640960 | avg of last 10 auc: 0.644907
2025-06-20 07:41:43 INFO: Epoch:  43 | train loss: 0.534997 | test loss: 0.579090 | auc: 0.629129 | avg of last 10 auc: 0.646530
2025-06-20 07:42:05 INFO: Epoch:  44 | train loss: 0.538682 | test loss: 0.582059 | auc: 0.651474 | avg of last 10 auc: 0.645321
2025-06-20 07:42:17 INFO: Epoch:  45 | train loss: 0.544812 | test loss: 0.585202 | auc: 0.629021 | avg of last 10 auc: 0.645207
2025-06-20 07:42:30 INFO: Epoch:  46 | train loss: 0.543119 | test loss: 0.585007 | auc: 0.627445 | avg of last 10 auc: 0.644374
2025-06-20 07:42:42 INFO: Epoch:  47 | train loss: 0.549787 | test loss: 0.570592 | auc: 0.664393 | avg of last 10 auc: 0.641552
2025-06-20 07:42:54 INFO: Epoch:  48 | train loss: 0.540190 | test loss: 0.569055 | auc: 0.652657 | avg of last 10 auc: 0.644229
2025-06-20 07:43:06 INFO: Epoch:  49 | train loss: 0.544024 | test loss: 0.574446 | auc: 0.649582 | avg of last 10 auc: 0.644638
2025-06-20 07:43:19 INFO: Epoch:  50 | train loss: 0.542251 | test loss: 0.595927 | auc: 0.657313 | avg of last 10 auc: 0.644068
2025-06-20 07:43:31 INFO: Epoch:  51 | train loss: 0.520936 | test loss: 0.562028 | auc: 0.671188 | avg of last 10 auc: 0.646829
2025-06-20 07:43:44 INFO: Epoch:  52 | train loss: 0.524708 | test loss: 0.582749 | auc: 0.637433 | avg of last 10 auc: 0.647316
2025-06-20 07:43:56 INFO: Epoch:  53 | train loss: 0.533714 | test loss: 0.560484 | auc: 0.673298 | avg of last 10 auc: 0.646963
2025-06-20 07:44:09 INFO: Epoch:  54 | train loss: 0.533408 | test loss: 0.646510 | auc: 0.636201 | avg of last 10 auc: 0.651380
2025-06-20 07:44:21 INFO: Epoch:  55 | train loss: 0.527384 | test loss: 0.578623 | auc: 0.665576 | avg of last 10 auc: 0.649853
2025-06-20 07:44:33 INFO: Epoch:  56 | train loss: 0.516918 | test loss: 0.594328 | auc: 0.641449 | avg of last 10 auc: 0.653508
2025-06-20 07:44:45 INFO: Epoch:  57 | train loss: 0.516667 | test loss: 0.588789 | auc: 0.678270 | avg of last 10 auc: 0.654909
2025-06-20 07:44:58 INFO: Epoch:  58 | train loss: 0.518982 | test loss: 0.585912 | auc: 0.628988 | avg of last 10 auc: 0.656297
2025-06-20 07:45:10 INFO: Epoch:  59 | train loss: 0.525116 | test loss: 0.596527 | auc: 0.671497 | avg of last 10 auc: 0.653930
2025-06-20 07:45:22 INFO: Epoch:  60 | train loss: 0.512934 | test loss: 0.654884 | auc: 0.640656 | avg of last 10 auc: 0.656121
2025-06-20 07:45:35 INFO: Epoch:  61 | train loss: 0.510569 | test loss: 0.576336 | auc: 0.666947 | avg of last 10 auc: 0.654455
2025-06-20 07:45:47 INFO: Epoch:  62 | train loss: 0.500198 | test loss: 0.616813 | auc: 0.657059 | avg of last 10 auc: 0.654031
2025-06-20 07:45:59 INFO: Epoch:  63 | train loss: 0.508802 | test loss: 0.599402 | auc: 0.655120 | avg of last 10 auc: 0.655994
2025-06-20 07:46:11 INFO: Epoch:  64 | train loss: 0.507302 | test loss: 0.589851 | auc: 0.652354 | avg of last 10 auc: 0.654176
2025-06-20 07:46:24 INFO: Epoch:  65 | train loss: 0.509439 | test loss: 0.586275 | auc: 0.635657 | avg of last 10 auc: 0.655791
2025-06-20 07:46:36 INFO: Epoch:  66 | train loss: 0.491406 | test loss: 0.596103 | auc: 0.673366 | avg of last 10 auc: 0.652800
2025-06-20 07:46:48 INFO: Epoch:  67 | train loss: 0.501244 | test loss: 0.580702 | auc: 0.649450 | avg of last 10 auc: 0.655991
2025-06-20 07:47:01 INFO: Epoch:  68 | train loss: 0.513966 | test loss: 0.576438 | auc: 0.658627 | avg of last 10 auc: 0.653109
2025-06-20 07:47:13 INFO: Epoch:  69 | train loss: 0.491269 | test loss: 0.649088 | auc: 0.658483 | avg of last 10 auc: 0.656073
2025-06-20 07:47:25 INFO: Epoch:  70 | train loss: 0.503581 | test loss: 0.563248 | auc: 0.673966 | avg of last 10 auc: 0.654772
2025-06-20 07:47:37 INFO: Epoch:  71 | train loss: 0.498712 | test loss: 0.582914 | auc: 0.667685 | avg of last 10 auc: 0.658103
2025-06-20 07:47:50 INFO: Epoch:  72 | train loss: 0.491397 | test loss: 0.575278 | auc: 0.679037 | avg of last 10 auc: 0.658177
2025-06-20 07:48:02 INFO: Epoch:  73 | train loss: 0.492759 | test loss: 0.578454 | auc: 0.657144 | avg of last 10 auc: 0.660375
2025-06-20 07:48:15 INFO: Epoch:  74 | train loss: 0.503799 | test loss: 0.600047 | auc: 0.646575 | avg of last 10 auc: 0.660577
2025-06-20 07:48:27 INFO: Epoch:  75 | train loss: 0.482607 | test loss: 0.656402 | auc: 0.648909 | avg of last 10 auc: 0.659999
2025-06-20 07:48:39 INFO: Epoch:  76 | train loss: 0.504169 | test loss: 0.603725 | auc: 0.665377 | avg of last 10 auc: 0.661324
2025-06-20 07:48:52 INFO: Epoch:  77 | train loss: 0.475094 | test loss: 0.637541 | auc: 0.646311 | avg of last 10 auc: 0.660525
2025-06-20 07:49:04 INFO: Epoch:  78 | train loss: 0.496373 | test loss: 0.599262 | auc: 0.641579 | avg of last 10 auc: 0.660211
2025-06-20 07:49:17 INFO: Epoch:  79 | train loss: 0.469777 | test loss: 0.601032 | auc: 0.681201 | avg of last 10 auc: 0.658507
2025-06-20 07:49:29 INFO: Epoch:  80 | train loss: 0.472136 | test loss: 0.621993 | auc: 0.692884 | avg of last 10 auc: 0.660778
