2025-06-19 15:48:25 INFO: Start training:
2025-06-19 15:48:25 INFO: Arguments: Namespace(epoch=80, batch_size=16, lr=0.00025, show_per_epoch=2, show_img_count=2, patch_size=8, mask_rate=0.5, save_every=5, seed=0, mask_roi='true', mask_non_roi='false', output_folder='experiments/experiment_mask_ROI_8px')
2025-06-19 15:48:25 INFO: Using device: cuda:0
2025-06-19 15:51:50 INFO: Epoch:   1 | train loss: 0.129333 | test loss: 0.099132
2025-06-19 15:53:14 INFO: Epoch:   2 | train loss: 0.074094 | test loss: 0.062634
2025-06-19 15:54:40 INFO: Epoch:   3 | train loss: 0.067896 | test loss: 0.050559
2025-06-19 15:56:09 INFO: Epoch:   4 | train loss: 0.061114 | test loss: 0.043914
2025-06-19 15:57:40 INFO: Epoch:   5 | train loss: 0.055935 | test loss: 0.073702
2025-06-19 15:59:10 INFO: Epoch:   6 | train loss: 0.057689 | test loss: 0.047242
2025-06-19 16:00:40 INFO: Epoch:   7 | train loss: 0.054367 | test loss: 0.053064
2025-06-19 16:02:11 INFO: Epoch:   8 | train loss: 0.053070 | test loss: 0.048994
2025-06-19 16:03:42 INFO: Epoch:   9 | train loss: 0.052377 | test loss: 0.047036
2025-06-19 16:05:16 INFO: Epoch:  10 | train loss: 0.050788 | test loss: 0.038822
2025-06-19 16:06:48 INFO: Epoch:  11 | train loss: 0.052179 | test loss: 0.045945
2025-06-19 16:08:19 INFO: Epoch:  12 | train loss: 0.050658 | test loss: 0.047373
2025-06-19 16:09:48 INFO: Epoch:  13 | train loss: 0.049594 | test loss: 0.040214
2025-06-19 16:11:19 INFO: Epoch:  14 | train loss: 0.048097 | test loss: 0.037392
2025-06-19 16:12:49 INFO: Epoch:  15 | train loss: 0.044575 | test loss: 0.040665
2025-06-19 16:14:25 INFO: Epoch:  16 | train loss: 0.044658 | test loss: 0.044002
2025-06-19 16:16:35 INFO: Epoch:  17 | train loss: 0.041318 | test loss: 0.047622
2025-06-19 16:18:48 INFO: Epoch:  18 | train loss: 0.046082 | test loss: 0.034290
2025-06-19 16:20:46 INFO: Epoch:  19 | train loss: 0.040635 | test loss: 0.044230
2025-06-19 16:22:18 INFO: Epoch:  20 | train loss: 0.041899 | test loss: 0.035228
2025-06-19 16:23:53 INFO: Epoch:  21 | train loss: 0.038413 | test loss: 0.035136
2025-06-19 16:25:24 INFO: Epoch:  22 | train loss: 0.038675 | test loss: 0.033154
2025-06-19 16:26:56 INFO: Epoch:  23 | train loss: 0.039529 | test loss: 0.038033
2025-06-19 16:28:27 INFO: Epoch:  24 | train loss: 0.036850 | test loss: 0.034152
2025-06-19 16:30:01 INFO: Epoch:  25 | train loss: 0.037019 | test loss: 0.033649
2025-06-19 16:31:34 INFO: Epoch:  26 | train loss: 0.036819 | test loss: 0.043869
2025-06-19 16:33:06 INFO: Epoch:  27 | train loss: 0.036146 | test loss: 0.032592
2025-06-19 16:34:38 INFO: Epoch:  28 | train loss: 0.034883 | test loss: 0.033659
2025-06-19 16:36:21 INFO: Epoch:  29 | train loss: 0.035024 | test loss: 0.033138
2025-06-19 16:37:52 INFO: Epoch:  30 | train loss: 0.036357 | test loss: 0.031056
2025-06-19 16:39:22 INFO: Epoch:  31 | train loss: 0.034516 | test loss: 0.033768
2025-06-19 16:40:55 INFO: Epoch:  32 | train loss: 0.036793 | test loss: 0.032697
2025-06-19 16:42:24 INFO: Epoch:  33 | train loss: 0.035550 | test loss: 0.037317
2025-06-19 16:43:57 INFO: Epoch:  34 | train loss: 0.035394 | test loss: 0.031471
2025-06-19 16:45:29 INFO: Epoch:  35 | train loss: 0.034152 | test loss: 0.057693
2025-06-19 16:47:01 INFO: Epoch:  36 | train loss: 0.035695 | test loss: 0.033058
2025-06-19 16:48:37 INFO: Epoch:  37 | train loss: 0.033798 | test loss: 0.034992
2025-06-19 16:50:12 INFO: Epoch:  38 | train loss: 0.034092 | test loss: 0.032517
2025-06-19 16:51:48 INFO: Epoch:  39 | train loss: 0.033827 | test loss: 0.035965
2025-06-19 16:53:25 INFO: Epoch:  40 | train loss: 0.034348 | test loss: 0.037421
2025-06-19 16:55:08 INFO: Epoch:  41 | train loss: 0.034264 | test loss: 0.035655
2025-06-19 16:56:43 INFO: Epoch:  42 | train loss: 0.032469 | test loss: 0.030248
2025-06-19 16:58:14 INFO: Epoch:  43 | train loss: 0.032524 | test loss: 0.031465
2025-06-19 16:59:45 INFO: Epoch:  44 | train loss: 0.031991 | test loss: 0.030953
2025-06-19 17:01:16 INFO: Epoch:  45 | train loss: 0.032396 | test loss: 0.032706
2025-06-19 17:02:45 INFO: Epoch:  46 | train loss: 0.032189 | test loss: 0.029495
2025-06-19 17:04:14 INFO: Epoch:  47 | train loss: 0.031752 | test loss: 0.030454
2025-06-19 17:05:42 INFO: Epoch:  48 | train loss: 0.031514 | test loss: 0.031056
2025-06-19 17:07:13 INFO: Epoch:  49 | train loss: 0.031676 | test loss: 0.030767
2025-06-19 17:08:42 INFO: Epoch:  50 | train loss: 0.032965 | test loss: 0.030617
2025-06-19 17:10:13 INFO: Epoch:  51 | train loss: 0.032900 | test loss: 0.029855
2025-06-19 17:11:42 INFO: Epoch:  52 | train loss: 0.032306 | test loss: 0.029850
2025-06-19 17:13:13 INFO: Epoch:  53 | train loss: 0.031108 | test loss: 0.030423
2025-06-19 17:14:44 INFO: Epoch:  54 | train loss: 0.030681 | test loss: 0.028474
2025-06-19 17:16:15 INFO: Epoch:  55 | train loss: 0.030853 | test loss: 0.029771
2025-06-19 17:17:43 INFO: Epoch:  56 | train loss: 0.030451 | test loss: 0.030916
2025-06-19 17:19:13 INFO: Epoch:  57 | train loss: 0.031590 | test loss: 0.039772
2025-06-19 17:20:42 INFO: Epoch:  58 | train loss: 0.031512 | test loss: 0.030625
2025-06-19 17:22:12 INFO: Epoch:  59 | train loss: 0.030144 | test loss: 0.029412
2025-06-19 17:23:42 INFO: Epoch:  60 | train loss: 0.030359 | test loss: 0.032983
2025-06-19 17:25:14 INFO: Epoch:  61 | train loss: 0.030849 | test loss: 0.029816
2025-06-19 17:26:45 INFO: Epoch:  62 | train loss: 0.031034 | test loss: 0.028044
2025-06-19 17:28:15 INFO: Epoch:  63 | train loss: 0.030355 | test loss: 0.029220
2025-06-19 17:29:47 INFO: Epoch:  64 | train loss: 0.030659 | test loss: 0.028999
2025-06-19 17:31:21 INFO: Epoch:  65 | train loss: 0.030424 | test loss: 0.028831
2025-06-19 17:32:57 INFO: Epoch:  66 | train loss: 0.029893 | test loss: 0.029032
2025-06-19 17:34:31 INFO: Epoch:  67 | train loss: 0.029241 | test loss: 0.028845
2025-06-19 17:36:05 INFO: Epoch:  68 | train loss: 0.029369 | test loss: 0.027834
2025-06-19 17:37:40 INFO: Epoch:  69 | train loss: 0.029508 | test loss: 0.029212
2025-06-19 17:39:13 INFO: Epoch:  70 | train loss: 0.029438 | test loss: 0.029645
2025-06-19 17:40:46 INFO: Epoch:  71 | train loss: 0.029572 | test loss: 0.028690
2025-06-19 17:42:20 INFO: Epoch:  72 | train loss: 0.028761 | test loss: 0.027724
2025-06-19 17:43:54 INFO: Epoch:  73 | train loss: 0.028674 | test loss: 0.030664
2025-06-19 17:45:28 INFO: Epoch:  74 | train loss: 0.028964 | test loss: 0.027412
2025-06-19 17:47:04 INFO: Epoch:  75 | train loss: 0.028957 | test loss: 0.027582
2025-06-19 17:48:38 INFO: Epoch:  76 | train loss: 0.028605 | test loss: 0.026911
2025-06-19 17:50:12 INFO: Epoch:  77 | train loss: 0.029232 | test loss: 0.028493
2025-06-19 17:51:46 INFO: Epoch:  78 | train loss: 0.028720 | test loss: 0.029708
2025-06-19 17:53:19 INFO: Epoch:  79 | train loss: 0.028995 | test loss: 0.027139
2025-06-19 17:54:53 INFO: Epoch:  80 | train loss: 0.028760 | test loss: 0.029011
