2025-06-19 02:32:53 INFO: Start training:
2025-06-19 02:32:53 INFO: Arguments: Namespace(epoch=80, batch_size=16, lr=0.00025, show_per_epoch=2, show_img_count=2, patch_size=16, mask_rate=0.5, save_every=5, seed=0, mask_roi='true', mask_non_roi='true', output_folder='experiments/experiment_mask_all_16px')
2025-06-19 02:32:53 INFO: Using device: cuda:0
2025-06-19 02:36:14 INFO: Epoch:   1 | train loss: 0.127941 | test loss: 0.085430
2025-06-19 02:37:39 INFO: Epoch:   2 | train loss: 0.079501 | test loss: 0.060715
2025-06-19 02:39:05 INFO: Epoch:   3 | train loss: 0.077357 | test loss: 0.064833
2025-06-19 02:40:33 INFO: Epoch:   4 | train loss: 0.068351 | test loss: 0.053436
2025-06-19 02:42:08 INFO: Epoch:   5 | train loss: 0.066624 | test loss: 0.064483
2025-06-19 02:43:41 INFO: Epoch:   6 | train loss: 0.064319 | test loss: 0.050559
2025-06-19 02:45:11 INFO: Epoch:   7 | train loss: 0.061457 | test loss: 0.053027
2025-06-19 02:46:39 INFO: Epoch:   8 | train loss: 0.062191 | test loss: 0.049965
2025-06-19 02:48:09 INFO: Epoch:   9 | train loss: 0.060873 | test loss: 0.086275
2025-06-19 02:49:35 INFO: Epoch:  10 | train loss: 0.061350 | test loss: 0.058292
2025-06-19 02:51:06 INFO: Epoch:  11 | train loss: 0.058871 | test loss: 0.053158
2025-06-19 02:52:32 INFO: Epoch:  12 | train loss: 0.059379 | test loss: 0.051149
2025-06-19 02:53:59 INFO: Epoch:  13 | train loss: 0.057622 | test loss: 0.061912
2025-06-19 02:55:25 INFO: Epoch:  14 | train loss: 0.056772 | test loss: 0.046549
2025-06-19 02:56:52 INFO: Epoch:  15 | train loss: 0.054067 | test loss: 0.055561
2025-06-19 02:58:18 INFO: Epoch:  16 | train loss: 0.052968 | test loss: 0.053715
2025-06-19 02:59:45 INFO: Epoch:  17 | train loss: 0.050516 | test loss: 0.063378
2025-06-19 03:01:11 INFO: Epoch:  18 | train loss: 0.051949 | test loss: 0.047343
2025-06-19 03:02:42 INFO: Epoch:  19 | train loss: 0.049003 | test loss: 0.044773
2025-06-19 03:04:10 INFO: Epoch:  20 | train loss: 0.047785 | test loss: 0.043096
2025-06-19 03:05:36 INFO: Epoch:  21 | train loss: 0.047082 | test loss: 0.048111
2025-06-19 03:07:03 INFO: Epoch:  22 | train loss: 0.046867 | test loss: 0.041409
2025-06-19 03:08:33 INFO: Epoch:  23 | train loss: 0.045316 | test loss: 0.044805
2025-06-19 03:09:59 INFO: Epoch:  24 | train loss: 0.047164 | test loss: 0.042335
2025-06-19 03:11:26 INFO: Epoch:  25 | train loss: 0.046045 | test loss: 0.046490
2025-06-19 03:12:53 INFO: Epoch:  26 | train loss: 0.044653 | test loss: 0.045337
2025-06-19 03:14:21 INFO: Epoch:  27 | train loss: 0.044601 | test loss: 0.040702
2025-06-19 03:15:48 INFO: Epoch:  28 | train loss: 0.044149 | test loss: 0.044934
2025-06-19 03:17:15 INFO: Epoch:  29 | train loss: 0.044331 | test loss: 0.041117
2025-06-19 03:18:41 INFO: Epoch:  30 | train loss: 0.044154 | test loss: 0.040760
2025-06-19 03:20:09 INFO: Epoch:  31 | train loss: 0.043771 | test loss: 0.040406
2025-06-19 03:21:36 INFO: Epoch:  32 | train loss: 0.043414 | test loss: 0.045934
2025-06-19 03:23:03 INFO: Epoch:  33 | train loss: 0.043526 | test loss: 0.042527
2025-06-19 03:24:30 INFO: Epoch:  34 | train loss: 0.043186 | test loss: 0.040675
2025-06-19 03:25:59 INFO: Epoch:  35 | train loss: 0.042189 | test loss: 0.040654
2025-06-19 03:27:27 INFO: Epoch:  36 | train loss: 0.041496 | test loss: 0.042103
2025-06-19 03:28:54 INFO: Epoch:  37 | train loss: 0.042494 | test loss: 0.069341
2025-06-19 03:30:21 INFO: Epoch:  38 | train loss: 0.045339 | test loss: 0.042101
2025-06-19 03:31:49 INFO: Epoch:  39 | train loss: 0.043644 | test loss: 0.040891
2025-06-19 03:33:17 INFO: Epoch:  40 | train loss: 0.041728 | test loss: 0.040521
2025-06-19 03:34:46 INFO: Epoch:  41 | train loss: 0.040880 | test loss: 0.039053
2025-06-19 03:36:14 INFO: Epoch:  42 | train loss: 0.041104 | test loss: 0.040384
2025-06-19 03:37:42 INFO: Epoch:  43 | train loss: 0.040332 | test loss: 0.038719
2025-06-19 03:39:09 INFO: Epoch:  44 | train loss: 0.040281 | test loss: 0.038648
2025-06-19 03:40:36 INFO: Epoch:  45 | train loss: 0.040286 | test loss: 0.040130
2025-06-19 03:42:04 INFO: Epoch:  46 | train loss: 0.040112 | test loss: 0.038297
2025-06-19 03:43:32 INFO: Epoch:  47 | train loss: 0.040171 | test loss: 0.041331
2025-06-19 03:45:01 INFO: Epoch:  48 | train loss: 0.039610 | test loss: 0.041447
2025-06-19 03:46:28 INFO: Epoch:  49 | train loss: 0.040700 | test loss: 0.041864
2025-06-19 03:48:00 INFO: Epoch:  50 | train loss: 0.039306 | test loss: 0.037987
2025-06-19 03:49:28 INFO: Epoch:  51 | train loss: 0.039321 | test loss: 0.042826
2025-06-19 03:50:55 INFO: Epoch:  52 | train loss: 0.039017 | test loss: 0.038098
2025-06-19 03:52:23 INFO: Epoch:  53 | train loss: 0.038976 | test loss: 0.038947
2025-06-19 03:53:51 INFO: Epoch:  54 | train loss: 0.039273 | test loss: 0.040643
2025-06-19 03:55:19 INFO: Epoch:  55 | train loss: 0.039063 | test loss: 0.037908
2025-06-19 03:56:48 INFO: Epoch:  56 | train loss: 0.038716 | test loss: 0.036789
2025-06-19 03:58:16 INFO: Epoch:  57 | train loss: 0.038973 | test loss: 0.038111
2025-06-19 03:59:44 INFO: Epoch:  58 | train loss: 0.038330 | test loss: 0.038005
2025-06-19 04:01:12 INFO: Epoch:  59 | train loss: 0.038788 | test loss: 0.037360
2025-06-19 04:02:40 INFO: Epoch:  60 | train loss: 0.038140 | test loss: 0.036535
2025-06-19 04:04:08 INFO: Epoch:  61 | train loss: 0.037846 | test loss: 0.037024
2025-06-19 04:05:37 INFO: Epoch:  62 | train loss: 0.038099 | test loss: 0.039228
2025-06-19 04:07:05 INFO: Epoch:  63 | train loss: 0.038730 | test loss: 0.037741
2025-06-19 04:08:34 INFO: Epoch:  64 | train loss: 0.037573 | test loss: 0.036786
2025-06-19 04:10:02 INFO: Epoch:  65 | train loss: 0.037353 | test loss: 0.036628
2025-06-19 04:11:32 INFO: Epoch:  66 | train loss: 0.038261 | test loss: 0.037093
2025-06-19 04:13:00 INFO: Epoch:  67 | train loss: 0.037493 | test loss: 0.035926
2025-06-19 04:14:28 INFO: Epoch:  68 | train loss: 0.037491 | test loss: 0.037851
2025-06-19 04:15:56 INFO: Epoch:  69 | train loss: 0.037546 | test loss: 0.037624
2025-06-19 04:17:25 INFO: Epoch:  70 | train loss: 0.036936 | test loss: 0.037024
2025-06-19 04:18:54 INFO: Epoch:  71 | train loss: 0.037424 | test loss: 0.037353
2025-06-19 04:20:22 INFO: Epoch:  72 | train loss: 0.037351 | test loss: 0.035822
2025-06-19 04:21:51 INFO: Epoch:  73 | train loss: 0.037870 | test loss: 0.038154
2025-06-19 04:23:20 INFO: Epoch:  74 | train loss: 0.037141 | test loss: 0.035807
2025-06-19 04:24:49 INFO: Epoch:  75 | train loss: 0.036737 | test loss: 0.037208
2025-06-19 04:26:20 INFO: Epoch:  76 | train loss: 0.036592 | test loss: 0.035402
2025-06-19 04:27:48 INFO: Epoch:  77 | train loss: 0.036385 | test loss: 0.035562
2025-06-19 04:29:19 INFO: Epoch:  78 | train loss: 0.037040 | test loss: 0.038086
2025-06-19 04:30:48 INFO: Epoch:  79 | train loss: 0.036685 | test loss: 0.035765
2025-06-19 04:32:17 INFO: Epoch:  80 | train loss: 0.036360 | test loss: 0.056937
