2025-06-20 15:24:44 INFO: Start finetuning:
2025-06-20 15:24:44 INFO: Arguments: Namespace(epoch=80, batch_size=16, lr=0.0005, model_path_in_folder='pretrain/80epoch.pth', folder_path='experiments/experiment_mask_all_32px', seed=None, patience=10, repeats=3, save_every=1)
2025-06-20 15:24:44 INFO: Using device: cuda:0
2025-06-20 15:26:20 INFO: Epoch:   1 | train loss: 0.589702 | test loss: 0.593692 | auc: 0.562117 | avg of last 10 auc: nan
2025-06-20 15:26:32 INFO: Epoch:   2 | train loss: 0.567474 | test loss: 0.597147 | auc: 0.528808 | avg of last 10 auc: 0.562117
2025-06-20 15:26:44 INFO: Epoch:   3 | train loss: 0.571848 | test loss: 0.592875 | auc: 0.574261 | avg of last 10 auc: 0.545463
2025-06-20 15:26:56 INFO: Epoch:   4 | train loss: 0.570602 | test loss: 0.768542 | auc: 0.456106 | avg of last 10 auc: 0.555062
2025-06-20 15:27:09 INFO: Epoch:   5 | train loss: 0.556131 | test loss: 0.600154 | auc: 0.550835 | avg of last 10 auc: 0.530323
2025-06-20 15:27:22 INFO: Epoch:   6 | train loss: 0.559918 | test loss: 0.605499 | auc: 0.540334 | avg of last 10 auc: 0.534425
2025-06-20 15:27:34 INFO: Epoch:   7 | train loss: 0.559872 | test loss: 0.593937 | auc: 0.572501 | avg of last 10 auc: 0.535410
2025-06-20 15:27:46 INFO: Epoch:   8 | train loss: 0.560254 | test loss: 0.619765 | auc: 0.548060 | avg of last 10 auc: 0.540709
2025-06-20 15:27:59 INFO: Epoch:   9 | train loss: 0.548248 | test loss: 0.596295 | auc: 0.622619 | avg of last 10 auc: 0.541628
2025-06-20 15:28:11 INFO: Epoch:  10 | train loss: 0.549395 | test loss: 0.596810 | auc: 0.590298 | avg of last 10 auc: 0.550627
2025-06-20 15:28:23 INFO: Epoch:  11 | train loss: 0.567394 | test loss: 0.599714 | auc: 0.601118 | avg of last 10 auc: 0.554594
2025-06-20 15:28:36 INFO: Epoch:  12 | train loss: 0.549806 | test loss: 0.615066 | auc: 0.603344 | avg of last 10 auc: 0.558494
2025-06-20 15:28:48 INFO: Epoch:  13 | train loss: 0.551054 | test loss: 0.599737 | auc: 0.589610 | avg of last 10 auc: 0.565948
2025-06-20 15:29:01 INFO: Epoch:  14 | train loss: 0.545330 | test loss: 0.583867 | auc: 0.637985 | avg of last 10 auc: 0.567483
2025-06-20 15:29:14 INFO: Epoch:  15 | train loss: 0.540982 | test loss: 0.574729 | auc: 0.657949 | avg of last 10 auc: 0.585670
2025-06-20 15:29:27 INFO: Epoch:  16 | train loss: 0.561421 | test loss: 0.580905 | auc: 0.636434 | avg of last 10 auc: 0.596382
2025-06-20 15:29:40 INFO: Epoch:  17 | train loss: 0.553284 | test loss: 0.577386 | auc: 0.637797 | avg of last 10 auc: 0.605992
2025-06-20 15:29:53 INFO: Epoch:  18 | train loss: 0.532087 | test loss: 0.619090 | auc: 0.622180 | avg of last 10 auc: 0.612521
2025-06-20 15:30:06 INFO: Epoch:  19 | train loss: 0.558808 | test loss: 0.573070 | auc: 0.641451 | avg of last 10 auc: 0.619933
2025-06-20 15:30:18 INFO: Epoch:  20 | train loss: 0.536439 | test loss: 0.615066 | auc: 0.598793 | avg of last 10 auc: 0.621817
2025-06-20 15:30:31 INFO: Epoch:  21 | train loss: 0.541502 | test loss: 0.609383 | auc: 0.609841 | avg of last 10 auc: 0.622666
2025-06-20 15:30:43 INFO: Epoch:  22 | train loss: 0.547856 | test loss: 0.571328 | auc: 0.653930 | avg of last 10 auc: 0.623538
2025-06-20 15:30:55 INFO: Epoch:  23 | train loss: 0.532206 | test loss: 0.583914 | auc: 0.644645 | avg of last 10 auc: 0.628597
2025-06-20 15:31:08 INFO: Epoch:  24 | train loss: 0.542409 | test loss: 0.614337 | auc: 0.667054 | avg of last 10 auc: 0.634100
2025-06-20 15:31:22 INFO: Epoch:  25 | train loss: 0.541750 | test loss: 0.605756 | auc: 0.599778 | avg of last 10 auc: 0.637007
2025-06-20 15:31:35 INFO: Epoch:  26 | train loss: 0.542808 | test loss: 0.565141 | auc: 0.664271 | avg of last 10 auc: 0.631190
2025-06-20 15:31:48 INFO: Epoch:  27 | train loss: 0.518606 | test loss: 0.600091 | auc: 0.623872 | avg of last 10 auc: 0.633974
2025-06-20 15:32:01 INFO: Epoch:  28 | train loss: 0.526712 | test loss: 0.634046 | auc: 0.657935 | avg of last 10 auc: 0.632581
2025-06-20 15:32:14 INFO: Epoch:  29 | train loss: 0.519574 | test loss: 0.551859 | auc: 0.693533 | avg of last 10 auc: 0.636157
2025-06-20 15:32:28 INFO: Epoch:  30 | train loss: 0.510467 | test loss: 0.585883 | auc: 0.665575 | avg of last 10 auc: 0.641365
2025-06-20 15:32:42 INFO: Epoch:  31 | train loss: 0.500508 | test loss: 0.757452 | auc: 0.630585 | avg of last 10 auc: 0.648043
2025-06-20 15:32:57 INFO: Epoch:  32 | train loss: 0.505633 | test loss: 0.587462 | auc: 0.648325 | avg of last 10 auc: 0.650118
2025-06-20 15:33:12 INFO: Epoch:  33 | train loss: 0.512352 | test loss: 0.695758 | auc: 0.648688 | avg of last 10 auc: 0.649557
2025-06-20 15:33:25 INFO: Epoch:  34 | train loss: 0.509693 | test loss: 0.629203 | auc: 0.670864 | avg of last 10 auc: 0.649962
2025-06-20 15:33:38 INFO: Epoch:  35 | train loss: 0.501045 | test loss: 0.545868 | auc: 0.705943 | avg of last 10 auc: 0.650343
2025-06-20 15:33:51 INFO: Epoch:  36 | train loss: 0.505956 | test loss: 0.636480 | auc: 0.699528 | avg of last 10 auc: 0.660959
2025-06-20 15:34:05 INFO: Epoch:  37 | train loss: 0.507118 | test loss: 0.683305 | auc: 0.664414 | avg of last 10 auc: 0.664485
2025-06-20 15:34:19 INFO: Epoch:  38 | train loss: 0.492792 | test loss: 0.573825 | auc: 0.663125 | avg of last 10 auc: 0.668539
2025-06-20 15:34:32 INFO: Epoch:  39 | train loss: 0.480712 | test loss: 0.727912 | auc: 0.686799 | avg of last 10 auc: 0.669058
2025-06-20 15:34:45 INFO: Epoch:  40 | train loss: 0.485461 | test loss: 0.871623 | auc: 0.648989 | avg of last 10 auc: 0.668384
2025-06-20 15:34:59 INFO: Epoch:  41 | train loss: 0.478353 | test loss: 0.727627 | auc: 0.644991 | avg of last 10 auc: 0.666726
2025-06-20 15:35:14 INFO: Epoch:  42 | train loss: 0.473922 | test loss: 0.654213 | auc: 0.695252 | avg of last 10 auc: 0.668167
2025-06-20 15:35:30 INFO: Epoch:  43 | train loss: 0.470661 | test loss: 0.833774 | auc: 0.671195 | avg of last 10 auc: 0.672859
2025-06-20 15:35:45 INFO: Epoch:  44 | train loss: 0.463160 | test loss: 0.608671 | auc: 0.684018 | avg of last 10 auc: 0.675110
2025-06-20 15:36:00 INFO: Epoch:  45 | train loss: 0.454858 | test loss: 0.560396 | auc: 0.715053 | avg of last 10 auc: 0.676426
2025-06-20 15:36:16 INFO: Epoch:  46 | train loss: 0.477186 | test loss: 0.577636 | auc: 0.698970 | avg of last 10 auc: 0.677337
2025-06-20 15:36:30 INFO: Epoch:  47 | train loss: 0.457772 | test loss: 0.562845 | auc: 0.700557 | avg of last 10 auc: 0.677281
2025-06-20 15:36:44 INFO: Epoch:  48 | train loss: 0.445906 | test loss: 0.650659 | auc: 0.709812 | avg of last 10 auc: 0.680895
2025-06-20 15:36:58 INFO: Epoch:  49 | train loss: 0.447258 | test loss: 0.611962 | auc: 0.710222 | avg of last 10 auc: 0.685564
2025-06-20 15:37:11 INFO: Epoch:  50 | train loss: 0.457082 | test loss: 0.700116 | auc: 0.685544 | avg of last 10 auc: 0.687906
2025-06-20 15:37:26 INFO: Epoch:  51 | train loss: 0.448918 | test loss: 0.582977 | auc: 0.698857 | avg of last 10 auc: 0.691562
2025-06-20 15:37:40 INFO: Epoch:  52 | train loss: 0.425945 | test loss: 0.799188 | auc: 0.682040 | avg of last 10 auc: 0.696948
2025-06-20 15:37:53 INFO: Epoch:  53 | train loss: 0.459759 | test loss: 0.874241 | auc: 0.651771 | avg of last 10 auc: 0.695627
2025-06-20 15:38:06 INFO: Epoch:  54 | train loss: 0.438230 | test loss: 0.937549 | auc: 0.685754 | avg of last 10 auc: 0.693685
2025-06-20 15:38:19 INFO: Epoch:  55 | train loss: 0.410813 | test loss: 0.586296 | auc: 0.718896 | avg of last 10 auc: 0.693858
2025-06-20 15:38:32 INFO: Epoch:  56 | train loss: 0.422728 | test loss: 0.735055 | auc: 0.720851 | avg of last 10 auc: 0.694242
2025-06-20 15:38:45 INFO: Epoch:  57 | train loss: 0.418644 | test loss: 0.606555 | auc: 0.705581 | avg of last 10 auc: 0.696431
2025-06-20 15:38:59 INFO: Epoch:  58 | train loss: 0.417420 | test loss: 0.700700 | auc: 0.711102 | avg of last 10 auc: 0.696933
2025-06-20 15:39:12 INFO: Epoch:  59 | train loss: 0.403259 | test loss: 0.991660 | auc: 0.700526 | avg of last 10 auc: 0.697062
2025-06-20 15:39:26 INFO: Epoch:  60 | train loss: 0.400152 | test loss: 0.881496 | auc: 0.699312 | avg of last 10 auc: 0.696092
2025-06-20 15:39:40 INFO: Epoch:  61 | train loss: 0.381675 | test loss: 0.739938 | auc: 0.708864 | avg of last 10 auc: 0.697469
2025-06-20 15:39:54 INFO: Epoch:  62 | train loss: 0.387404 | test loss: 0.655637 | auc: 0.728602 | avg of last 10 auc: 0.698470
2025-06-20 15:40:08 INFO: Epoch:  63 | train loss: 0.390625 | test loss: 0.681791 | auc: 0.709444 | avg of last 10 auc: 0.703126
2025-06-20 15:40:21 INFO: Epoch:  64 | train loss: 0.406242 | test loss: 0.663539 | auc: 0.677724 | avg of last 10 auc: 0.708893
2025-06-20 15:40:34 INFO: Epoch:  65 | train loss: 0.382390 | test loss: 0.692623 | auc: 0.704549 | avg of last 10 auc: 0.708090
2025-06-20 15:40:47 INFO: Epoch:  66 | train loss: 0.366663 | test loss: 1.095706 | auc: 0.694498 | avg of last 10 auc: 0.706656
2025-06-20 15:41:00 INFO: Epoch:  67 | train loss: 0.362565 | test loss: 0.784712 | auc: 0.683354 | avg of last 10 auc: 0.704020
2025-06-20 15:41:14 INFO: Epoch:  68 | train loss: 0.386225 | test loss: 0.725050 | auc: 0.703978 | avg of last 10 auc: 0.701798
2025-06-20 15:41:31 INFO: Epoch:  69 | train loss: 0.375438 | test loss: 0.821954 | auc: 0.703902 | avg of last 10 auc: 0.701085
2025-06-20 15:41:46 INFO: Epoch:  70 | train loss: 0.372548 | test loss: 0.710478 | auc: 0.664120 | avg of last 10 auc: 0.701423
2025-06-20 15:41:59 INFO: Epoch:  71 | train loss: 0.359565 | test loss: 0.801887 | auc: 0.671603 | avg of last 10 auc: 0.697904
2025-06-20 15:42:12 INFO: Epoch:  72 | train loss: 0.348391 | test loss: 0.733567 | auc: 0.676695 | avg of last 10 auc: 0.694177
2025-06-20 15:42:25 INFO: Epoch:  73 | train loss: 0.359043 | test loss: 0.714379 | auc: 0.675827 | avg of last 10 auc: 0.688987
2025-06-20 15:42:38 INFO: Epoch:  74 | train loss: 0.342656 | test loss: 0.727969 | auc: 0.686723 | avg of last 10 auc: 0.685625
2025-06-20 15:42:51 INFO: Epoch:  75 | train loss: 0.306686 | test loss: 0.991322 | auc: 0.695392 | avg of last 10 auc: 0.686525
2025-06-20 15:43:04 INFO: Epoch:  76 | train loss: 0.329588 | test loss: 0.761467 | auc: 0.681774 | avg of last 10 auc: 0.685609
2025-06-20 15:43:17 INFO: Epoch:  77 | train loss: 0.312687 | test loss: 1.305888 | auc: 0.666178 | avg of last 10 auc: 0.684337
2025-06-20 15:43:32 INFO: Epoch:  78 | train loss: 0.322903 | test loss: 0.996523 | auc: 0.687623 | avg of last 10 auc: 0.682619
2025-06-20 15:43:47 INFO: Epoch:  79 | train loss: 0.322329 | test loss: 1.092836 | auc: 0.670136 | avg of last 10 auc: 0.680984
2025-06-20 15:44:01 INFO: Epoch:  80 | train loss: 0.324403 | test loss: 0.824521 | auc: 0.701487 | avg of last 10 auc: 0.677607
