2025-06-21 00:41:24 INFO: Start finetuning:
2025-06-21 00:41:24 INFO: Arguments: Namespace(epoch=80, batch_size=16, lr=0.0005, model_path_in_folder='pretrain/80epoch.pth', folder_path='experiments/experiment_mask_non_ROI_16px', seed=None, patience=10, repeats=2, add_to_run_num=3, save_every=1)
2025-06-21 00:41:24 INFO: Using device: cuda:0
2025-06-21 00:43:04 INFO: Epoch:   1 | train loss: 0.583531 | test loss: 0.594003 | auc: 0.556546 | avg of last 10 auc: nan
2025-06-21 00:43:16 INFO: Epoch:   2 | train loss: 0.577021 | test loss: 0.592144 | auc: 0.560708 | avg of last 10 auc: 0.556546
2025-06-21 00:43:28 INFO: Epoch:   3 | train loss: 0.565029 | test loss: 0.598571 | auc: 0.565172 | avg of last 10 auc: 0.558627
2025-06-21 00:43:40 INFO: Epoch:   4 | train loss: 0.562863 | test loss: 0.591438 | auc: 0.573193 | avg of last 10 auc: 0.560809
2025-06-21 00:43:52 INFO: Epoch:   5 | train loss: 0.568040 | test loss: 0.610693 | auc: 0.574449 | avg of last 10 auc: 0.563905
2025-06-21 00:44:05 INFO: Epoch:   6 | train loss: 0.567254 | test loss: 0.588115 | auc: 0.584144 | avg of last 10 auc: 0.566014
2025-06-21 00:44:17 INFO: Epoch:   7 | train loss: 0.569347 | test loss: 0.603125 | auc: 0.582752 | avg of last 10 auc: 0.569035
2025-06-21 00:44:30 INFO: Epoch:   8 | train loss: 0.557744 | test loss: 0.593808 | auc: 0.609266 | avg of last 10 auc: 0.570995
2025-06-21 00:44:42 INFO: Epoch:   9 | train loss: 0.573244 | test loss: 0.586686 | auc: 0.614264 | avg of last 10 auc: 0.575779
2025-06-21 00:44:55 INFO: Epoch:  10 | train loss: 0.556947 | test loss: 0.594771 | auc: 0.592815 | avg of last 10 auc: 0.580055
2025-06-21 00:45:08 INFO: Epoch:  11 | train loss: 0.562487 | test loss: 0.596676 | auc: 0.596439 | avg of last 10 auc: 0.581331
2025-06-21 00:45:21 INFO: Epoch:  12 | train loss: 0.566741 | test loss: 0.623180 | auc: 0.608786 | avg of last 10 auc: 0.585320
2025-06-21 00:45:33 INFO: Epoch:  13 | train loss: 0.564837 | test loss: 0.589855 | auc: 0.593692 | avg of last 10 auc: 0.590128
2025-06-21 00:45:46 INFO: Epoch:  14 | train loss: 0.562113 | test loss: 0.635535 | auc: 0.605797 | avg of last 10 auc: 0.592980
2025-06-21 00:45:59 INFO: Epoch:  15 | train loss: 0.553489 | test loss: 0.594515 | auc: 0.633192 | avg of last 10 auc: 0.596240
2025-06-21 00:46:12 INFO: Epoch:  16 | train loss: 0.554746 | test loss: 0.581077 | auc: 0.635122 | avg of last 10 auc: 0.602115
2025-06-21 00:46:24 INFO: Epoch:  17 | train loss: 0.550033 | test loss: 0.627287 | auc: 0.611073 | avg of last 10 auc: 0.607213
2025-06-21 00:46:36 INFO: Epoch:  18 | train loss: 0.572957 | test loss: 0.575092 | auc: 0.677342 | avg of last 10 auc: 0.610045
2025-06-21 00:46:49 INFO: Epoch:  19 | train loss: 0.558905 | test loss: 0.572267 | auc: 0.674388 | avg of last 10 auc: 0.616852
2025-06-21 00:47:01 INFO: Epoch:  20 | train loss: 0.545465 | test loss: 0.573997 | auc: 0.651759 | avg of last 10 auc: 0.622865
2025-06-21 00:47:14 INFO: Epoch:  21 | train loss: 0.551915 | test loss: 0.582925 | auc: 0.620042 | avg of last 10 auc: 0.628759
2025-06-21 00:47:27 INFO: Epoch:  22 | train loss: 0.555226 | test loss: 0.571513 | auc: 0.657949 | avg of last 10 auc: 0.631119
2025-06-21 00:47:40 INFO: Epoch:  23 | train loss: 0.545591 | test loss: 0.589632 | auc: 0.651922 | avg of last 10 auc: 0.636036
2025-06-21 00:47:53 INFO: Epoch:  24 | train loss: 0.531174 | test loss: 0.602379 | auc: 0.678063 | avg of last 10 auc: 0.641859
2025-06-21 00:48:06 INFO: Epoch:  25 | train loss: 0.539459 | test loss: 0.591541 | auc: 0.647239 | avg of last 10 auc: 0.649085
2025-06-21 00:48:19 INFO: Epoch:  26 | train loss: 0.532947 | test loss: 0.655597 | auc: 0.688982 | avg of last 10 auc: 0.650490
2025-06-21 00:48:32 INFO: Epoch:  27 | train loss: 0.537415 | test loss: 0.561995 | auc: 0.668321 | avg of last 10 auc: 0.655876
2025-06-21 00:48:45 INFO: Epoch:  28 | train loss: 0.538673 | test loss: 0.590552 | auc: 0.670774 | avg of last 10 auc: 0.661601
2025-06-21 00:48:58 INFO: Epoch:  29 | train loss: 0.523606 | test loss: 0.577602 | auc: 0.676504 | avg of last 10 auc: 0.660944
2025-06-21 00:49:11 INFO: Epoch:  30 | train loss: 0.541606 | test loss: 0.580715 | auc: 0.669923 | avg of last 10 auc: 0.661155
2025-06-21 00:49:24 INFO: Epoch:  31 | train loss: 0.523339 | test loss: 0.590892 | auc: 0.641169 | avg of last 10 auc: 0.662972
2025-06-21 00:49:37 INFO: Epoch:  32 | train loss: 0.528251 | test loss: 0.670076 | auc: 0.680055 | avg of last 10 auc: 0.665085
2025-06-21 00:49:50 INFO: Epoch:  33 | train loss: 0.511500 | test loss: 0.666208 | auc: 0.668461 | avg of last 10 auc: 0.667295
2025-06-21 00:50:03 INFO: Epoch:  34 | train loss: 0.508597 | test loss: 0.626881 | auc: 0.675012 | avg of last 10 auc: 0.668949
2025-06-21 00:50:15 INFO: Epoch:  35 | train loss: 0.534758 | test loss: 0.601515 | auc: 0.682436 | avg of last 10 auc: 0.668644
2025-06-21 00:50:27 INFO: Epoch:  36 | train loss: 0.512417 | test loss: 0.588788 | auc: 0.654854 | avg of last 10 auc: 0.672164
2025-06-21 00:50:40 INFO: Epoch:  37 | train loss: 0.522861 | test loss: 0.629400 | auc: 0.684798 | avg of last 10 auc: 0.668751
2025-06-21 00:50:53 INFO: Epoch:  38 | train loss: 0.499247 | test loss: 0.630083 | auc: 0.611870 | avg of last 10 auc: 0.670399
2025-06-21 00:51:06 INFO: Epoch:  39 | train loss: 0.520697 | test loss: 0.565485 | auc: 0.692139 | avg of last 10 auc: 0.664508
2025-06-21 00:51:19 INFO: Epoch:  40 | train loss: 0.506424 | test loss: 0.575384 | auc: 0.648081 | avg of last 10 auc: 0.666072
2025-06-21 00:51:32 INFO: Epoch:  41 | train loss: 0.490392 | test loss: 0.575436 | auc: 0.675132 | avg of last 10 auc: 0.663888
2025-06-21 00:51:45 INFO: Epoch:  42 | train loss: 0.496265 | test loss: 0.542708 | auc: 0.708401 | avg of last 10 auc: 0.667284
2025-06-21 00:51:58 INFO: Epoch:  43 | train loss: 0.499769 | test loss: 0.537958 | auc: 0.720524 | avg of last 10 auc: 0.670118
2025-06-21 00:52:12 INFO: Epoch:  44 | train loss: 0.487929 | test loss: 0.574678 | auc: 0.691996 | avg of last 10 auc: 0.675325
2025-06-21 00:52:25 INFO: Epoch:  45 | train loss: 0.484709 | test loss: 0.546926 | auc: 0.713959 | avg of last 10 auc: 0.677023
2025-06-21 00:52:38 INFO: Epoch:  46 | train loss: 0.473320 | test loss: 0.563189 | auc: 0.708173 | avg of last 10 auc: 0.680175
2025-06-21 00:52:51 INFO: Epoch:  47 | train loss: 0.478254 | test loss: 0.591859 | auc: 0.696799 | avg of last 10 auc: 0.685507
2025-06-21 00:53:04 INFO: Epoch:  48 | train loss: 0.468737 | test loss: 0.556707 | auc: 0.699903 | avg of last 10 auc: 0.686708
2025-06-21 00:53:17 INFO: Epoch:  49 | train loss: 0.472368 | test loss: 0.602492 | auc: 0.710381 | avg of last 10 auc: 0.695511
2025-06-21 00:53:29 INFO: Epoch:  50 | train loss: 0.441929 | test loss: 0.595687 | auc: 0.692810 | avg of last 10 auc: 0.697335
2025-06-21 00:53:42 INFO: Epoch:  51 | train loss: 0.456376 | test loss: 0.609021 | auc: 0.697558 | avg of last 10 auc: 0.701808
2025-06-21 00:53:54 INFO: Epoch:  52 | train loss: 0.464606 | test loss: 0.551851 | auc: 0.706186 | avg of last 10 auc: 0.704050
2025-06-21 00:54:07 INFO: Epoch:  53 | train loss: 0.445853 | test loss: 0.582796 | auc: 0.680969 | avg of last 10 auc: 0.703829
2025-06-21 00:54:20 INFO: Epoch:  54 | train loss: 0.454485 | test loss: 0.555569 | auc: 0.714941 | avg of last 10 auc: 0.699873
2025-06-21 00:54:33 INFO: Epoch:  55 | train loss: 0.441920 | test loss: 0.589152 | auc: 0.714394 | avg of last 10 auc: 0.702168
2025-06-21 00:54:46 INFO: Epoch:  56 | train loss: 0.431699 | test loss: 0.566445 | auc: 0.722686 | avg of last 10 auc: 0.702211
2025-06-21 00:54:59 INFO: Epoch:  57 | train loss: 0.413455 | test loss: 0.683316 | auc: 0.708164 | avg of last 10 auc: 0.703663
2025-06-21 00:55:12 INFO: Epoch:  58 | train loss: 0.423837 | test loss: 0.748711 | auc: 0.698392 | avg of last 10 auc: 0.704799
2025-06-21 00:55:24 INFO: Epoch:  59 | train loss: 0.439364 | test loss: 0.741757 | auc: 0.674491 | avg of last 10 auc: 0.704648
2025-06-21 00:55:37 INFO: Epoch:  60 | train loss: 0.438863 | test loss: 0.699249 | auc: 0.707119 | avg of last 10 auc: 0.701059
2025-06-21 00:55:49 INFO: Epoch:  61 | train loss: 0.405099 | test loss: 0.623169 | auc: 0.649729 | avg of last 10 auc: 0.702490
2025-06-21 00:56:02 INFO: Epoch:  62 | train loss: 0.413654 | test loss: 0.619606 | auc: 0.698959 | avg of last 10 auc: 0.697707
2025-06-21 00:56:14 INFO: Epoch:  63 | train loss: 0.401768 | test loss: 0.783703 | auc: 0.729471 | avg of last 10 auc: 0.696984
2025-06-21 00:56:26 INFO: Epoch:  64 | train loss: 0.410005 | test loss: 0.633640 | auc: 0.689157 | avg of last 10 auc: 0.701835
2025-06-21 00:56:39 INFO: Epoch:  65 | train loss: 0.422114 | test loss: 0.857090 | auc: 0.693241 | avg of last 10 auc: 0.699256
2025-06-21 00:56:52 INFO: Epoch:  66 | train loss: 0.370983 | test loss: 0.710010 | auc: 0.728365 | avg of last 10 auc: 0.697141
2025-06-21 00:57:05 INFO: Epoch:  67 | train loss: 0.380211 | test loss: 0.699337 | auc: 0.726350 | avg of last 10 auc: 0.697709
2025-06-21 00:57:18 INFO: Epoch:  68 | train loss: 0.387674 | test loss: 0.658791 | auc: 0.669803 | avg of last 10 auc: 0.699527
2025-06-21 00:57:30 INFO: Epoch:  69 | train loss: 0.372039 | test loss: 0.839167 | auc: 0.698908 | avg of last 10 auc: 0.696669
2025-06-21 00:57:42 INFO: Epoch:  70 | train loss: 0.356710 | test loss: 0.858672 | auc: 0.696127 | avg of last 10 auc: 0.699110
2025-06-21 00:57:54 INFO: Epoch:  71 | train loss: 0.364368 | test loss: 0.669763 | auc: 0.686182 | avg of last 10 auc: 0.698011
2025-06-21 00:58:07 INFO: Epoch:  72 | train loss: 0.325081 | test loss: 0.669434 | auc: 0.700593 | avg of last 10 auc: 0.701656
2025-06-21 00:58:19 INFO: Epoch:  73 | train loss: 0.345145 | test loss: 0.820063 | auc: 0.675332 | avg of last 10 auc: 0.701820
2025-06-21 00:58:31 INFO: Epoch:  74 | train loss: 0.315351 | test loss: 0.789960 | auc: 0.714853 | avg of last 10 auc: 0.696406
2025-06-21 00:58:44 INFO: Epoch:  75 | train loss: 0.342429 | test loss: 0.792455 | auc: 0.695286 | avg of last 10 auc: 0.698975
2025-06-21 00:58:56 INFO: Epoch:  76 | train loss: 0.335031 | test loss: 0.753615 | auc: 0.704769 | avg of last 10 auc: 0.699180
2025-06-21 00:59:09 INFO: Epoch:  77 | train loss: 0.320350 | test loss: 0.744367 | auc: 0.700302 | avg of last 10 auc: 0.696820
2025-06-21 00:59:22 INFO: Epoch:  78 | train loss: 0.308384 | test loss: 0.705062 | auc: 0.673847 | avg of last 10 auc: 0.694215
2025-06-21 00:59:35 INFO: Epoch:  79 | train loss: 0.324574 | test loss: 0.721300 | auc: 0.691516 | avg of last 10 auc: 0.694620
2025-06-21 00:59:47 INFO: Epoch:  80 | train loss: 0.312467 | test loss: 0.975071 | auc: 0.686998 | avg of last 10 auc: 0.693881
