2025-06-20 05:44:38 INFO: Start finetuning:
2025-06-20 05:44:38 INFO: Arguments: Namespace(epoch=80, batch_size=16, lr=0.0005, model_path_in_folder='pretrain/80epoch.pth', folder_path='experiments/experiment_mask_ROI_16px', seed=None, patience=10, repeats=3, save_every=1)
2025-06-20 05:44:38 INFO: Using device: cuda:0
2025-06-20 05:46:09 INFO: Epoch:   1 | train loss: 0.603502 | test loss: 0.592363 | auc: 0.576729 | avg of last 10 auc: nan
2025-06-20 05:46:22 INFO: Epoch:   2 | train loss: 0.577105 | test loss: 0.597447 | auc: 0.542815 | avg of last 10 auc: 0.576729
2025-06-20 05:46:34 INFO: Epoch:   3 | train loss: 0.580327 | test loss: 0.594056 | auc: 0.561438 | avg of last 10 auc: 0.559772
2025-06-20 05:46:46 INFO: Epoch:   4 | train loss: 0.559430 | test loss: 0.593240 | auc: 0.566937 | avg of last 10 auc: 0.560328
2025-06-20 05:46:58 INFO: Epoch:   5 | train loss: 0.571652 | test loss: 0.596718 | auc: 0.585702 | avg of last 10 auc: 0.561980
2025-06-20 05:47:11 INFO: Epoch:   6 | train loss: 0.569364 | test loss: 0.589849 | auc: 0.596844 | avg of last 10 auc: 0.566725
2025-06-20 05:47:23 INFO: Epoch:   7 | train loss: 0.564708 | test loss: 0.590813 | auc: 0.588994 | avg of last 10 auc: 0.571744
2025-06-20 05:47:35 INFO: Epoch:   8 | train loss: 0.563831 | test loss: 0.583276 | auc: 0.620707 | avg of last 10 auc: 0.574209
2025-06-20 05:47:47 INFO: Epoch:   9 | train loss: 0.566248 | test loss: 0.592028 | auc: 0.604254 | avg of last 10 auc: 0.580021
2025-06-20 05:47:59 INFO: Epoch:  10 | train loss: 0.560333 | test loss: 0.595718 | auc: 0.620152 | avg of last 10 auc: 0.582714
2025-06-20 05:48:12 INFO: Epoch:  11 | train loss: 0.563860 | test loss: 0.585275 | auc: 0.609408 | avg of last 10 auc: 0.586457
2025-06-20 05:48:24 INFO: Epoch:  12 | train loss: 0.556761 | test loss: 0.602707 | auc: 0.610016 | avg of last 10 auc: 0.589725
2025-06-20 05:48:36 INFO: Epoch:  13 | train loss: 0.556345 | test loss: 0.585183 | auc: 0.627284 | avg of last 10 auc: 0.596445
2025-06-20 05:48:49 INFO: Epoch:  14 | train loss: 0.563746 | test loss: 0.595849 | auc: 0.607013 | avg of last 10 auc: 0.603030
2025-06-20 05:49:01 INFO: Epoch:  15 | train loss: 0.550942 | test loss: 0.584171 | auc: 0.615974 | avg of last 10 auc: 0.607038
2025-06-20 05:49:13 INFO: Epoch:  16 | train loss: 0.569829 | test loss: 0.582153 | auc: 0.643717 | avg of last 10 auc: 0.610065
2025-06-20 05:49:26 INFO: Epoch:  17 | train loss: 0.564366 | test loss: 0.583897 | auc: 0.628403 | avg of last 10 auc: 0.614752
2025-06-20 05:49:39 INFO: Epoch:  18 | train loss: 0.558913 | test loss: 0.577403 | auc: 0.656117 | avg of last 10 auc: 0.618693
2025-06-20 05:49:52 INFO: Epoch:  19 | train loss: 0.555107 | test loss: 0.582597 | auc: 0.627835 | avg of last 10 auc: 0.622234
2025-06-20 05:50:04 INFO: Epoch:  20 | train loss: 0.549260 | test loss: 0.587896 | auc: 0.659270 | avg of last 10 auc: 0.624592
2025-06-20 05:50:16 INFO: Epoch:  21 | train loss: 0.559892 | test loss: 0.594778 | auc: 0.627997 | avg of last 10 auc: 0.628504
2025-06-20 05:50:29 INFO: Epoch:  22 | train loss: 0.552579 | test loss: 0.574395 | auc: 0.654349 | avg of last 10 auc: 0.630363
2025-06-20 05:50:41 INFO: Epoch:  23 | train loss: 0.558315 | test loss: 0.604106 | auc: 0.648773 | avg of last 10 auc: 0.634796
2025-06-20 05:50:54 INFO: Epoch:  24 | train loss: 0.552330 | test loss: 0.573889 | auc: 0.673956 | avg of last 10 auc: 0.636945
2025-06-20 05:51:06 INFO: Epoch:  25 | train loss: 0.551553 | test loss: 0.585461 | auc: 0.656590 | avg of last 10 auc: 0.643639
2025-06-20 05:51:18 INFO: Epoch:  26 | train loss: 0.542199 | test loss: 0.586492 | auc: 0.634122 | avg of last 10 auc: 0.647701
2025-06-20 05:51:30 INFO: Epoch:  27 | train loss: 0.546822 | test loss: 0.590510 | auc: 0.636058 | avg of last 10 auc: 0.646741
2025-06-20 05:51:42 INFO: Epoch:  28 | train loss: 0.547763 | test loss: 0.599589 | auc: 0.617995 | avg of last 10 auc: 0.647507
2025-06-20 05:51:55 INFO: Epoch:  29 | train loss: 0.555455 | test loss: 0.584733 | auc: 0.648408 | avg of last 10 auc: 0.643694
2025-06-20 05:52:07 INFO: Epoch:  30 | train loss: 0.538838 | test loss: 0.578776 | auc: 0.636702 | avg of last 10 auc: 0.645752
2025-06-20 05:52:19 INFO: Epoch:  31 | train loss: 0.535308 | test loss: 0.582958 | auc: 0.654193 | avg of last 10 auc: 0.643495
2025-06-20 05:52:31 INFO: Epoch:  32 | train loss: 0.541931 | test loss: 0.568910 | auc: 0.664189 | avg of last 10 auc: 0.646115
2025-06-20 05:52:43 INFO: Epoch:  33 | train loss: 0.549799 | test loss: 0.565372 | auc: 0.669369 | avg of last 10 auc: 0.647099
2025-06-20 05:52:56 INFO: Epoch:  34 | train loss: 0.552750 | test loss: 0.581698 | auc: 0.649410 | avg of last 10 auc: 0.649158
2025-06-20 05:53:08 INFO: Epoch:  35 | train loss: 0.546824 | test loss: 0.572468 | auc: 0.670300 | avg of last 10 auc: 0.646704
2025-06-20 05:53:20 INFO: Epoch:  36 | train loss: 0.551693 | test loss: 0.572243 | auc: 0.658051 | avg of last 10 auc: 0.648075
2025-06-20 05:53:33 INFO: Epoch:  37 | train loss: 0.526646 | test loss: 0.579232 | auc: 0.639225 | avg of last 10 auc: 0.650468
2025-06-20 05:53:45 INFO: Epoch:  38 | train loss: 0.536637 | test loss: 0.574376 | auc: 0.665880 | avg of last 10 auc: 0.650784
2025-06-20 05:53:57 INFO: Epoch:  39 | train loss: 0.520407 | test loss: 0.727185 | auc: 0.648874 | avg of last 10 auc: 0.655573
2025-06-20 05:54:09 INFO: Epoch:  40 | train loss: 0.519585 | test loss: 0.598913 | auc: 0.666464 | avg of last 10 auc: 0.655619
2025-06-20 05:54:22 INFO: Epoch:  41 | train loss: 0.525082 | test loss: 0.567369 | auc: 0.661648 | avg of last 10 auc: 0.658596
2025-06-20 05:54:34 INFO: Epoch:  42 | train loss: 0.525614 | test loss: 0.574042 | auc: 0.632558 | avg of last 10 auc: 0.659341
2025-06-20 05:54:46 INFO: Epoch:  43 | train loss: 0.524168 | test loss: 0.559171 | auc: 0.675569 | avg of last 10 auc: 0.656178
2025-06-20 05:54:58 INFO: Epoch:  44 | train loss: 0.517373 | test loss: 0.568490 | auc: 0.669544 | avg of last 10 auc: 0.656798
2025-06-20 05:55:11 INFO: Epoch:  45 | train loss: 0.515298 | test loss: 0.631466 | auc: 0.665409 | avg of last 10 auc: 0.658811
2025-06-20 05:55:23 INFO: Epoch:  46 | train loss: 0.515463 | test loss: 0.615319 | auc: 0.671506 | avg of last 10 auc: 0.658322
2025-06-20 05:55:35 INFO: Epoch:  47 | train loss: 0.512549 | test loss: 0.572643 | auc: 0.710710 | avg of last 10 auc: 0.659668
2025-06-20 05:55:47 INFO: Epoch:  48 | train loss: 0.520524 | test loss: 0.581705 | auc: 0.648652 | avg of last 10 auc: 0.666816
2025-06-20 05:55:59 INFO: Epoch:  49 | train loss: 0.523486 | test loss: 0.574717 | auc: 0.676315 | avg of last 10 auc: 0.665093
2025-06-20 05:56:11 INFO: Epoch:  50 | train loss: 0.521047 | test loss: 0.553796 | auc: 0.699576 | avg of last 10 auc: 0.667838
2025-06-20 05:56:24 INFO: Epoch:  51 | train loss: 0.494207 | test loss: 0.570309 | auc: 0.703332 | avg of last 10 auc: 0.671149
2025-06-20 05:56:36 INFO: Epoch:  52 | train loss: 0.496246 | test loss: 0.557201 | auc: 0.683507 | avg of last 10 auc: 0.675317
2025-06-20 05:56:48 INFO: Epoch:  53 | train loss: 0.492529 | test loss: 0.610693 | auc: 0.644024 | avg of last 10 auc: 0.680412
2025-06-20 05:57:00 INFO: Epoch:  54 | train loss: 0.514483 | test loss: 0.639154 | auc: 0.708765 | avg of last 10 auc: 0.677258
2025-06-20 05:57:13 INFO: Epoch:  55 | train loss: 0.499089 | test loss: 0.626474 | auc: 0.693122 | avg of last 10 auc: 0.681180
2025-06-20 05:57:25 INFO: Epoch:  56 | train loss: 0.488150 | test loss: 0.615159 | auc: 0.688223 | avg of last 10 auc: 0.683951
2025-06-20 05:57:37 INFO: Epoch:  57 | train loss: 0.494227 | test loss: 0.565182 | auc: 0.708300 | avg of last 10 auc: 0.685623
2025-06-20 05:57:49 INFO: Epoch:  58 | train loss: 0.492180 | test loss: 0.598894 | auc: 0.679635 | avg of last 10 auc: 0.685382
2025-06-20 05:58:02 INFO: Epoch:  59 | train loss: 0.478479 | test loss: 0.561434 | auc: 0.701196 | avg of last 10 auc: 0.688480
2025-06-20 05:58:14 INFO: Epoch:  60 | train loss: 0.489576 | test loss: 0.613623 | auc: 0.682115 | avg of last 10 auc: 0.690968
2025-06-20 05:58:26 INFO: Epoch:  61 | train loss: 0.472940 | test loss: 0.682960 | auc: 0.690259 | avg of last 10 auc: 0.689222
2025-06-20 05:58:38 INFO: Epoch:  62 | train loss: 0.461382 | test loss: 0.591268 | auc: 0.692150 | avg of last 10 auc: 0.687915
2025-06-20 05:58:51 INFO: Epoch:  63 | train loss: 0.448936 | test loss: 0.784052 | auc: 0.683523 | avg of last 10 auc: 0.688779
2025-06-20 05:59:03 INFO: Epoch:  64 | train loss: 0.464486 | test loss: 0.645271 | auc: 0.686988 | avg of last 10 auc: 0.692729
2025-06-20 05:59:15 INFO: Epoch:  65 | train loss: 0.463338 | test loss: 0.618812 | auc: 0.621299 | avg of last 10 auc: 0.690551
2025-06-20 05:59:27 INFO: Epoch:  66 | train loss: 0.446009 | test loss: 0.561004 | auc: 0.722461 | avg of last 10 auc: 0.683369
2025-06-20 05:59:40 INFO: Epoch:  67 | train loss: 0.449025 | test loss: 0.564066 | auc: 0.705558 | avg of last 10 auc: 0.686793
2025-06-20 05:59:52 INFO: Epoch:  68 | train loss: 0.470790 | test loss: 0.594052 | auc: 0.698548 | avg of last 10 auc: 0.686518
2025-06-20 06:00:04 INFO: Epoch:  69 | train loss: 0.430405 | test loss: 0.624441 | auc: 0.658829 | avg of last 10 auc: 0.688410
2025-06-20 06:00:16 INFO: Epoch:  70 | train loss: 0.464199 | test loss: 0.611651 | auc: 0.675228 | avg of last 10 auc: 0.684173
2025-06-20 06:00:29 INFO: Epoch:  71 | train loss: 0.442138 | test loss: 0.601956 | auc: 0.718620 | avg of last 10 auc: 0.683484
2025-06-20 06:00:41 INFO: Epoch:  72 | train loss: 0.417369 | test loss: 0.571652 | auc: 0.700755 | avg of last 10 auc: 0.686320
2025-06-20 06:00:53 INFO: Epoch:  73 | train loss: 0.449219 | test loss: 0.583436 | auc: 0.692592 | avg of last 10 auc: 0.687181
2025-06-20 06:01:05 INFO: Epoch:  74 | train loss: 0.429361 | test loss: 0.721950 | auc: 0.654593 | avg of last 10 auc: 0.688088
2025-06-20 06:01:18 INFO: Epoch:  75 | train loss: 0.426321 | test loss: 0.602367 | auc: 0.718461 | avg of last 10 auc: 0.684848
2025-06-20 06:01:30 INFO: Epoch:  76 | train loss: 0.426679 | test loss: 0.677920 | auc: 0.710897 | avg of last 10 auc: 0.694565
2025-06-20 06:01:42 INFO: Epoch:  77 | train loss: 0.427477 | test loss: 0.572868 | auc: 0.700006 | avg of last 10 auc: 0.693408
2025-06-20 06:01:55 INFO: Epoch:  78 | train loss: 0.410138 | test loss: 0.658118 | auc: 0.706722 | avg of last 10 auc: 0.692853
2025-06-20 06:02:07 INFO: Epoch:  79 | train loss: 0.409114 | test loss: 0.628094 | auc: 0.699140 | avg of last 10 auc: 0.693670
2025-06-20 06:02:19 INFO: Epoch:  80 | train loss: 0.400247 | test loss: 0.763018 | auc: 0.695260 | avg of last 10 auc: 0.697701
