2025-06-20 23:23:19 INFO: Start finetuning:
2025-06-20 23:23:19 INFO: Arguments: Namespace(epoch=80, batch_size=16, lr=0.0005, model_path_in_folder='pretrain/80epoch.pth', folder_path='experiments/experiment_mask_all_16px', seed=None, patience=10, repeats=2, add_to_run_num=3, save_every=1)
2025-06-20 23:23:19 INFO: Using device: cuda:0
2025-06-20 23:25:37 INFO: Epoch:   1 | train loss: 0.580216 | test loss: 0.593400 | auc: 0.555750 | avg of last 10 auc: nan
2025-06-20 23:25:50 INFO: Epoch:   2 | train loss: 0.577987 | test loss: 0.590969 | auc: 0.567578 | avg of last 10 auc: 0.555750
2025-06-20 23:26:02 INFO: Epoch:   3 | train loss: 0.563610 | test loss: 0.594852 | auc: 0.582510 | avg of last 10 auc: 0.561664
2025-06-20 23:26:14 INFO: Epoch:   4 | train loss: 0.570029 | test loss: 0.588273 | auc: 0.579280 | avg of last 10 auc: 0.568613
2025-06-20 23:26:26 INFO: Epoch:   5 | train loss: 0.571136 | test loss: 0.596226 | auc: 0.577373 | avg of last 10 auc: 0.571279
2025-06-20 23:26:39 INFO: Epoch:   6 | train loss: 0.566062 | test loss: 0.591891 | auc: 0.566331 | avg of last 10 auc: 0.572498
2025-06-20 23:26:51 INFO: Epoch:   7 | train loss: 0.562295 | test loss: 0.602239 | auc: 0.576173 | avg of last 10 auc: 0.571470
2025-06-20 23:27:03 INFO: Epoch:   8 | train loss: 0.559485 | test loss: 0.588557 | auc: 0.591352 | avg of last 10 auc: 0.572142
2025-06-20 23:27:15 INFO: Epoch:   9 | train loss: 0.578918 | test loss: 0.585900 | auc: 0.605775 | avg of last 10 auc: 0.574543
2025-06-20 23:27:28 INFO: Epoch:  10 | train loss: 0.560402 | test loss: 0.599241 | auc: 0.584739 | avg of last 10 auc: 0.578014
2025-06-20 23:27:40 INFO: Epoch:  11 | train loss: 0.564904 | test loss: 0.593651 | auc: 0.601757 | avg of last 10 auc: 0.578686
2025-06-20 23:27:52 INFO: Epoch:  12 | train loss: 0.565914 | test loss: 0.610872 | auc: 0.625991 | avg of last 10 auc: 0.583287
2025-06-20 23:28:05 INFO: Epoch:  13 | train loss: 0.562350 | test loss: 0.580846 | auc: 0.634490 | avg of last 10 auc: 0.589128
2025-06-20 23:28:18 INFO: Epoch:  14 | train loss: 0.565864 | test loss: 0.603327 | auc: 0.625138 | avg of last 10 auc: 0.594326
2025-06-20 23:28:31 INFO: Epoch:  15 | train loss: 0.550493 | test loss: 0.592385 | auc: 0.640256 | avg of last 10 auc: 0.598912
2025-06-20 23:28:44 INFO: Epoch:  16 | train loss: 0.553439 | test loss: 0.573675 | auc: 0.655841 | avg of last 10 auc: 0.605200
2025-06-20 23:28:57 INFO: Epoch:  17 | train loss: 0.542573 | test loss: 0.616396 | auc: 0.610939 | avg of last 10 auc: 0.614151
2025-06-20 23:29:10 INFO: Epoch:  18 | train loss: 0.569960 | test loss: 0.580078 | auc: 0.652502 | avg of last 10 auc: 0.617628
2025-06-20 23:29:24 INFO: Epoch:  19 | train loss: 0.560852 | test loss: 0.568599 | auc: 0.676259 | avg of last 10 auc: 0.623743
2025-06-20 23:29:36 INFO: Epoch:  20 | train loss: 0.540604 | test loss: 0.578087 | auc: 0.649336 | avg of last 10 auc: 0.630791
2025-06-20 23:29:49 INFO: Epoch:  21 | train loss: 0.551438 | test loss: 0.572264 | auc: 0.645307 | avg of last 10 auc: 0.637251
2025-06-20 23:30:01 INFO: Epoch:  22 | train loss: 0.556185 | test loss: 0.568173 | auc: 0.671863 | avg of last 10 auc: 0.641606
2025-06-20 23:30:13 INFO: Epoch:  23 | train loss: 0.542636 | test loss: 0.573237 | auc: 0.661731 | avg of last 10 auc: 0.646193
2025-06-20 23:30:26 INFO: Epoch:  24 | train loss: 0.528805 | test loss: 0.595374 | auc: 0.665576 | avg of last 10 auc: 0.648917
2025-06-20 23:30:40 INFO: Epoch:  25 | train loss: 0.536420 | test loss: 0.571726 | auc: 0.654086 | avg of last 10 auc: 0.652961
2025-06-20 23:30:53 INFO: Epoch:  26 | train loss: 0.530269 | test loss: 0.608350 | auc: 0.670543 | avg of last 10 auc: 0.654344
2025-06-20 23:31:05 INFO: Epoch:  27 | train loss: 0.536509 | test loss: 0.569123 | auc: 0.667279 | avg of last 10 auc: 0.655814
2025-06-20 23:31:19 INFO: Epoch:  28 | train loss: 0.542743 | test loss: 0.569581 | auc: 0.686601 | avg of last 10 auc: 0.661448
2025-06-20 23:31:32 INFO: Epoch:  29 | train loss: 0.526117 | test loss: 0.563442 | auc: 0.688374 | avg of last 10 auc: 0.664858
2025-06-20 23:31:45 INFO: Epoch:  30 | train loss: 0.533013 | test loss: 0.565335 | auc: 0.659262 | avg of last 10 auc: 0.666070
2025-06-20 23:31:58 INFO: Epoch:  31 | train loss: 0.523317 | test loss: 0.609036 | auc: 0.626380 | avg of last 10 auc: 0.667062
2025-06-20 23:32:10 INFO: Epoch:  32 | train loss: 0.526272 | test loss: 0.564995 | auc: 0.695318 | avg of last 10 auc: 0.665169
2025-06-20 23:32:24 INFO: Epoch:  33 | train loss: 0.501189 | test loss: 0.808393 | auc: 0.637287 | avg of last 10 auc: 0.667515
2025-06-20 23:32:37 INFO: Epoch:  34 | train loss: 0.522237 | test loss: 0.580754 | auc: 0.682123 | avg of last 10 auc: 0.665071
2025-06-20 23:32:50 INFO: Epoch:  35 | train loss: 0.535451 | test loss: 0.553398 | auc: 0.686327 | avg of last 10 auc: 0.666725
2025-06-20 23:33:03 INFO: Epoch:  36 | train loss: 0.514975 | test loss: 0.624588 | auc: 0.654012 | avg of last 10 auc: 0.669949
2025-06-20 23:33:17 INFO: Epoch:  37 | train loss: 0.517791 | test loss: 0.547963 | auc: 0.707375 | avg of last 10 auc: 0.668296
2025-06-20 23:33:30 INFO: Epoch:  38 | train loss: 0.500142 | test loss: 0.609495 | auc: 0.641197 | avg of last 10 auc: 0.672306
2025-06-20 23:33:43 INFO: Epoch:  39 | train loss: 0.513550 | test loss: 0.581022 | auc: 0.667782 | avg of last 10 auc: 0.667766
2025-06-20 23:33:56 INFO: Epoch:  40 | train loss: 0.501972 | test loss: 0.588599 | auc: 0.635943 | avg of last 10 auc: 0.665706
2025-06-20 23:34:09 INFO: Epoch:  41 | train loss: 0.486263 | test loss: 0.557923 | auc: 0.700718 | avg of last 10 auc: 0.663374
2025-06-20 23:34:23 INFO: Epoch:  42 | train loss: 0.500219 | test loss: 0.548769 | auc: 0.713141 | avg of last 10 auc: 0.670808
2025-06-20 23:34:36 INFO: Epoch:  43 | train loss: 0.492472 | test loss: 0.548605 | auc: 0.706253 | avg of last 10 auc: 0.672591
2025-06-20 23:34:49 INFO: Epoch:  44 | train loss: 0.480365 | test loss: 0.709071 | auc: 0.687489 | avg of last 10 auc: 0.679487
2025-06-20 23:35:02 INFO: Epoch:  45 | train loss: 0.488965 | test loss: 0.538533 | auc: 0.717317 | avg of last 10 auc: 0.680024
2025-06-20 23:35:15 INFO: Epoch:  46 | train loss: 0.469488 | test loss: 0.631762 | auc: 0.670672 | avg of last 10 auc: 0.683123
2025-06-20 23:35:28 INFO: Epoch:  47 | train loss: 0.481299 | test loss: 0.565486 | auc: 0.700847 | avg of last 10 auc: 0.684789
2025-06-20 23:35:41 INFO: Epoch:  48 | train loss: 0.467129 | test loss: 0.548322 | auc: 0.731494 | avg of last 10 auc: 0.684136
2025-06-20 23:35:54 INFO: Epoch:  49 | train loss: 0.475113 | test loss: 0.545941 | auc: 0.723455 | avg of last 10 auc: 0.693166
2025-06-20 23:36:07 INFO: Epoch:  50 | train loss: 0.452143 | test loss: 0.623193 | auc: 0.710861 | avg of last 10 auc: 0.698733
2025-06-20 23:36:20 INFO: Epoch:  51 | train loss: 0.468107 | test loss: 0.567225 | auc: 0.710623 | avg of last 10 auc: 0.706225
2025-06-20 23:36:33 INFO: Epoch:  52 | train loss: 0.462684 | test loss: 0.551756 | auc: 0.718887 | avg of last 10 auc: 0.707215
2025-06-20 23:36:46 INFO: Epoch:  53 | train loss: 0.442809 | test loss: 0.592271 | auc: 0.694740 | avg of last 10 auc: 0.707790
2025-06-20 23:36:59 INFO: Epoch:  54 | train loss: 0.465641 | test loss: 0.552133 | auc: 0.722682 | avg of last 10 auc: 0.706638
2025-06-20 23:37:12 INFO: Epoch:  55 | train loss: 0.445338 | test loss: 0.555891 | auc: 0.729013 | avg of last 10 auc: 0.710158
2025-06-20 23:37:25 INFO: Epoch:  56 | train loss: 0.424753 | test loss: 0.555526 | auc: 0.739580 | avg of last 10 auc: 0.711327
2025-06-20 23:37:38 INFO: Epoch:  57 | train loss: 0.422637 | test loss: 0.614349 | auc: 0.687702 | avg of last 10 auc: 0.718218
2025-06-20 23:37:51 INFO: Epoch:  58 | train loss: 0.426752 | test loss: 0.613883 | auc: 0.696173 | avg of last 10 auc: 0.716904
2025-06-20 23:38:04 INFO: Epoch:  59 | train loss: 0.441925 | test loss: 0.684805 | auc: 0.717841 | avg of last 10 auc: 0.713372
2025-06-20 23:38:17 INFO: Epoch:  60 | train loss: 0.439040 | test loss: 0.567387 | auc: 0.706760 | avg of last 10 auc: 0.712810
2025-06-20 23:38:30 INFO: Epoch:  61 | train loss: 0.409488 | test loss: 0.833403 | auc: 0.696968 | avg of last 10 auc: 0.712400
2025-06-20 23:38:42 INFO: Epoch:  62 | train loss: 0.428397 | test loss: 0.657408 | auc: 0.660868 | avg of last 10 auc: 0.711035
2025-06-20 23:38:56 INFO: Epoch:  63 | train loss: 0.412953 | test loss: 0.735392 | auc: 0.731259 | avg of last 10 auc: 0.705233
2025-06-20 23:39:09 INFO: Epoch:  64 | train loss: 0.392989 | test loss: 0.731490 | auc: 0.657083 | avg of last 10 auc: 0.708885
2025-06-20 23:39:22 INFO: Epoch:  65 | train loss: 0.425378 | test loss: 0.830230 | auc: 0.708887 | avg of last 10 auc: 0.702325
2025-06-20 23:39:35 INFO: Epoch:  66 | train loss: 0.376212 | test loss: 0.610302 | auc: 0.745080 | avg of last 10 auc: 0.700312
2025-06-20 23:39:48 INFO: Epoch:  67 | train loss: 0.396370 | test loss: 0.578167 | auc: 0.738866 | avg of last 10 auc: 0.700862
2025-06-20 23:40:01 INFO: Epoch:  68 | train loss: 0.381933 | test loss: 0.843064 | auc: 0.674768 | avg of last 10 auc: 0.705978
2025-06-20 23:40:14 INFO: Epoch:  69 | train loss: 0.384991 | test loss: 0.654379 | auc: 0.721504 | avg of last 10 auc: 0.703838
2025-06-20 23:40:27 INFO: Epoch:  70 | train loss: 0.374267 | test loss: 0.827316 | auc: 0.724477 | avg of last 10 auc: 0.704204
2025-06-20 23:40:40 INFO: Epoch:  71 | train loss: 0.379020 | test loss: 0.613493 | auc: 0.715594 | avg of last 10 auc: 0.705976
2025-06-20 23:40:53 INFO: Epoch:  72 | train loss: 0.342201 | test loss: 0.721815 | auc: 0.708030 | avg of last 10 auc: 0.707838
2025-06-20 23:41:06 INFO: Epoch:  73 | train loss: 0.373322 | test loss: 0.614949 | auc: 0.715323 | avg of last 10 auc: 0.712555
2025-06-20 23:41:20 INFO: Epoch:  74 | train loss: 0.337250 | test loss: 0.700050 | auc: 0.711767 | avg of last 10 auc: 0.710961
2025-06-20 23:41:33 INFO: Epoch:  75 | train loss: 0.338085 | test loss: 0.869256 | auc: 0.718756 | avg of last 10 auc: 0.716429
2025-06-20 23:41:46 INFO: Epoch:  76 | train loss: 0.321111 | test loss: 0.894965 | auc: 0.705808 | avg of last 10 auc: 0.717416
2025-06-20 23:41:59 INFO: Epoch:  77 | train loss: 0.330320 | test loss: 0.689928 | auc: 0.702789 | avg of last 10 auc: 0.713489
2025-06-20 23:42:12 INFO: Epoch:  78 | train loss: 0.321053 | test loss: 0.919235 | auc: 0.711567 | avg of last 10 auc: 0.709881
2025-06-20 23:42:25 INFO: Epoch:  79 | train loss: 0.334481 | test loss: 0.740098 | auc: 0.699539 | avg of last 10 auc: 0.713561
2025-06-20 23:42:38 INFO: Epoch:  80 | train loss: 0.320944 | test loss: 0.668469 | auc: 0.726510 | avg of last 10 auc: 0.711365
