2025-06-20 23:04:50 INFO: Start finetuning:
2025-06-20 23:04:50 INFO: Arguments: Namespace(epoch=80, batch_size=16, lr=0.0005, model_path_in_folder='pretrain/80epoch.pth', folder_path='experiments/experiment_mask_all_16px', seed=None, patience=10, repeats=2, add_to_run_num=3, save_every=1)
2025-06-20 23:04:50 INFO: Using device: cuda:0
2025-06-20 23:06:28 INFO: Epoch:   1 | train loss: 0.586397 | test loss: 0.590661 | auc: 0.567385 | avg of last 10 auc: nan
2025-06-20 23:06:41 INFO: Epoch:   2 | train loss: 0.565403 | test loss: 0.591904 | auc: 0.557534 | avg of last 10 auc: 0.567385
2025-06-20 23:06:53 INFO: Epoch:   3 | train loss: 0.563690 | test loss: 0.590291 | auc: 0.571383 | avg of last 10 auc: 0.562459
2025-06-20 23:07:05 INFO: Epoch:   4 | train loss: 0.565375 | test loss: 0.589371 | auc: 0.573664 | avg of last 10 auc: 0.565434
2025-06-20 23:07:17 INFO: Epoch:   5 | train loss: 0.564933 | test loss: 0.589390 | auc: 0.578096 | avg of last 10 auc: 0.567491
2025-06-20 23:07:29 INFO: Epoch:   6 | train loss: 0.572045 | test loss: 0.589261 | auc: 0.583074 | avg of last 10 auc: 0.569612
2025-06-20 23:07:41 INFO: Epoch:   7 | train loss: 0.566455 | test loss: 0.585177 | auc: 0.615521 | avg of last 10 auc: 0.571856
2025-06-20 23:07:53 INFO: Epoch:   8 | train loss: 0.570331 | test loss: 0.589397 | auc: 0.597216 | avg of last 10 auc: 0.578094
2025-06-20 23:08:05 INFO: Epoch:   9 | train loss: 0.566514 | test loss: 0.586728 | auc: 0.592807 | avg of last 10 auc: 0.580484
2025-06-20 23:08:17 INFO: Epoch:  10 | train loss: 0.565675 | test loss: 0.585168 | auc: 0.602611 | avg of last 10 auc: 0.581853
2025-06-20 23:08:29 INFO: Epoch:  11 | train loss: 0.560477 | test loss: 0.604285 | auc: 0.599058 | avg of last 10 auc: 0.583929
2025-06-20 23:08:42 INFO: Epoch:  12 | train loss: 0.572215 | test loss: 0.588446 | auc: 0.629707 | avg of last 10 auc: 0.587096
2025-06-20 23:08:54 INFO: Epoch:  13 | train loss: 0.555008 | test loss: 0.591293 | auc: 0.601688 | avg of last 10 auc: 0.594314
2025-06-20 23:09:06 INFO: Epoch:  14 | train loss: 0.562995 | test loss: 0.592884 | auc: 0.569337 | avg of last 10 auc: 0.597344
2025-06-20 23:09:19 INFO: Epoch:  15 | train loss: 0.558011 | test loss: 0.580534 | auc: 0.631478 | avg of last 10 auc: 0.596911
2025-06-20 23:09:31 INFO: Epoch:  16 | train loss: 0.563475 | test loss: 0.577454 | auc: 0.640919 | avg of last 10 auc: 0.602250
2025-06-20 23:09:43 INFO: Epoch:  17 | train loss: 0.556007 | test loss: 0.576948 | auc: 0.646426 | avg of last 10 auc: 0.608034
2025-06-20 23:09:55 INFO: Epoch:  18 | train loss: 0.560736 | test loss: 0.585991 | auc: 0.619120 | avg of last 10 auc: 0.611125
2025-06-20 23:10:07 INFO: Epoch:  19 | train loss: 0.554799 | test loss: 0.578495 | auc: 0.639765 | avg of last 10 auc: 0.613315
2025-06-20 23:10:21 INFO: Epoch:  20 | train loss: 0.537066 | test loss: 0.610122 | auc: 0.640810 | avg of last 10 auc: 0.618011
2025-06-20 23:10:33 INFO: Epoch:  21 | train loss: 0.554422 | test loss: 0.578381 | auc: 0.634942 | avg of last 10 auc: 0.621831
2025-06-20 23:10:46 INFO: Epoch:  22 | train loss: 0.558594 | test loss: 0.593838 | auc: 0.669213 | avg of last 10 auc: 0.625419
2025-06-20 23:10:58 INFO: Epoch:  23 | train loss: 0.547220 | test loss: 0.576542 | auc: 0.668013 | avg of last 10 auc: 0.629370
2025-06-20 23:11:11 INFO: Epoch:  24 | train loss: 0.546249 | test loss: 0.569528 | auc: 0.671175 | avg of last 10 auc: 0.636002
2025-06-20 23:11:23 INFO: Epoch:  25 | train loss: 0.541043 | test loss: 0.569801 | auc: 0.646891 | avg of last 10 auc: 0.646186
2025-06-20 23:11:35 INFO: Epoch:  26 | train loss: 0.539212 | test loss: 0.563670 | auc: 0.669583 | avg of last 10 auc: 0.647727
2025-06-20 23:11:48 INFO: Epoch:  27 | train loss: 0.544205 | test loss: 0.595294 | auc: 0.645768 | avg of last 10 auc: 0.650594
2025-06-20 23:12:00 INFO: Epoch:  28 | train loss: 0.548307 | test loss: 0.559232 | auc: 0.684395 | avg of last 10 auc: 0.650528
2025-06-20 23:12:12 INFO: Epoch:  29 | train loss: 0.534408 | test loss: 0.580671 | auc: 0.666694 | avg of last 10 auc: 0.657056
2025-06-20 23:12:25 INFO: Epoch:  30 | train loss: 0.524049 | test loss: 0.566582 | auc: 0.680008 | avg of last 10 auc: 0.659748
2025-06-20 23:12:37 INFO: Epoch:  31 | train loss: 0.524811 | test loss: 0.585565 | auc: 0.677557 | avg of last 10 auc: 0.663668
2025-06-20 23:12:49 INFO: Epoch:  32 | train loss: 0.528383 | test loss: 0.602022 | auc: 0.654499 | avg of last 10 auc: 0.667930
2025-06-20 23:13:03 INFO: Epoch:  33 | train loss: 0.540814 | test loss: 0.572203 | auc: 0.651807 | avg of last 10 auc: 0.666458
2025-06-20 23:13:16 INFO: Epoch:  34 | train loss: 0.541013 | test loss: 0.558295 | auc: 0.678834 | avg of last 10 auc: 0.664838
2025-06-20 23:13:29 INFO: Epoch:  35 | train loss: 0.529338 | test loss: 0.567775 | auc: 0.680730 | avg of last 10 auc: 0.665604
2025-06-20 23:13:42 INFO: Epoch:  36 | train loss: 0.504159 | test loss: 0.559009 | auc: 0.692515 | avg of last 10 auc: 0.668988
2025-06-20 23:13:54 INFO: Epoch:  37 | train loss: 0.517360 | test loss: 0.568063 | auc: 0.669737 | avg of last 10 auc: 0.671281
2025-06-20 23:14:06 INFO: Epoch:  38 | train loss: 0.521349 | test loss: 0.550845 | auc: 0.693011 | avg of last 10 auc: 0.673678
2025-06-20 23:14:19 INFO: Epoch:  39 | train loss: 0.505655 | test loss: 0.569663 | auc: 0.699013 | avg of last 10 auc: 0.674539
2025-06-20 23:14:31 INFO: Epoch:  40 | train loss: 0.499307 | test loss: 0.565843 | auc: 0.664755 | avg of last 10 auc: 0.677771
2025-06-20 23:14:44 INFO: Epoch:  41 | train loss: 0.493543 | test loss: 0.592054 | auc: 0.693749 | avg of last 10 auc: 0.676246
2025-06-20 23:14:56 INFO: Epoch:  42 | train loss: 0.494193 | test loss: 0.550258 | auc: 0.710982 | avg of last 10 auc: 0.677865
2025-06-20 23:15:09 INFO: Epoch:  43 | train loss: 0.490500 | test loss: 0.629982 | auc: 0.691751 | avg of last 10 auc: 0.683513
2025-06-20 23:15:21 INFO: Epoch:  44 | train loss: 0.482857 | test loss: 0.576033 | auc: 0.688238 | avg of last 10 auc: 0.687508
2025-06-20 23:15:35 INFO: Epoch:  45 | train loss: 0.471415 | test loss: 0.570142 | auc: 0.679479 | avg of last 10 auc: 0.688448
2025-06-20 23:15:48 INFO: Epoch:  46 | train loss: 0.493420 | test loss: 0.569399 | auc: 0.705813 | avg of last 10 auc: 0.688323
2025-06-20 23:16:01 INFO: Epoch:  47 | train loss: 0.463597 | test loss: 0.643748 | auc: 0.696797 | avg of last 10 auc: 0.689653
2025-06-20 23:16:14 INFO: Epoch:  48 | train loss: 0.478676 | test loss: 0.622531 | auc: 0.672800 | avg of last 10 auc: 0.692359
2025-06-20 23:16:27 INFO: Epoch:  49 | train loss: 0.485959 | test loss: 0.602719 | auc: 0.728270 | avg of last 10 auc: 0.690338
2025-06-20 23:16:40 INFO: Epoch:  50 | train loss: 0.463337 | test loss: 0.539854 | auc: 0.720495 | avg of last 10 auc: 0.693263
2025-06-20 23:16:52 INFO: Epoch:  51 | train loss: 0.454871 | test loss: 0.702703 | auc: 0.700647 | avg of last 10 auc: 0.698837
2025-06-20 23:17:04 INFO: Epoch:  52 | train loss: 0.453777 | test loss: 0.602816 | auc: 0.724194 | avg of last 10 auc: 0.699527
2025-06-20 23:17:16 INFO: Epoch:  53 | train loss: 0.444351 | test loss: 0.637232 | auc: 0.718717 | avg of last 10 auc: 0.700848
2025-06-20 23:17:30 INFO: Epoch:  54 | train loss: 0.456737 | test loss: 0.609331 | auc: 0.697700 | avg of last 10 auc: 0.703545
2025-06-20 23:17:44 INFO: Epoch:  55 | train loss: 0.454388 | test loss: 0.577708 | auc: 0.692805 | avg of last 10 auc: 0.704491
2025-06-20 23:17:58 INFO: Epoch:  56 | train loss: 0.445242 | test loss: 0.569134 | auc: 0.707862 | avg of last 10 auc: 0.705824
2025-06-20 23:18:12 INFO: Epoch:  57 | train loss: 0.439242 | test loss: 0.557771 | auc: 0.730174 | avg of last 10 auc: 0.706029
2025-06-20 23:18:26 INFO: Epoch:  58 | train loss: 0.438871 | test loss: 0.545044 | auc: 0.718111 | avg of last 10 auc: 0.709366
2025-06-20 23:18:39 INFO: Epoch:  59 | train loss: 0.444424 | test loss: 0.557529 | auc: 0.731271 | avg of last 10 auc: 0.713897
2025-06-20 23:18:52 INFO: Epoch:  60 | train loss: 0.423264 | test loss: 0.769734 | auc: 0.684037 | avg of last 10 auc: 0.714198
2025-06-20 23:19:05 INFO: Epoch:  61 | train loss: 0.434999 | test loss: 0.584086 | auc: 0.696965 | avg of last 10 auc: 0.710552
2025-06-20 23:19:18 INFO: Epoch:  62 | train loss: 0.423093 | test loss: 0.563356 | auc: 0.713233 | avg of last 10 auc: 0.710184
2025-06-20 23:19:31 INFO: Epoch:  63 | train loss: 0.398863 | test loss: 0.747622 | auc: 0.685664 | avg of last 10 auc: 0.709087
2025-06-20 23:19:44 INFO: Epoch:  64 | train loss: 0.415520 | test loss: 0.671137 | auc: 0.715164 | avg of last 10 auc: 0.705782
2025-06-20 23:19:57 INFO: Epoch:  65 | train loss: 0.419722 | test loss: 0.602108 | auc: 0.687099 | avg of last 10 auc: 0.707529
2025-06-20 23:20:11 INFO: Epoch:  66 | train loss: 0.391868 | test loss: 0.614964 | auc: 0.707992 | avg of last 10 auc: 0.706958
2025-06-20 23:20:25 INFO: Epoch:  67 | train loss: 0.401125 | test loss: 0.672045 | auc: 0.700455 | avg of last 10 auc: 0.706971
2025-06-20 23:20:38 INFO: Epoch:  68 | train loss: 0.397763 | test loss: 0.705880 | auc: 0.690946 | avg of last 10 auc: 0.703999
2025-06-20 23:20:52 INFO: Epoch:  69 | train loss: 0.382452 | test loss: 0.627565 | auc: 0.697198 | avg of last 10 auc: 0.701283
2025-06-20 23:21:06 INFO: Epoch:  70 | train loss: 0.367976 | test loss: 0.679373 | auc: 0.701697 | avg of last 10 auc: 0.697875
2025-06-20 23:21:19 INFO: Epoch:  71 | train loss: 0.376285 | test loss: 0.647751 | auc: 0.691401 | avg of last 10 auc: 0.699641
2025-06-20 23:21:32 INFO: Epoch:  72 | train loss: 0.361175 | test loss: 0.651409 | auc: 0.698644 | avg of last 10 auc: 0.699085
2025-06-20 23:21:45 INFO: Epoch:  73 | train loss: 0.382242 | test loss: 0.632597 | auc: 0.689978 | avg of last 10 auc: 0.697626
2025-06-20 23:21:58 INFO: Epoch:  74 | train loss: 0.351289 | test loss: 0.756983 | auc: 0.682384 | avg of last 10 auc: 0.698057
2025-06-20 23:22:12 INFO: Epoch:  75 | train loss: 0.354971 | test loss: 0.717276 | auc: 0.679573 | avg of last 10 auc: 0.694779
2025-06-20 23:22:25 INFO: Epoch:  76 | train loss: 0.311256 | test loss: 0.735860 | auc: 0.688694 | avg of last 10 auc: 0.694027
2025-06-20 23:22:38 INFO: Epoch:  77 | train loss: 0.316669 | test loss: 0.719421 | auc: 0.711383 | avg of last 10 auc: 0.692097
2025-06-20 23:22:51 INFO: Epoch:  78 | train loss: 0.364180 | test loss: 0.776841 | auc: 0.663452 | avg of last 10 auc: 0.693190
2025-06-20 23:23:05 INFO: Epoch:  79 | train loss: 0.329740 | test loss: 0.737313 | auc: 0.702544 | avg of last 10 auc: 0.690440
2025-06-20 23:23:18 INFO: Epoch:  80 | train loss: 0.343744 | test loss: 0.780406 | auc: 0.687546 | avg of last 10 auc: 0.690975
