2025-06-21 04:47:18 INFO: Start finetuning:
2025-06-21 04:47:18 INFO: Arguments: Namespace(epoch=80, batch_size=16, lr=0.0005, model_path_in_folder='pretrain/80epoch.pth', folder_path='experiments/experiment_mask_non_ROI_32px', seed=None, patience=10, repeats=2, add_to_run_num=3, save_every=1)
2025-06-21 04:47:18 INFO: Using device: cuda:0
2025-06-21 04:48:58 INFO: Epoch:   1 | train loss: 0.584116 | test loss: 0.592335 | auc: 0.567498 | avg of last 10 auc: nan
2025-06-21 04:49:10 INFO: Epoch:   2 | train loss: 0.565814 | test loss: 0.591530 | auc: 0.566749 | avg of last 10 auc: 0.567498
2025-06-21 04:49:22 INFO: Epoch:   3 | train loss: 0.561329 | test loss: 0.592026 | auc: 0.570210 | avg of last 10 auc: 0.567124
2025-06-21 04:49:34 INFO: Epoch:   4 | train loss: 0.567344 | test loss: 0.591640 | auc: 0.565529 | avg of last 10 auc: 0.568152
2025-06-21 04:49:47 INFO: Epoch:   5 | train loss: 0.564188 | test loss: 0.592603 | auc: 0.571792 | avg of last 10 auc: 0.567496
2025-06-21 04:49:59 INFO: Epoch:   6 | train loss: 0.574925 | test loss: 0.595558 | auc: 0.581906 | avg of last 10 auc: 0.568355
2025-06-21 04:50:11 INFO: Epoch:   7 | train loss: 0.565569 | test loss: 0.586974 | auc: 0.593792 | avg of last 10 auc: 0.570614
2025-06-21 04:50:23 INFO: Epoch:   8 | train loss: 0.564125 | test loss: 0.586521 | auc: 0.607426 | avg of last 10 auc: 0.573925
2025-06-21 04:50:36 INFO: Epoch:   9 | train loss: 0.568878 | test loss: 0.585334 | auc: 0.602960 | avg of last 10 auc: 0.578113
2025-06-21 04:50:48 INFO: Epoch:  10 | train loss: 0.564842 | test loss: 0.586116 | auc: 0.598020 | avg of last 10 auc: 0.580873
2025-06-21 04:51:00 INFO: Epoch:  11 | train loss: 0.563594 | test loss: 0.608446 | auc: 0.592548 | avg of last 10 auc: 0.582588
2025-06-21 04:51:13 INFO: Epoch:  12 | train loss: 0.573653 | test loss: 0.582054 | auc: 0.650627 | avg of last 10 auc: 0.585093
2025-06-21 04:51:25 INFO: Epoch:  13 | train loss: 0.553389 | test loss: 0.588386 | auc: 0.616293 | avg of last 10 auc: 0.593481
2025-06-21 04:51:37 INFO: Epoch:  14 | train loss: 0.559977 | test loss: 0.586297 | auc: 0.618958 | avg of last 10 auc: 0.598089
2025-06-21 04:51:49 INFO: Epoch:  15 | train loss: 0.550405 | test loss: 0.579997 | auc: 0.638055 | avg of last 10 auc: 0.603432
2025-06-21 04:52:01 INFO: Epoch:  16 | train loss: 0.561857 | test loss: 0.577554 | auc: 0.648630 | avg of last 10 auc: 0.610058
2025-06-21 04:52:13 INFO: Epoch:  17 | train loss: 0.548309 | test loss: 0.585385 | auc: 0.643378 | avg of last 10 auc: 0.616731
2025-06-21 04:52:25 INFO: Epoch:  18 | train loss: 0.549362 | test loss: 0.592437 | auc: 0.644911 | avg of last 10 auc: 0.621689
2025-06-21 04:52:38 INFO: Epoch:  19 | train loss: 0.539064 | test loss: 0.568786 | auc: 0.669511 | avg of last 10 auc: 0.625438
2025-06-21 04:52:50 INFO: Epoch:  20 | train loss: 0.530124 | test loss: 0.605539 | auc: 0.654494 | avg of last 10 auc: 0.632093
2025-06-21 04:53:03 INFO: Epoch:  21 | train loss: 0.542237 | test loss: 0.629360 | auc: 0.647900 | avg of last 10 auc: 0.637740
2025-06-21 04:53:16 INFO: Epoch:  22 | train loss: 0.552122 | test loss: 0.606685 | auc: 0.667347 | avg of last 10 auc: 0.643276
2025-06-21 04:53:28 INFO: Epoch:  23 | train loss: 0.530469 | test loss: 0.577397 | auc: 0.676058 | avg of last 10 auc: 0.644948
2025-06-21 04:53:41 INFO: Epoch:  24 | train loss: 0.526586 | test loss: 0.566755 | auc: 0.658160 | avg of last 10 auc: 0.650924
2025-06-21 04:53:53 INFO: Epoch:  25 | train loss: 0.525612 | test loss: 0.577407 | auc: 0.640781 | avg of last 10 auc: 0.654844
2025-06-21 04:54:05 INFO: Epoch:  26 | train loss: 0.518406 | test loss: 0.564803 | auc: 0.667672 | avg of last 10 auc: 0.655117
2025-06-21 04:54:17 INFO: Epoch:  27 | train loss: 0.520777 | test loss: 0.595137 | auc: 0.642938 | avg of last 10 auc: 0.657021
2025-06-21 04:54:30 INFO: Epoch:  28 | train loss: 0.523292 | test loss: 0.554291 | auc: 0.689743 | avg of last 10 auc: 0.656977
2025-06-21 04:54:42 INFO: Epoch:  29 | train loss: 0.522373 | test loss: 0.572987 | auc: 0.682645 | avg of last 10 auc: 0.661460
2025-06-21 04:54:54 INFO: Epoch:  30 | train loss: 0.514682 | test loss: 0.564135 | auc: 0.674431 | avg of last 10 auc: 0.662774
2025-06-21 04:55:06 INFO: Epoch:  31 | train loss: 0.500708 | test loss: 0.559547 | auc: 0.684520 | avg of last 10 auc: 0.664768
2025-06-21 04:55:18 INFO: Epoch:  32 | train loss: 0.507792 | test loss: 0.599149 | auc: 0.628330 | avg of last 10 auc: 0.668430
2025-06-21 04:55:32 INFO: Epoch:  33 | train loss: 0.526449 | test loss: 0.565396 | auc: 0.680783 | avg of last 10 auc: 0.664528
2025-06-21 04:55:44 INFO: Epoch:  34 | train loss: 0.510551 | test loss: 0.564374 | auc: 0.679206 | avg of last 10 auc: 0.665000
2025-06-21 04:55:56 INFO: Epoch:  35 | train loss: 0.501274 | test loss: 0.564172 | auc: 0.683573 | avg of last 10 auc: 0.667105
2025-06-21 04:56:09 INFO: Epoch:  36 | train loss: 0.474733 | test loss: 0.577537 | auc: 0.690510 | avg of last 10 auc: 0.671384
2025-06-21 04:56:21 INFO: Epoch:  37 | train loss: 0.486587 | test loss: 0.572776 | auc: 0.667861 | avg of last 10 auc: 0.673668
2025-06-21 04:56:33 INFO: Epoch:  38 | train loss: 0.482165 | test loss: 0.553679 | auc: 0.702066 | avg of last 10 auc: 0.676160
2025-06-21 04:56:45 INFO: Epoch:  39 | train loss: 0.473955 | test loss: 0.621136 | auc: 0.689279 | avg of last 10 auc: 0.677393
2025-06-21 04:56:57 INFO: Epoch:  40 | train loss: 0.476815 | test loss: 0.568932 | auc: 0.684851 | avg of last 10 auc: 0.678056
2025-06-21 04:57:09 INFO: Epoch:  41 | train loss: 0.448062 | test loss: 0.564282 | auc: 0.708553 | avg of last 10 auc: 0.679098
2025-06-21 04:57:22 INFO: Epoch:  42 | train loss: 0.455000 | test loss: 0.583774 | auc: 0.685501 | avg of last 10 auc: 0.681501
2025-06-21 04:57:34 INFO: Epoch:  43 | train loss: 0.452462 | test loss: 0.590297 | auc: 0.701084 | avg of last 10 auc: 0.687218
2025-06-21 04:57:46 INFO: Epoch:  44 | train loss: 0.442079 | test loss: 0.765175 | auc: 0.696492 | avg of last 10 auc: 0.689248
2025-06-21 04:57:58 INFO: Epoch:  45 | train loss: 0.440662 | test loss: 0.608646 | auc: 0.671293 | avg of last 10 auc: 0.690977
2025-06-21 04:58:11 INFO: Epoch:  46 | train loss: 0.454290 | test loss: 0.577828 | auc: 0.685159 | avg of last 10 auc: 0.689749
2025-06-21 04:58:23 INFO: Epoch:  47 | train loss: 0.436880 | test loss: 0.735382 | auc: 0.702032 | avg of last 10 auc: 0.689214
2025-06-21 04:58:35 INFO: Epoch:  48 | train loss: 0.427753 | test loss: 0.710298 | auc: 0.678219 | avg of last 10 auc: 0.692631
2025-06-21 04:58:48 INFO: Epoch:  49 | train loss: 0.448685 | test loss: 0.598827 | auc: 0.727153 | avg of last 10 auc: 0.690246
2025-06-21 04:59:00 INFO: Epoch:  50 | train loss: 0.419546 | test loss: 0.605620 | auc: 0.696421 | avg of last 10 auc: 0.694033
2025-06-21 04:59:12 INFO: Epoch:  51 | train loss: 0.425590 | test loss: 0.808256 | auc: 0.686366 | avg of last 10 auc: 0.695190
2025-06-21 04:59:24 INFO: Epoch:  52 | train loss: 0.411040 | test loss: 0.632504 | auc: 0.720118 | avg of last 10 auc: 0.692972
2025-06-21 04:59:37 INFO: Epoch:  53 | train loss: 0.397451 | test loss: 0.648716 | auc: 0.703599 | avg of last 10 auc: 0.696433
2025-06-21 04:59:49 INFO: Epoch:  54 | train loss: 0.411741 | test loss: 0.681796 | auc: 0.679422 | avg of last 10 auc: 0.696685
2025-06-21 05:00:01 INFO: Epoch:  55 | train loss: 0.419988 | test loss: 0.610199 | auc: 0.692090 | avg of last 10 auc: 0.694978
2025-06-21 05:00:14 INFO: Epoch:  56 | train loss: 0.418158 | test loss: 0.728514 | auc: 0.673174 | avg of last 10 auc: 0.697058
2025-06-21 05:00:26 INFO: Epoch:  57 | train loss: 0.395092 | test loss: 0.685058 | auc: 0.695384 | avg of last 10 auc: 0.695859
2025-06-21 05:00:38 INFO: Epoch:  58 | train loss: 0.382926 | test loss: 0.595686 | auc: 0.717461 | avg of last 10 auc: 0.695195
2025-06-21 05:00:51 INFO: Epoch:  59 | train loss: 0.384777 | test loss: 0.623496 | auc: 0.700131 | avg of last 10 auc: 0.699119
2025-06-21 05:01:03 INFO: Epoch:  60 | train loss: 0.369474 | test loss: 0.814026 | auc: 0.687030 | avg of last 10 auc: 0.696417
2025-06-21 05:01:15 INFO: Epoch:  61 | train loss: 0.376391 | test loss: 0.664117 | auc: 0.679869 | avg of last 10 auc: 0.695477
2025-06-21 05:01:34 INFO: Epoch:  62 | train loss: 0.355757 | test loss: 0.647340 | auc: 0.678282 | avg of last 10 auc: 0.694828
2025-06-21 05:01:46 INFO: Epoch:  63 | train loss: 0.329503 | test loss: 0.720776 | auc: 0.648544 | avg of last 10 auc: 0.690644
2025-06-21 05:01:59 INFO: Epoch:  64 | train loss: 0.364481 | test loss: 0.666584 | auc: 0.707337 | avg of last 10 auc: 0.685139
2025-06-21 05:02:11 INFO: Epoch:  65 | train loss: 0.338775 | test loss: 0.829400 | auc: 0.671475 | avg of last 10 auc: 0.687930
2025-06-21 05:02:24 INFO: Epoch:  66 | train loss: 0.332381 | test loss: 0.725204 | auc: 0.668240 | avg of last 10 auc: 0.685869
2025-06-21 05:02:37 INFO: Epoch:  67 | train loss: 0.336847 | test loss: 1.269388 | auc: 0.697028 | avg of last 10 auc: 0.685375
2025-06-21 05:02:49 INFO: Epoch:  68 | train loss: 0.371677 | test loss: 0.677143 | auc: 0.680656 | avg of last 10 auc: 0.685540
2025-06-21 05:03:01 INFO: Epoch:  69 | train loss: 0.310257 | test loss: 0.764987 | auc: 0.675890 | avg of last 10 auc: 0.681859
2025-06-21 05:03:14 INFO: Epoch:  70 | train loss: 0.279990 | test loss: 0.783041 | auc: 0.693516 | avg of last 10 auc: 0.679435
2025-06-21 05:03:26 INFO: Epoch:  71 | train loss: 0.309657 | test loss: 0.979266 | auc: 0.703185 | avg of last 10 auc: 0.680084
2025-06-21 05:03:38 INFO: Epoch:  72 | train loss: 0.311552 | test loss: 0.807402 | auc: 0.700119 | avg of last 10 auc: 0.682415
2025-06-21 05:03:51 INFO: Epoch:  73 | train loss: 0.306050 | test loss: 0.837704 | auc: 0.670732 | avg of last 10 auc: 0.684599
2025-06-21 05:04:03 INFO: Epoch:  74 | train loss: 0.298014 | test loss: 1.280380 | auc: 0.680382 | avg of last 10 auc: 0.686818
2025-06-21 05:04:15 INFO: Epoch:  75 | train loss: 0.267651 | test loss: 0.842819 | auc: 0.675864 | avg of last 10 auc: 0.684122
2025-06-21 05:04:27 INFO: Epoch:  76 | train loss: 0.266742 | test loss: 0.810024 | auc: 0.693606 | avg of last 10 auc: 0.684561
2025-06-21 05:04:39 INFO: Epoch:  77 | train loss: 0.268897 | test loss: 0.828054 | auc: 0.685553 | avg of last 10 auc: 0.687098
2025-06-21 05:04:52 INFO: Epoch:  78 | train loss: 0.275142 | test loss: 0.804736 | auc: 0.667640 | avg of last 10 auc: 0.685950
2025-06-21 05:05:04 INFO: Epoch:  79 | train loss: 0.274455 | test loss: 0.850687 | auc: 0.680046 | avg of last 10 auc: 0.684649
2025-06-21 05:05:16 INFO: Epoch:  80 | train loss: 0.268672 | test loss: 1.048438 | auc: 0.689949 | avg of last 10 auc: 0.685065
