2025-06-21 03:51:54 INFO: Start finetuning:
2025-06-21 03:51:54 INFO: Arguments: Namespace(epoch=80, batch_size=16, lr=0.0005, model_path_in_folder='pretrain/80epoch.pth', folder_path='experiments/experiment_mask_all_32px', seed=None, patience=10, repeats=2, add_to_run_num=3, save_every=1)
2025-06-21 03:51:54 INFO: Using device: cuda:0
2025-06-21 03:53:48 INFO: Epoch:   1 | train loss: 0.580108 | test loss: 0.604115 | auc: 0.505130 | avg of last 10 auc: nan
2025-06-21 03:54:00 INFO: Epoch:   2 | train loss: 0.567574 | test loss: 0.601145 | auc: 0.533928 | avg of last 10 auc: 0.505130
2025-06-21 03:54:12 INFO: Epoch:   3 | train loss: 0.561938 | test loss: 0.593450 | auc: 0.579580 | avg of last 10 auc: 0.519529
2025-06-21 03:54:25 INFO: Epoch:   4 | train loss: 0.556546 | test loss: 0.629999 | auc: 0.515955 | avg of last 10 auc: 0.539546
2025-06-21 03:54:38 INFO: Epoch:   5 | train loss: 0.555427 | test loss: 0.596069 | auc: 0.580571 | avg of last 10 auc: 0.533648
2025-06-21 03:54:50 INFO: Epoch:   6 | train loss: 0.566690 | test loss: 0.585753 | auc: 0.603885 | avg of last 10 auc: 0.543033
2025-06-21 03:55:04 INFO: Epoch:   7 | train loss: 0.569390 | test loss: 0.594666 | auc: 0.593607 | avg of last 10 auc: 0.553175
2025-06-21 03:55:16 INFO: Epoch:   8 | train loss: 0.559026 | test loss: 0.591928 | auc: 0.606532 | avg of last 10 auc: 0.558951
2025-06-21 03:55:29 INFO: Epoch:   9 | train loss: 0.570915 | test loss: 0.589120 | auc: 0.612940 | avg of last 10 auc: 0.564898
2025-06-21 03:55:41 INFO: Epoch:  10 | train loss: 0.555793 | test loss: 0.601790 | auc: 0.587179 | avg of last 10 auc: 0.570236
2025-06-21 03:55:54 INFO: Epoch:  11 | train loss: 0.565389 | test loss: 0.594289 | auc: 0.606288 | avg of last 10 auc: 0.571931
2025-06-21 03:56:06 INFO: Epoch:  12 | train loss: 0.558707 | test loss: 0.640985 | auc: 0.596273 | avg of last 10 auc: 0.582046
2025-06-21 03:56:18 INFO: Epoch:  13 | train loss: 0.563872 | test loss: 0.581920 | auc: 0.639230 | avg of last 10 auc: 0.588281
2025-06-21 03:56:30 INFO: Epoch:  14 | train loss: 0.557104 | test loss: 0.627104 | auc: 0.597728 | avg of last 10 auc: 0.594246
2025-06-21 03:56:42 INFO: Epoch:  15 | train loss: 0.547838 | test loss: 0.579544 | auc: 0.661978 | avg of last 10 auc: 0.602423
2025-06-21 03:56:55 INFO: Epoch:  16 | train loss: 0.549298 | test loss: 0.584856 | auc: 0.609561 | avg of last 10 auc: 0.610564
2025-06-21 03:57:07 INFO: Epoch:  17 | train loss: 0.540840 | test loss: 0.649789 | auc: 0.628607 | avg of last 10 auc: 0.611131
2025-06-21 03:57:20 INFO: Epoch:  18 | train loss: 0.562389 | test loss: 0.572527 | auc: 0.660421 | avg of last 10 auc: 0.614632
2025-06-21 03:57:34 INFO: Epoch:  19 | train loss: 0.552676 | test loss: 0.568708 | auc: 0.661764 | avg of last 10 auc: 0.620020
2025-06-21 03:57:46 INFO: Epoch:  20 | train loss: 0.543043 | test loss: 0.577899 | auc: 0.643370 | avg of last 10 auc: 0.624903
2025-06-21 03:57:59 INFO: Epoch:  21 | train loss: 0.543867 | test loss: 0.584574 | auc: 0.608167 | avg of last 10 auc: 0.630522
2025-06-21 03:58:11 INFO: Epoch:  22 | train loss: 0.548538 | test loss: 0.580807 | auc: 0.614808 | avg of last 10 auc: 0.630710
2025-06-21 03:58:23 INFO: Epoch:  23 | train loss: 0.536176 | test loss: 0.675857 | auc: 0.552172 | avg of last 10 auc: 0.632563
2025-06-21 03:58:35 INFO: Epoch:  24 | train loss: 0.529544 | test loss: 0.598189 | auc: 0.664373 | avg of last 10 auc: 0.623858
2025-06-21 03:58:48 INFO: Epoch:  25 | train loss: 0.534225 | test loss: 0.585872 | auc: 0.637693 | avg of last 10 auc: 0.630522
2025-06-21 03:59:00 INFO: Epoch:  26 | train loss: 0.529378 | test loss: 0.603948 | auc: 0.661297 | avg of last 10 auc: 0.628094
2025-06-21 03:59:12 INFO: Epoch:  27 | train loss: 0.530253 | test loss: 0.566083 | auc: 0.663407 | avg of last 10 auc: 0.633267
2025-06-21 03:59:25 INFO: Epoch:  28 | train loss: 0.538759 | test loss: 0.622017 | auc: 0.638223 | avg of last 10 auc: 0.636747
2025-06-21 03:59:38 INFO: Epoch:  29 | train loss: 0.512442 | test loss: 0.596614 | auc: 0.685018 | avg of last 10 auc: 0.634527
2025-06-21 03:59:51 INFO: Epoch:  30 | train loss: 0.537402 | test loss: 0.579763 | auc: 0.634882 | avg of last 10 auc: 0.636853
2025-06-21 04:00:04 INFO: Epoch:  31 | train loss: 0.521004 | test loss: 0.622332 | auc: 0.625654 | avg of last 10 auc: 0.636004
2025-06-21 04:00:16 INFO: Epoch:  32 | train loss: 0.524208 | test loss: 0.666259 | auc: 0.665783 | avg of last 10 auc: 0.637753
2025-06-21 04:00:35 INFO: Epoch:  33 | train loss: 0.508035 | test loss: 0.617517 | auc: 0.670075 | avg of last 10 auc: 0.642850
2025-06-21 04:00:47 INFO: Epoch:  34 | train loss: 0.504583 | test loss: 0.671256 | auc: 0.653068 | avg of last 10 auc: 0.654641
2025-06-21 04:00:59 INFO: Epoch:  35 | train loss: 0.508291 | test loss: 0.609771 | auc: 0.670888 | avg of last 10 auc: 0.653510
2025-06-21 04:01:11 INFO: Epoch:  36 | train loss: 0.503420 | test loss: 0.705876 | auc: 0.626750 | avg of last 10 auc: 0.656829
2025-06-21 04:01:24 INFO: Epoch:  37 | train loss: 0.508073 | test loss: 0.599406 | auc: 0.689720 | avg of last 10 auc: 0.653375
2025-06-21 04:01:37 INFO: Epoch:  38 | train loss: 0.492707 | test loss: 0.587527 | auc: 0.653546 | avg of last 10 auc: 0.656006
2025-06-21 04:01:50 INFO: Epoch:  39 | train loss: 0.505878 | test loss: 0.682043 | auc: 0.625881 | avg of last 10 auc: 0.657538
2025-06-21 04:02:03 INFO: Epoch:  40 | train loss: 0.501832 | test loss: 0.613020 | auc: 0.645505 | avg of last 10 auc: 0.651625
2025-06-21 04:02:17 INFO: Epoch:  41 | train loss: 0.482233 | test loss: 0.608855 | auc: 0.663732 | avg of last 10 auc: 0.652687
2025-06-21 04:02:30 INFO: Epoch:  42 | train loss: 0.488304 | test loss: 0.560039 | auc: 0.698675 | avg of last 10 auc: 0.656495
2025-06-21 04:02:42 INFO: Epoch:  43 | train loss: 0.480274 | test loss: 0.572455 | auc: 0.715256 | avg of last 10 auc: 0.659784
2025-06-21 04:02:54 INFO: Epoch:  44 | train loss: 0.470350 | test loss: 0.795666 | auc: 0.685206 | avg of last 10 auc: 0.664302
2025-06-21 04:03:08 INFO: Epoch:  45 | train loss: 0.487009 | test loss: 0.566408 | auc: 0.695435 | avg of last 10 auc: 0.667516
2025-06-21 04:03:20 INFO: Epoch:  46 | train loss: 0.467724 | test loss: 0.620058 | auc: 0.679847 | avg of last 10 auc: 0.669971
2025-06-21 04:03:32 INFO: Epoch:  47 | train loss: 0.451644 | test loss: 0.594760 | auc: 0.670784 | avg of last 10 auc: 0.675280
2025-06-21 04:03:45 INFO: Epoch:  48 | train loss: 0.448158 | test loss: 0.610078 | auc: 0.707183 | avg of last 10 auc: 0.673387
2025-06-21 04:03:58 INFO: Epoch:  49 | train loss: 0.434372 | test loss: 0.604102 | auc: 0.702935 | avg of last 10 auc: 0.678750
2025-06-21 04:04:10 INFO: Epoch:  50 | train loss: 0.433312 | test loss: 0.660119 | auc: 0.699985 | avg of last 10 auc: 0.686456
2025-06-21 04:04:23 INFO: Epoch:  51 | train loss: 0.444617 | test loss: 0.602321 | auc: 0.708204 | avg of last 10 auc: 0.691904
2025-06-21 04:04:36 INFO: Epoch:  52 | train loss: 0.453465 | test loss: 0.582067 | auc: 0.705209 | avg of last 10 auc: 0.696351
2025-06-21 04:04:48 INFO: Epoch:  53 | train loss: 0.436593 | test loss: 0.657472 | auc: 0.668857 | avg of last 10 auc: 0.697004
2025-06-21 04:05:01 INFO: Epoch:  54 | train loss: 0.442647 | test loss: 0.583987 | auc: 0.690142 | avg of last 10 auc: 0.692364
2025-06-21 04:05:14 INFO: Epoch:  55 | train loss: 0.425752 | test loss: 0.656153 | auc: 0.720969 | avg of last 10 auc: 0.692858
2025-06-21 04:05:26 INFO: Epoch:  56 | train loss: 0.415887 | test loss: 0.622553 | auc: 0.717179 | avg of last 10 auc: 0.695411
2025-06-21 04:05:39 INFO: Epoch:  57 | train loss: 0.402637 | test loss: 0.745054 | auc: 0.668370 | avg of last 10 auc: 0.699145
2025-06-21 04:05:52 INFO: Epoch:  58 | train loss: 0.411329 | test loss: 1.016498 | auc: 0.701984 | avg of last 10 auc: 0.698903
2025-06-21 04:06:06 INFO: Epoch:  59 | train loss: 0.431629 | test loss: 0.915140 | auc: 0.679756 | avg of last 10 auc: 0.698383
2025-06-21 04:06:20 INFO: Epoch:  60 | train loss: 0.423855 | test loss: 0.662547 | auc: 0.692523 | avg of last 10 auc: 0.696065
2025-06-21 04:06:33 INFO: Epoch:  61 | train loss: 0.403839 | test loss: 0.829715 | auc: 0.701266 | avg of last 10 auc: 0.695319
2025-06-21 04:06:45 INFO: Epoch:  62 | train loss: 0.407971 | test loss: 0.653335 | auc: 0.669024 | avg of last 10 auc: 0.694625
2025-06-21 04:06:57 INFO: Epoch:  63 | train loss: 0.395331 | test loss: 0.992011 | auc: 0.718976 | avg of last 10 auc: 0.691007
2025-06-21 04:07:09 INFO: Epoch:  64 | train loss: 0.399859 | test loss: 0.792579 | auc: 0.641320 | avg of last 10 auc: 0.696019
2025-06-21 04:07:21 INFO: Epoch:  65 | train loss: 0.411991 | test loss: 0.816087 | auc: 0.702534 | avg of last 10 auc: 0.691137
2025-06-21 04:07:34 INFO: Epoch:  66 | train loss: 0.375403 | test loss: 0.634894 | auc: 0.697738 | avg of last 10 auc: 0.689293
2025-06-21 04:07:47 INFO: Epoch:  67 | train loss: 0.356907 | test loss: 0.965363 | auc: 0.690579 | avg of last 10 auc: 0.687349
2025-06-21 04:07:59 INFO: Epoch:  68 | train loss: 0.374771 | test loss: 0.890304 | auc: 0.644580 | avg of last 10 auc: 0.689570
2025-06-21 04:08:12 INFO: Epoch:  69 | train loss: 0.375616 | test loss: 0.880035 | auc: 0.704155 | avg of last 10 auc: 0.683830
2025-06-21 04:08:25 INFO: Epoch:  70 | train loss: 0.343793 | test loss: 1.096789 | auc: 0.694026 | avg of last 10 auc: 0.686269
2025-06-21 04:08:37 INFO: Epoch:  71 | train loss: 0.356978 | test loss: 0.855598 | auc: 0.685728 | avg of last 10 auc: 0.686420
2025-06-21 04:08:49 INFO: Epoch:  72 | train loss: 0.327905 | test loss: 0.833775 | auc: 0.700160 | avg of last 10 auc: 0.684866
2025-06-21 04:09:02 INFO: Epoch:  73 | train loss: 0.370406 | test loss: 0.768007 | auc: 0.685220 | avg of last 10 auc: 0.687980
2025-06-21 04:09:14 INFO: Epoch:  74 | train loss: 0.327113 | test loss: 0.832647 | auc: 0.683051 | avg of last 10 auc: 0.684604
2025-06-21 04:09:26 INFO: Epoch:  75 | train loss: 0.325232 | test loss: 0.818552 | auc: 0.676256 | avg of last 10 auc: 0.688777
2025-06-21 04:09:39 INFO: Epoch:  76 | train loss: 0.316550 | test loss: 0.770627 | auc: 0.668779 | avg of last 10 auc: 0.686149
2025-06-21 04:09:52 INFO: Epoch:  77 | train loss: 0.319342 | test loss: 0.836222 | auc: 0.683092 | avg of last 10 auc: 0.683253
2025-06-21 04:10:05 INFO: Epoch:  78 | train loss: 0.313842 | test loss: 1.308070 | auc: 0.688564 | avg of last 10 auc: 0.682505
2025-06-21 04:10:18 INFO: Epoch:  79 | train loss: 0.331256 | test loss: 0.739283 | auc: 0.676974 | avg of last 10 auc: 0.686903
2025-06-21 04:10:30 INFO: Epoch:  80 | train loss: 0.327694 | test loss: 0.754071 | auc: 0.686481 | avg of last 10 auc: 0.684185
