2025-06-21 04:10:42 INFO: Start finetuning:
2025-06-21 04:10:42 INFO: Arguments: Namespace(epoch=80, batch_size=16, lr=0.0005, model_path_in_folder='pretrain/80epoch.pth', folder_path='experiments/experiment_mask_ROI_32px', seed=None, patience=10, repeats=2, add_to_run_num=3, save_every=1)
2025-06-21 04:10:42 INFO: Using device: cuda:0
2025-06-21 04:12:25 INFO: Epoch:   1 | train loss: 0.585101 | test loss: 0.592277 | auc: 0.569478 | avg of last 10 auc: nan
2025-06-21 04:12:37 INFO: Epoch:   2 | train loss: 0.568995 | test loss: 0.591981 | auc: 0.569314 | avg of last 10 auc: 0.569478
2025-06-21 04:12:50 INFO: Epoch:   3 | train loss: 0.564317 | test loss: 0.592344 | auc: 0.568715 | avg of last 10 auc: 0.569396
2025-06-21 04:13:03 INFO: Epoch:   4 | train loss: 0.567397 | test loss: 0.591137 | auc: 0.563350 | avg of last 10 auc: 0.569169
2025-06-21 04:13:15 INFO: Epoch:   5 | train loss: 0.566957 | test loss: 0.591844 | auc: 0.567180 | avg of last 10 auc: 0.567714
2025-06-21 04:13:28 INFO: Epoch:   6 | train loss: 0.572480 | test loss: 0.593792 | auc: 0.570388 | avg of last 10 auc: 0.567607
2025-06-21 04:13:41 INFO: Epoch:   7 | train loss: 0.562766 | test loss: 0.589355 | auc: 0.576453 | avg of last 10 auc: 0.568071
2025-06-21 04:13:54 INFO: Epoch:   8 | train loss: 0.568196 | test loss: 0.587963 | auc: 0.591761 | avg of last 10 auc: 0.569268
2025-06-21 04:14:07 INFO: Epoch:   9 | train loss: 0.570407 | test loss: 0.586059 | auc: 0.590227 | avg of last 10 auc: 0.572080
2025-06-21 04:14:20 INFO: Epoch:  10 | train loss: 0.569769 | test loss: 0.586727 | auc: 0.593635 | avg of last 10 auc: 0.574096
2025-06-21 04:14:35 INFO: Epoch:  11 | train loss: 0.566407 | test loss: 0.623391 | auc: 0.582449 | avg of last 10 auc: 0.576050
2025-06-21 04:14:48 INFO: Epoch:  12 | train loss: 0.571997 | test loss: 0.594338 | auc: 0.597773 | avg of last 10 auc: 0.577347
2025-06-21 04:15:01 INFO: Epoch:  13 | train loss: 0.555624 | test loss: 0.611799 | auc: 0.572253 | avg of last 10 auc: 0.580193
2025-06-21 04:15:14 INFO: Epoch:  14 | train loss: 0.565421 | test loss: 0.594760 | auc: 0.585622 | avg of last 10 auc: 0.580547
2025-06-21 04:15:27 INFO: Epoch:  15 | train loss: 0.562219 | test loss: 0.595231 | auc: 0.606263 | avg of last 10 auc: 0.582774
2025-06-21 04:15:40 INFO: Epoch:  16 | train loss: 0.561752 | test loss: 0.582224 | auc: 0.623182 | avg of last 10 auc: 0.586682
2025-06-21 04:15:53 INFO: Epoch:  17 | train loss: 0.560876 | test loss: 0.582208 | auc: 0.633709 | avg of last 10 auc: 0.591962
2025-06-21 04:16:05 INFO: Epoch:  18 | train loss: 0.562496 | test loss: 0.586714 | auc: 0.630684 | avg of last 10 auc: 0.597687
2025-06-21 04:16:17 INFO: Epoch:  19 | train loss: 0.554592 | test loss: 0.579321 | auc: 0.628068 | avg of last 10 auc: 0.601580
2025-06-21 04:16:30 INFO: Epoch:  20 | train loss: 0.543878 | test loss: 0.594614 | auc: 0.630065 | avg of last 10 auc: 0.605364
2025-06-21 04:16:42 INFO: Epoch:  21 | train loss: 0.561527 | test loss: 0.582454 | auc: 0.636889 | avg of last 10 auc: 0.609007
2025-06-21 04:16:54 INFO: Epoch:  22 | train loss: 0.566410 | test loss: 0.583508 | auc: 0.645766 | avg of last 10 auc: 0.614451
2025-06-21 04:17:06 INFO: Epoch:  23 | train loss: 0.548044 | test loss: 0.583389 | auc: 0.663175 | avg of last 10 auc: 0.619250
2025-06-21 04:17:19 INFO: Epoch:  24 | train loss: 0.555335 | test loss: 0.580435 | auc: 0.670424 | avg of last 10 auc: 0.628342
2025-06-21 04:17:31 INFO: Epoch:  25 | train loss: 0.553321 | test loss: 0.585023 | auc: 0.623534 | avg of last 10 auc: 0.636823
2025-06-21 04:17:43 INFO: Epoch:  26 | train loss: 0.554415 | test loss: 0.596905 | auc: 0.643104 | avg of last 10 auc: 0.638550
2025-06-21 04:17:55 INFO: Epoch:  27 | train loss: 0.552369 | test loss: 0.577171 | auc: 0.667253 | avg of last 10 auc: 0.640542
2025-06-21 04:18:07 INFO: Epoch:  28 | train loss: 0.552235 | test loss: 0.566326 | auc: 0.680570 | avg of last 10 auc: 0.643896
2025-06-21 04:18:20 INFO: Epoch:  29 | train loss: 0.543087 | test loss: 0.580850 | auc: 0.657395 | avg of last 10 auc: 0.648885
2025-06-21 04:18:32 INFO: Epoch:  30 | train loss: 0.537285 | test loss: 0.574282 | auc: 0.640635 | avg of last 10 auc: 0.651818
2025-06-21 04:18:44 INFO: Epoch:  31 | train loss: 0.541496 | test loss: 0.567745 | auc: 0.672583 | avg of last 10 auc: 0.652875
2025-06-21 04:18:58 INFO: Epoch:  32 | train loss: 0.552309 | test loss: 0.564424 | auc: 0.675726 | avg of last 10 auc: 0.656444
2025-06-21 04:19:11 INFO: Epoch:  33 | train loss: 0.543996 | test loss: 0.568261 | auc: 0.651575 | avg of last 10 auc: 0.659440
2025-06-21 04:19:23 INFO: Epoch:  34 | train loss: 0.555490 | test loss: 0.570144 | auc: 0.668136 | avg of last 10 auc: 0.658280
2025-06-21 04:19:35 INFO: Epoch:  35 | train loss: 0.541340 | test loss: 0.576761 | auc: 0.689245 | avg of last 10 auc: 0.658051
2025-06-21 04:19:47 INFO: Epoch:  36 | train loss: 0.525838 | test loss: 0.569007 | auc: 0.661005 | avg of last 10 auc: 0.664622
2025-06-21 04:19:59 INFO: Epoch:  37 | train loss: 0.528151 | test loss: 0.560069 | auc: 0.673163 | avg of last 10 auc: 0.666412
2025-06-21 04:20:12 INFO: Epoch:  38 | train loss: 0.530628 | test loss: 0.572890 | auc: 0.637773 | avg of last 10 auc: 0.667003
2025-06-21 04:20:24 INFO: Epoch:  39 | train loss: 0.533856 | test loss: 0.596703 | auc: 0.660501 | avg of last 10 auc: 0.662723
2025-06-21 04:20:36 INFO: Epoch:  40 | train loss: 0.520701 | test loss: 0.575134 | auc: 0.640947 | avg of last 10 auc: 0.663034
2025-06-21 04:20:49 INFO: Epoch:  41 | train loss: 0.519050 | test loss: 0.598292 | auc: 0.675560 | avg of last 10 auc: 0.663065
2025-06-21 04:21:01 INFO: Epoch:  42 | train loss: 0.518223 | test loss: 0.578033 | auc: 0.672638 | avg of last 10 auc: 0.663363
2025-06-21 04:21:14 INFO: Epoch:  43 | train loss: 0.516505 | test loss: 0.557396 | auc: 0.688568 | avg of last 10 auc: 0.663054
2025-06-21 04:21:26 INFO: Epoch:  44 | train loss: 0.511475 | test loss: 0.577629 | auc: 0.685908 | avg of last 10 auc: 0.666754
2025-06-21 04:21:38 INFO: Epoch:  45 | train loss: 0.509071 | test loss: 0.576645 | auc: 0.677645 | avg of last 10 auc: 0.668531
2025-06-21 04:21:50 INFO: Epoch:  46 | train loss: 0.518307 | test loss: 0.547080 | auc: 0.699989 | avg of last 10 auc: 0.667371
2025-06-21 04:22:02 INFO: Epoch:  47 | train loss: 0.508647 | test loss: 0.590924 | auc: 0.666757 | avg of last 10 auc: 0.671269
2025-06-21 04:22:15 INFO: Epoch:  48 | train loss: 0.507674 | test loss: 0.606994 | auc: 0.671637 | avg of last 10 auc: 0.670629
2025-06-21 04:22:27 INFO: Epoch:  49 | train loss: 0.523637 | test loss: 0.573383 | auc: 0.707477 | avg of last 10 auc: 0.674015
2025-06-21 04:22:39 INFO: Epoch:  50 | train loss: 0.497118 | test loss: 0.590186 | auc: 0.702345 | avg of last 10 auc: 0.678713
2025-06-21 04:22:51 INFO: Epoch:  51 | train loss: 0.497319 | test loss: 0.612355 | auc: 0.652967 | avg of last 10 auc: 0.684852
2025-06-21 04:23:04 INFO: Epoch:  52 | train loss: 0.497866 | test loss: 0.580603 | auc: 0.697254 | avg of last 10 auc: 0.682593
2025-06-21 04:23:16 INFO: Epoch:  53 | train loss: 0.508994 | test loss: 0.623044 | auc: 0.690876 | avg of last 10 auc: 0.685055
2025-06-21 04:23:28 INFO: Epoch:  54 | train loss: 0.488777 | test loss: 0.560941 | auc: 0.676532 | avg of last 10 auc: 0.685286
2025-06-21 04:23:40 INFO: Epoch:  55 | train loss: 0.488052 | test loss: 0.643167 | auc: 0.694043 | avg of last 10 auc: 0.684348
2025-06-21 04:23:53 INFO: Epoch:  56 | train loss: 0.489052 | test loss: 0.555271 | auc: 0.707854 | avg of last 10 auc: 0.685988
2025-06-21 04:24:05 INFO: Epoch:  57 | train loss: 0.478613 | test loss: 0.559994 | auc: 0.696442 | avg of last 10 auc: 0.686774
2025-06-21 04:24:17 INFO: Epoch:  58 | train loss: 0.485139 | test loss: 0.581851 | auc: 0.712889 | avg of last 10 auc: 0.689743
2025-06-21 04:24:29 INFO: Epoch:  59 | train loss: 0.501965 | test loss: 0.564387 | auc: 0.690166 | avg of last 10 auc: 0.693868
2025-06-21 04:24:41 INFO: Epoch:  60 | train loss: 0.474534 | test loss: 0.645459 | auc: 0.705779 | avg of last 10 auc: 0.692137
2025-06-21 04:24:53 INFO: Epoch:  61 | train loss: 0.470652 | test loss: 0.556099 | auc: 0.689426 | avg of last 10 auc: 0.692480
2025-06-21 04:25:06 INFO: Epoch:  62 | train loss: 0.484851 | test loss: 0.567274 | auc: 0.688595 | avg of last 10 auc: 0.696126
2025-06-21 04:25:18 INFO: Epoch:  63 | train loss: 0.445127 | test loss: 0.568193 | auc: 0.680832 | avg of last 10 auc: 0.695260
2025-06-21 04:25:30 INFO: Epoch:  64 | train loss: 0.479947 | test loss: 0.724065 | auc: 0.715109 | avg of last 10 auc: 0.694256
2025-06-21 04:25:43 INFO: Epoch:  65 | train loss: 0.456150 | test loss: 0.549659 | auc: 0.708103 | avg of last 10 auc: 0.698114
2025-06-21 04:25:55 INFO: Epoch:  66 | train loss: 0.456372 | test loss: 0.545880 | auc: 0.718400 | avg of last 10 auc: 0.699520
2025-06-21 04:26:07 INFO: Epoch:  67 | train loss: 0.455928 | test loss: 0.570071 | auc: 0.702686 | avg of last 10 auc: 0.700574
2025-06-21 04:26:20 INFO: Epoch:  68 | train loss: 0.443874 | test loss: 0.558465 | auc: 0.712077 | avg of last 10 auc: 0.701199
2025-06-21 04:26:33 INFO: Epoch:  69 | train loss: 0.458322 | test loss: 0.559192 | auc: 0.705005 | avg of last 10 auc: 0.701117
2025-06-21 04:26:45 INFO: Epoch:  70 | train loss: 0.445629 | test loss: 0.584162 | auc: 0.686188 | avg of last 10 auc: 0.702601
2025-06-21 04:26:57 INFO: Epoch:  71 | train loss: 0.437277 | test loss: 0.558304 | auc: 0.705309 | avg of last 10 auc: 0.700642
2025-06-21 04:27:10 INFO: Epoch:  72 | train loss: 0.427990 | test loss: 0.561112 | auc: 0.724736 | avg of last 10 auc: 0.702230
2025-06-21 04:27:22 INFO: Epoch:  73 | train loss: 0.418597 | test loss: 0.596598 | auc: 0.672624 | avg of last 10 auc: 0.705845
2025-06-21 04:27:35 INFO: Epoch:  74 | train loss: 0.430641 | test loss: 0.774433 | auc: 0.670277 | avg of last 10 auc: 0.705024
2025-06-21 04:27:47 INFO: Epoch:  75 | train loss: 0.419094 | test loss: 0.716939 | auc: 0.689447 | avg of last 10 auc: 0.700540
2025-06-21 04:27:59 INFO: Epoch:  76 | train loss: 0.406487 | test loss: 0.639278 | auc: 0.662791 | avg of last 10 auc: 0.698675
2025-06-21 04:28:11 INFO: Epoch:  77 | train loss: 0.406872 | test loss: 0.557599 | auc: 0.718078 | avg of last 10 auc: 0.693114
2025-06-21 04:28:24 INFO: Epoch:  78 | train loss: 0.421370 | test loss: 0.593884 | auc: 0.679398 | avg of last 10 auc: 0.694653
2025-06-21 04:28:36 INFO: Epoch:  79 | train loss: 0.396050 | test loss: 0.617169 | auc: 0.712640 | avg of last 10 auc: 0.691385
2025-06-21 04:28:48 INFO: Epoch:  80 | train loss: 0.403729 | test loss: 0.684252 | auc: 0.711353 | avg of last 10 auc: 0.692149
