2025-06-19 04:32:32 INFO: Start training:
2025-06-19 04:32:32 INFO: Arguments: Namespace(epoch=80, batch_size=16, lr=0.00025, show_per_epoch=2, show_img_count=2, patch_size=16, mask_rate=0.5, save_every=5, seed=0, mask_roi='true', mask_non_roi='false', output_folder='experiments/experiment_mask_ROI_16px')
2025-06-19 04:32:32 INFO: Using device: cuda:0
2025-06-19 04:35:43 INFO: Epoch:   1 | train loss: 0.126734 | test loss: 0.177210
2025-06-19 04:36:57 INFO: Epoch:   2 | train loss: 0.078086 | test loss: 0.065131
2025-06-19 04:38:13 INFO: Epoch:   3 | train loss: 0.066941 | test loss: 0.056208
2025-06-19 04:39:29 INFO: Epoch:   4 | train loss: 0.061986 | test loss: 0.047271
2025-06-19 04:40:49 INFO: Epoch:   5 | train loss: 0.059139 | test loss: 0.054684
2025-06-19 04:42:07 INFO: Epoch:   6 | train loss: 0.055517 | test loss: 0.061968
2025-06-19 04:43:22 INFO: Epoch:   7 | train loss: 0.057871 | test loss: 0.047087
2025-06-19 04:44:37 INFO: Epoch:   8 | train loss: 0.054983 | test loss: 0.044963
2025-06-19 04:45:52 INFO: Epoch:   9 | train loss: 0.053054 | test loss: 0.040415
2025-06-19 04:47:08 INFO: Epoch:  10 | train loss: 0.051283 | test loss: 0.049278
2025-06-19 04:48:25 INFO: Epoch:  11 | train loss: 0.051020 | test loss: 0.045888
2025-06-19 04:49:40 INFO: Epoch:  12 | train loss: 0.051922 | test loss: 0.042883
2025-06-19 04:50:57 INFO: Epoch:  13 | train loss: 0.050884 | test loss: 0.041751
2025-06-19 04:52:13 INFO: Epoch:  14 | train loss: 0.048850 | test loss: 0.043634
2025-06-19 04:53:28 INFO: Epoch:  15 | train loss: 0.049260 | test loss: 0.037187
2025-06-19 04:54:44 INFO: Epoch:  16 | train loss: 0.047151 | test loss: 0.044447
2025-06-19 04:55:59 INFO: Epoch:  17 | train loss: 0.046494 | test loss: 0.036271
2025-06-19 04:57:14 INFO: Epoch:  18 | train loss: 0.043202 | test loss: 0.041829
2025-06-19 04:58:33 INFO: Epoch:  19 | train loss: 0.041770 | test loss: 0.079465
2025-06-19 04:59:49 INFO: Epoch:  20 | train loss: 0.052634 | test loss: 0.073600
2025-06-19 05:01:05 INFO: Epoch:  21 | train loss: 0.045436 | test loss: 0.042248
2025-06-19 05:02:22 INFO: Epoch:  22 | train loss: 0.040449 | test loss: 0.036793
2025-06-19 05:03:38 INFO: Epoch:  23 | train loss: 0.039822 | test loss: 0.035430
2025-06-19 05:04:54 INFO: Epoch:  24 | train loss: 0.038923 | test loss: 0.048826
2025-06-19 05:06:10 INFO: Epoch:  25 | train loss: 0.038084 | test loss: 0.035591
2025-06-19 05:07:28 INFO: Epoch:  26 | train loss: 0.036795 | test loss: 0.038379
2025-06-19 05:08:44 INFO: Epoch:  27 | train loss: 0.036886 | test loss: 0.033097
2025-06-19 05:10:00 INFO: Epoch:  28 | train loss: 0.038186 | test loss: 0.045043
2025-06-19 05:11:16 INFO: Epoch:  29 | train loss: 0.038263 | test loss: 0.036700
2025-06-19 05:12:34 INFO: Epoch:  30 | train loss: 0.036494 | test loss: 0.036422
2025-06-19 05:13:50 INFO: Epoch:  31 | train loss: 0.035895 | test loss: 0.035471
2025-06-19 05:15:06 INFO: Epoch:  32 | train loss: 0.035174 | test loss: 0.033262
2025-06-19 05:16:23 INFO: Epoch:  33 | train loss: 0.035009 | test loss: 0.032488
2025-06-19 05:17:39 INFO: Epoch:  34 | train loss: 0.036901 | test loss: 0.033694
2025-06-19 05:18:56 INFO: Epoch:  35 | train loss: 0.035570 | test loss: 0.037466
2025-06-19 05:20:12 INFO: Epoch:  36 | train loss: 0.035063 | test loss: 0.034192
2025-06-19 05:21:28 INFO: Epoch:  37 | train loss: 0.035160 | test loss: 0.034722
2025-06-19 05:22:45 INFO: Epoch:  38 | train loss: 0.034185 | test loss: 0.039205
2025-06-19 05:24:01 INFO: Epoch:  39 | train loss: 0.034054 | test loss: 0.031942
2025-06-19 05:25:19 INFO: Epoch:  40 | train loss: 0.034239 | test loss: 0.032644
2025-06-19 05:26:36 INFO: Epoch:  41 | train loss: 0.033630 | test loss: 0.033700
2025-06-19 05:27:53 INFO: Epoch:  42 | train loss: 0.032776 | test loss: 0.030736
2025-06-19 05:29:10 INFO: Epoch:  43 | train loss: 0.033667 | test loss: 0.032516
2025-06-19 05:30:26 INFO: Epoch:  44 | train loss: 0.033767 | test loss: 0.031802
2025-06-19 05:31:44 INFO: Epoch:  45 | train loss: 0.032277 | test loss: 0.030327
2025-06-19 05:33:02 INFO: Epoch:  46 | train loss: 0.032523 | test loss: 0.034871
2025-06-19 05:34:19 INFO: Epoch:  47 | train loss: 0.033245 | test loss: 0.037421
2025-06-19 05:35:37 INFO: Epoch:  48 | train loss: 0.032491 | test loss: 0.031421
2025-06-19 05:36:54 INFO: Epoch:  49 | train loss: 0.032585 | test loss: 0.031938
2025-06-19 05:38:11 INFO: Epoch:  50 | train loss: 0.032128 | test loss: 0.050812
2025-06-19 05:39:28 INFO: Epoch:  51 | train loss: 0.034282 | test loss: 0.030736
2025-06-19 05:40:45 INFO: Epoch:  52 | train loss: 0.032969 | test loss: 0.031258
2025-06-19 05:42:02 INFO: Epoch:  53 | train loss: 0.032256 | test loss: 0.029490
2025-06-19 05:43:19 INFO: Epoch:  54 | train loss: 0.031681 | test loss: 0.030486
2025-06-19 05:44:36 INFO: Epoch:  55 | train loss: 0.031356 | test loss: 0.030802
2025-06-19 05:45:53 INFO: Epoch:  56 | train loss: 0.031190 | test loss: 0.030739
2025-06-19 05:47:12 INFO: Epoch:  57 | train loss: 0.032181 | test loss: 0.030069
2025-06-19 05:48:30 INFO: Epoch:  58 | train loss: 0.031715 | test loss: 0.035815
2025-06-19 05:49:48 INFO: Epoch:  59 | train loss: 0.032191 | test loss: 0.029567
2025-06-19 05:51:05 INFO: Epoch:  60 | train loss: 0.030539 | test loss: 0.030210
2025-06-19 05:52:24 INFO: Epoch:  61 | train loss: 0.030489 | test loss: 0.030867
2025-06-19 05:53:42 INFO: Epoch:  62 | train loss: 0.030103 | test loss: 0.028965
2025-06-19 05:54:59 INFO: Epoch:  63 | train loss: 0.031038 | test loss: 0.049351
2025-06-19 05:56:17 INFO: Epoch:  64 | train loss: 0.033062 | test loss: 0.029369
2025-06-19 05:57:34 INFO: Epoch:  65 | train loss: 0.030975 | test loss: 0.028721
2025-06-19 05:58:52 INFO: Epoch:  66 | train loss: 0.030817 | test loss: 0.028952
2025-06-19 06:00:10 INFO: Epoch:  67 | train loss: 0.030058 | test loss: 0.028875
2025-06-19 06:01:27 INFO: Epoch:  68 | train loss: 0.030483 | test loss: 0.030479
2025-06-19 06:02:45 INFO: Epoch:  69 | train loss: 0.030288 | test loss: 0.028455
2025-06-19 06:04:04 INFO: Epoch:  70 | train loss: 0.029918 | test loss: 0.028786
2025-06-19 06:05:23 INFO: Epoch:  71 | train loss: 0.029696 | test loss: 0.030841
2025-06-19 06:06:42 INFO: Epoch:  72 | train loss: 0.030623 | test loss: 0.031075
2025-06-19 06:08:00 INFO: Epoch:  73 | train loss: 0.029788 | test loss: 0.030805
2025-06-19 06:09:18 INFO: Epoch:  74 | train loss: 0.029847 | test loss: 0.028523
2025-06-19 06:10:35 INFO: Epoch:  75 | train loss: 0.029874 | test loss: 0.027673
2025-06-19 06:11:54 INFO: Epoch:  76 | train loss: 0.029523 | test loss: 0.029573
2025-06-19 06:13:12 INFO: Epoch:  77 | train loss: 0.029664 | test loss: 0.028569
2025-06-19 06:14:31 INFO: Epoch:  78 | train loss: 0.029934 | test loss: 0.034291
2025-06-19 06:15:49 INFO: Epoch:  79 | train loss: 0.029880 | test loss: 0.030164
2025-06-19 06:17:07 INFO: Epoch:  80 | train loss: 0.029219 | test loss: 0.030891
